	{
		"Rule level":"medium",
		"title":"Certificate Private Key Acquired",
		"sigma_yml":"win_capi2_acquire_certificate_private_key.yml",
		"description":"Detects when an application acquires a certificate private key",
		"row_id":214,
		"Channel":"Microsoft-Windows-AppModel-Runtime/Admin",
		"Computer":"DESKTOP-GAIBSBB",
		"EventID":70,
		"EventRecordID":214,
		"ProcessID":4972,
		"ThreadID":5160,
		"Keywords":"0x2000000000000001",
		"Level":4,
		"Opcode":0,
		"Guid":"F1EF270A-0D32-4352-BA52-DBAB41E1D859",
		"Provider_Name":"Microsoft-Windows-AppModel-Runtime",
		"UserID":"S-1-5-18",
		"Task":0,
		"SystemTime":"2024-08-08T06:35:14.550445Z",
		"Version":0,
		"OriginalLogfile":"Microsoft-Windows-AppModel-Runtime%4Admin.evtx-CYJD6GG4.json",
		"CurrentStatus":2048,
		"DesiredStatus":2080,
		"PackageFullName":"Microsoft.Windows.ParentalControls_1000.19041.1023.0_neutral_neutral_cw5n1h2txyewy",
		"User":"S-1-5-21-2381387566-4172994561-1950376889-1000",
		"ActivityID":"041A760C-E95D-0001-B679-1A045DE9DA01"
	},
	{
		"Rule level":"medium",
		"title":"Certificate Private Key Acquired",
		"sigma_yml":"win_capi2_acquire_certificate_private_key.yml",
		"description":"Detects when an application acquires a certificate private key",
		"row_id":216,
		"Channel":"Microsoft-Windows-AppModel-Runtime/Admin",
		"Computer":"DESKTOP-GAIBSBB",
		"EventID":70,
		"EventRecordID":216,
		"ProcessID":4972,
		"ThreadID":5160,
		"Keywords":"0x2000000000000001",
		"Level":4,
		"Opcode":0,
		"Guid":"F1EF270A-0D32-4352-BA52-DBAB41E1D859",
		"Provider_Name":"Microsoft-Windows-AppModel-Runtime",
		"UserID":"S-1-5-18",
		"Task":0,
		"SystemTime":"2024-08-08T06:35:14.788871Z",
		"Version":0,
		"OriginalLogfile":"Microsoft-Windows-AppModel-Runtime%4Admin.evtx-CYJD6GG4.json",
		"CurrentStatus":32,
		"DesiredStatus":0,
		"PackageFullName":"Microsoft.Windows.ParentalControls_1000.19041.1023.0_neutral_neutral_cw5n1h2txyewy",
		"User":"S-1-5-21-2381387566-4172994561-1950376889-1000",
		"ActivityID":"041A760C-E95D-0001-B679-1A045DE9DA01"
	},
	{
		"Rule level":"medium",
		"title":"Certificate Private Key Acquired",
		"sigma_yml":"win_capi2_acquire_certificate_private_key.yml",
		"description":"Detects when an application acquires a certificate private key",
		"row_id":217,
		"Channel":"Microsoft-Windows-AppModel-Runtime/Admin",
		"Computer":"DESKTOP-GAIBSBB",
		"EventID":70,
		"EventRecordID":217,
		"ProcessID":4972,
		"ThreadID":5160,
		"Keywords":"0x2000000000000001",
		"Level":4,
		"Opcode":0,
		"Guid":"F1EF270A-0D32-4352-BA52-DBAB41E1D859",
		"Provider_Name":"Microsoft-Windows-AppModel-Runtime",
		"UserID":"S-1-5-18",
		"Task":0,
		"SystemTime":"2024-08-08T06:35:14.993368Z",
		"Version":0,
		"OriginalLogfile":"Microsoft-Windows-AppModel-Runtime%4Admin.evtx-CYJD6GG4.json",
		"CurrentStatus":2048,
		"DesiredStatus":2080,
		"PackageFullName":"Microsoft.Windows.PinningConfirmationDialog_1000.19041.1023.0_neutral__cw5n1h2txyewy",
		"User":"S-1-5-21-2381387566-4172994561-1950376889-1000",
		"ActivityID":"041A760C-E95D-0001-B879-1A045DE9DA01"
	},
	{
		"Rule level":"medium",
		"title":"Certificate Private Key Acquired",
		"sigma_yml":"win_capi2_acquire_certificate_private_key.yml",
		"description":"Detects when an application acquires a certificate private key",
		"row_id":219,
		"Channel":"Microsoft-Windows-AppModel-Runtime/Admin",
		"Computer":"DESKTOP-GAIBSBB",
		"EventID":70,
		"EventRecordID":219,
		"ProcessID":4972,
		"ThreadID":5160,
		"Keywords":"0x2000000000000001",
		"Level":4,
		"Opcode":0,
		"Guid":"F1EF270A-0D32-4352-BA52-DBAB41E1D859",
		"Provider_Name":"Microsoft-Windows-AppModel-Runtime",
		"UserID":"S-1-5-18",
		"Task":0,
		"SystemTime":"2024-08-08T06:35:15.159096Z",
		"Version":0,
		"OriginalLogfile":"Microsoft-Windows-AppModel-Runtime%4Admin.evtx-CYJD6GG4.json",
		"CurrentStatus":32,
		"DesiredStatus":0,
		"PackageFullName":"Microsoft.Windows.PinningConfirmationDialog_1000.19041.1023.0_neutral__cw5n1h2txyewy",
		"User":"S-1-5-21-2381387566-4172994561-1950376889-1000",
		"ActivityID":"041A760C-E95D-0001-B879-1A045DE9DA01"
	},
	{
		"Rule level":"medium",
		"title":"Certificate Private Key Acquired",
		"sigma_yml":"win_capi2_acquire_certificate_private_key.yml",
		"description":"Detects when an application acquires a certificate private key",
		"row_id":220,
		"Channel":"Microsoft-Windows-AppModel-Runtime/Admin",
		"Computer":"DESKTOP-GAIBSBB",
		"EventID":70,
		"EventRecordID":220,
		"ProcessID":4972,
		"ThreadID":5160,
		"Keywords":"0x2000000000000001",
		"Level":4,
		"Opcode":0,
		"Guid":"F1EF270A-0D32-4352-BA52-DBAB41E1D859",
		"Provider_Name":"Microsoft-Windows-AppModel-Runtime",
		"UserID":"S-1-5-18",
		"Task":0,
		"SystemTime":"2024-08-08T06:35:15.269785Z",
		"Version":0,
		"OriginalLogfile":"Microsoft-Windows-AppModel-Runtime%4Admin.evtx-CYJD6GG4.json",
		"CurrentStatus":2048,
		"DesiredStatus":2080,
		"PackageFullName":"Microsoft.Windows.SecHealthUI_10.0.19041.1865_neutral__cw5n1h2txyewy",
		"User":"S-1-5-21-2381387566-4172994561-1950376889-1000",
		"ActivityID":"041A760C-E95D-0003-FD79-1A045DE9DA01"
	},
	{
		"Rule level":"medium",
		"title":"Certificate Private Key Acquired",
		"sigma_yml":"win_capi2_acquire_certificate_private_key.yml",
		"description":"Detects when an application acquires a certificate private key",
		"row_id":222,
		"Channel":"Microsoft-Windows-AppModel-Runtime/Admin",
		"Computer":"DESKTOP-GAIBSBB",
		"EventID":70,
		"EventRecordID":222,
		"ProcessID":4972,
		"ThreadID":5160,
		"Keywords":"0x2000000000000001",
		"Level":4,
		"Opcode":0,
		"Guid":"F1EF270A-0D32-4352-BA52-DBAB41E1D859",
		"Provider_Name":"Microsoft-Windows-AppModel-Runtime",
		"UserID":"S-1-5-18",
		"Task":0,
		"SystemTime":"2024-08-08T06:35:15.464156Z",
		"Version":0,
		"OriginalLogfile":"Microsoft-Windows-AppModel-Runtime%4Admin.evtx-CYJD6GG4.json",
		"CurrentStatus":32,
		"DesiredStatus":0,
		"PackageFullName":"Microsoft.Windows.SecHealthUI_10.0.19041.1865_neutral__cw5n1h2txyewy",
		"User":"S-1-5-21-2381387566-4172994561-1950376889-1000",
		"ActivityID":"041A760C-E95D-0003-FD79-1A045DE9DA01"
	},
	{
		"Rule level":"medium",
		"title":"Certificate Private Key Acquired",
		"sigma_yml":"win_capi2_acquire_certificate_private_key.yml",
		"description":"Detects when an application acquires a certificate private key",
		"row_id":223,
		"Channel":"Microsoft-Windows-AppModel-Runtime/Admin",
		"Computer":"DESKTOP-GAIBSBB",
		"EventID":70,
		"EventRecordID":223,
		"ProcessID":4972,
		"ThreadID":5160,
		"Keywords":"0x2000000000000001",
		"Level":4,
		"Opcode":0,
		"Guid":"F1EF270A-0D32-4352-BA52-DBAB41E1D859",
		"Provider_Name":"Microsoft-Windows-AppModel-Runtime",
		"UserID":"S-1-5-18",
		"Task":0,
		"SystemTime":"2024-08-08T06:35:15.630247Z",
		"Version":0,
		"OriginalLogfile":"Microsoft-Windows-AppModel-Runtime%4Admin.evtx-CYJD6GG4.json",
		"CurrentStatus":2048,
		"DesiredStatus":2080,
		"PackageFullName":"Microsoft.MicrosoftEdgeDevToolsClient_1000.19041.1023.0_neutral_neutral_8wekyb3d8bbwe",
		"User":"S-1-5-21-2381387566-4172994561-1950376889-1000",
		"ActivityID":"041A760C-E95D-0001-C379-1A045DE9DA01"
	},
	{
		"Rule level":"medium",
		"title":"Certificate Private Key Acquired",
		"sigma_yml":"win_capi2_acquire_certificate_private_key.yml",
		"description":"Detects when an application acquires a certificate private key",
		"row_id":225,
		"Channel":"Microsoft-Windows-AppModel-Runtime/Admin",
		"Computer":"DESKTOP-GAIBSBB",
		"EventID":70,
		"EventRecordID":225,
		"ProcessID":4972,
		"ThreadID":5160,
		"Keywords":"0x2000000000000001",
		"Level":4,
		"Opcode":0,
		"Guid":"F1EF270A-0D32-4352-BA52-DBAB41E1D859",
		"Provider_Name":"Microsoft-Windows-AppModel-Runtime",
		"UserID":"S-1-5-18",
		"Task":0,
		"SystemTime":"2024-08-08T06:35:15.765006Z",
		"Version":0,
		"OriginalLogfile":"Microsoft-Windows-AppModel-Runtime%4Admin.evtx-CYJD6GG4.json",
		"CurrentStatus":32,
		"DesiredStatus":0,
		"PackageFullName":"Microsoft.MicrosoftEdgeDevToolsClient_1000.19041.1023.0_neutral_neutral_8wekyb3d8bbwe",
		"User":"S-1-5-21-2381387566-4172994561-1950376889-1000",
		"ActivityID":"041A760C-E95D-0001-C379-1A045DE9DA01"
	},
	{
		"Rule level":"medium",
		"title":"Certificate Private Key Acquired",
		"sigma_yml":"win_capi2_acquire_certificate_private_key.yml",
		"description":"Detects when an application acquires a certificate private key",
		"row_id":226,
		"Channel":"Microsoft-Windows-AppModel-Runtime/Admin",
		"Computer":"DESKTOP-GAIBSBB",
		"EventID":70,
		"EventRecordID":226,
		"ProcessID":4972,
		"ThreadID":5160,
		"Keywords":"0x2000000000000001",
		"Level":4,
		"Opcode":0,
		"Guid":"F1EF270A-0D32-4352-BA52-DBAB41E1D859",
		"Provider_Name":"Microsoft-Windows-AppModel-Runtime",
		"UserID":"S-1-5-18",
		"Task":0,
		"SystemTime":"2024-08-08T06:35:15.874171Z",
		"Version":0,
		"OriginalLogfile":"Microsoft-Windows-AppModel-Runtime%4Admin.evtx-CYJD6GG4.json",
		"CurrentStatus":2048,
		"DesiredStatus":2080,
		"PackageFullName":"Microsoft.Windows.PeopleExperienceHost_10.0.19041.1023_neutral_neutral_cw5n1h2txyewy",
		"User":"S-1-5-21-2381387566-4172994561-1950376889-1000",
		"ActivityID":"041A760C-E95D-0001-C479-1A045DE9DA01"
	},
	{
		"Rule level":"medium",
		"title":"Certificate Private Key Acquired",
		"sigma_yml":"win_capi2_acquire_certificate_private_key.yml",
		"description":"Detects when an application acquires a certificate private key",
		"row_id":228,
		"Channel":"Microsoft-Windows-AppModel-Runtime/Admin",
		"Computer":"DESKTOP-GAIBSBB",
		"EventID":70,
		"EventRecordID":228,
		"ProcessID":4972,
		"ThreadID":5160,
		"Keywords":"0x2000000000000001",
		"Level":4,
		"Opcode":0,
		"Guid":"F1EF270A-0D32-4352-BA52-DBAB41E1D859",
		"Provider_Name":"Microsoft-Windows-AppModel-Runtime",
		"UserID":"S-1-5-18",
		"Task":0,
		"SystemTime":"2024-08-08T06:35:16.051205Z",
		"Version":0,
		"OriginalLogfile":"Microsoft-Windows-AppModel-Runtime%4Admin.evtx-CYJD6GG4.json",
		"CurrentStatus":32,
		"DesiredStatus":0,
		"PackageFullName":"Microsoft.Windows.PeopleExperienceHost_10.0.19041.1023_neutral_neutral_cw5n1h2txyewy",
		"User":"S-1-5-21-2381387566-4172994561-1950376889-1000",
		"ActivityID":"041A760C-E95D-0001-C479-1A045DE9DA01"
	},
	{
		"Rule level":"medium",
		"title":"Certificate Private Key Acquired",
		"sigma_yml":"win_capi2_acquire_certificate_private_key.yml",
		"description":"Detects when an application acquires a certificate private key",
		"row_id":229,
		"Channel":"Microsoft-Windows-AppModel-Runtime/Admin",
		"Computer":"DESKTOP-GAIBSBB",
		"EventID":70,
		"EventRecordID":229,
		"ProcessID":4972,
		"ThreadID":5160,
		"Keywords":"0x2000000000000001",
		"Level":4,
		"Opcode":0,
		"Guid":"F1EF270A-0D32-4352-BA52-DBAB41E1D859",
		"Provider_Name":"Microsoft-Windows-AppModel-Runtime",
		"UserID":"S-1-5-18",
		"Task":0,
		"SystemTime":"2024-08-08T06:35:16.241003Z",
		"Version":0,
		"OriginalLogfile":"Microsoft-Windows-AppModel-Runtime%4Admin.evtx-CYJD6GG4.json",
		"CurrentStatus":2048,
		"DesiredStatus":2080,
		"PackageFullName":"Microsoft.XboxGameCallableUI_1000.19041.1023.0_neutral_neutral_cw5n1h2txyewy",
		"User":"S-1-5-21-2381387566-4172994561-1950376889-1000",
		"ActivityID":"041A760C-E95D-0003-037A-1A045DE9DA01"
	},
	{
		"Rule level":"medium",
		"title":"Certificate Private Key Acquired",
		"sigma_yml":"win_capi2_acquire_certificate_private_key.yml",
		"description":"Detects when an application acquires a certificate private key",
		"row_id":231,
		"Channel":"Microsoft-Windows-AppModel-Runtime/Admin",
		"Computer":"DESKTOP-GAIBSBB",
		"EventID":70,
		"EventRecordID":231,
		"ProcessID":4972,
		"ThreadID":5160,
		"Keywords":"0x2000000000000001",
		"Level":4,
		"Opcode":0,
		"Guid":"F1EF270A-0D32-4352-BA52-DBAB41E1D859",
		"Provider_Name":"Microsoft-Windows-AppModel-Runtime",
		"UserID":"S-1-5-18",
		"Task":0,
		"SystemTime":"2024-08-08T06:35:16.751332Z",
		"Version":0,
		"OriginalLogfile":"Microsoft-Windows-AppModel-Runtime%4Admin.evtx-CYJD6GG4.json",
		"CurrentStatus":32,
		"DesiredStatus":0,
		"PackageFullName":"Microsoft.XboxGameCallableUI_1000.19041.1023.0_neutral_neutral_cw5n1h2txyewy",
		"User":"S-1-5-21-2381387566-4172994561-1950376889-1000",
		"ActivityID":"041A760C-E95D-0003-037A-1A045DE9DA01"
	},
	{
		"Rule level":"medium",
		"title":"Certificate Private Key Acquired",
		"sigma_yml":"win_capi2_acquire_certificate_private_key.yml",
		"description":"Detects when an application acquires a certificate private key",
		"row_id":232,
		"Channel":"Microsoft-Windows-AppModel-Runtime/Admin",
		"Computer":"DESKTOP-GAIBSBB",
		"EventID":70,
		"EventRecordID":232,
		"ProcessID":4972,
		"ThreadID":5160,
		"Keywords":"0x2000000000000001",
		"Level":4,
		"Opcode":0,
		"Guid":"F1EF270A-0D32-4352-BA52-DBAB41E1D859",
		"Provider_Name":"Microsoft-Windows-AppModel-Runtime",
		"UserID":"S-1-5-18",
		"Task":0,
		"SystemTime":"2024-08-08T06:35:17.387174Z",
		"Version":0,
		"OriginalLogfile":"Microsoft-Windows-AppModel-Runtime%4Admin.evtx-CYJD6GG4.json",
		"CurrentStatus":2048,
		"DesiredStatus":2080,
		"PackageFullName":"Microsoft.Windows.AssignedAccessLockApp_1000.19041.1023.0_neutral_neutral_cw5n1h2txyewy",
		"User":"S-1-5-21-2381387566-4172994561-1950376889-1000",
		"ActivityID":"041A760C-E95D-0003-087A-1A045DE9DA01"
	},
	{
		"Rule level":"medium",
		"title":"Certificate Private Key Acquired",
		"sigma_yml":"win_capi2_acquire_certificate_private_key.yml",
		"description":"Detects when an application acquires a certificate private key",
		"row_id":234,
		"Channel":"Microsoft-Windows-AppModel-Runtime/Admin",
		"Computer":"DESKTOP-GAIBSBB",
		"EventID":70,
		"EventRecordID":234,
		"ProcessID":4972,
		"ThreadID":5160,
		"Keywords":"0x2000000000000001",
		"Level":4,
		"Opcode":0,
		"Guid":"F1EF270A-0D32-4352-BA52-DBAB41E1D859",
		"Provider_Name":"Microsoft-Windows-AppModel-Runtime",
		"UserID":"S-1-5-18",
		"Task":0,
		"SystemTime":"2024-08-08T06:35:18.478016Z",
		"Version":0,
		"OriginalLogfile":"Microsoft-Windows-AppModel-Runtime%4Admin.evtx-CYJD6GG4.json",
		"CurrentStatus":32,
		"DesiredStatus":0,
		"PackageFullName":"Microsoft.Windows.AssignedAccessLockApp_1000.19041.1023.0_neutral_neutral_cw5n1h2txyewy",
		"User":"S-1-5-21-2381387566-4172994561-1950376889-1000",
		"ActivityID":"041A760C-E95D-0003-087A-1A045DE9DA01"
	},
	{
		"Rule level":"medium",
		"title":"Certificate Private Key Acquired",
		"sigma_yml":"win_capi2_acquire_certificate_private_key.yml",
		"description":"Detects when an application acquires a certificate private key",
		"row_id":235,
		"Channel":"Microsoft-Windows-AppModel-Runtime/Admin",
		"Computer":"DESKTOP-GAIBSBB",
		"EventID":70,
		"EventRecordID":235,
		"ProcessID":4972,
		"ThreadID":5160,
		"Keywords":"0x2000000000000001",
		"Level":4,
		"Opcode":0,
		"Guid":"F1EF270A-0D32-4352-BA52-DBAB41E1D859",
		"Provider_Name":"Microsoft-Windows-AppModel-Runtime",
		"UserID":"S-1-5-18",
		"Task":0,
		"SystemTime":"2024-08-08T06:35:18.692992Z",
		"Version":0,
		"OriginalLogfile":"Microsoft-Windows-AppModel-Runtime%4Admin.evtx-CYJD6GG4.json",
		"CurrentStatus":2048,
		"DesiredStatus":2080,
		"PackageFullName":"1527c705-839a-4832-9118-54d4Bd6a0c89_10.0.19041.1023_neutral_neutral_cw5n1h2txyewy",
		"User":"S-1-5-21-2381387566-4172994561-1950376889-1000",
		"ActivityID":"041A760C-E95D-0001-D979-1A045DE9DA01"
	},
	{
		"Rule level":"medium",
		"title":"Certificate Private Key Acquired",
		"sigma_yml":"win_capi2_acquire_certificate_private_key.yml",
		"description":"Detects when an application acquires a certificate private key",
		"row_id":237,
		"Channel":"Microsoft-Windows-AppModel-Runtime/Admin",
		"Computer":"DESKTOP-GAIBSBB",
		"EventID":70,
		"EventRecordID":237,
		"ProcessID":4972,
		"ThreadID":5160,
		"Keywords":"0x2000000000000001",
		"Level":4,
		"Opcode":0,
		"Guid":"F1EF270A-0D32-4352-BA52-DBAB41E1D859",
		"Provider_Name":"Microsoft-Windows-AppModel-Runtime",
		"UserID":"S-1-5-18",
		"Task":0,
		"SystemTime":"2024-08-08T06:35:18.976279Z",
		"Version":0,
		"OriginalLogfile":"Microsoft-Windows-AppModel-Runtime%4Admin.evtx-CYJD6GG4.json",
		"CurrentStatus":32,
		"DesiredStatus":0,
		"PackageFullName":"1527c705-839a-4832-9118-54d4Bd6a0c89_10.0.19041.1023_neutral_neutral_cw5n1h2txyewy",
		"User":"S-1-5-21-2381387566-4172994561-1950376889-1000",
		"ActivityID":"041A760C-E95D-0001-D979-1A045DE9DA01"
	},
	{
		"Rule level":"medium",
		"title":"Certificate Private Key Acquired",
		"sigma_yml":"win_capi2_acquire_certificate_private_key.yml",
		"description":"Detects when an application acquires a certificate private key",
		"row_id":238,
		"Channel":"Microsoft-Windows-AppModel-Runtime/Admin",
		"Computer":"DESKTOP-GAIBSBB",
		"EventID":70,
		"EventRecordID":238,
		"ProcessID":4972,
		"ThreadID":5160,
		"Keywords":"0x2000000000000001",
		"Level":4,
		"Opcode":0,
		"Guid":"F1EF270A-0D32-4352-BA52-DBAB41E1D859",
		"Provider_Name":"Microsoft-Windows-AppModel-Runtime",
		"UserID":"S-1-5-18",
		"Task":0,
		"SystemTime":"2024-08-08T06:35:19.124974Z",
		"Version":0,
		"OriginalLogfile":"Microsoft-Windows-AppModel-Runtime%4Admin.evtx-CYJD6GG4.json",
		"CurrentStatus":2048,
		"DesiredStatus":2080,
		"PackageFullName":"Microsoft.LockApp_10.0.19041.1023_neutral__cw5n1h2txyewy",
		"User":"S-1-5-21-2381387566-4172994561-1950376889-1000",
		"ActivityID":"041A760C-E95D-0003-137A-1A045DE9DA01"
	},
	{
		"Rule level":"medium",
		"title":"Certificate Private Key Acquired",
		"sigma_yml":"win_capi2_acquire_certificate_private_key.yml",
		"description":"Detects when an application acquires a certificate private key",
		"row_id":240,
		"Channel":"Microsoft-Windows-AppModel-Runtime/Admin",
		"Computer":"DESKTOP-GAIBSBB",
		"EventID":70,
		"EventRecordID":240,
		"ProcessID":4972,
		"ThreadID":5160,
		"Keywords":"0x2000000000000001",
		"Level":4,
		"Opcode":0,
		"Guid":"F1EF270A-0D32-4352-BA52-DBAB41E1D859",
		"Provider_Name":"Microsoft-Windows-AppModel-Runtime",
		"UserID":"S-1-5-18",
		"Task":0,
		"SystemTime":"2024-08-08T06:35:19.341724Z",
		"Version":0,
		"OriginalLogfile":"Microsoft-Windows-AppModel-Runtime%4Admin.evtx-CYJD6GG4.json",
		"CurrentStatus":32,
		"DesiredStatus":0,
		"PackageFullName":"Microsoft.LockApp_10.0.19041.1023_neutral__cw5n1h2txyewy",
		"User":"S-1-5-21-2381387566-4172994561-1950376889-1000",
		"ActivityID":"041A760C-E95D-0003-137A-1A045DE9DA01"
	},
	{
		"Rule level":"medium",
		"title":"Certificate Private Key Acquired",
		"sigma_yml":"win_capi2_acquire_certificate_private_key.yml",
		"description":"Detects when an application acquires a certificate private key",
		"row_id":241,
		"Channel":"Microsoft-Windows-AppModel-Runtime/Admin",
		"Computer":"DESKTOP-GAIBSBB",
		"EventID":70,
		"EventRecordID":241,
		"ProcessID":4972,
		"ThreadID":5160,
		"Keywords":"0x2000000000000001",
		"Level":4,
		"Opcode":0,
		"Guid":"F1EF270A-0D32-4352-BA52-DBAB41E1D859",
		"Provider_Name":"Microsoft-Windows-AppModel-Runtime",
		"UserID":"S-1-5-18",
		"Task":0,
		"SystemTime":"2024-08-08T06:35:19.487708Z",
		"Version":0,
		"OriginalLogfile":"Microsoft-Windows-AppModel-Runtime%4Admin.evtx-CYJD6GG4.json",
		"CurrentStatus":2048,
		"DesiredStatus":2080,
		"PackageFullName":"c5e2524a-ea46-4f67-841f-6a9465d9d515_10.0.19041.1949_neutral_neutral_cw5n1h2txyewy",
		"User":"S-1-5-21-2381387566-4172994561-1950376889-1000",
		"ActivityID":"041A760C-E95D-0002-B57A-1A045DE9DA01"
	},
	{
		"Rule level":"medium",
		"title":"Certificate Private Key Acquired",
		"sigma_yml":"win_capi2_acquire_certificate_private_key.yml",
		"description":"Detects when an application acquires a certificate private key",
		"row_id":243,
		"Channel":"Microsoft-Windows-AppModel-Runtime/Admin",
		"Computer":"DESKTOP-GAIBSBB",
		"EventID":70,
		"EventRecordID":243,
		"ProcessID":4972,
		"ThreadID":5160,
		"Keywords":"0x2000000000000001",
		"Level":4,
		"Opcode":0,
		"Guid":"F1EF270A-0D32-4352-BA52-DBAB41E1D859",
		"Provider_Name":"Microsoft-Windows-AppModel-Runtime",
		"UserID":"S-1-5-18",
		"Task":0,
		"SystemTime":"2024-08-08T06:35:19.851852Z",
		"Version":0,
		"OriginalLogfile":"Microsoft-Windows-AppModel-Runtime%4Admin.evtx-CYJD6GG4.json",
		"CurrentStatus":32,
		"DesiredStatus":0,
		"PackageFullName":"c5e2524a-ea46-4f67-841f-6a9465d9d515_10.0.19041.1949_neutral_neutral_cw5n1h2txyewy",
		"User":"S-1-5-21-2381387566-4172994561-1950376889-1000",
		"ActivityID":"041A760C-E95D-0002-B57A-1A045DE9DA01"
	},
	{
		"Rule level":"medium",
		"title":"Certificate Private Key Acquired",
		"sigma_yml":"win_capi2_acquire_certificate_private_key.yml",
		"description":"Detects when an application acquires a certificate private key",
		"row_id":244,
		"Channel":"Microsoft-Windows-AppModel-Runtime/Admin",
		"Computer":"DESKTOP-GAIBSBB",
		"EventID":70,
		"EventRecordID":244,
		"ProcessID":4972,
		"ThreadID":5160,
		"Keywords":"0x2000000000000001",
		"Level":4,
		"Opcode":0,
		"Guid":"F1EF270A-0D32-4352-BA52-DBAB41E1D859",
		"Provider_Name":"Microsoft-Windows-AppModel-Runtime",
		"UserID":"S-1-5-18",
		"Task":0,
		"SystemTime":"2024-08-08T06:35:20.100191Z",
		"Version":0,
		"OriginalLogfile":"Microsoft-Windows-AppModel-Runtime%4Admin.evtx-CYJD6GG4.json",
		"CurrentStatus":2048,
		"DesiredStatus":2080,
		"PackageFullName":"E2A4F912-2574-4A75-9BB0-0D023378592B_10.0.19041.1023_neutral_neutral_cw5n1h2txyewy",
		"User":"S-1-5-21-2381387566-4172994561-1950376889-1000",
		"ActivityID":"041A760C-E95D-0002-B77A-1A045DE9DA01"
	},
	{
		"Rule level":"medium",
		"title":"Certificate Private Key Acquired",
		"sigma_yml":"win_capi2_acquire_certificate_private_key.yml",
		"description":"Detects when an application acquires a certificate private key",
		"row_id":246,
		"Channel":"Microsoft-Windows-AppModel-Runtime/Admin",
		"Computer":"DESKTOP-GAIBSBB",
		"EventID":70,
		"EventRecordID":246,
		"ProcessID":4972,
		"ThreadID":5160,
		"Keywords":"0x2000000000000001",
		"Level":4,
		"Opcode":0,
		"Guid":"F1EF270A-0D32-4352-BA52-DBAB41E1D859",
		"Provider_Name":"Microsoft-Windows-AppModel-Runtime",
		"UserID":"S-1-5-18",
		"Task":0,
		"SystemTime":"2024-08-08T06:35:20.284512Z",
		"Version":0,
		"OriginalLogfile":"Microsoft-Windows-AppModel-Runtime%4Admin.evtx-CYJD6GG4.json",
		"CurrentStatus":32,
		"DesiredStatus":0,
		"PackageFullName":"E2A4F912-2574-4A75-9BB0-0D023378592B_10.0.19041.1023_neutral_neutral_cw5n1h2txyewy",
		"User":"S-1-5-21-2381387566-4172994561-1950376889-1000",
		"ActivityID":"041A760C-E95D-0002-B77A-1A045DE9DA01"
	},
	{
		"Rule level":"medium",
		"title":"Certificate Private Key Acquired",
		"sigma_yml":"win_capi2_acquire_certificate_private_key.yml",
		"description":"Detects when an application acquires a certificate private key",
		"row_id":247,
		"Channel":"Microsoft-Windows-AppModel-Runtime/Admin",
		"Computer":"DESKTOP-GAIBSBB",
		"EventID":70,
		"EventRecordID":247,
		"ProcessID":4972,
		"ThreadID":5160,
		"Keywords":"0x2000000000000001",
		"Level":4,
		"Opcode":0,
		"Guid":"F1EF270A-0D32-4352-BA52-DBAB41E1D859",
		"Provider_Name":"Microsoft-Windows-AppModel-Runtime",
		"UserID":"S-1-5-18",
		"Task":0,
		"SystemTime":"2024-08-08T06:35:20.450412Z",
		"Version":0,
		"OriginalLogfile":"Microsoft-Windows-AppModel-Runtime%4Admin.evtx-CYJD6GG4.json",
		"CurrentStatus":2048,
		"DesiredStatus":2080,
		"PackageFullName":"F46D4000-FD22-4DB4-AC8E-4E1DDDE828FE_10.0.19041.1023_neutral_neutral_cw5n1h2txyewy",
		"User":"S-1-5-21-2381387566-4172994561-1950376889-1000",
		"ActivityID":"041A760C-E95D-0000-F279-1A045DE9DA01"
	},
	{
		"Rule level":"medium",
		"title":"Certificate Private Key Acquired",
		"sigma_yml":"win_capi2_acquire_certificate_private_key.yml",
		"description":"Detects when an application acquires a certificate private key",
		"row_id":249,
		"Channel":"Microsoft-Windows-AppModel-Runtime/Admin",
		"Computer":"DESKTOP-GAIBSBB",
		"EventID":70,
		"EventRecordID":249,
		"ProcessID":4972,
		"ThreadID":5160,
		"Keywords":"0x2000000000000001",
		"Level":4,
		"Opcode":0,
		"Guid":"F1EF270A-0D32-4352-BA52-DBAB41E1D859",
		"Provider_Name":"Microsoft-Windows-AppModel-Runtime",
		"UserID":"S-1-5-18",
		"Task":0,
		"SystemTime":"2024-08-08T06:35:20.654746Z",
		"Version":0,
		"OriginalLogfile":"Microsoft-Windows-AppModel-Runtime%4Admin.evtx-CYJD6GG4.json",
		"CurrentStatus":32,
		"DesiredStatus":0,
		"PackageFullName":"F46D4000-FD22-4DB4-AC8E-4E1DDDE828FE_10.0.19041.1023_neutral_neutral_cw5n1h2txyewy",
		"User":"S-1-5-21-2381387566-4172994561-1950376889-1000",
		"ActivityID":"041A760C-E95D-0000-F279-1A045DE9DA01"
	},
	{
		"Rule level":"medium",
		"title":"Certificate Private Key Acquired",
		"sigma_yml":"win_capi2_acquire_certificate_private_key.yml",
		"description":"Detects when an application acquires a certificate private key",
		"row_id":250,
		"Channel":"Microsoft-Windows-AppModel-Runtime/Admin",
		"Computer":"DESKTOP-GAIBSBB",
		"EventID":70,
		"EventRecordID":250,
		"ProcessID":4972,
		"ThreadID":5160,
		"Keywords":"0x2000000000000001",
		"Level":4,
		"Opcode":0,
		"Guid":"F1EF270A-0D32-4352-BA52-DBAB41E1D859",
		"Provider_Name":"Microsoft-Windows-AppModel-Runtime",
		"UserID":"S-1-5-18",
		"Task":0,
		"SystemTime":"2024-08-08T06:35:20.847370Z",
		"Version":0,
		"OriginalLogfile":"Microsoft-Windows-AppModel-Runtime%4Admin.evtx-CYJD6GG4.json",
		"CurrentStatus":2048,
		"DesiredStatus":2080,
		"PackageFullName":"Microsoft.AccountsControl_10.0.19041.1023_neutral__cw5n1h2txyewy",
		"User":"S-1-5-21-2381387566-4172994561-1950376889-1000",
		"ActivityID":"041A760C-E95D-0001-E279-1A045DE9DA01"
	},
	{
		"Rule level":"medium",
		"title":"Certificate Private Key Acquired",
		"sigma_yml":"win_capi2_acquire_certificate_private_key.yml",
		"description":"Detects when an application acquires a certificate private key",
		"row_id":252,
		"Channel":"Microsoft-Windows-AppModel-Runtime/Admin",
		"Computer":"DESKTOP-GAIBSBB",
		"EventID":70,
		"EventRecordID":252,
		"ProcessID":4972,
		"ThreadID":5160,
		"Keywords":"0x2000000000000001",
		"Level":4,
		"Opcode":0,
		"Guid":"F1EF270A-0D32-4352-BA52-DBAB41E1D859",
		"Provider_Name":"Microsoft-Windows-AppModel-Runtime",
		"UserID":"S-1-5-18",
		"Task":0,
		"SystemTime":"2024-08-08T06:35:21.035043Z",
		"Version":0,
		"OriginalLogfile":"Microsoft-Windows-AppModel-Runtime%4Admin.evtx-CYJD6GG4.json",
		"CurrentStatus":32,
		"DesiredStatus":0,
		"PackageFullName":"Microsoft.AccountsControl_10.0.19041.1023_neutral__cw5n1h2txyewy",
		"User":"S-1-5-21-2381387566-4172994561-1950376889-1000",
		"ActivityID":"041A760C-E95D-0001-E279-1A045DE9DA01"
	},
	{
		"Rule level":"medium",
		"title":"Certificate Private Key Acquired",
		"sigma_yml":"win_capi2_acquire_certificate_private_key.yml",
		"description":"Detects when an application acquires a certificate private key",
		"row_id":253,
		"Channel":"Microsoft-Windows-AppModel-Runtime/Admin",
		"Computer":"DESKTOP-GAIBSBB",
		"EventID":70,
		"EventRecordID":253,
		"ProcessID":4972,
		"ThreadID":5160,
		"Keywords":"0x2000000000000001",
		"Level":4,
		"Opcode":0,
		"Guid":"F1EF270A-0D32-4352-BA52-DBAB41E1D859",
		"Provider_Name":"Microsoft-Windows-AppModel-Runtime",
		"UserID":"S-1-5-18",
		"Task":0,
		"SystemTime":"2024-08-08T06:35:21.188910Z",
		"Version":0,
		"OriginalLogfile":"Microsoft-Windows-AppModel-Runtime%4Admin.evtx-CYJD6GG4.json",
		"CurrentStatus":2048,
		"DesiredStatus":2080,
		"PackageFullName":"Microsoft.AsyncTextService_10.0.19041.1023_neutral__8wekyb3d8bbwe",
		"User":"S-1-5-21-2381387566-4172994561-1950376889-1000",
		"ActivityID":"041A760C-E95D-0002-C07A-1A045DE9DA01"
	},
	{
		"Rule level":"medium",
		"title":"Certificate Private Key Acquired",
		"sigma_yml":"win_capi2_acquire_certificate_private_key.yml",
		"description":"Detects when an application acquires a certificate private key",
		"row_id":255,
		"Channel":"Microsoft-Windows-AppModel-Runtime/Admin",
		"Computer":"DESKTOP-GAIBSBB",
		"EventID":70,
		"EventRecordID":255,
		"ProcessID":4972,
		"ThreadID":5160,
		"Keywords":"0x2000000000000001",
		"Level":4,
		"Opcode":0,
		"Guid":"F1EF270A-0D32-4352-BA52-DBAB41E1D859",
		"Provider_Name":"Microsoft-Windows-AppModel-Runtime",
		"UserID":"S-1-5-18",
		"Task":0,
		"SystemTime":"2024-08-08T06:35:21.351649Z",
		"Version":0,
		"OriginalLogfile":"Microsoft-Windows-AppModel-Runtime%4Admin.evtx-CYJD6GG4.json",
		"CurrentStatus":32,
		"DesiredStatus":0,
		"PackageFullName":"Microsoft.AsyncTextService_10.0.19041.1023_neutral__8wekyb3d8bbwe",
		"User":"S-1-5-21-2381387566-4172994561-1950376889-1000",
		"ActivityID":"041A760C-E95D-0002-C07A-1A045DE9DA01"
	},
	{
		"Rule level":"medium",
		"title":"Certificate Private Key Acquired",
		"sigma_yml":"win_capi2_acquire_certificate_private_key.yml",
		"description":"Detects when an application acquires a certificate private key",
		"row_id":256,
		"Channel":"Microsoft-Windows-AppModel-Runtime/Admin",
		"Computer":"DESKTOP-GAIBSBB",
		"EventID":70,
		"EventRecordID":256,
		"ProcessID":4972,
		"ThreadID":5160,
		"Keywords":"0x2000000000000001",
		"Level":4,
		"Opcode":0,
		"Guid":"F1EF270A-0D32-4352-BA52-DBAB41E1D859",
		"Provider_Name":"Microsoft-Windows-AppModel-Runtime",
		"UserID":"S-1-5-18",
		"Task":0,
		"SystemTime":"2024-08-08T06:35:21.495019Z",
		"Version":0,
		"OriginalLogfile":"Microsoft-Windows-AppModel-Runtime%4Admin.evtx-CYJD6GG4.json",
		"CurrentStatus":2048,
		"DesiredStatus":2080,
		"PackageFullName":"Microsoft.Windows.NarratorQuickStart_10.0.19041.1023_neutral_neutral_8wekyb3d8bbwe",
		"User":"S-1-5-21-2381387566-4172994561-1950376889-1000",
		"ActivityID":"041A760C-E95D-0001-E579-1A045DE9DA01"
	},
	{
		"Rule level":"medium",
		"title":"Certificate Private Key Acquired",
		"sigma_yml":"win_capi2_acquire_certificate_private_key.yml",
		"description":"Detects when an application acquires a certificate private key",
		"row_id":258,
		"Channel":"Microsoft-Windows-AppModel-Runtime/Admin",
		"Computer":"DESKTOP-GAIBSBB",
		"EventID":70,
		"EventRecordID":258,
		"ProcessID":4972,
		"ThreadID":5160,
		"Keywords":"0x2000000000000001",
		"Level":4,
		"Opcode":0,
		"Guid":"F1EF270A-0D32-4352-BA52-DBAB41E1D859",
		"Provider_Name":"Microsoft-Windows-AppModel-Runtime",
		"UserID":"S-1-5-18",
		"Task":0,
		"SystemTime":"2024-08-08T06:35:21.693900Z",
		"Version":0,
		"OriginalLogfile":"Microsoft-Windows-AppModel-Runtime%4Admin.evtx-CYJD6GG4.json",
		"CurrentStatus":32,
		"DesiredStatus":0,
		"PackageFullName":"Microsoft.Windows.NarratorQuickStart_10.0.19041.1023_neutral_neutral_8wekyb3d8bbwe",
		"User":"S-1-5-21-2381387566-4172994561-1950376889-1000",
		"ActivityID":"041A760C-E95D-0001-E579-1A045DE9DA01"
	},
	{
		"Rule level":"medium",
		"title":"Certificate Private Key Acquired",
		"sigma_yml":"win_capi2_acquire_certificate_private_key.yml",
		"description":"Detects when an application acquires a certificate private key",
		"row_id":259,
		"Channel":"Microsoft-Windows-AppModel-Runtime/Admin",
		"Computer":"DESKTOP-GAIBSBB",
		"EventID":70,
		"EventRecordID":259,
		"ProcessID":4972,
		"ThreadID":5160,
		"Keywords":"0x2000000000000001",
		"Level":4,
		"Opcode":0,
		"Guid":"F1EF270A-0D32-4352-BA52-DBAB41E1D859",
		"Provider_Name":"Microsoft-Windows-AppModel-Runtime",
		"UserID":"S-1-5-18",
		"Task":0,
		"SystemTime":"2024-08-08T06:35:22.048744Z",
		"Version":0,
		"OriginalLogfile":"Microsoft-Windows-AppModel-Runtime%4Admin.evtx-CYJD6GG4.json",
		"CurrentStatus":2048,
		"DesiredStatus":2080,
		"PackageFullName":"Microsoft.ECApp_10.0.19041.1023_neutral__8wekyb3d8bbwe",
		"User":"S-1-5-21-2381387566-4172994561-1950376889-1000",
		"ActivityID":"041A760C-E95D-0002-C47A-1A045DE9DA01"
	},
	{
		"Rule level":"medium",
		"title":"Certificate Private Key Acquired",
		"sigma_yml":"win_capi2_acquire_certificate_private_key.yml",
		"description":"Detects when an application acquires a certificate private key",
		"row_id":261,
		"Channel":"Microsoft-Windows-AppModel-Runtime/Admin",
		"Computer":"DESKTOP-GAIBSBB",
		"EventID":70,
		"EventRecordID":261,
		"ProcessID":4972,
		"ThreadID":5160,
		"Keywords":"0x2000000000000001",
		"Level":4,
		"Opcode":0,
		"Guid":"F1EF270A-0D32-4352-BA52-DBAB41E1D859",
		"Provider_Name":"Microsoft-Windows-AppModel-Runtime",
		"UserID":"S-1-5-18",
		"Task":0,
		"SystemTime":"2024-08-08T06:35:22.347841Z",
		"Version":0,
		"OriginalLogfile":"Microsoft-Windows-AppModel-Runtime%4Admin.evtx-CYJD6GG4.json",
		"CurrentStatus":32,
		"DesiredStatus":0,
		"PackageFullName":"Microsoft.ECApp_10.0.19041.1023_neutral__8wekyb3d8bbwe",
		"User":"S-1-5-21-2381387566-4172994561-1950376889-1000",
		"ActivityID":"041A760C-E95D-0002-C47A-1A045DE9DA01"
	},
	{
		"Rule level":"medium",
		"title":"Certificate Private Key Acquired",
		"sigma_yml":"win_capi2_acquire_certificate_private_key.yml",
		"description":"Detects when an application acquires a certificate private key",
		"row_id":262,
		"Channel":"Microsoft-Windows-AppModel-Runtime/Admin",
		"Computer":"DESKTOP-GAIBSBB",
		"EventID":70,
		"EventRecordID":262,
		"ProcessID":4972,
		"ThreadID":5160,
		"Keywords":"0x2000000000000001",
		"Level":4,
		"Opcode":0,
		"Guid":"F1EF270A-0D32-4352-BA52-DBAB41E1D859",
		"Provider_Name":"Microsoft-Windows-AppModel-Runtime",
		"UserID":"S-1-5-18",
		"Task":0,
		"SystemTime":"2024-08-08T06:35:22.467837Z",
		"Version":0,
		"OriginalLogfile":"Microsoft-Windows-AppModel-Runtime%4Admin.evtx-CYJD6GG4.json",
		"CurrentStatus":2048,
		"DesiredStatus":2080,
		"PackageFullName":"Microsoft.CredDialogHost_10.0.19041.1023_neutral__cw5n1h2txyewy",
		"User":"S-1-5-21-2381387566-4172994561-1950376889-1000",
		"ActivityID":"041A760C-E95D-0003-377A-1A045DE9DA01"
	},
	{
		"Rule level":"medium",
		"title":"Certificate Private Key Acquired",
		"sigma_yml":"win_capi2_acquire_certificate_private_key.yml",
		"description":"Detects when an application acquires a certificate private key",
		"row_id":264,
		"Channel":"Microsoft-Windows-AppModel-Runtime/Admin",
		"Computer":"DESKTOP-GAIBSBB",
		"EventID":70,
		"EventRecordID":264,
		"ProcessID":4972,
		"ThreadID":5160,
		"Keywords":"0x2000000000000001",
		"Level":4,
		"Opcode":0,
		"Guid":"F1EF270A-0D32-4352-BA52-DBAB41E1D859",
		"Provider_Name":"Microsoft-Windows-AppModel-Runtime",
		"UserID":"S-1-5-18",
		"Task":0,
		"SystemTime":"2024-08-08T06:35:22.795513Z",
		"Version":0,
		"OriginalLogfile":"Microsoft-Windows-AppModel-Runtime%4Admin.evtx-CYJD6GG4.json",
		"CurrentStatus":32,
		"DesiredStatus":0,
		"PackageFullName":"Microsoft.CredDialogHost_10.0.19041.1023_neutral__cw5n1h2txyewy",
		"User":"S-1-5-21-2381387566-4172994561-1950376889-1000",
		"ActivityID":"041A760C-E95D-0003-377A-1A045DE9DA01"
	},
	{
		"Rule level":"medium",
		"title":"Certificate Private Key Acquired",
		"sigma_yml":"win_capi2_acquire_certificate_private_key.yml",
		"description":"Detects when an application acquires a certificate private key",
		"row_id":265,
		"Channel":"Microsoft-Windows-AppModel-Runtime/Admin",
		"Computer":"DESKTOP-GAIBSBB",
		"EventID":70,
		"EventRecordID":265,
		"ProcessID":4972,
		"ThreadID":5160,
		"Keywords":"0x2000000000000001",
		"Level":4,
		"Opcode":0,
		"Guid":"F1EF270A-0D32-4352-BA52-DBAB41E1D859",
		"Provider_Name":"Microsoft-Windows-AppModel-Runtime",
		"UserID":"S-1-5-18",
		"Task":0,
		"SystemTime":"2024-08-08T06:35:23.250419Z",
		"Version":0,
		"OriginalLogfile":"Microsoft-Windows-AppModel-Runtime%4Admin.evtx-CYJD6GG4.json",
		"CurrentStatus":2048,
		"DesiredStatus":2080,
		"PackageFullName":"Microsoft.WindowsAlarms_10.1906.2182.0_x64__8wekyb3d8bbwe",
		"User":"S-1-5-21-2381387566-4172994561-1950376889-1000",
		"ActivityID":"041A760C-E95D-0003-3F7A-1A045DE9DA01"
	},
	{
		"Rule level":"medium",
		"title":"Certificate Private Key Acquired",
		"sigma_yml":"win_capi2_acquire_certificate_private_key.yml",
		"description":"Detects when an application acquires a certificate private key",
		"row_id":267,
		"Channel":"Microsoft-Windows-AppModel-Runtime/Admin",
		"Computer":"DESKTOP-GAIBSBB",
		"EventID":70,
		"EventRecordID":267,
		"ProcessID":4972,
		"ThreadID":5160,
		"Keywords":"0x2000000000000001",
		"Level":4,
		"Opcode":0,
		"Guid":"F1EF270A-0D32-4352-BA52-DBAB41E1D859",
		"Provider_Name":"Microsoft-Windows-AppModel-Runtime",
		"UserID":"S-1-5-18",
		"Task":0,
		"SystemTime":"2024-08-08T06:35:23.491049Z",
		"Version":0,
		"OriginalLogfile":"Microsoft-Windows-AppModel-Runtime%4Admin.evtx-CYJD6GG4.json",
		"CurrentStatus":32,
		"DesiredStatus":0,
		"PackageFullName":"Microsoft.WindowsAlarms_10.1906.2182.0_x64__8wekyb3d8bbwe",
		"User":"S-1-5-21-2381387566-4172994561-1950376889-1000",
		"ActivityID":"041A760C-E95D-0003-3F7A-1A045DE9DA01"
	},
	{
		"Rule level":"medium",
		"title":"Certificate Private Key Acquired",
		"sigma_yml":"win_capi2_acquire_certificate_private_key.yml",
		"description":"Detects when an application acquires a certificate private key",
		"row_id":268,
		"Channel":"Microsoft-Windows-AppModel-Runtime/Admin",
		"Computer":"DESKTOP-GAIBSBB",
		"EventID":70,
		"EventRecordID":268,
		"ProcessID":4972,
		"ThreadID":5160,
		"Keywords":"0x2000000000000001",
		"Level":4,
		"Opcode":0,
		"Guid":"F1EF270A-0D32-4352-BA52-DBAB41E1D859",
		"Provider_Name":"Microsoft-Windows-AppModel-Runtime",
		"UserID":"S-1-5-18",
		"Task":0,
		"SystemTime":"2024-08-08T06:35:23.907413Z",
		"Version":0,
		"OriginalLogfile":"Microsoft-Windows-AppModel-Runtime%4Admin.evtx-CYJD6GG4.json",
		"CurrentStatus":2048,
		"DesiredStatus":2080,
		"PackageFullName":"Microsoft.SkypeApp_14.53.77.0_x64__kzf8qxf38zg5c",
		"User":"S-1-5-21-2381387566-4172994561-1950376889-1000",
		"ActivityID":"041A760C-E95D-0002-D47A-1A045DE9DA01"
	},
	{
		"Rule level":"medium",
		"title":"Certificate Private Key Acquired",
		"sigma_yml":"win_capi2_acquire_certificate_private_key.yml",
		"description":"Detects when an application acquires a certificate private key",
		"row_id":270,
		"Channel":"Microsoft-Windows-AppModel-Runtime/Admin",
		"Computer":"DESKTOP-GAIBSBB",
		"EventID":70,
		"EventRecordID":270,
		"ProcessID":4972,
		"ThreadID":5160,
		"Keywords":"0x2000000000000001",
		"Level":4,
		"Opcode":0,
		"Guid":"F1EF270A-0D32-4352-BA52-DBAB41E1D859",
		"Provider_Name":"Microsoft-Windows-AppModel-Runtime",
		"UserID":"S-1-5-18",
		"Task":0,
		"SystemTime":"2024-08-08T06:35:24.217982Z",
		"Version":0,
		"OriginalLogfile":"Microsoft-Windows-AppModel-Runtime%4Admin.evtx-CYJD6GG4.json",
		"CurrentStatus":32,
		"DesiredStatus":0,
		"PackageFullName":"Microsoft.SkypeApp_14.53.77.0_x64__kzf8qxf38zg5c",
		"User":"S-1-5-21-2381387566-4172994561-1950376889-1000",
		"ActivityID":"041A760C-E95D-0002-D47A-1A045DE9DA01"
	},
	{
		"Rule level":"medium",
		"title":"Certificate Private Key Acquired",
		"sigma_yml":"win_capi2_acquire_certificate_private_key.yml",
		"description":"Detects when an application acquires a certificate private key",
		"row_id":271,
		"Channel":"Microsoft-Windows-AppModel-Runtime/Admin",
		"Computer":"DESKTOP-GAIBSBB",
		"EventID":70,
		"EventRecordID":271,
		"ProcessID":4972,
		"ThreadID":5160,
		"Keywords":"0x2000000000000001",
		"Level":4,
		"Opcode":0,
		"Guid":"F1EF270A-0D32-4352-BA52-DBAB41E1D859",
		"Provider_Name":"Microsoft-Windows-AppModel-Runtime",
		"UserID":"S-1-5-18",
		"Task":0,
		"SystemTime":"2024-08-08T06:35:24.615144Z",
		"Version":0,
		"OriginalLogfile":"Microsoft-Windows-AppModel-Runtime%4Admin.evtx-CYJD6GG4.json",
		"CurrentStatus":2048,
		"DesiredStatus":2080,
		"PackageFullName":"Microsoft.ZuneVideo_10.19071.19011.0_x64__8wekyb3d8bbwe",
		"User":"S-1-5-21-2381387566-4172994561-1950376889-1000",
		"ActivityID":"041A760C-E95D-0001-F979-1A045DE9DA01"
	},
	{
		"Rule level":"medium",
		"title":"Certificate Private Key Acquired",
		"sigma_yml":"win_capi2_acquire_certificate_private_key.yml",
		"description":"Detects when an application acquires a certificate private key",
		"row_id":273,
		"Channel":"Microsoft-Windows-AppModel-Runtime/Admin",
		"Computer":"DESKTOP-GAIBSBB",
		"EventID":70,
		"EventRecordID":273,
		"ProcessID":4972,
		"ThreadID":5160,
		"Keywords":"0x2000000000000001",
		"Level":4,
		"Opcode":0,
		"Guid":"F1EF270A-0D32-4352-BA52-DBAB41E1D859",
		"Provider_Name":"Microsoft-Windows-AppModel-Runtime",
		"UserID":"S-1-5-18",
		"Task":0,
		"SystemTime":"2024-08-08T06:35:25.099652Z",
		"Version":0,
		"OriginalLogfile":"Microsoft-Windows-AppModel-Runtime%4Admin.evtx-CYJD6GG4.json",
		"CurrentStatus":32,
		"DesiredStatus":0,
		"PackageFullName":"Microsoft.ZuneVideo_10.19071.19011.0_x64__8wekyb3d8bbwe",
		"User":"S-1-5-21-2381387566-4172994561-1950376889-1000",
		"ActivityID":"041A760C-E95D-0001-F979-1A045DE9DA01"
	},
	{
		"Rule level":"medium",
		"title":"Certificate Private Key Acquired",
		"sigma_yml":"win_capi2_acquire_certificate_private_key.yml",
		"description":"Detects when an application acquires a certificate private key",
		"row_id":274,
		"Channel":"Microsoft-Windows-AppModel-Runtime/Admin",
		"Computer":"DESKTOP-GAIBSBB",
		"EventID":70,
		"EventRecordID":274,
		"ProcessID":4972,
		"ThreadID":5160,
		"Keywords":"0x2000000000000001",
		"Level":4,
		"Opcode":0,
		"Guid":"F1EF270A-0D32-4352-BA52-DBAB41E1D859",
		"Provider_Name":"Microsoft-Windows-AppModel-Runtime",
		"UserID":"S-1-5-18",
		"Task":0,
		"SystemTime":"2024-08-08T06:35:25.515004Z",
		"Version":0,
		"OriginalLogfile":"Microsoft-Windows-AppModel-Runtime%4Admin.evtx-CYJD6GG4.json",
		"CurrentStatus":2048,
		"DesiredStatus":2080,
		"PackageFullName":"Microsoft.ZuneMusic_10.19071.19011.0_x64__8wekyb3d8bbwe",
		"User":"S-1-5-21-2381387566-4172994561-1950376889-1000",
		"ActivityID":"041A760C-E95D-0000-1A7A-1A045DE9DA01"
	},
	{
		"Rule level":"medium",
		"title":"Certificate Private Key Acquired",
		"sigma_yml":"win_capi2_acquire_certificate_private_key.yml",
		"description":"Detects when an application acquires a certificate private key",
		"row_id":276,
		"Channel":"Microsoft-Windows-AppModel-Runtime/Admin",
		"Computer":"DESKTOP-GAIBSBB",
		"EventID":70,
		"EventRecordID":276,
		"ProcessID":4972,
		"ThreadID":5160,
		"Keywords":"0x2000000000000001",
		"Level":4,
		"Opcode":0,
		"Guid":"F1EF270A-0D32-4352-BA52-DBAB41E1D859",
		"Provider_Name":"Microsoft-Windows-AppModel-Runtime",
		"UserID":"S-1-5-18",
		"Task":0,
		"SystemTime":"2024-08-08T06:35:25.767025Z",
		"Version":0,
		"OriginalLogfile":"Microsoft-Windows-AppModel-Runtime%4Admin.evtx-CYJD6GG4.json",
		"CurrentStatus":32,
		"DesiredStatus":0,
		"PackageFullName":"Microsoft.ZuneMusic_10.19071.19011.0_x64__8wekyb3d8bbwe",
		"User":"S-1-5-21-2381387566-4172994561-1950376889-1000",
		"ActivityID":"041A760C-E95D-0000-1A7A-1A045DE9DA01"
	},
	{
		"Rule level":"medium",
		"title":"Certificate Private Key Acquired",
		"sigma_yml":"win_capi2_acquire_certificate_private_key.yml",
		"description":"Detects when an application acquires a certificate private key",
		"row_id":277,
		"Channel":"Microsoft-Windows-AppModel-Runtime/Admin",
		"Computer":"DESKTOP-GAIBSBB",
		"EventID":70,
		"EventRecordID":277,
		"ProcessID":4972,
		"ThreadID":5160,
		"Keywords":"0x2000000000000001",
		"Level":4,
		"Opcode":0,
		"Guid":"F1EF270A-0D32-4352-BA52-DBAB41E1D859",
		"Provider_Name":"Microsoft-Windows-AppModel-Runtime",
		"UserID":"S-1-5-18",
		"Task":0,
		"SystemTime":"2024-08-08T06:35:26.128659Z",
		"Version":0,
		"OriginalLogfile":"Microsoft-Windows-AppModel-Runtime%4Admin.evtx-CYJD6GG4.json",
		"CurrentStatus":2048,
		"DesiredStatus":2080,
		"PackageFullName":"Microsoft.YourPhone_0.19051.7.0_x64__8wekyb3d8bbwe",
		"User":"S-1-5-21-2381387566-4172994561-1950376889-1000",
		"ActivityID":"041A760C-E95D-0000-1D7A-1A045DE9DA01"
	},
	{
		"Rule level":"medium",
		"title":"Certificate Private Key Acquired",
		"sigma_yml":"win_capi2_acquire_certificate_private_key.yml",
		"description":"Detects when an application acquires a certificate private key",
		"row_id":279,
		"Channel":"Microsoft-Windows-AppModel-Runtime/Admin",
		"Computer":"DESKTOP-GAIBSBB",
		"EventID":70,
		"EventRecordID":279,
		"ProcessID":4972,
		"ThreadID":5160,
		"Keywords":"0x2000000000000001",
		"Level":4,
		"Opcode":0,
		"Guid":"F1EF270A-0D32-4352-BA52-DBAB41E1D859",
		"Provider_Name":"Microsoft-Windows-AppModel-Runtime",
		"UserID":"S-1-5-18",
		"Task":0,
		"SystemTime":"2024-08-08T06:35:26.346153Z",
		"Version":0,
		"OriginalLogfile":"Microsoft-Windows-AppModel-Runtime%4Admin.evtx-CYJD6GG4.json",
		"CurrentStatus":32,
		"DesiredStatus":0,
		"PackageFullName":"Microsoft.YourPhone_0.19051.7.0_x64__8wekyb3d8bbwe",
		"User":"S-1-5-21-2381387566-4172994561-1950376889-1000",
		"ActivityID":"041A760C-E95D-0000-1D7A-1A045DE9DA01"
	},
	{
		"Rule level":"medium",
		"title":"Certificate Private Key Acquired",
		"sigma_yml":"win_capi2_acquire_certificate_private_key.yml",
		"description":"Detects when an application acquires a certificate private key",
		"row_id":280,
		"Channel":"Microsoft-Windows-AppModel-Runtime/Admin",
		"Computer":"DESKTOP-GAIBSBB",
		"EventID":70,
		"EventRecordID":280,
		"ProcessID":4972,
		"ThreadID":5160,
		"Keywords":"0x2000000000000001",
		"Level":4,
		"Opcode":0,
		"Guid":"F1EF270A-0D32-4352-BA52-DBAB41E1D859",
		"Provider_Name":"Microsoft-Windows-AppModel-Runtime",
		"UserID":"S-1-5-18",
		"Task":0,
		"SystemTime":"2024-08-08T06:35:26.692877Z",
		"Version":0,
		"OriginalLogfile":"Microsoft-Windows-AppModel-Runtime%4Admin.evtx-CYJD6GG4.json",
		"CurrentStatus":2048,
		"DesiredStatus":2080,
		"PackageFullName":"Microsoft.XboxSpeechToTextOverlay_1.17.29001.0_x64__8wekyb3d8bbwe",
		"User":"S-1-5-21-2381387566-4172994561-1950376889-1000",
		"ActivityID":"041A760C-E95D-0001-027A-1A045DE9DA01"
	},
	{
		"Rule level":"medium",
		"title":"Certificate Private Key Acquired",
		"sigma_yml":"win_capi2_acquire_certificate_private_key.yml",
		"description":"Detects when an application acquires a certificate private key",
		"row_id":282,
		"Channel":"Microsoft-Windows-AppModel-Runtime/Admin",
		"Computer":"DESKTOP-GAIBSBB",
		"EventID":70,
		"EventRecordID":282,
		"ProcessID":4972,
		"ThreadID":5160,
		"Keywords":"0x2000000000000001",
		"Level":4,
		"Opcode":0,
		"Guid":"F1EF270A-0D32-4352-BA52-DBAB41E1D859",
		"Provider_Name":"Microsoft-Windows-AppModel-Runtime",
		"UserID":"S-1-5-18",
		"Task":0,
		"SystemTime":"2024-08-08T06:35:26.869778Z",
		"Version":0,
		"OriginalLogfile":"Microsoft-Windows-AppModel-Runtime%4Admin.evtx-CYJD6GG4.json",
		"CurrentStatus":32,
		"DesiredStatus":0,
		"PackageFullName":"Microsoft.XboxSpeechToTextOverlay_1.17.29001.0_x64__8wekyb3d8bbwe",
		"User":"S-1-5-21-2381387566-4172994561-1950376889-1000",
		"ActivityID":"041A760C-E95D-0001-027A-1A045DE9DA01"
	},
	{
		"Rule level":"medium",
		"title":"Certificate Private Key Acquired",
		"sigma_yml":"win_capi2_acquire_certificate_private_key.yml",
		"description":"Detects when an application acquires a certificate private key",
		"row_id":283,
		"Channel":"Microsoft-Windows-AppModel-Runtime/Admin",
		"Computer":"DESKTOP-GAIBSBB",
		"EventID":70,
		"EventRecordID":283,
		"ProcessID":4972,
		"ThreadID":5160,
		"Keywords":"0x2000000000000001",
		"Level":4,
		"Opcode":0,
		"Guid":"F1EF270A-0D32-4352-BA52-DBAB41E1D859",
		"Provider_Name":"Microsoft-Windows-AppModel-Runtime",
		"UserID":"S-1-5-18",
		"Task":0,
		"SystemTime":"2024-08-08T06:35:27.152854Z",
		"Version":0,
		"OriginalLogfile":"Microsoft-Windows-AppModel-Runtime%4Admin.evtx-CYJD6GG4.json",
		"CurrentStatus":2048,
		"DesiredStatus":2080,
		"PackageFullName":"Microsoft.XboxGamingOverlay_2.34.28001.0_x64__8wekyb3d8bbwe",
		"User":"S-1-5-21-2381387566-4172994561-1950376889-1000",
		"ActivityID":"041A760C-E95D-0003-787A-1A045DE9DA01"
	},
	{
		"Rule level":"medium",
		"title":"Certificate Private Key Acquired",
		"sigma_yml":"win_capi2_acquire_certificate_private_key.yml",
		"description":"Detects when an application acquires a certificate private key",
		"row_id":285,
		"Channel":"Microsoft-Windows-AppModel-Runtime/Admin",
		"Computer":"DESKTOP-GAIBSBB",
		"EventID":70,
		"EventRecordID":285,
		"ProcessID":4972,
		"ThreadID":5160,
		"Keywords":"0x2000000000000001",
		"Level":4,
		"Opcode":0,
		"Guid":"F1EF270A-0D32-4352-BA52-DBAB41E1D859",
		"Provider_Name":"Microsoft-Windows-AppModel-Runtime",
		"UserID":"S-1-5-18",
		"Task":0,
		"SystemTime":"2024-08-08T06:35:27.391120Z",
		"Version":0,
		"OriginalLogfile":"Microsoft-Windows-AppModel-Runtime%4Admin.evtx-CYJD6GG4.json",
		"CurrentStatus":32,
		"DesiredStatus":0,
		"PackageFullName":"Microsoft.XboxGamingOverlay_2.34.28001.0_x64__8wekyb3d8bbwe",
		"User":"S-1-5-21-2381387566-4172994561-1950376889-1000",
		"ActivityID":"041A760C-E95D-0003-787A-1A045DE9DA01"
	},
	{
		"Rule level":"medium",
		"title":"Certificate Private Key Acquired",
		"sigma_yml":"win_capi2_acquire_certificate_private_key.yml",
		"description":"Detects when an application acquires a certificate private key",
		"row_id":286,
		"Channel":"Microsoft-Windows-AppModel-Runtime/Admin",
		"Computer":"DESKTOP-GAIBSBB",
		"EventID":70,
		"EventRecordID":286,
		"ProcessID":4972,
		"ThreadID":5160,
		"Keywords":"0x2000000000000001",
		"Level":4,
		"Opcode":0,
		"Guid":"F1EF270A-0D32-4352-BA52-DBAB41E1D859",
		"Provider_Name":"Microsoft-Windows-AppModel-Runtime",
		"UserID":"S-1-5-18",
		"Task":0,
		"SystemTime":"2024-08-08T06:35:27.714286Z",
		"Version":0,
		"OriginalLogfile":"Microsoft-Windows-AppModel-Runtime%4Admin.evtx-CYJD6GG4.json",
		"CurrentStatus":2048,
		"DesiredStatus":2080,
		"PackageFullName":"Microsoft.XboxGameOverlay_1.46.11001.0_x64__8wekyb3d8bbwe",
		"User":"S-1-5-21-2381387566-4172994561-1950376889-1000",
		"ActivityID":"041A760C-E95D-0003-7E7A-1A045DE9DA01"
	},
