	{
		"Rule level":"medium",
		"title":"Certificate Private Key Acquired",
		"sigma_yml":"win_capi2_acquire_certificate_private_key.yml",
		"description":"Detects when an application acquires a certificate private key",
		"row_id":139,
		"Channel":"Microsoft-Windows-AppModel-Runtime/Admin",
		"Computer":"DESKTOP-GAIBSBB",
		"EventID":70,
		"EventRecordID":139,
		"ProcessID":3892,
		"ThreadID":2044,
		"Keywords":"0x2000000000000001",
		"Level":4,
		"Opcode":0,
		"Guid":"F1EF270A-0D32-4352-BA52-DBAB41E1D859",
		"Provider_Name":"Microsoft-Windows-AppModel-Runtime",
		"UserID":"S-1-5-18",
		"Task":0,
		"SystemTime":"2024-08-08T06:33:25.977779Z",
		"Version":0,
		"OriginalLogfile":"Microsoft-Windows-AppModel-Runtime%4Admin.evtx-CYJD6GG4.json",
		"CurrentStatus":2080,
		"DesiredStatus":2048,
		"PackageFullName":"Microsoft.WindowsAlarms_10.1906.2182.0_x64__8wekyb3d8bbwe",
		"User":"S-1-5-21-2381387566-4172994561-1950376889-1000",
		"ActivityID":"9A18FAE2-E9EA-0001-1304-199AEAE9DA01"
	},
	{
		"Rule level":"medium",
		"title":"Certificate Private Key Acquired",
		"sigma_yml":"win_capi2_acquire_certificate_private_key.yml",
		"description":"Detects when an application acquires a certificate private key",
		"row_id":140,
		"Channel":"Microsoft-Windows-AppModel-Runtime/Admin",
		"Computer":"DESKTOP-GAIBSBB",
		"EventID":70,
		"EventRecordID":140,
		"ProcessID":3892,
		"ThreadID":2044,
		"Keywords":"0x2000000000000001",
		"Level":4,
		"Opcode":0,
		"Guid":"F1EF270A-0D32-4352-BA52-DBAB41E1D859",
		"Provider_Name":"Microsoft-Windows-AppModel-Runtime",
		"UserID":"S-1-5-18",
		"Task":0,
		"SystemTime":"2024-08-08T06:33:25.977925Z",
		"Version":0,
		"OriginalLogfile":"Microsoft-Windows-AppModel-Runtime%4Admin.evtx-CYJD6GG4.json",
		"CurrentStatus":2080,
		"DesiredStatus":2048,
		"PackageFullName":"Microsoft.WindowsCalculator_10.1906.55.0_x64__8wekyb3d8bbwe",
		"User":"S-1-5-21-2381387566-4172994561-1950376889-1000",
		"ActivityID":"9A18FAE2-E9EA-0001-1304-199AEAE9DA01"
	},
	{
		"Rule level":"medium",
		"title":"Certificate Private Key Acquired",
		"sigma_yml":"win_capi2_acquire_certificate_private_key.yml",
		"description":"Detects when an application acquires a certificate private key",
		"row_id":141,
		"Channel":"Microsoft-Windows-AppModel-Runtime/Admin",
		"Computer":"DESKTOP-GAIBSBB",
		"EventID":70,
		"EventRecordID":141,
		"ProcessID":3892,
		"ThreadID":2044,
		"Keywords":"0x2000000000000001",
		"Level":4,
		"Opcode":0,
		"Guid":"F1EF270A-0D32-4352-BA52-DBAB41E1D859",
		"Provider_Name":"Microsoft-Windows-AppModel-Runtime",
		"UserID":"S-1-5-18",
		"Task":0,
		"SystemTime":"2024-08-08T06:33:25.978080Z",
		"Version":0,
		"OriginalLogfile":"Microsoft-Windows-AppModel-Runtime%4Admin.evtx-CYJD6GG4.json",
		"CurrentStatus":2080,
		"DesiredStatus":2048,
		"PackageFullName":"Microsoft.WindowsFeedbackHub_1.1907.3152.0_x64__8wekyb3d8bbwe",
		"User":"S-1-5-21-2381387566-4172994561-1950376889-1000",
		"ActivityID":"9A18FAE2-E9EA-0001-1304-199AEAE9DA01"
	},
	{
		"Rule level":"medium",
		"title":"Certificate Private Key Acquired",
		"sigma_yml":"win_capi2_acquire_certificate_private_key.yml",
		"description":"Detects when an application acquires a certificate private key",
		"row_id":142,
		"Channel":"Microsoft-Windows-AppModel-Runtime/Admin",
		"Computer":"DESKTOP-GAIBSBB",
		"EventID":70,
		"EventRecordID":142,
		"ProcessID":3892,
		"ThreadID":2044,
		"Keywords":"0x2000000000000001",
		"Level":4,
		"Opcode":0,
		"Guid":"F1EF270A-0D32-4352-BA52-DBAB41E1D859",
		"Provider_Name":"Microsoft-Windows-AppModel-Runtime",
		"UserID":"S-1-5-18",
		"Task":0,
		"SystemTime":"2024-08-08T06:33:25.978232Z",
		"Version":0,
		"OriginalLogfile":"Microsoft-Windows-AppModel-Runtime%4Admin.evtx-CYJD6GG4.json",
		"CurrentStatus":2080,
		"DesiredStatus":2048,
		"PackageFullName":"Microsoft.WindowsSoundRecorder_10.1906.1972.0_x64__8wekyb3d8bbwe",
		"User":"S-1-5-21-2381387566-4172994561-1950376889-1000",
		"ActivityID":"9A18FAE2-E9EA-0001-1304-199AEAE9DA01"
	},
	{
		"Rule level":"medium",
		"title":"Certificate Private Key Acquired",
		"sigma_yml":"win_capi2_acquire_certificate_private_key.yml",
		"description":"Detects when an application acquires a certificate private key",
		"row_id":144,
		"Channel":"Microsoft-Windows-AppModel-Runtime/Admin",
		"Computer":"DESKTOP-GAIBSBB",
		"EventID":70,
		"EventRecordID":144,
		"ProcessID":3892,
		"ThreadID":2044,
		"Keywords":"0x2000000000000001",
		"Level":4,
		"Opcode":0,
		"Guid":"F1EF270A-0D32-4352-BA52-DBAB41E1D859",
		"Provider_Name":"Microsoft-Windows-AppModel-Runtime",
		"UserID":"S-1-5-18",
		"Task":0,
		"SystemTime":"2024-08-08T06:33:26.177277Z",
		"Version":0,
		"OriginalLogfile":"Microsoft-Windows-AppModel-Runtime%4Admin.evtx-CYJD6GG4.json",
		"CurrentStatus":2048,
		"DesiredStatus":2080,
		"PackageFullName":"microsoft.windowscommunicationsapps_16005.11629.20316.0_x64__8wekyb3d8bbwe",
		"User":"S-1-5-21-2381387566-4172994561-1950376889-1000",
		"ActivityID":"9A18FAE2-E9EA-0001-4C04-199AEAE9DA01"
	},
	{
		"Rule level":"medium",
		"title":"Certificate Private Key Acquired",
		"sigma_yml":"win_capi2_acquire_certificate_private_key.yml",
		"description":"Detects when an application acquires a certificate private key",
		"row_id":145,
		"Channel":"Microsoft-Windows-AppModel-Runtime/Admin",
		"Computer":"DESKTOP-GAIBSBB",
		"EventID":70,
		"EventRecordID":145,
		"ProcessID":3892,
		"ThreadID":2044,
		"Keywords":"0x2000000000000001",
		"Level":4,
		"Opcode":0,
		"Guid":"F1EF270A-0D32-4352-BA52-DBAB41E1D859",
		"Provider_Name":"Microsoft-Windows-AppModel-Runtime",
		"UserID":"S-1-5-18",
		"Task":0,
		"SystemTime":"2024-08-08T06:33:26.177505Z",
		"Version":0,
		"OriginalLogfile":"Microsoft-Windows-AppModel-Runtime%4Admin.evtx-CYJD6GG4.json",
		"CurrentStatus":2048,
		"DesiredStatus":2080,
		"PackageFullName":"Microsoft.BingWeather_4.25.20211.0_x64__8wekyb3d8bbwe",
		"User":"S-1-5-21-2381387566-4172994561-1950376889-1000",
		"ActivityID":"9A18FAE2-E9EA-0001-4C04-199AEAE9DA01"
	},
	{
		"Rule level":"medium",
		"title":"Certificate Private Key Acquired",
		"sigma_yml":"win_capi2_acquire_certificate_private_key.yml",
		"description":"Detects when an application acquires a certificate private key",
		"row_id":148,
		"Channel":"Microsoft-Windows-AppModel-Runtime/Admin",
		"Computer":"DESKTOP-GAIBSBB",
		"EventID":70,
		"EventRecordID":148,
		"ProcessID":3892,
		"ThreadID":2044,
		"Keywords":"0x2000000000000001",
		"Level":4,
		"Opcode":0,
		"Guid":"F1EF270A-0D32-4352-BA52-DBAB41E1D859",
		"Provider_Name":"Microsoft-Windows-AppModel-Runtime",
		"UserID":"S-1-5-18",
		"Task":0,
		"SystemTime":"2024-08-08T06:33:26.451862Z",
		"Version":0,
		"OriginalLogfile":"Microsoft-Windows-AppModel-Runtime%4Admin.evtx-CYJD6GG4.json",
		"CurrentStatus":32,
		"DesiredStatus":0,
		"PackageFullName":"Microsoft.Advertising.Xaml_10.1808.3.0_x64__8wekyb3d8bbwe",
		"User":"S-1-5-21-2381387566-4172994561-1950376889-1000",
		"ActivityID":"9A18FAE2-E9EA-0001-4C04-199AEAE9DA01"
	},
	{
		"Rule level":"medium",
		"title":"Certificate Private Key Acquired",
		"sigma_yml":"win_capi2_acquire_certificate_private_key.yml",
		"description":"Detects when an application acquires a certificate private key",
		"row_id":149,
		"Channel":"Microsoft-Windows-AppModel-Runtime/Admin",
		"Computer":"DESKTOP-GAIBSBB",
		"EventID":70,
		"EventRecordID":149,
		"ProcessID":3892,
		"ThreadID":2044,
		"Keywords":"0x2000000000000001",
		"Level":4,
		"Opcode":0,
		"Guid":"F1EF270A-0D32-4352-BA52-DBAB41E1D859",
		"Provider_Name":"Microsoft-Windows-AppModel-Runtime",
		"UserID":"S-1-5-18",
		"Task":0,
		"SystemTime":"2024-08-08T06:33:26.452176Z",
		"Version":0,
		"OriginalLogfile":"Microsoft-Windows-AppModel-Runtime%4Admin.evtx-CYJD6GG4.json",
		"CurrentStatus":32,
		"DesiredStatus":0,
		"PackageFullName":"microsoft.windowscommunicationsapps_16005.11629.20316.0_x64__8wekyb3d8bbwe",
		"User":"S-1-5-21-2381387566-4172994561-1950376889-1000",
		"ActivityID":"9A18FAE2-E9EA-0001-4C04-199AEAE9DA01"
	},
	{
		"Rule level":"medium",
		"title":"Certificate Private Key Acquired",
		"sigma_yml":"win_capi2_acquire_certificate_private_key.yml",
		"description":"Detects when an application acquires a certificate private key",
		"row_id":150,
		"Channel":"Microsoft-Windows-AppModel-Runtime/Admin",
		"Computer":"DESKTOP-GAIBSBB",
		"EventID":70,
		"EventRecordID":150,
		"ProcessID":3892,
		"ThreadID":2044,
		"Keywords":"0x2000000000000001",
		"Level":4,
		"Opcode":0,
		"Guid":"F1EF270A-0D32-4352-BA52-DBAB41E1D859",
		"Provider_Name":"Microsoft-Windows-AppModel-Runtime",
		"UserID":"S-1-5-18",
		"Task":0,
		"SystemTime":"2024-08-08T06:33:26.452425Z",
		"Version":0,
		"OriginalLogfile":"Microsoft-Windows-AppModel-Runtime%4Admin.evtx-CYJD6GG4.json",
		"CurrentStatus":2080,
		"DesiredStatus":2048,
		"PackageFullName":"Microsoft.BingWeather_4.25.20211.0_x64__8wekyb3d8bbwe",
		"User":"S-1-5-21-2381387566-4172994561-1950376889-1000",
		"ActivityID":"9A18FAE2-E9EA-0001-4C04-199AEAE9DA01"
	},
	{
		"Rule level":"medium",
		"title":"Certificate Private Key Acquired",
		"sigma_yml":"win_capi2_acquire_certificate_private_key.yml",
		"description":"Detects when an application acquires a certificate private key",
		"row_id":153,
		"Channel":"Microsoft-Windows-AppModel-Runtime/Admin",
		"Computer":"DESKTOP-GAIBSBB",
		"EventID":70,
		"EventRecordID":153,
		"ProcessID":3892,
		"ThreadID":2044,
		"Keywords":"0x2000000000000001",
		"Level":4,
		"Opcode":0,
		"Guid":"F1EF270A-0D32-4352-BA52-DBAB41E1D859",
		"Provider_Name":"Microsoft-Windows-AppModel-Runtime",
		"UserID":"S-1-5-18",
		"Task":0,
		"SystemTime":"2024-08-08T06:33:26.618342Z",
		"Version":0,
		"OriginalLogfile":"Microsoft-Windows-AppModel-Runtime%4Admin.evtx-CYJD6GG4.json",
		"CurrentStatus":2048,
		"DesiredStatus":2080,
		"PackageFullName":"Microsoft.WindowsCamera_2018.826.98.0_x64__8wekyb3d8bbwe",
		"User":"S-1-5-21-2381387566-4172994561-1950376889-1000",
		"ActivityID":"9A18FAE2-E9EA-0002-6503-199AEAE9DA01"
	},
	{
		"Rule level":"medium",
		"title":"Certificate Private Key Acquired",
		"sigma_yml":"win_capi2_acquire_certificate_private_key.yml",
		"description":"Detects when an application acquires a certificate private key",
		"row_id":154,
		"Channel":"Microsoft-Windows-AppModel-Runtime/Admin",
		"Computer":"DESKTOP-GAIBSBB",
		"EventID":70,
		"EventRecordID":154,
		"ProcessID":3892,
		"ThreadID":2044,
		"Keywords":"0x2000000000000001",
		"Level":4,
		"Opcode":0,
		"Guid":"F1EF270A-0D32-4352-BA52-DBAB41E1D859",
		"Provider_Name":"Microsoft-Windows-AppModel-Runtime",
		"UserID":"S-1-5-18",
		"Task":0,
		"SystemTime":"2024-08-08T06:33:26.618531Z",
		"Version":0,
		"OriginalLogfile":"Microsoft-Windows-AppModel-Runtime%4Admin.evtx-CYJD6GG4.json",
		"CurrentStatus":2048,
		"DesiredStatus":2080,
		"PackageFullName":"Microsoft.GetHelp_10.1706.13331.0_x64__8wekyb3d8bbwe",
		"User":"S-1-5-21-2381387566-4172994561-1950376889-1000",
		"ActivityID":"9A18FAE2-E9EA-0002-6503-199AEAE9DA01"
	},
	{
		"Rule level":"medium",
		"title":"Certificate Private Key Acquired",
		"sigma_yml":"win_capi2_acquire_certificate_private_key.yml",
		"description":"Detects when an application acquires a certificate private key",
		"row_id":155,
		"Channel":"Microsoft-Windows-AppModel-Runtime/Admin",
		"Computer":"DESKTOP-GAIBSBB",
		"EventID":70,
		"EventRecordID":155,
		"ProcessID":3892,
		"ThreadID":2044,
		"Keywords":"0x2000000000000001",
		"Level":4,
		"Opcode":0,
		"Guid":"F1EF270A-0D32-4352-BA52-DBAB41E1D859",
		"Provider_Name":"Microsoft-Windows-AppModel-Runtime",
		"UserID":"S-1-5-18",
		"Task":0,
		"SystemTime":"2024-08-08T06:33:26.618721Z",
		"Version":0,
		"OriginalLogfile":"Microsoft-Windows-AppModel-Runtime%4Admin.evtx-CYJD6GG4.json",
		"CurrentStatus":2048,
		"DesiredStatus":2080,
		"PackageFullName":"Microsoft.StorePurchaseApp_11811.1001.18.0_x64__8wekyb3d8bbwe",
		"User":"S-1-5-21-2381387566-4172994561-1950376889-1000",
		"ActivityID":"9A18FAE2-E9EA-0002-6503-199AEAE9DA01"
	},
	{
		"Rule level":"medium",
		"title":"Certificate Private Key Acquired",
		"sigma_yml":"win_capi2_acquire_certificate_private_key.yml",
		"description":"Detects when an application acquires a certificate private key",
		"row_id":156,
		"Channel":"Microsoft-Windows-AppModel-Runtime/Admin",
		"Computer":"DESKTOP-GAIBSBB",
		"EventID":70,
		"EventRecordID":156,
		"ProcessID":3892,
		"ThreadID":2044,
		"Keywords":"0x2000000000000001",
		"Level":4,
		"Opcode":0,
		"Guid":"F1EF270A-0D32-4352-BA52-DBAB41E1D859",
		"Provider_Name":"Microsoft-Windows-AppModel-Runtime",
		"UserID":"S-1-5-18",
		"Task":0,
		"SystemTime":"2024-08-08T06:33:26.618943Z",
		"Version":0,
		"OriginalLogfile":"Microsoft-Windows-AppModel-Runtime%4Admin.evtx-CYJD6GG4.json",
		"CurrentStatus":2048,
		"DesiredStatus":2080,
		"PackageFullName":"Microsoft.XboxApp_48.49.31001.0_x64__8wekyb3d8bbwe",
		"User":"S-1-5-21-2381387566-4172994561-1950376889-1000",
		"ActivityID":"9A18FAE2-E9EA-0002-6503-199AEAE9DA01"
	},
	{
		"Rule level":"medium",
		"title":"Certificate Private Key Acquired",
		"sigma_yml":"win_capi2_acquire_certificate_private_key.yml",
		"description":"Detects when an application acquires a certificate private key",
		"row_id":160,
		"Channel":"Microsoft-Windows-AppModel-Runtime/Admin",
		"Computer":"DESKTOP-GAIBSBB",
		"EventID":70,
		"EventRecordID":160,
		"ProcessID":3892,
		"ThreadID":2044,
		"Keywords":"0x2000000000000001",
		"Level":4,
		"Opcode":0,
		"Guid":"F1EF270A-0D32-4352-BA52-DBAB41E1D859",
		"Provider_Name":"Microsoft-Windows-AppModel-Runtime",
		"UserID":"S-1-5-18",
		"Task":0,
		"SystemTime":"2024-08-08T06:33:26.885983Z",
		"Version":0,
		"OriginalLogfile":"Microsoft-Windows-AppModel-Runtime%4Admin.evtx-CYJD6GG4.json",
		"CurrentStatus":32,
		"DesiredStatus":0,
		"PackageFullName":"Microsoft.NET.Native.Runtime.1.7_1.7.25531.0_x64__8wekyb3d8bbwe",
		"User":"S-1-5-21-2381387566-4172994561-1950376889-1000",
		"ActivityID":"9A18FAE2-E9EA-0002-6503-199AEAE9DA01"
	},
	{
		"Rule level":"medium",
		"title":"Certificate Private Key Acquired",
		"sigma_yml":"win_capi2_acquire_certificate_private_key.yml",
		"description":"Detects when an application acquires a certificate private key",
		"row_id":161,
		"Channel":"Microsoft-Windows-AppModel-Runtime/Admin",
		"Computer":"DESKTOP-GAIBSBB",
		"EventID":70,
		"EventRecordID":161,
		"ProcessID":3892,
		"ThreadID":2044,
		"Keywords":"0x2000000000000001",
		"Level":4,
		"Opcode":0,
		"Guid":"F1EF270A-0D32-4352-BA52-DBAB41E1D859",
		"Provider_Name":"Microsoft-Windows-AppModel-Runtime",
		"UserID":"S-1-5-18",
		"Task":0,
		"SystemTime":"2024-08-08T06:33:26.886189Z",
		"Version":0,
		"OriginalLogfile":"Microsoft-Windows-AppModel-Runtime%4Admin.evtx-CYJD6GG4.json",
		"CurrentStatus":32,
		"DesiredStatus":0,
		"PackageFullName":"Microsoft.NET.Native.Framework.1.7_1.7.25531.0_x64__8wekyb3d8bbwe",
		"User":"S-1-5-21-2381387566-4172994561-1950376889-1000",
		"ActivityID":"9A18FAE2-E9EA-0002-6503-199AEAE9DA01"
	},
	{
		"Rule level":"medium",
		"title":"Certificate Private Key Acquired",
		"sigma_yml":"win_capi2_acquire_certificate_private_key.yml",
		"description":"Detects when an application acquires a certificate private key",
		"row_id":162,
		"Channel":"Microsoft-Windows-AppModel-Runtime/Admin",
		"Computer":"DESKTOP-GAIBSBB",
		"EventID":70,
		"EventRecordID":162,
		"ProcessID":3892,
		"ThreadID":2044,
		"Keywords":"0x2000000000000001",
		"Level":4,
		"Opcode":0,
		"Guid":"F1EF270A-0D32-4352-BA52-DBAB41E1D859",
		"Provider_Name":"Microsoft-Windows-AppModel-Runtime",
		"UserID":"S-1-5-18",
		"Task":0,
		"SystemTime":"2024-08-08T06:33:26.886404Z",
		"Version":0,
		"OriginalLogfile":"Microsoft-Windows-AppModel-Runtime%4Admin.evtx-CYJD6GG4.json",
		"CurrentStatus":32,
		"DesiredStatus":0,
		"PackageFullName":"Microsoft.WindowsCamera_2018.826.98.0_x64__8wekyb3d8bbwe",
		"User":"S-1-5-21-2381387566-4172994561-1950376889-1000",
		"ActivityID":"9A18FAE2-E9EA-0002-6503-199AEAE9DA01"
	},
	{
		"Rule level":"medium",
		"title":"Certificate Private Key Acquired",
		"sigma_yml":"win_capi2_acquire_certificate_private_key.yml",
		"description":"Detects when an application acquires a certificate private key",
		"row_id":163,
		"Channel":"Microsoft-Windows-AppModel-Runtime/Admin",
		"Computer":"DESKTOP-GAIBSBB",
		"EventID":70,
		"EventRecordID":163,
		"ProcessID":3892,
		"ThreadID":2044,
		"Keywords":"0x2000000000000001",
		"Level":4,
		"Opcode":0,
		"Guid":"F1EF270A-0D32-4352-BA52-DBAB41E1D859",
		"Provider_Name":"Microsoft-Windows-AppModel-Runtime",
		"UserID":"S-1-5-18",
		"Task":0,
		"SystemTime":"2024-08-08T06:33:26.886632Z",
		"Version":0,
		"OriginalLogfile":"Microsoft-Windows-AppModel-Runtime%4Admin.evtx-CYJD6GG4.json",
		"CurrentStatus":2080,
		"DesiredStatus":2048,
		"PackageFullName":"Microsoft.GetHelp_10.1706.13331.0_x64__8wekyb3d8bbwe",
		"User":"S-1-5-21-2381387566-4172994561-1950376889-1000",
		"ActivityID":"9A18FAE2-E9EA-0002-6503-199AEAE9DA01"
	},
	{
		"Rule level":"medium",
		"title":"Certificate Private Key Acquired",
		"sigma_yml":"win_capi2_acquire_certificate_private_key.yml",
		"description":"Detects when an application acquires a certificate private key",
		"row_id":164,
		"Channel":"Microsoft-Windows-AppModel-Runtime/Admin",
		"Computer":"DESKTOP-GAIBSBB",
		"EventID":70,
		"EventRecordID":164,
		"ProcessID":3892,
		"ThreadID":2044,
		"Keywords":"0x2000000000000001",
		"Level":4,
		"Opcode":0,
		"Guid":"F1EF270A-0D32-4352-BA52-DBAB41E1D859",
		"Provider_Name":"Microsoft-Windows-AppModel-Runtime",
		"UserID":"S-1-5-18",
		"Task":0,
		"SystemTime":"2024-08-08T06:33:26.886822Z",
		"Version":0,
		"OriginalLogfile":"Microsoft-Windows-AppModel-Runtime%4Admin.evtx-CYJD6GG4.json",
		"CurrentStatus":2080,
		"DesiredStatus":2048,
		"PackageFullName":"Microsoft.StorePurchaseApp_11811.1001.18.0_x64__8wekyb3d8bbwe",
		"User":"S-1-5-21-2381387566-4172994561-1950376889-1000",
		"ActivityID":"9A18FAE2-E9EA-0002-6503-199AEAE9DA01"
	},
	{
		"Rule level":"medium",
		"title":"Certificate Private Key Acquired",
		"sigma_yml":"win_capi2_acquire_certificate_private_key.yml",
		"description":"Detects when an application acquires a certificate private key",
		"row_id":165,
		"Channel":"Microsoft-Windows-AppModel-Runtime/Admin",
		"Computer":"DESKTOP-GAIBSBB",
		"EventID":70,
		"EventRecordID":165,
		"ProcessID":3892,
		"ThreadID":2044,
		"Keywords":"0x2000000000000001",
		"Level":4,
		"Opcode":0,
		"Guid":"F1EF270A-0D32-4352-BA52-DBAB41E1D859",
		"Provider_Name":"Microsoft-Windows-AppModel-Runtime",
		"UserID":"S-1-5-18",
		"Task":0,
		"SystemTime":"2024-08-08T06:33:26.886990Z",
		"Version":0,
		"OriginalLogfile":"Microsoft-Windows-AppModel-Runtime%4Admin.evtx-CYJD6GG4.json",
		"CurrentStatus":2080,
		"DesiredStatus":2048,
		"PackageFullName":"Microsoft.XboxApp_48.49.31001.0_x64__8wekyb3d8bbwe",
		"User":"S-1-5-21-2381387566-4172994561-1950376889-1000",
		"ActivityID":"9A18FAE2-E9EA-0002-6503-199AEAE9DA01"
	},
	{
		"Rule level":"medium",
		"title":"Certificate Private Key Acquired",
		"sigma_yml":"win_capi2_acquire_certificate_private_key.yml",
		"description":"Detects when an application acquires a certificate private key",
		"row_id":166,
		"Channel":"Microsoft-Windows-AppModel-Runtime/Admin",
		"Computer":"DESKTOP-GAIBSBB",
		"EventID":70,
		"EventRecordID":166,
		"ProcessID":3892,
		"ThreadID":2044,
		"Keywords":"0x2000000000000001",
		"Level":4,
		"Opcode":0,
		"Guid":"F1EF270A-0D32-4352-BA52-DBAB41E1D859",
		"Provider_Name":"Microsoft-Windows-AppModel-Runtime",
		"UserID":"S-1-5-18",
		"Task":0,
		"SystemTime":"2024-08-08T06:33:27.146033Z",
		"Version":0,
		"OriginalLogfile":"Microsoft-Windows-AppModel-Runtime%4Admin.evtx-CYJD6GG4.json",
		"CurrentStatus":2048,
		"DesiredStatus":2080,
		"PackageFullName":"Microsoft.WindowsStore_11910.1002.5.0_x64__8wekyb3d8bbwe",
		"User":"S-1-5-21-2381387566-4172994561-1950376889-1000",
		"ActivityID":"9A18FAE2-E9EA-0003-7102-199AEAE9DA01"
	},
	{
		"Rule level":"medium",
		"title":"Certificate Private Key Acquired",
		"sigma_yml":"win_capi2_acquire_certificate_private_key.yml",
		"description":"Detects when an application acquires a certificate private key",
		"row_id":167,
		"Channel":"Microsoft-Windows-AppModel-Runtime/Admin",
		"Computer":"DESKTOP-GAIBSBB",
		"EventID":70,
		"EventRecordID":167,
		"ProcessID":3892,
		"ThreadID":660,
		"Keywords":"0x2000000000000001",
		"Level":4,
		"Opcode":0,
		"Guid":"F1EF270A-0D32-4352-BA52-DBAB41E1D859",
		"Provider_Name":"Microsoft-Windows-AppModel-Runtime",
		"UserID":"S-1-5-18",
		"Task":0,
		"SystemTime":"2024-08-08T06:33:27.148060Z",
		"Version":0,
		"OriginalLogfile":"Microsoft-Windows-AppModel-Runtime%4Admin.evtx-CYJD6GG4.json",
		"CurrentStatus":2048,
		"DesiredStatus":2080,
		"PackageFullName":"Microsoft.DesktopAppInstaller_1.0.30251.0_x64__8wekyb3d8bbwe",
		"User":"S-1-5-21-2381387566-4172994561-1950376889-1000",
		"ActivityID":"9A18FAE2-E9EA-0002-9202-199AEAE9DA01"
	},
	{
		"Rule level":"medium",
		"title":"Certificate Private Key Acquired",
		"sigma_yml":"win_capi2_acquire_certificate_private_key.yml",
		"description":"Detects when an application acquires a certificate private key",
		"row_id":169,
		"Channel":"Microsoft-Windows-AppModel-Runtime/Admin",
		"Computer":"DESKTOP-GAIBSBB",
		"EventID":70,
		"EventRecordID":169,
		"ProcessID":3892,
		"ThreadID":1836,
		"Keywords":"0x2000000000000001",
		"Level":4,
		"Opcode":0,
		"Guid":"F1EF270A-0D32-4352-BA52-DBAB41E1D859",
		"Provider_Name":"Microsoft-Windows-AppModel-Runtime",
		"UserID":"S-1-5-18",
		"Task":0,
		"SystemTime":"2024-08-08T06:33:27.294094Z",
		"Version":0,
		"OriginalLogfile":"Microsoft-Windows-AppModel-Runtime%4Admin.evtx-CYJD6GG4.json",
		"CurrentStatus":2048,
		"DesiredStatus":2080,
		"PackageFullName":"Microsoft.XboxIdentityProvider_12.50.6001.0_x64__8wekyb3d8bbwe",
		"User":"S-1-5-21-2381387566-4172994561-1950376889-1000",
		"ActivityID":"9A18FAE2-E9EA-0000-9203-199AEAE9DA01"
	},
	{
		"Rule level":"medium",
		"title":"Certificate Private Key Acquired",
		"sigma_yml":"win_capi2_acquire_certificate_private_key.yml",
		"description":"Detects when an application acquires a certificate private key",
		"row_id":172,
		"Channel":"Microsoft-Windows-AppModel-Runtime/Admin",
		"Computer":"DESKTOP-GAIBSBB",
		"EventID":70,
		"EventRecordID":172,
		"ProcessID":3892,
		"ThreadID":2044,
		"Keywords":"0x2000000000000001",
		"Level":4,
		"Opcode":0,
		"Guid":"F1EF270A-0D32-4352-BA52-DBAB41E1D859",
		"Provider_Name":"Microsoft-Windows-AppModel-Runtime",
		"UserID":"S-1-5-18",
		"Task":0,
		"SystemTime":"2024-08-08T06:33:27.486007Z",
		"Version":0,
		"OriginalLogfile":"Microsoft-Windows-AppModel-Runtime%4Admin.evtx-CYJD6GG4.json",
		"CurrentStatus":32,
		"DesiredStatus":0,
		"PackageFullName":"Microsoft.WindowsStore_11910.1002.5.0_x64__8wekyb3d8bbwe",
		"User":"S-1-5-21-2381387566-4172994561-1950376889-1000",
		"ActivityID":"9A18FAE2-E9EA-0003-7102-199AEAE9DA01"
	},
	{
		"Rule level":"medium",
		"title":"Certificate Private Key Acquired",
		"sigma_yml":"win_capi2_acquire_certificate_private_key.yml",
		"description":"Detects when an application acquires a certificate private key",
		"row_id":173,
		"Channel":"Microsoft-Windows-AppModel-Runtime/Admin",
		"Computer":"DESKTOP-GAIBSBB",
		"EventID":70,
		"EventRecordID":173,
		"ProcessID":3892,
		"ThreadID":660,
		"Keywords":"0x2000000000000001",
		"Level":4,
		"Opcode":0,
		"Guid":"F1EF270A-0D32-4352-BA52-DBAB41E1D859",
		"Provider_Name":"Microsoft-Windows-AppModel-Runtime",
		"UserID":"S-1-5-18",
		"Task":0,
		"SystemTime":"2024-08-08T06:33:27.487927Z",
		"Version":0,
		"OriginalLogfile":"Microsoft-Windows-AppModel-Runtime%4Admin.evtx-CYJD6GG4.json",
		"CurrentStatus":32,
		"DesiredStatus":0,
		"PackageFullName":"Microsoft.DesktopAppInstaller_1.0.30251.0_x64__8wekyb3d8bbwe",
		"User":"S-1-5-21-2381387566-4172994561-1950376889-1000",
		"ActivityID":"9A18FAE2-E9EA-0002-9202-199AEAE9DA01"
	},
	{
		"Rule level":"medium",
		"title":"Certificate Private Key Acquired",
		"sigma_yml":"win_capi2_acquire_certificate_private_key.yml",
		"description":"Detects when an application acquires a certificate private key",
		"row_id":174,
		"Channel":"Microsoft-Windows-AppModel-Runtime/Admin",
		"Computer":"DESKTOP-GAIBSBB",
		"EventID":70,
		"EventRecordID":174,
		"ProcessID":3892,
		"ThreadID":1836,
		"Keywords":"0x2000000000000001",
		"Level":4,
		"Opcode":0,
		"Guid":"F1EF270A-0D32-4352-BA52-DBAB41E1D859",
		"Provider_Name":"Microsoft-Windows-AppModel-Runtime",
		"UserID":"S-1-5-18",
		"Task":0,
		"SystemTime":"2024-08-08T06:33:27.500071Z",
		"Version":0,
		"OriginalLogfile":"Microsoft-Windows-AppModel-Runtime%4Admin.evtx-CYJD6GG4.json",
		"CurrentStatus":32,
		"DesiredStatus":0,
		"PackageFullName":"Microsoft.XboxIdentityProvider_12.50.6001.0_x64__8wekyb3d8bbwe",
		"User":"S-1-5-21-2381387566-4172994561-1950376889-1000",
		"ActivityID":"9A18FAE2-E9EA-0000-9203-199AEAE9DA01"
	},
	{
		"Rule level":"medium",
		"title":"Certificate Private Key Acquired",
		"sigma_yml":"win_capi2_acquire_certificate_private_key.yml",
		"description":"Detects when an application acquires a certificate private key",
		"row_id":175,
		"Channel":"Microsoft-Windows-AppModel-Runtime/Admin",
		"Computer":"DESKTOP-GAIBSBB",
		"EventID":70,
		"EventRecordID":175,
		"ProcessID":3892,
		"ThreadID":2044,
		"Keywords":"0x2000000000000001",
		"Level":4,
		"Opcode":0,
		"Guid":"F1EF270A-0D32-4352-BA52-DBAB41E1D859",
		"Provider_Name":"Microsoft-Windows-AppModel-Runtime",
		"UserID":"S-1-5-18",
		"Task":0,
		"SystemTime":"2024-08-08T06:33:53.902428Z",
		"Version":0,
		"OriginalLogfile":"Microsoft-Windows-AppModel-Runtime%4Admin.evtx-CYJD6GG4.json",
		"CurrentStatus":0,
		"DesiredStatus":32,
		"PackageFullName":"Microsoft.Windows.ShellExperienceHost_10.0.19041.1949_neutral_neutral_cw5n1h2txyewy",
		"User":"S-1-5-21-2381387566-4172994561-1950376889-1000",
		"ActivityID":"9A18FAE2-E9EA-0003-4008-199AEAE9DA01"
	},
	{
		"Rule level":"medium",
		"title":"Certificate Private Key Acquired",
		"sigma_yml":"win_capi2_acquire_certificate_private_key.yml",
		"description":"Detects when an application acquires a certificate private key",
		"row_id":177,
		"Channel":"Microsoft-Windows-AppModel-Runtime/Admin",
		"Computer":"DESKTOP-GAIBSBB",
		"EventID":70,
		"EventRecordID":177,
		"ProcessID":3892,
		"ThreadID":2044,
		"Keywords":"0x2000000000000001",
		"Level":4,
		"Opcode":0,
		"Guid":"F1EF270A-0D32-4352-BA52-DBAB41E1D859",
		"Provider_Name":"Microsoft-Windows-AppModel-Runtime",
		"UserID":"S-1-5-18",
		"Task":0,
		"SystemTime":"2024-08-08T06:33:54.105462Z",
		"Version":0,
		"OriginalLogfile":"Microsoft-Windows-AppModel-Runtime%4Admin.evtx-CYJD6GG4.json",
		"CurrentStatus":32,
		"DesiredStatus":0,
		"PackageFullName":"Microsoft.Windows.ShellExperienceHost_10.0.19041.1949_neutral_neutral_cw5n1h2txyewy",
		"User":"S-1-5-21-2381387566-4172994561-1950376889-1000",
		"ActivityID":"9A18FAE2-E9EA-0003-4008-199AEAE9DA01"
	},
	{
		"Rule level":"medium",
		"title":"Certificate Private Key Acquired",
		"sigma_yml":"win_capi2_acquire_certificate_private_key.yml",
		"description":"Detects when an application acquires a certificate private key",
		"row_id":178,
		"Channel":"Microsoft-Windows-AppModel-Runtime/Admin",
		"Computer":"DESKTOP-GAIBSBB",
		"EventID":70,
		"EventRecordID":178,
		"ProcessID":3892,
		"ThreadID":2044,
		"Keywords":"0x2000000000000001",
		"Level":4,
		"Opcode":0,
		"Guid":"F1EF270A-0D32-4352-BA52-DBAB41E1D859",
		"Provider_Name":"Microsoft-Windows-AppModel-Runtime",
		"UserID":"S-1-5-18",
		"Task":0,
		"SystemTime":"2024-08-08T06:33:54.259334Z",
		"Version":0,
		"OriginalLogfile":"Microsoft-Windows-AppModel-Runtime%4Admin.evtx-CYJD6GG4.json",
		"CurrentStatus":0,
		"DesiredStatus":32,
		"PackageFullName":"Microsoft.Windows.ShellExperienceHost_10.0.19041.1949_neutral_neutral_cw5n1h2txyewy",
		"User":"S-1-5-21-2381387566-4172994561-1950376889-1000",
		"ActivityID":"9A18FAE2-E9EA-0000-1E0B-199AEAE9DA01"
	},
	{
		"Rule level":"medium",
		"title":"Certificate Private Key Acquired",
		"sigma_yml":"win_capi2_acquire_certificate_private_key.yml",
		"description":"Detects when an application acquires a certificate private key",
		"row_id":180,
		"Channel":"Microsoft-Windows-AppModel-Runtime/Admin",
		"Computer":"DESKTOP-GAIBSBB",
		"EventID":70,
		"EventRecordID":180,
		"ProcessID":3892,
		"ThreadID":2044,
		"Keywords":"0x2000000000000001",
		"Level":4,
		"Opcode":0,
		"Guid":"F1EF270A-0D32-4352-BA52-DBAB41E1D859",
		"Provider_Name":"Microsoft-Windows-AppModel-Runtime",
		"UserID":"S-1-5-18",
		"Task":0,
		"SystemTime":"2024-08-08T06:33:54.431893Z",
		"Version":0,
		"OriginalLogfile":"Microsoft-Windows-AppModel-Runtime%4Admin.evtx-CYJD6GG4.json",
		"CurrentStatus":32,
		"DesiredStatus":0,
		"PackageFullName":"Microsoft.Windows.ShellExperienceHost_10.0.19041.1949_neutral_neutral_cw5n1h2txyewy",
		"User":"S-1-5-21-2381387566-4172994561-1950376889-1000",
		"ActivityID":"9A18FAE2-E9EA-0000-1E0B-199AEAE9DA01"
	},
	{
		"Rule level":"medium",
		"title":"Certificate Private Key Acquired",
		"sigma_yml":"win_capi2_acquire_certificate_private_key.yml",
		"description":"Detects when an application acquires a certificate private key",
		"row_id":185,
		"Channel":"Microsoft-Windows-AppModel-Runtime/Admin",
		"Computer":"DESKTOP-GAIBSBB",
		"EventID":70,
		"EventRecordID":185,
		"ProcessID":4972,
		"ThreadID":5140,
		"Keywords":"0x2000000000000001",
		"Level":4,
		"Opcode":0,
		"Guid":"F1EF270A-0D32-4352-BA52-DBAB41E1D859",
		"Provider_Name":"Microsoft-Windows-AppModel-Runtime",
		"UserID":"S-1-5-18",
		"Task":0,
		"SystemTime":"2024-08-08T06:35:01.738266Z",
		"Version":0,
		"OriginalLogfile":"Microsoft-Windows-AppModel-Runtime%4Admin.evtx-CYJD6GG4.json",
		"CurrentStatus":32,
		"DesiredStatus":0,
		"PackageFullName":"Microsoft.MicrosoftEdge.Stable_127.0.2651.86_neutral__8wekyb3d8bbwe",
		"User":"S-1-5-21-2381387566-4172994561-1950376889-1000",
		"ActivityID":"041A760C-E95D-0000-9B79-1A045DE9DA01"
	},
	{
		"Rule level":"medium",
		"title":"Certificate Private Key Acquired",
		"sigma_yml":"win_capi2_acquire_certificate_private_key.yml",
		"description":"Detects when an application acquires a certificate private key",
		"row_id":186,
		"Channel":"Microsoft-Windows-AppModel-Runtime/Admin",
		"Computer":"DESKTOP-GAIBSBB",
		"EventID":70,
		"EventRecordID":186,
		"ProcessID":4972,
		"ThreadID":5140,
		"Keywords":"0x2000000000000001",
		"Level":4,
		"Opcode":0,
		"Guid":"F1EF270A-0D32-4352-BA52-DBAB41E1D859",
		"Provider_Name":"Microsoft-Windows-AppModel-Runtime",
		"UserID":"S-1-5-18",
		"Task":0,
		"SystemTime":"2024-08-08T06:35:10.128456Z",
		"Version":0,
		"OriginalLogfile":"Microsoft-Windows-AppModel-Runtime%4Admin.evtx-CYJD6GG4.json",
		"CurrentStatus":2048,
		"DesiredStatus":2080,
		"PackageFullName":"Microsoft.Windows.CallingShellApp_1000.19041.1023.0_neutral_neutral_cw5n1h2txyewy",
		"User":"S-1-5-21-2381387566-4172994561-1950376889-1000",
		"ActivityID":"041A760C-E95D-0001-8279-1A045DE9DA01"
	},
	{
		"Rule level":"medium",
		"title":"Certificate Private Key Acquired",
		"sigma_yml":"win_capi2_acquire_certificate_private_key.yml",
		"description":"Detects when an application acquires a certificate private key",
		"row_id":188,
		"Channel":"Microsoft-Windows-AppModel-Runtime/Admin",
		"Computer":"DESKTOP-GAIBSBB",
		"EventID":70,
		"EventRecordID":188,
		"ProcessID":4972,
		"ThreadID":5140,
		"Keywords":"0x2000000000000001",
		"Level":4,
		"Opcode":0,
		"Guid":"F1EF270A-0D32-4352-BA52-DBAB41E1D859",
		"Provider_Name":"Microsoft-Windows-AppModel-Runtime",
		"UserID":"S-1-5-18",
		"Task":0,
		"SystemTime":"2024-08-08T06:35:10.559796Z",
		"Version":0,
		"OriginalLogfile":"Microsoft-Windows-AppModel-Runtime%4Admin.evtx-CYJD6GG4.json",
		"CurrentStatus":32,
		"DesiredStatus":0,
		"PackageFullName":"Microsoft.Windows.CallingShellApp_1000.19041.1023.0_neutral_neutral_cw5n1h2txyewy",
		"User":"S-1-5-21-2381387566-4172994561-1950376889-1000",
		"ActivityID":"041A760C-E95D-0001-8279-1A045DE9DA01"
	},
	{
		"Rule level":"medium",
		"title":"Certificate Private Key Acquired",
		"sigma_yml":"win_capi2_acquire_certificate_private_key.yml",
		"description":"Detects when an application acquires a certificate private key",
		"row_id":189,
		"Channel":"Microsoft-Windows-AppModel-Runtime/Admin",
		"Computer":"DESKTOP-GAIBSBB",
		"EventID":70,
		"EventRecordID":189,
		"ProcessID":4972,
		"ThreadID":5140,
		"Keywords":"0x2000000000000001",
		"Level":4,
		"Opcode":0,
		"Guid":"F1EF270A-0D32-4352-BA52-DBAB41E1D859",
		"Provider_Name":"Microsoft-Windows-AppModel-Runtime",
		"UserID":"S-1-5-18",
		"Task":0,
		"SystemTime":"2024-08-08T06:35:11.134610Z",
		"Version":0,
		"OriginalLogfile":"Microsoft-Windows-AppModel-Runtime%4Admin.evtx-CYJD6GG4.json",
		"CurrentStatus":2048,
		"DesiredStatus":2080,
		"PackageFullName":"Microsoft.Windows.XGpuEjectDialog_10.0.19041.1023_neutral_neutral_cw5n1h2txyewy",
		"User":"S-1-5-21-2381387566-4172994561-1950376889-1000",
		"ActivityID":"041A760C-E95D-0001-9779-1A045DE9DA01"
	},
	{
		"Rule level":"medium",
		"title":"Certificate Private Key Acquired",
		"sigma_yml":"win_capi2_acquire_certificate_private_key.yml",
		"description":"Detects when an application acquires a certificate private key",
		"row_id":191,
		"Channel":"Microsoft-Windows-AppModel-Runtime/Admin",
		"Computer":"DESKTOP-GAIBSBB",
		"EventID":70,
		"EventRecordID":191,
		"ProcessID":4972,
		"ThreadID":5140,
		"Keywords":"0x2000000000000001",
		"Level":4,
		"Opcode":0,
		"Guid":"F1EF270A-0D32-4352-BA52-DBAB41E1D859",
		"Provider_Name":"Microsoft-Windows-AppModel-Runtime",
		"UserID":"S-1-5-18",
		"Task":0,
		"SystemTime":"2024-08-08T06:35:11.365163Z",
		"Version":0,
		"OriginalLogfile":"Microsoft-Windows-AppModel-Runtime%4Admin.evtx-CYJD6GG4.json",
		"CurrentStatus":32,
		"DesiredStatus":0,
		"PackageFullName":"Microsoft.Windows.XGpuEjectDialog_10.0.19041.1023_neutral_neutral_cw5n1h2txyewy",
		"User":"S-1-5-21-2381387566-4172994561-1950376889-1000",
		"ActivityID":"041A760C-E95D-0001-9779-1A045DE9DA01"
	},
	{
		"Rule level":"medium",
		"title":"Certificate Private Key Acquired",
		"sigma_yml":"win_capi2_acquire_certificate_private_key.yml",
		"description":"Detects when an application acquires a certificate private key",
		"row_id":192,
		"Channel":"Microsoft-Windows-AppModel-Runtime/Admin",
		"Computer":"DESKTOP-GAIBSBB",
		"EventID":70,
		"EventRecordID":192,
		"ProcessID":4972,
		"ThreadID":5140,
		"Keywords":"0x2000000000000001",
		"Level":4,
		"Opcode":0,
		"Guid":"F1EF270A-0D32-4352-BA52-DBAB41E1D859",
		"Provider_Name":"Microsoft-Windows-AppModel-Runtime",
		"UserID":"S-1-5-18",
		"Task":0,
		"SystemTime":"2024-08-08T06:35:11.498515Z",
		"Version":0,
		"OriginalLogfile":"Microsoft-Windows-AppModel-Runtime%4Admin.evtx-CYJD6GG4.json",
		"CurrentStatus":2048,
		"DesiredStatus":2080,
		"PackageFullName":"Windows.PrintDialog_6.2.1.0_neutral_neutral_cw5n1h2txyewy",
		"User":"S-1-5-21-2381387566-4172994561-1950376889-1000",
		"ActivityID":"041A760C-E95D-0003-DA79-1A045DE9DA01"
	},
	{
		"Rule level":"medium",
		"title":"Certificate Private Key Acquired",
		"sigma_yml":"win_capi2_acquire_certificate_private_key.yml",
		"description":"Detects when an application acquires a certificate private key",
		"row_id":194,
		"Channel":"Microsoft-Windows-AppModel-Runtime/Admin",
		"Computer":"DESKTOP-GAIBSBB",
		"EventID":70,
		"EventRecordID":194,
		"ProcessID":4972,
		"ThreadID":5140,
		"Keywords":"0x2000000000000001",
		"Level":4,
		"Opcode":0,
		"Guid":"F1EF270A-0D32-4352-BA52-DBAB41E1D859",
		"Provider_Name":"Microsoft-Windows-AppModel-Runtime",
		"UserID":"S-1-5-18",
		"Task":0,
		"SystemTime":"2024-08-08T06:35:11.709783Z",
		"Version":0,
		"OriginalLogfile":"Microsoft-Windows-AppModel-Runtime%4Admin.evtx-CYJD6GG4.json",
		"CurrentStatus":2080,
		"DesiredStatus":2048,
		"PackageFullName":"Windows.PrintDialog_6.2.1.0_neutral_neutral_cw5n1h2txyewy",
		"User":"S-1-5-21-2381387566-4172994561-1950376889-1000",
		"ActivityID":"041A760C-E95D-0003-DA79-1A045DE9DA01"
	},
	{
		"Rule level":"medium",
		"title":"Certificate Private Key Acquired",
		"sigma_yml":"win_capi2_acquire_certificate_private_key.yml",
		"description":"Detects when an application acquires a certificate private key",
		"row_id":195,
		"Channel":"Microsoft-Windows-AppModel-Runtime/Admin",
		"Computer":"DESKTOP-GAIBSBB",
		"EventID":70,
		"EventRecordID":195,
		"ProcessID":4972,
		"ThreadID":5140,
		"Keywords":"0x2000000000000001",
		"Level":4,
		"Opcode":0,
		"Guid":"F1EF270A-0D32-4352-BA52-DBAB41E1D859",
		"Provider_Name":"Microsoft-Windows-AppModel-Runtime",
		"UserID":"S-1-5-18",
		"Task":0,
		"SystemTime":"2024-08-08T06:35:11.712091Z",
		"Version":0,
		"OriginalLogfile":"Microsoft-Windows-AppModel-Runtime%4Admin.evtx-CYJD6GG4.json",
		"CurrentStatus":2048,
		"DesiredStatus":0,
		"PackageFullName":"Windows.PrintDialog_6.2.1.0_neutral_neutral_cw5n1h2txyewy",
		"User":"S-1-5-21-2381387566-4172994561-1950376889-1000",
		"ActivityID":"041A760C-E95D-0003-DA79-1A045DE9DA01"
	},
	{
		"Rule level":"medium",
		"title":"Certificate Private Key Acquired",
		"sigma_yml":"win_capi2_acquire_certificate_private_key.yml",
		"description":"Detects when an application acquires a certificate private key",
		"row_id":196,
		"Channel":"Microsoft-Windows-AppModel-Runtime/Admin",
		"Computer":"DESKTOP-GAIBSBB",
		"EventID":70,
		"EventRecordID":196,
		"ProcessID":4972,
		"ThreadID":5140,
		"Keywords":"0x2000000000000001",
		"Level":4,
		"Opcode":0,
		"Guid":"F1EF270A-0D32-4352-BA52-DBAB41E1D859",
		"Provider_Name":"Microsoft-Windows-AppModel-Runtime",
		"UserID":"S-1-5-18",
		"Task":0,
		"SystemTime":"2024-08-08T06:35:11.874167Z",
		"Version":0,
		"OriginalLogfile":"Microsoft-Windows-AppModel-Runtime%4Admin.evtx-CYJD6GG4.json",
		"CurrentStatus":2048,
		"DesiredStatus":2080,
		"PackageFullName":"Windows.CBSPreview_10.0.19041.1023_neutral_neutral_cw5n1h2txyewy",
		"User":"S-1-5-21-2381387566-4172994561-1950376889-1000",
		"ActivityID":"041A760C-E95D-0001-9C79-1A045DE9DA01"
	},
	{
		"Rule level":"medium",
		"title":"Certificate Private Key Acquired",
		"sigma_yml":"win_capi2_acquire_certificate_private_key.yml",
		"description":"Detects when an application acquires a certificate private key",
		"row_id":198,
		"Channel":"Microsoft-Windows-AppModel-Runtime/Admin",
		"Computer":"DESKTOP-GAIBSBB",
		"EventID":70,
		"EventRecordID":198,
		"ProcessID":4972,
		"ThreadID":5140,
		"Keywords":"0x2000000000000001",
		"Level":4,
		"Opcode":0,
		"Guid":"F1EF270A-0D32-4352-BA52-DBAB41E1D859",
		"Provider_Name":"Microsoft-Windows-AppModel-Runtime",
		"UserID":"S-1-5-18",
		"Task":0,
		"SystemTime":"2024-08-08T06:35:12.040360Z",
		"Version":0,
		"OriginalLogfile":"Microsoft-Windows-AppModel-Runtime%4Admin.evtx-CYJD6GG4.json",
		"CurrentStatus":32,
		"DesiredStatus":0,
		"PackageFullName":"Windows.CBSPreview_10.0.19041.1023_neutral_neutral_cw5n1h2txyewy",
		"User":"S-1-5-21-2381387566-4172994561-1950376889-1000",
		"ActivityID":"041A760C-E95D-0001-9C79-1A045DE9DA01"
	},
	{
		"Rule level":"medium",
		"title":"Certificate Private Key Acquired",
		"sigma_yml":"win_capi2_acquire_certificate_private_key.yml",
		"description":"Detects when an application acquires a certificate private key",
		"row_id":199,
		"Channel":"Microsoft-Windows-AppModel-Runtime/Admin",
		"Computer":"DESKTOP-GAIBSBB",
		"EventID":70,
		"EventRecordID":199,
		"ProcessID":4972,
		"ThreadID":5140,
		"Keywords":"0x2000000000000001",
		"Level":4,
		"Opcode":0,
		"Guid":"F1EF270A-0D32-4352-BA52-DBAB41E1D859",
		"Provider_Name":"Microsoft-Windows-AppModel-Runtime",
		"UserID":"S-1-5-18",
		"Task":0,
		"SystemTime":"2024-08-08T06:35:12.230361Z",
		"Version":0,
		"OriginalLogfile":"Microsoft-Windows-AppModel-Runtime%4Admin.evtx-CYJD6GG4.json",
		"CurrentStatus":2048,
		"DesiredStatus":2080,
		"PackageFullName":"NcsiUwpApp_1000.19041.1023.0_neutral_neutral_8wekyb3d8bbwe",
		"User":"S-1-5-21-2381387566-4172994561-1950376889-1000",
		"ActivityID":"041A760C-E95D-0001-A379-1A045DE9DA01"
	},
	{
		"Rule level":"medium",
		"title":"Certificate Private Key Acquired",
		"sigma_yml":"win_capi2_acquire_certificate_private_key.yml",
		"description":"Detects when an application acquires a certificate private key",
		"row_id":201,
		"Channel":"Microsoft-Windows-AppModel-Runtime/Admin",
		"Computer":"DESKTOP-GAIBSBB",
		"EventID":70,
		"EventRecordID":201,
		"ProcessID":4972,
		"ThreadID":5140,
		"Keywords":"0x2000000000000001",
		"Level":4,
		"Opcode":0,
		"Guid":"F1EF270A-0D32-4352-BA52-DBAB41E1D859",
		"Provider_Name":"Microsoft-Windows-AppModel-Runtime",
		"UserID":"S-1-5-18",
		"Task":0,
		"SystemTime":"2024-08-08T06:35:12.518466Z",
		"Version":0,
		"OriginalLogfile":"Microsoft-Windows-AppModel-Runtime%4Admin.evtx-CYJD6GG4.json",
		"CurrentStatus":32,
		"DesiredStatus":0,
		"PackageFullName":"NcsiUwpApp_1000.19041.1023.0_neutral_neutral_8wekyb3d8bbwe",
		"User":"S-1-5-21-2381387566-4172994561-1950376889-1000",
		"ActivityID":"041A760C-E95D-0001-A379-1A045DE9DA01"
	},
	{
		"Rule level":"medium",
		"title":"Certificate Private Key Acquired",
		"sigma_yml":"win_capi2_acquire_certificate_private_key.yml",
		"description":"Detects when an application acquires a certificate private key",
		"row_id":202,
		"Channel":"Microsoft-Windows-AppModel-Runtime/Admin",
		"Computer":"DESKTOP-GAIBSBB",
		"EventID":70,
		"EventRecordID":202,
		"ProcessID":4972,
		"ThreadID":5140,
		"Keywords":"0x2000000000000001",
		"Level":4,
		"Opcode":0,
		"Guid":"F1EF270A-0D32-4352-BA52-DBAB41E1D859",
		"Provider_Name":"Microsoft-Windows-AppModel-Runtime",
		"UserID":"S-1-5-18",
		"Task":0,
		"SystemTime":"2024-08-08T06:35:12.690038Z",
		"Version":0,
		"OriginalLogfile":"Microsoft-Windows-AppModel-Runtime%4Admin.evtx-CYJD6GG4.json",
		"CurrentStatus":2048,
		"DesiredStatus":2080,
		"PackageFullName":"Microsoft.Windows.SecureAssessmentBrowser_10.0.19041.2311_neutral_neutral_cw5n1h2txyewy",
		"User":"S-1-5-21-2381387566-4172994561-1950376889-1000",
		"ActivityID":"041A760C-E95D-0001-A879-1A045DE9DA01"
	},
	{
		"Rule level":"medium",
		"title":"Certificate Private Key Acquired",
		"sigma_yml":"win_capi2_acquire_certificate_private_key.yml",
		"description":"Detects when an application acquires a certificate private key",
		"row_id":204,
		"Channel":"Microsoft-Windows-AppModel-Runtime/Admin",
		"Computer":"DESKTOP-GAIBSBB",
		"EventID":70,
		"EventRecordID":204,
		"ProcessID":4972,
		"ThreadID":5140,
		"Keywords":"0x2000000000000001",
		"Level":4,
		"Opcode":0,
		"Guid":"F1EF270A-0D32-4352-BA52-DBAB41E1D859",
		"Provider_Name":"Microsoft-Windows-AppModel-Runtime",
		"UserID":"S-1-5-18",
		"Task":0,
		"SystemTime":"2024-08-08T06:35:12.958617Z",
		"Version":0,
		"OriginalLogfile":"Microsoft-Windows-AppModel-Runtime%4Admin.evtx-CYJD6GG4.json",
		"CurrentStatus":32,
		"DesiredStatus":0,
		"PackageFullName":"Microsoft.Windows.SecureAssessmentBrowser_10.0.19041.2311_neutral_neutral_cw5n1h2txyewy",
		"User":"S-1-5-21-2381387566-4172994561-1950376889-1000",
		"ActivityID":"041A760C-E95D-0001-A879-1A045DE9DA01"
	},
	{
		"Rule level":"medium",
		"title":"Certificate Private Key Acquired",
		"sigma_yml":"win_capi2_acquire_certificate_private_key.yml",
		"description":"Detects when an application acquires a certificate private key",
		"row_id":205,
		"Channel":"Microsoft-Windows-AppModel-Runtime/Admin",
		"Computer":"DESKTOP-GAIBSBB",
		"EventID":70,
		"EventRecordID":205,
		"ProcessID":4972,
		"ThreadID":5160,
		"Keywords":"0x2000000000000001",
		"Level":4,
		"Opcode":0,
		"Guid":"F1EF270A-0D32-4352-BA52-DBAB41E1D859",
		"Provider_Name":"Microsoft-Windows-AppModel-Runtime",
		"UserID":"S-1-5-18",
		"Task":0,
		"SystemTime":"2024-08-08T06:35:13.193860Z",
		"Version":0,
		"OriginalLogfile":"Microsoft-Windows-AppModel-Runtime%4Admin.evtx-CYJD6GG4.json",
		"CurrentStatus":2048,
		"DesiredStatus":2080,
		"PackageFullName":"Microsoft.Win32WebViewHost_10.0.19041.1023_neutral_neutral_cw5n1h2txyewy",
		"User":"S-1-5-21-2381387566-4172994561-1950376889-1000",
		"ActivityID":"041A760C-E95D-0002-997A-1A045DE9DA01"
	},
	{
		"Rule level":"medium",
		"title":"Certificate Private Key Acquired",
		"sigma_yml":"win_capi2_acquire_certificate_private_key.yml",
		"description":"Detects when an application acquires a certificate private key",
		"row_id":207,
		"Channel":"Microsoft-Windows-AppModel-Runtime/Admin",
		"Computer":"DESKTOP-GAIBSBB",
		"EventID":70,
		"EventRecordID":207,
		"ProcessID":4972,
		"ThreadID":5160,
		"Keywords":"0x2000000000000001",
		"Level":4,
		"Opcode":0,
		"Guid":"F1EF270A-0D32-4352-BA52-DBAB41E1D859",
		"Provider_Name":"Microsoft-Windows-AppModel-Runtime",
		"UserID":"S-1-5-18",
		"Task":0,
		"SystemTime":"2024-08-08T06:35:13.568278Z",
		"Version":0,
		"OriginalLogfile":"Microsoft-Windows-AppModel-Runtime%4Admin.evtx-CYJD6GG4.json",
		"CurrentStatus":32,
		"DesiredStatus":0,
		"PackageFullName":"Microsoft.Win32WebViewHost_10.0.19041.1023_neutral_neutral_cw5n1h2txyewy",
		"User":"S-1-5-21-2381387566-4172994561-1950376889-1000",
		"ActivityID":"041A760C-E95D-0002-997A-1A045DE9DA01"
	},
	{
		"Rule level":"medium",
		"title":"Certificate Private Key Acquired",
		"sigma_yml":"win_capi2_acquire_certificate_private_key.yml",
		"description":"Detects when an application acquires a certificate private key",
		"row_id":208,
		"Channel":"Microsoft-Windows-AppModel-Runtime/Admin",
		"Computer":"DESKTOP-GAIBSBB",
		"EventID":70,
		"EventRecordID":208,
		"ProcessID":4972,
		"ThreadID":5160,
		"Keywords":"0x2000000000000001",
		"Level":4,
		"Opcode":0,
		"Guid":"F1EF270A-0D32-4352-BA52-DBAB41E1D859",
		"Provider_Name":"Microsoft-Windows-AppModel-Runtime",
		"UserID":"S-1-5-18",
		"Task":0,
		"SystemTime":"2024-08-08T06:35:13.881706Z",
		"Version":0,
		"OriginalLogfile":"Microsoft-Windows-AppModel-Runtime%4Admin.evtx-CYJD6GG4.json",
		"CurrentStatus":2048,
		"DesiredStatus":2080,
		"PackageFullName":"Microsoft.Windows.Apprep.ChxApp_1000.19041.1023.0_neutral_neutral_cw5n1h2txyewy",
		"User":"S-1-5-21-2381387566-4172994561-1950376889-1000",
		"ActivityID":"041A760C-E95D-0000-D279-1A045DE9DA01"
	},
	{
		"Rule level":"medium",
		"title":"Certificate Private Key Acquired",
		"sigma_yml":"win_capi2_acquire_certificate_private_key.yml",
		"description":"Detects when an application acquires a certificate private key",
		"row_id":210,
		"Channel":"Microsoft-Windows-AppModel-Runtime/Admin",
		"Computer":"DESKTOP-GAIBSBB",
		"EventID":70,
		"EventRecordID":210,
		"ProcessID":4972,
		"ThreadID":5160,
		"Keywords":"0x2000000000000001",
		"Level":4,
		"Opcode":0,
		"Guid":"F1EF270A-0D32-4352-BA52-DBAB41E1D859",
		"Provider_Name":"Microsoft-Windows-AppModel-Runtime",
		"UserID":"S-1-5-18",
		"Task":0,
		"SystemTime":"2024-08-08T06:35:14.103951Z",
		"Version":0,
		"OriginalLogfile":"Microsoft-Windows-AppModel-Runtime%4Admin.evtx-CYJD6GG4.json",
		"CurrentStatus":32,
		"DesiredStatus":0,
		"PackageFullName":"Microsoft.Windows.Apprep.ChxApp_1000.19041.1023.0_neutral_neutral_cw5n1h2txyewy",
		"User":"S-1-5-21-2381387566-4172994561-1950376889-1000",
		"ActivityID":"041A760C-E95D-0000-D279-1A045DE9DA01"
	},
	{
		"Rule level":"medium",
		"title":"Certificate Private Key Acquired",
		"sigma_yml":"win_capi2_acquire_certificate_private_key.yml",
		"description":"Detects when an application acquires a certificate private key",
		"row_id":211,
		"Channel":"Microsoft-Windows-AppModel-Runtime/Admin",
		"Computer":"DESKTOP-GAIBSBB",
		"EventID":70,
		"EventRecordID":211,
		"ProcessID":4972,
		"ThreadID":5160,
		"Keywords":"0x2000000000000001",
		"Level":4,
		"Opcode":0,
		"Guid":"F1EF270A-0D32-4352-BA52-DBAB41E1D859",
		"Provider_Name":"Microsoft-Windows-AppModel-Runtime",
		"UserID":"S-1-5-18",
		"Task":0,
		"SystemTime":"2024-08-08T06:35:14.238401Z",
		"Version":0,
		"OriginalLogfile":"Microsoft-Windows-AppModel-Runtime%4Admin.evtx-CYJD6GG4.json",
		"CurrentStatus":2048,
		"DesiredStatus":2080,
		"PackageFullName":"Microsoft.Windows.CapturePicker_10.0.19041.1023_neutral__cw5n1h2txyewy",
		"User":"S-1-5-21-2381387566-4172994561-1950376889-1000",
		"ActivityID":"041A760C-E95D-0003-F579-1A045DE9DA01"
	},
	{
		"Rule level":"medium",
		"title":"Certificate Private Key Acquired",
		"sigma_yml":"win_capi2_acquire_certificate_private_key.yml",
		"description":"Detects when an application acquires a certificate private key",
		"row_id":213,
		"Channel":"Microsoft-Windows-AppModel-Runtime/Admin",
		"Computer":"DESKTOP-GAIBSBB",
		"EventID":70,
		"EventRecordID":213,
		"ProcessID":4972,
		"ThreadID":5160,
		"Keywords":"0x2000000000000001",
		"Level":4,
		"Opcode":0,
		"Guid":"F1EF270A-0D32-4352-BA52-DBAB41E1D859",
		"Provider_Name":"Microsoft-Windows-AppModel-Runtime",
		"UserID":"S-1-5-18",
		"Task":0,
		"SystemTime":"2024-08-08T06:35:14.383813Z",
		"Version":0,
		"OriginalLogfile":"Microsoft-Windows-AppModel-Runtime%4Admin.evtx-CYJD6GG4.json",
		"CurrentStatus":32,
		"DesiredStatus":0,
		"PackageFullName":"Microsoft.Windows.CapturePicker_10.0.19041.1023_neutral__cw5n1h2txyewy",
		"User":"S-1-5-21-2381387566-4172994561-1950376889-1000",
		"ActivityID":"041A760C-E95D-0003-F579-1A045DE9DA01"
	},
