	{
		"Rule level":"medium",
		"title":"Certificate Private Key Acquired",
		"sigma_yml":"win_capi2_acquire_certificate_private_key.yml",
		"description":"Detects when an application acquires a certificate private key",
		"row_id":530,
		"Channel":"Microsoft-Windows-AppModel-Runtime/Admin",
		"Computer":"DESKTOP-GAIBSBB",
		"EventID":70,
		"EventRecordID":530,
		"ProcessID":4328,
		"ThreadID":7116,
		"Keywords":"0x2000000000000001",
		"Level":4,
		"Opcode":0,
		"Guid":"F1EF270A-0D32-4352-BA52-DBAB41E1D859",
		"Provider_Name":"Microsoft-Windows-AppModel-Runtime",
		"UserID":"S-1-5-18",
		"Task":0,
		"SystemTime":"2024-09-03T09:13:06.654705Z",
		"Version":0,
		"OriginalLogfile":"Microsoft-Windows-AppModel-Runtime%4Admin.evtx-CYJD6GG4.json",
		"CurrentStatus":32,
		"DesiredStatus":0,
		"PackageFullName":"Microsoft.Windows.SecureAssessmentBrowser_10.0.19041.2311_neutral_neutral_cw5n1h2txyewy",
		"User":"S-1-5-21-2381387566-4172994561-1950376889-1000",
		"ActivityID":"609C806B-FDE1-0002-6B82-9C60E1FDDA01"
	},
	{
		"Rule level":"medium",
		"title":"Certificate Private Key Acquired",
		"sigma_yml":"win_capi2_acquire_certificate_private_key.yml",
		"description":"Detects when an application acquires a certificate private key",
		"row_id":531,
		"Channel":"Microsoft-Windows-AppModel-Runtime/Admin",
		"Computer":"DESKTOP-GAIBSBB",
		"EventID":70,
		"EventRecordID":531,
		"ProcessID":4328,
		"ThreadID":7112,
		"Keywords":"0x2000000000000001",
		"Level":4,
		"Opcode":0,
		"Guid":"F1EF270A-0D32-4352-BA52-DBAB41E1D859",
		"Provider_Name":"Microsoft-Windows-AppModel-Runtime",
		"UserID":"S-1-5-18",
		"Task":0,
		"SystemTime":"2024-09-03T09:13:06.662233Z",
		"Version":0,
		"OriginalLogfile":"Microsoft-Windows-AppModel-Runtime%4Admin.evtx-CYJD6GG4.json",
		"CurrentStatus":0,
		"DesiredStatus":32,
		"PackageFullName":"Microsoft.Wallet_2.4.18324.0_x64__8wekyb3d8bbwe",
		"User":"S-1-5-21-2381387566-4172994561-1950376889-1000",
		"ActivityID":"609C806B-FDE1-0000-3683-9C60E1FDDA01"
	},
	{
		"Rule level":"medium",
		"title":"Certificate Private Key Acquired",
		"sigma_yml":"win_capi2_acquire_certificate_private_key.yml",
		"description":"Detects when an application acquires a certificate private key",
		"row_id":533,
		"Channel":"Microsoft-Windows-AppModel-Runtime/Admin",
		"Computer":"DESKTOP-GAIBSBB",
		"EventID":70,
		"EventRecordID":533,
		"ProcessID":4328,
		"ThreadID":7076,
		"Keywords":"0x2000000000000001",
		"Level":4,
		"Opcode":0,
		"Guid":"F1EF270A-0D32-4352-BA52-DBAB41E1D859",
		"Provider_Name":"Microsoft-Windows-AppModel-Runtime",
		"UserID":"S-1-5-18",
		"Task":0,
		"SystemTime":"2024-09-03T09:13:06.724721Z",
		"Version":0,
		"OriginalLogfile":"Microsoft-Windows-AppModel-Runtime%4Admin.evtx-CYJD6GG4.json",
		"CurrentStatus":0,
		"DesiredStatus":32,
		"PackageFullName":"Microsoft.CredDialogHost_10.0.19041.1023_neutral__cw5n1h2txyewy",
		"User":"S-1-5-21-2381387566-4172994561-1950376889-1000",
		"ActivityID":"609C806B-FDE1-0002-CF82-9C60E1FDDA01"
	},
	{
		"Rule level":"medium",
		"title":"Certificate Private Key Acquired",
		"sigma_yml":"win_capi2_acquire_certificate_private_key.yml",
		"description":"Detects when an application acquires a certificate private key",
		"row_id":534,
		"Channel":"Microsoft-Windows-AppModel-Runtime/Admin",
		"Computer":"DESKTOP-GAIBSBB",
		"EventID":70,
		"EventRecordID":534,
		"ProcessID":4328,
		"ThreadID":7116,
		"Keywords":"0x2000000000000001",
		"Level":4,
		"Opcode":0,
		"Guid":"F1EF270A-0D32-4352-BA52-DBAB41E1D859",
		"Provider_Name":"Microsoft-Windows-AppModel-Runtime",
		"UserID":"S-1-5-18",
		"Task":0,
		"SystemTime":"2024-09-03T09:13:06.793763Z",
		"Version":0,
		"OriginalLogfile":"Microsoft-Windows-AppModel-Runtime%4Admin.evtx-CYJD6GG4.json",
		"CurrentStatus":0,
		"DesiredStatus":32,
		"PackageFullName":"Windows.CBSPreview_10.0.19041.1023_neutral_neutral_cw5n1h2txyewy",
		"User":"S-1-5-21-2381387566-4172994561-1950376889-1000",
		"ActivityID":"609C806B-FDE1-0001-E482-9C60E1FDDA01"
	},
	{
		"Rule level":"medium",
		"title":"Certificate Private Key Acquired",
		"sigma_yml":"win_capi2_acquire_certificate_private_key.yml",
		"description":"Detects when an application acquires a certificate private key",
		"row_id":537,
		"Channel":"Microsoft-Windows-AppModel-Runtime/Admin",
		"Computer":"DESKTOP-GAIBSBB",
		"EventID":70,
		"EventRecordID":537,
		"ProcessID":4328,
		"ThreadID":7124,
		"Keywords":"0x2000000000000001",
		"Level":4,
		"Opcode":0,
		"Guid":"F1EF270A-0D32-4352-BA52-DBAB41E1D859",
		"Provider_Name":"Microsoft-Windows-AppModel-Runtime",
		"UserID":"S-1-5-18",
		"Task":0,
		"SystemTime":"2024-09-03T09:13:06.869547Z",
		"Version":0,
		"OriginalLogfile":"Microsoft-Windows-AppModel-Runtime%4Admin.evtx-CYJD6GG4.json",
		"CurrentStatus":32,
		"DesiredStatus":0,
		"PackageFullName":"Microsoft.MicrosoftEdgeDevToolsClient_1000.19041.1023.0_neutral_neutral_8wekyb3d8bbwe",
		"User":"S-1-5-21-2381387566-4172994561-1950376889-1000",
		"ActivityID":"609C806B-FDE1-0002-AD82-9C60E1FDDA01"
	},
	{
		"Rule level":"medium",
		"title":"Certificate Private Key Acquired",
		"sigma_yml":"win_capi2_acquire_certificate_private_key.yml",
		"description":"Detects when an application acquires a certificate private key",
		"row_id":539,
		"Channel":"Microsoft-Windows-AppModel-Runtime/Admin",
		"Computer":"DESKTOP-GAIBSBB",
		"EventID":70,
		"EventRecordID":539,
		"ProcessID":4328,
		"ThreadID":7076,
		"Keywords":"0x2000000000000001",
		"Level":4,
		"Opcode":0,
		"Guid":"F1EF270A-0D32-4352-BA52-DBAB41E1D859",
		"Provider_Name":"Microsoft-Windows-AppModel-Runtime",
		"UserID":"S-1-5-18",
		"Task":0,
		"SystemTime":"2024-09-03T09:13:07.010086Z",
		"Version":0,
		"OriginalLogfile":"Microsoft-Windows-AppModel-Runtime%4Admin.evtx-CYJD6GG4.json",
		"CurrentStatus":32,
		"DesiredStatus":0,
		"PackageFullName":"Microsoft.CredDialogHost_10.0.19041.1023_neutral__cw5n1h2txyewy",
		"User":"S-1-5-21-2381387566-4172994561-1950376889-1000",
		"ActivityID":"609C806B-FDE1-0002-CF82-9C60E1FDDA01"
	},
	{
		"Rule level":"medium",
		"title":"Certificate Private Key Acquired",
		"sigma_yml":"win_capi2_acquire_certificate_private_key.yml",
		"description":"Detects when an application acquires a certificate private key",
		"row_id":540,
		"Channel":"Microsoft-Windows-AppModel-Runtime/Admin",
		"Computer":"DESKTOP-GAIBSBB",
		"EventID":70,
		"EventRecordID":540,
		"ProcessID":4328,
		"ThreadID":7124,
		"Keywords":"0x2000000000000001",
		"Level":4,
		"Opcode":0,
		"Guid":"F1EF270A-0D32-4352-BA52-DBAB41E1D859",
		"Provider_Name":"Microsoft-Windows-AppModel-Runtime",
		"UserID":"S-1-5-18",
		"Task":0,
		"SystemTime":"2024-09-03T09:13:07.041727Z",
		"Version":0,
		"OriginalLogfile":"Microsoft-Windows-AppModel-Runtime%4Admin.evtx-CYJD6GG4.json",
		"CurrentStatus":0,
		"DesiredStatus":32,
		"PackageFullName":"Microsoft.Windows.CapturePicker_10.0.19041.1023_neutral__cw5n1h2txyewy",
		"User":"S-1-5-21-2381387566-4172994561-1950376889-1000",
		"ActivityID":"609C806B-FDE1-0003-1C83-9C60E1FDDA01"
	},
	{
		"Rule level":"medium",
		"title":"Certificate Private Key Acquired",
		"sigma_yml":"win_capi2_acquire_certificate_private_key.yml",
		"description":"Detects when an application acquires a certificate private key",
		"row_id":541,
		"Channel":"Microsoft-Windows-AppModel-Runtime/Admin",
		"Computer":"DESKTOP-GAIBSBB",
		"EventID":70,
		"EventRecordID":541,
		"ProcessID":4328,
		"ThreadID":7116,
		"Keywords":"0x2000000000000001",
		"Level":4,
		"Opcode":0,
		"Guid":"F1EF270A-0D32-4352-BA52-DBAB41E1D859",
		"Provider_Name":"Microsoft-Windows-AppModel-Runtime",
		"UserID":"S-1-5-18",
		"Task":0,
		"SystemTime":"2024-09-03T09:13:07.130309Z",
		"Version":0,
		"OriginalLogfile":"Microsoft-Windows-AppModel-Runtime%4Admin.evtx-CYJD6GG4.json",
		"CurrentStatus":32,
		"DesiredStatus":0,
		"PackageFullName":"Windows.CBSPreview_10.0.19041.1023_neutral_neutral_cw5n1h2txyewy",
		"User":"S-1-5-21-2381387566-4172994561-1950376889-1000",
		"ActivityID":"609C806B-FDE1-0001-E482-9C60E1FDDA01"
	},
	{
		"Rule level":"medium",
		"title":"Certificate Private Key Acquired",
		"sigma_yml":"win_capi2_acquire_certificate_private_key.yml",
		"description":"Detects when an application acquires a certificate private key",
		"row_id":542,
		"Channel":"Microsoft-Windows-AppModel-Runtime/Admin",
		"Computer":"DESKTOP-GAIBSBB",
		"EventID":70,
		"EventRecordID":542,
		"ProcessID":4328,
		"ThreadID":7112,
		"Keywords":"0x2000000000000001",
		"Level":4,
		"Opcode":0,
		"Guid":"F1EF270A-0D32-4352-BA52-DBAB41E1D859",
		"Provider_Name":"Microsoft-Windows-AppModel-Runtime",
		"UserID":"S-1-5-18",
		"Task":0,
		"SystemTime":"2024-09-03T09:13:07.146052Z",
		"Version":0,
		"OriginalLogfile":"Microsoft-Windows-AppModel-Runtime%4Admin.evtx-CYJD6GG4.json",
		"CurrentStatus":32,
		"DesiredStatus":0,
		"PackageFullName":"Microsoft.Wallet_2.4.18324.0_x64__8wekyb3d8bbwe",
		"User":"S-1-5-21-2381387566-4172994561-1950376889-1000",
		"ActivityID":"609C806B-FDE1-0000-3683-9C60E1FDDA01"
	},
	{
		"Rule level":"medium",
		"title":"Certificate Private Key Acquired",
		"sigma_yml":"win_capi2_acquire_certificate_private_key.yml",
		"description":"Detects when an application acquires a certificate private key",
		"row_id":544,
		"Channel":"Microsoft-Windows-AppModel-Runtime/Admin",
		"Computer":"DESKTOP-GAIBSBB",
		"EventID":70,
		"EventRecordID":544,
		"ProcessID":4328,
		"ThreadID":7076,
		"Keywords":"0x2000000000000001",
		"Level":4,
		"Opcode":0,
		"Guid":"F1EF270A-0D32-4352-BA52-DBAB41E1D859",
		"Provider_Name":"Microsoft-Windows-AppModel-Runtime",
		"UserID":"S-1-5-18",
		"Task":0,
		"SystemTime":"2024-09-03T09:13:07.292645Z",
		"Version":0,
		"OriginalLogfile":"Microsoft-Windows-AppModel-Runtime%4Admin.evtx-CYJD6GG4.json",
		"CurrentStatus":0,
		"DesiredStatus":32,
		"PackageFullName":"Microsoft.Windows.Apprep.ChxApp_1000.19041.1023.0_neutral_neutral_cw5n1h2txyewy",
		"User":"S-1-5-21-2381387566-4172994561-1950376889-1000",
		"ActivityID":"609C806B-FDE1-0002-A282-9C60E1FDDA01"
	},
	{
		"Rule level":"medium",
		"title":"Certificate Private Key Acquired",
		"sigma_yml":"win_capi2_acquire_certificate_private_key.yml",
		"description":"Detects when an application acquires a certificate private key",
		"row_id":545,
		"Channel":"Microsoft-Windows-AppModel-Runtime/Admin",
		"Computer":"DESKTOP-GAIBSBB",
		"EventID":70,
		"EventRecordID":545,
		"ProcessID":4328,
		"ThreadID":7124,
		"Keywords":"0x2000000000000001",
		"Level":4,
		"Opcode":0,
		"Guid":"F1EF270A-0D32-4352-BA52-DBAB41E1D859",
		"Provider_Name":"Microsoft-Windows-AppModel-Runtime",
		"UserID":"S-1-5-18",
		"Task":0,
		"SystemTime":"2024-09-03T09:13:07.390763Z",
		"Version":0,
		"OriginalLogfile":"Microsoft-Windows-AppModel-Runtime%4Admin.evtx-CYJD6GG4.json",
		"CurrentStatus":32,
		"DesiredStatus":0,
		"PackageFullName":"Microsoft.Windows.CapturePicker_10.0.19041.1023_neutral__cw5n1h2txyewy",
		"User":"S-1-5-21-2381387566-4172994561-1950376889-1000",
		"ActivityID":"609C806B-FDE1-0003-1C83-9C60E1FDDA01"
	},
	{
		"Rule level":"medium",
		"title":"Certificate Private Key Acquired",
		"sigma_yml":"win_capi2_acquire_certificate_private_key.yml",
		"description":"Detects when an application acquires a certificate private key",
		"row_id":547,
		"Channel":"Microsoft-Windows-AppModel-Runtime/Admin",
		"Computer":"DESKTOP-GAIBSBB",
		"EventID":70,
		"EventRecordID":547,
		"ProcessID":4328,
		"ThreadID":7112,
		"Keywords":"0x2000000000000001",
		"Level":4,
		"Opcode":0,
		"Guid":"F1EF270A-0D32-4352-BA52-DBAB41E1D859",
		"Provider_Name":"Microsoft-Windows-AppModel-Runtime",
		"UserID":"S-1-5-18",
		"Task":0,
		"SystemTime":"2024-09-03T09:13:07.489157Z",
		"Version":0,
		"OriginalLogfile":"Microsoft-Windows-AppModel-Runtime%4Admin.evtx-CYJD6GG4.json",
		"CurrentStatus":0,
		"DesiredStatus":32,
		"PackageFullName":"Microsoft.SkypeApp_14.53.77.0_x64__kzf8qxf38zg5c",
		"User":"S-1-5-21-2381387566-4172994561-1950376889-1000",
		"ActivityID":"609C806B-FDE1-0000-1A83-9C60E1FDDA01"
	},
	{
		"Rule level":"medium",
		"title":"Certificate Private Key Acquired",
		"sigma_yml":"win_capi2_acquire_certificate_private_key.yml",
		"description":"Detects when an application acquires a certificate private key",
		"row_id":548,
		"Channel":"Microsoft-Windows-AppModel-Runtime/Admin",
		"Computer":"DESKTOP-GAIBSBB",
		"EventID":70,
		"EventRecordID":548,
		"ProcessID":4328,
		"ThreadID":7116,
		"Keywords":"0x2000000000000001",
		"Level":4,
		"Opcode":0,
		"Guid":"F1EF270A-0D32-4352-BA52-DBAB41E1D859",
		"Provider_Name":"Microsoft-Windows-AppModel-Runtime",
		"UserID":"S-1-5-18",
		"Task":0,
		"SystemTime":"2024-09-03T09:13:07.615881Z",
		"Version":0,
		"OriginalLogfile":"Microsoft-Windows-AppModel-Runtime%4Admin.evtx-CYJD6GG4.json",
		"CurrentStatus":0,
		"DesiredStatus":32,
		"PackageFullName":"Microsoft.ZuneMusic_10.19071.19011.0_x64__8wekyb3d8bbwe",
		"User":"S-1-5-21-2381387566-4172994561-1950376889-1000",
		"ActivityID":"609C806B-FDE1-0003-6683-9C60E1FDDA01"
	},
	{
		"Rule level":"medium",
		"title":"Certificate Private Key Acquired",
		"sigma_yml":"win_capi2_acquire_certificate_private_key.yml",
		"description":"Detects when an application acquires a certificate private key",
		"row_id":549,
		"Channel":"Microsoft-Windows-AppModel-Runtime/Admin",
		"Computer":"DESKTOP-GAIBSBB",
		"EventID":70,
		"EventRecordID":549,
		"ProcessID":4328,
		"ThreadID":7076,
		"Keywords":"0x2000000000000001",
		"Level":4,
		"Opcode":0,
		"Guid":"F1EF270A-0D32-4352-BA52-DBAB41E1D859",
		"Provider_Name":"Microsoft-Windows-AppModel-Runtime",
		"UserID":"S-1-5-18",
		"Task":0,
		"SystemTime":"2024-09-03T09:13:07.641408Z",
		"Version":0,
		"OriginalLogfile":"Microsoft-Windows-AppModel-Runtime%4Admin.evtx-CYJD6GG4.json",
		"CurrentStatus":32,
		"DesiredStatus":0,
		"PackageFullName":"Microsoft.Windows.Apprep.ChxApp_1000.19041.1023.0_neutral_neutral_cw5n1h2txyewy",
		"User":"S-1-5-21-2381387566-4172994561-1950376889-1000",
		"ActivityID":"609C806B-FDE1-0002-A282-9C60E1FDDA01"
	},
	{
		"Rule level":"medium",
		"title":"Certificate Private Key Acquired",
		"sigma_yml":"win_capi2_acquire_certificate_private_key.yml",
		"description":"Detects when an application acquires a certificate private key",
		"row_id":550,
		"Channel":"Microsoft-Windows-AppModel-Runtime/Admin",
		"Computer":"DESKTOP-GAIBSBB",
		"EventID":70,
		"EventRecordID":550,
		"ProcessID":4328,
		"ThreadID":7124,
		"Keywords":"0x2000000000000001",
		"Level":4,
		"Opcode":0,
		"Guid":"F1EF270A-0D32-4352-BA52-DBAB41E1D859",
		"Provider_Name":"Microsoft-Windows-AppModel-Runtime",
		"UserID":"S-1-5-18",
		"Task":0,
		"SystemTime":"2024-09-03T09:13:07.681843Z",
		"Version":0,
		"OriginalLogfile":"Microsoft-Windows-AppModel-Runtime%4Admin.evtx-CYJD6GG4.json",
		"CurrentStatus":0,
		"DesiredStatus":32,
		"PackageFullName":"Microsoft.ECApp_10.0.19041.1023_neutral__8wekyb3d8bbwe",
		"User":"S-1-5-21-2381387566-4172994561-1950376889-1000",
		"ActivityID":"609C806B-FDE1-0003-5E83-9C60E1FDDA01"
	},
	{
		"Rule level":"medium",
		"title":"Certificate Private Key Acquired",
		"sigma_yml":"win_capi2_acquire_certificate_private_key.yml",
		"description":"Detects when an application acquires a certificate private key",
		"row_id":552,
		"Channel":"Microsoft-Windows-AppModel-Runtime/Admin",
		"Computer":"DESKTOP-GAIBSBB",
		"EventID":70,
		"EventRecordID":552,
		"ProcessID":4328,
		"ThreadID":7076,
		"Keywords":"0x2000000000000001",
		"Level":4,
		"Opcode":0,
		"Guid":"F1EF270A-0D32-4352-BA52-DBAB41E1D859",
		"Provider_Name":"Microsoft-Windows-AppModel-Runtime",
		"UserID":"S-1-5-18",
		"Task":0,
		"SystemTime":"2024-09-03T09:13:07.819313Z",
		"Version":0,
		"OriginalLogfile":"Microsoft-Windows-AppModel-Runtime%4Admin.evtx-CYJD6GG4.json",
		"CurrentStatus":0,
		"DesiredStatus":32,
		"PackageFullName":"Microsoft.LockApp_10.0.19041.1023_neutral__cw5n1h2txyewy",
		"User":"S-1-5-21-2381387566-4172994561-1950376889-1000",
		"ActivityID":"609C806B-FDE1-0002-B982-9C60E1FDDA01"
	},
	{
		"Rule level":"medium",
		"title":"Certificate Private Key Acquired",
		"sigma_yml":"win_capi2_acquire_certificate_private_key.yml",
		"description":"Detects when an application acquires a certificate private key",
		"row_id":556,
		"Channel":"Microsoft-Windows-AppModel-Runtime/Admin",
		"Computer":"DESKTOP-GAIBSBB",
		"EventID":70,
		"EventRecordID":556,
		"ProcessID":4328,
		"ThreadID":7124,
		"Keywords":"0x2000000000000001",
		"Level":4,
		"Opcode":0,
		"Guid":"F1EF270A-0D32-4352-BA52-DBAB41E1D859",
		"Provider_Name":"Microsoft-Windows-AppModel-Runtime",
		"UserID":"S-1-5-18",
		"Task":0,
		"SystemTime":"2024-09-03T09:13:08.001653Z",
		"Version":0,
		"OriginalLogfile":"Microsoft-Windows-AppModel-Runtime%4Admin.evtx-CYJD6GG4.json",
		"CurrentStatus":32,
		"DesiredStatus":0,
		"PackageFullName":"Microsoft.ECApp_10.0.19041.1023_neutral__8wekyb3d8bbwe",
		"User":"S-1-5-21-2381387566-4172994561-1950376889-1000",
		"ActivityID":"609C806B-FDE1-0003-5E83-9C60E1FDDA01"
	},
	{
		"Rule level":"medium",
		"title":"Certificate Private Key Acquired",
		"sigma_yml":"win_capi2_acquire_certificate_private_key.yml",
		"description":"Detects when an application acquires a certificate private key",
		"row_id":557,
		"Channel":"Microsoft-Windows-AppModel-Runtime/Admin",
		"Computer":"DESKTOP-GAIBSBB",
		"EventID":70,
		"EventRecordID":557,
		"ProcessID":4328,
		"ThreadID":7116,
		"Keywords":"0x2000000000000001",
		"Level":4,
		"Opcode":0,
		"Guid":"F1EF270A-0D32-4352-BA52-DBAB41E1D859",
		"Provider_Name":"Microsoft-Windows-AppModel-Runtime",
		"UserID":"S-1-5-18",
		"Task":0,
		"SystemTime":"2024-09-03T09:13:08.001785Z",
		"Version":0,
		"OriginalLogfile":"Microsoft-Windows-AppModel-Runtime%4Admin.evtx-CYJD6GG4.json",
		"CurrentStatus":32,
		"DesiredStatus":0,
		"PackageFullName":"Microsoft.ZuneMusic_10.19071.19011.0_x64__8wekyb3d8bbwe",
		"User":"S-1-5-21-2381387566-4172994561-1950376889-1000",
		"ActivityID":"609C806B-FDE1-0003-6683-9C60E1FDDA01"
	},
	{
		"Rule level":"medium",
		"title":"Certificate Private Key Acquired",
		"sigma_yml":"win_capi2_acquire_certificate_private_key.yml",
		"description":"Detects when an application acquires a certificate private key",
		"row_id":558,
		"Channel":"Microsoft-Windows-AppModel-Runtime/Admin",
		"Computer":"DESKTOP-GAIBSBB",
		"EventID":70,
		"EventRecordID":558,
		"ProcessID":4328,
		"ThreadID":7076,
		"Keywords":"0x2000000000000001",
		"Level":4,
		"Opcode":0,
		"Guid":"F1EF270A-0D32-4352-BA52-DBAB41E1D859",
		"Provider_Name":"Microsoft-Windows-AppModel-Runtime",
		"UserID":"S-1-5-18",
		"Task":0,
		"SystemTime":"2024-09-03T09:13:08.181058Z",
		"Version":0,
		"OriginalLogfile":"Microsoft-Windows-AppModel-Runtime%4Admin.evtx-CYJD6GG4.json",
		"CurrentStatus":32,
		"DesiredStatus":0,
		"PackageFullName":"Microsoft.LockApp_10.0.19041.1023_neutral__cw5n1h2txyewy",
		"User":"S-1-5-21-2381387566-4172994561-1950376889-1000",
		"ActivityID":"609C806B-FDE1-0002-B982-9C60E1FDDA01"
	},
	{
		"Rule level":"medium",
		"title":"Certificate Private Key Acquired",
		"sigma_yml":"win_capi2_acquire_certificate_private_key.yml",
		"description":"Detects when an application acquires a certificate private key",
		"row_id":559,
		"Channel":"Microsoft-Windows-AppModel-Runtime/Admin",
		"Computer":"DESKTOP-GAIBSBB",
		"EventID":70,
		"EventRecordID":559,
		"ProcessID":4328,
		"ThreadID":7112,
		"Keywords":"0x2000000000000001",
		"Level":4,
		"Opcode":0,
		"Guid":"F1EF270A-0D32-4352-BA52-DBAB41E1D859",
		"Provider_Name":"Microsoft-Windows-AppModel-Runtime",
		"UserID":"S-1-5-18",
		"Task":0,
		"SystemTime":"2024-09-03T09:13:08.181387Z",
		"Version":0,
		"OriginalLogfile":"Microsoft-Windows-AppModel-Runtime%4Admin.evtx-CYJD6GG4.json",
		"CurrentStatus":32,
		"DesiredStatus":0,
		"PackageFullName":"Microsoft.SkypeApp_14.53.77.0_x64__kzf8qxf38zg5c",
		"User":"S-1-5-21-2381387566-4172994561-1950376889-1000",
		"ActivityID":"609C806B-FDE1-0000-1A83-9C60E1FDDA01"
	}
];

var DiscoveryData = [
];

var LateralMovementData = [
];

var CollectionData = [
];

var CommandAndControlData = [
];

var ExfiltrationData = [
];

var ImpactData = [
	{
		"Rule level":"informational",
		"title":"User Logoff Event",
		"sigma_yml":"win_security_user_logoff.yml",
		"description":"Detects a user log-off activity. Could be used for example to correlate information during forensic investigations",
		"row_id":13286,
		"Channel":"Security",
		"Computer":"DESKTOP-GAIBSBB",
		"EventID":4647,
		"EventRecordID":552,
		"ProcessID":684,
		"ThreadID":728,
		"Keywords":"0x8020000000000000",
		"Level":0,
		"Opcode":0,
		"Guid":"54849625-5478-4994-A5BA-3E3B0328C30D",
		"Provider_Name":"Microsoft-Windows-Security-Auditing",
		"Task":12545,
		"SystemTime":"2024-08-08T06:34:02.076441Z",
		"Version":0,
		"OriginalLogfile":"Security.evtx-4LS1PWXC.json",
		"ActivityID":"9A18FAE2-E9EA-0001-4DFB-189AEAE9DA01",
		"TargetDomainName":"DESKTOP-GAIBSBB",
		"TargetLogonId":"0xe1651",
		"TargetUserName":"dfir",
		"TargetUserSid":"S-1-5-21-2381387566-4172994561-1950376889-1000"
	},
];

var OtherData = [
];

var UnknownData = [
];

var InformationalData = [
	{
		"Rule level":"informational",
		"title":"Windows Defender Malware Detection History Deletion",
		"sigma_yml":"win_defender_history_delete.yml",
		"description":"Windows Defender logs when the history of detected infections is deleted.",
		"row_id":3880,
		"Channel":"Microsoft-Windows-Windows Defender/Operational",
		"Computer":"DESKTOP-GAIBSBB",
		"EventID":1013,
		"EventRecordID":13,
		"ProcessID":3124,
		"ThreadID":5980,
		"Keywords":"0x8000000000000000",
		"Level":4,
		"Opcode":0,
		"Guid":"11CD958A-C507-4EF3-B3F2-5FD9DFBD2C78",
		"Provider_Name":"Microsoft-Windows-Windows Defender",
		"UserID":"S-1-5-18",
		"Task":0,
		"SystemTime":"2024-09-03T09:12:34.411264Z",
		"Version":0,
		"OriginalLogfile":"Microsoft-Windows-Windows Defender%4Operational.evtx-8C4IUYPQ.json",
		"User":"SYSTEM",
		"ProductName":"%%827",
		"ProductVersion":"4.18.1909.6",
		"Domain":"NT AUTHORITY",
		"SID":"S-1-5-18",
		"Timestamp":"8/19/2024 7:12:34 PM"
	},
	{
		"Rule level":"informational",
		"title":"User Logoff Event",
		"sigma_yml":"win_security_user_logoff.yml",
		"description":"Detects a user log-off activity. Could be used for example to correlate information during forensic investigations",
		"row_id":13286,
		"Channel":"Security",
		"Computer":"DESKTOP-GAIBSBB",
		"EventID":4647,
		"EventRecordID":552,
		"ProcessID":684,
		"ThreadID":728,
		"Keywords":"0x8020000000000000",
		"Level":0,
		"Opcode":0,
		"Guid":"54849625-5478-4994-A5BA-3E3B0328C30D",
		"Provider_Name":"Microsoft-Windows-Security-Auditing",
		"Task":12545,
		"SystemTime":"2024-08-08T06:34:02.076441Z",
		"Version":0,
		"OriginalLogfile":"Security.evtx-4LS1PWXC.json",
		"ActivityID":"9A18FAE2-E9EA-0001-4DFB-189AEAE9DA01",
		"TargetDomainName":"DESKTOP-GAIBSBB",
		"TargetLogonId":"0xe1651",
		"TargetUserName":"dfir",
		"TargetUserSid":"S-1-5-21-2381387566-4172994561-1950376889-1000"
	},
];

var LowData = [
	{
		"Rule level":"low",
		"title":"Windows Service Terminated With Error",
		"sigma_yml":"win_system_service_terminated_error_generic.yml",
		"description":"Detects Windows services that got terminated for whatever reason",
		"row_id":16245,
		"Channel":"System",
		"Computer":"WIN-JBA4I0LPF37",
		"EventID":7023,
		"EventRecordID":49,
		"ProcessID":680,
		"ThreadID":784,
		"Keywords":"0x8080000000000000",
		"Level":2,
		"Opcode":0,
		"Guid":"{555908d1-a6d7-4695-8e1e-26931d2012f4}",
		"Provider_Name":"Service Control Manager",
		"Task":0,
		"SystemTime":"2024-08-08T23:26:33.797846Z",
		"Version":0,
		"OriginalLogfile":"System.evtx-1DLEBLL1.json",
		"Qualifiers":49152,
		"EventSourceName":"Service Control Manager",
		"param1":"netprofm",
		"param2":"%%21",
		"Binary":"6E0065007400700072006F0066006D000000"
	},
	{
		"Rule level":"low",
		"title":"Windows Firewall Settings Have Been Changed",
		"sigma_yml":"win_firewall_as_setting_change.yml",
		"description":"Detects activity when the settings of the Windows firewall have been changed",
		"row_id":857,
		"Channel":"Microsoft-Windows-Windows Firewall With Advanced Security/Firewall",
		"Computer":"DESKTOP-GAIBSBB",
		"EventID":2002,
		"EventRecordID":909,
		"ProcessID":2688,
		"ThreadID":6840,
		"Keywords":"0x8000000000000000",
		"Level":4,
		"Opcode":0,
		"Guid":"D1BC9AFF-2ABF-4D71-9146-ECB2A986EB85",
		"Provider_Name":"Microsoft-Windows-Windows Firewall With Advanced Security",
		"UserID":"S-1-5-19",
		"Task":0,
		"SystemTime":"2024-09-03T09:25:49.806038Z",
		"Version":0,
		"OriginalLogfile":"Microsoft-Windows-Windows Firewall With Advanced Security%4Firewall.evtx-OEXVBWZJ.json",
		"ModifyingUser":"S-1-5-80-3088073201-1464728630-1879813800-1107566885-823218052",
		"Origin":1,
		"SettingType":2,
		"SettingValue":"04000000",
		"SettingValueDisplay":"Public",
		"SettingValueSize":4
	},
	{
		"Rule level":"low",
		"title":"Windows Firewall Settings Have Been Changed",
		"sigma_yml":"win_firewall_as_setting_change.yml",
		"description":"Detects activity when the settings of the Windows firewall have been changed",
		"row_id":860,
		"Channel":"Microsoft-Windows-Windows Firewall With Advanced Security/Firewall",
		"Computer":"DESKTOP-GAIBSBB",
		"EventID":2002,
		"EventRecordID":912,
		"ProcessID":2688,
		"ThreadID":6500,
		"Keywords":"0x8000000000000000",
		"Level":4,
		"Opcode":0,
		"Guid":"D1BC9AFF-2ABF-4D71-9146-ECB2A986EB85",
		"Provider_Name":"Microsoft-Windows-Windows Firewall With Advanced Security",
		"UserID":"S-1-5-19",
		"Task":0,
		"SystemTime":"2024-09-03T09:25:49.987699Z",
		"Version":0,
		"OriginalLogfile":"Microsoft-Windows-Windows Firewall With Advanced Security%4Firewall.evtx-OEXVBWZJ.json",
		"ModifyingUser":"S-1-5-80-3088073201-1464728630-1879813800-1107566885-823218052",
		"Origin":1,
		"SettingType":2,
		"SettingValue":"02000000",
		"SettingValueDisplay":"Private",
		"SettingValueSize":4
	},
	{
		"Rule level":"low",
		"title":"Windows Firewall Settings Have Been Changed",
		"sigma_yml":"win_firewall_as_setting_change.yml",
		"description":"Detects activity when the settings of the Windows firewall have been changed",
		"row_id":972,
		"Channel":"Microsoft-Windows-Windows Firewall With Advanced Security/Firewall",
		"Computer":"DESKTOP-GAIBSBB",
		"EventID":2002,
		"EventRecordID":159,
		"ProcessID":2476,
		"ThreadID":2652,
		"Keywords":"0x8000000000000000",
		"Level":4,
		"Opcode":0,
		"Guid":"D1BC9AFF-2ABF-4D71-9146-ECB2A986EB85",
		"Provider_Name":"Microsoft-Windows-Windows Firewall With Advanced Security",
		"UserID":"S-1-5-19",
		"Task":0,
		"SystemTime":"2024-08-08T06:34:52.170931Z",
		"Version":0,
		"OriginalLogfile":"Microsoft-Windows-Windows Firewall With Advanced Security%4Firewall.evtx-OEXVBWZJ.json",
		"ModifyingUser":"S-1-5-80-3088073201-1464728630-1879813800-1107566885-823218052",
		"Origin":1,
		"SettingType":2,
		"SettingValue":"02000000",
		"SettingValueDisplay":"Private",
		"SettingValueSize":4
	},
	{
		"Rule level":"low",
		"title":"Windows Firewall Settings Have Been Changed",
		"sigma_yml":"win_firewall_as_setting_change.yml",
		"description":"Detects activity when the settings of the Windows firewall have been changed",
		"row_id":1227,
		"Channel":"Microsoft-Windows-Windows Firewall With Advanced Security/Firewall",
		"Computer":"DESKTOP-GAIBSBB",
		"EventID":2002,
		"EventRecordID":414,
		"ProcessID":2688,
		"ThreadID":2820,
		"Keywords":"0x8000000000000000",
		"Level":4,
		"Opcode":0,
		"Guid":"D1BC9AFF-2ABF-4D71-9146-ECB2A986EB85",
		"Provider_Name":"Microsoft-Windows-Windows Firewall With Advanced Security",
		"UserID":"S-1-5-19",
		"Task":0,
		"SystemTime":"2024-09-03T09:12:32.072447Z",
		"Version":0,
		"OriginalLogfile":"Microsoft-Windows-Windows Firewall With Advanced Security%4Firewall.evtx-OEXVBWZJ.json",
		"ModifyingUser":"S-1-5-80-3088073201-1464728630-1879813800-1107566885-823218052",
		"Origin":1,
		"SettingType":2,
		"SettingValue":"02000000",
		"SettingValueDisplay":"Private",
		"SettingValueSize":4
	},
	{
		"Rule level":"low",
		"title":"A Member Was Added to a Security-Enabled Global Group",
		"sigma_yml":"win_security_member_added_security_enabled_global_group.yml",
		"description":"Detects activity when a member is added to a security-enabled global group",
		"row_id":12776,
		"Channel":"Security",
		"Computer":"WIN-JBA4I0LPF37",
		"EventID":4728,
		"EventRecordID":42,
		"ProcessID":696,
		"ThreadID":700,
		"Keywords":"0x8020000000000000",
		"Level":0,
		"Opcode":0,
		"Guid":"54849625-5478-4994-A5BA-3E3B0328C30D",
		"Provider_Name":"Microsoft-Windows-Security-Auditing",
		"Task":13826,
		"SystemTime":"2024-08-08T23:26:25.619571Z",
		"Version":0,
		"OriginalLogfile":"Security.evtx-4LS1PWXC.json",
		"ActivityID":"5EEC1440-E9EA-0003-8B14-EC5EEAE9DA01",
		"MemberName":"-",
		"SubjectLogonId":"0x3e7",
		"SubjectUserName":"MINWINPC$",
		"SubjectUserSid":"S-1-5-18",
		"TargetDomainName":"MINWINPC",
		"TargetUserName":"None",
		"TargetSid":"S-1-5-21-2381387566-4172994561-1950376889-513",
		"PrivilegeList":"-",
		"MemberSid":"S-1-5-21-2381387566-4172994561-1950376889-504"
	},
	{
		"Rule level":"low",
		"title":"A Member Was Added to a Security-Enabled Global Group",
		"sigma_yml":"win_security_member_added_security_enabled_global_group.yml",
		"description":"Detects activity when a member is added to a security-enabled global group",
		"row_id":12921,
		"Channel":"Security",
		"Computer":"DESKTOP-GAIBSBB",
		"EventID":4728,
		"EventRecordID":187,
		"ProcessID":684,
		"ThreadID":744,
		"Keywords":"0x8020000000000000",
		"Level":0,
		"Opcode":0,
		"Guid":"54849625-5478-4994-A5BA-3E3B0328C30D",
		"Provider_Name":"Microsoft-Windows-Security-Auditing",
		"Task":13826,
		"SystemTime":"2024-08-08T06:28:08.573853Z",
		"Version":0,
		"OriginalLogfile":"Security.evtx-4LS1PWXC.json",
		"ActivityID":"9A18FAE2-E9EA-0001-4DFB-189AEAE9DA01",
		"MemberName":"-",
		"SubjectDomainName":"WORKGROUP",
		"SubjectLogonId":"0x3e7",
		"SubjectUserName":"WIN-JBA4I0LPF37$",
		"SubjectUserSid":"S-1-5-18",
		"TargetDomainName":"WIN-JBA4I0LPF37",
		"TargetUserName":"None",
		"TargetSid":"S-1-5-21-2381387566-4172994561-1950376889-513",
		"PrivilegeList":"-",
		"MemberSid":"S-1-5-21-2381387566-4172994561-1950376889-1000"
	},
	{
		"Rule level":"low",
		"title":"Unauthorized System Time Modification",
		"sigma_yml":"win_security_susp_time_modification.yml",
		"description":"Detect scenarios where a potentially unauthorized application or user is modifying the system time.",
		"row_id":12920,
		"Channel":"Security",
		"Computer":"DESKTOP-GAIBSBB",
		"EventID":4616,
		"EventRecordID":186,
		"ProcessID":4,
		"ThreadID":288,
		"Keywords":"0x8020000000000000",
		"Level":0,
		"Opcode":0,
		"Guid":"54849625-5478-4994-A5BA-3E3B0328C30D",
		"Provider_Name":"Microsoft-Windows-Security-Auditing",
		"Task":12288,
		"SystemTime":"2024-08-08T06:28:08.568227Z",
		"Version":1,
		"OriginalLogfile":"Security.evtx-4LS1PWXC.json",
		"ProcessName":"C:\\Windows\\System32\\rundll32.exe",
		"NewTime":"2024-08-08T06:28:08.568000Z",
		"SubjectDomainName":"WORKGROUP",
		"SubjectLogonId":"0x3e7",
		"SubjectUserName":"WIN-JBA4I0LPF37$",
		"SubjectUserSid":"S-1-5-18",
		"PreviousTime":"2024-08-08T23:28:08.568410Z"
	},
	{
		"Rule level":"low",
		"title":"Local User Creation",
		"sigma_yml":"win_security_user_creation.yml",
		"description":"Detects local user creation on Windows servers, which shouldn\u0027t happen in an Active Directory environment. Apply this Sigma Use Case on your Windows server logs and not on your DC logs.\n",
		"row_id":12777,
		"Channel":"Security",
		"Computer":"WIN-JBA4I0LPF37",
		"EventID":4720,
		"EventRecordID":43,
		"ProcessID":696,
		"ThreadID":700,
		"Keywords":"0x8020000000000000",
		"Level":0,
		"Opcode":0,
		"Guid":"54849625-5478-4994-A5BA-3E3B0328C30D",
		"Provider_Name":"Microsoft-Windows-Security-Auditing",
		"Task":13824,
		"SystemTime":"2024-08-08T23:26:25.619946Z",
		"Version":0,
		"OriginalLogfile":"Security.evtx-4LS1PWXC.json",
		"ActivityID":"5EEC1440-E9EA-0003-8B14-EC5EEAE9DA01",
		"SubjectLogonId":"0x3e7",
		"SubjectUserName":"MINWINPC$",
		"SubjectUserSid":"S-1-5-18",
		"TargetDomainName":"MINWINPC",
		"TargetUserName":"WDAGUtilityAccount",
		"TargetSid":"S-1-5-21-2381387566-4172994561-1950376889-504",
		"PrivilegeList":"-",
		"SAMAccountName":"WDAGUtilityAccount",
		"SidHistory":"-",
		"AccountExpires":"%%1794",
		"AllowedToDelegateTo":"-",
		"DisplayName":"%%1793",
		"HomeDirectory":"%%1793",
		"HomePath":"%%1793",
		"LogonHours":"%%1797",
		"NewUacValue":"0x15",
		"OldUacValue":"0x0",
		"PasswordLastSet":"%%1794",
		"PrimaryGroupId":"513",
		"ProfilePath":"%%1793",
		"ScriptPath":"%%1793",
		"UserAccountControl":"\r\n\t\t%%2080\r\n\t\t%%2082\r\n\t\t%%2084",
		"UserParameters":"%%1793",
		"UserPrincipalName":"-",
		"UserWorkstations":"%%1793"
	},
	{
		"Rule level":"low",
		"title":"Local User Creation",
		"sigma_yml":"win_security_user_creation.yml",
		"description":"Detects local user creation on Windows servers, which shouldn\u0027t happen in an Active Directory environment. Apply this Sigma Use Case on your Windows server logs and not on your DC logs.\n",
		"row_id":12922,
		"Channel":"Security",
		"Computer":"DESKTOP-GAIBSBB",
		"EventID":4720,
		"EventRecordID":188,
		"ProcessID":684,
		"ThreadID":744,
		"Keywords":"0x8020000000000000",
		"Level":0,
		"Opcode":0,
		"Guid":"54849625-5478-4994-A5BA-3E3B0328C30D",
		"Provider_Name":"Microsoft-Windows-Security-Auditing",
		"Task":13824,
		"SystemTime":"2024-08-08T06:28:08.575011Z",
		"Version":0,
		"OriginalLogfile":"Security.evtx-4LS1PWXC.json",
		"ActivityID":"9A18FAE2-E9EA-0001-4DFB-189AEAE9DA01",
		"SubjectDomainName":"WORKGROUP",
		"SubjectLogonId":"0x3e7",
		"SubjectUserName":"WIN-JBA4I0LPF37$",
		"SubjectUserSid":"S-1-5-18",
		"TargetDomainName":"WIN-JBA4I0LPF37",
		"TargetUserName":"dfir",
		"TargetSid":"S-1-5-21-2381387566-4172994561-1950376889-1000",
		"PrivilegeList":"-",
		"SAMAccountName":"dfir",
		"SidHistory":"-",
		"AccountExpires":"%%1794",
		"AllowedToDelegateTo":"-",
		"DisplayName":"%%1793",
		"HomeDirectory":"%%1793",
		"HomePath":"%%1793",
		"LogonHours":"%%1797",
		"NewUacValue":"0x15",
		"OldUacValue":"0x0",
		"PasswordLastSet":"%%1794",
		"PrimaryGroupId":"513",
		"ProfilePath":"%%1793",
		"ScriptPath":"%%1793",
		"UserAccountControl":"\r\n\t\t%%2080\r\n\t\t%%2082\r\n\t\t%%2084",
		"UserParameters":"%%1793",
		"UserPrincipalName":"-",
		"UserWorkstations":"%%1793"
	},
];

var MediumData = [
	{
		"Rule level":"medium",
		"title":"WMI Event Subscription",
		"sigma_yml":"sysmon_wmi_event_subscription.yml",
		"description":"Detects creation of WMI event subscription persistence method",
		"row_id":5184,
		"Channel":"Microsoft-Windows-ShellCommon-StartLayoutPopulation/Operational",
		"Computer":"DESKTOP-GAIBSBB",
		"EventID":19,
		"EventRecordID":18,
		"ProcessID":6316,
		"ThreadID":6380,
		"Keywords":"0x4000000000000000",
		"Level":4,
		"Opcode":1,
		"Guid":"97CA8142-10B1-4BAA-9FBB-70A7D11231C3",
		"Provider_Name":"Microsoft-Windows-ShellCommon-StartLayoutPopulation",
		"UserID":"S-1-5-21-2381387566-4172994561-1950376889-1000",
		"Task":9,
		"SystemTime":"2024-08-08T06:33:28.079759Z",
		"Version":0,
		"OriginalLogfile":"Microsoft-Windows-ShellCommon-StartLayoutPopulation%4Operational.evtx-G8EFA7U4.json",
		"tileData":"Tile:\nIdentifier: P~Microsoft.MicrosoftEdge_8wekyb3d8bbwe!MicrosoftEdge:26310719480\n"
	},
	{
		"Rule level":"medium",
		"title":"WMI Event Subscription",
		"sigma_yml":"sysmon_wmi_event_subscription.yml",
		"description":"Detects creation of WMI event subscription persistence method",
		"row_id":5191,
		"Channel":"Microsoft-Windows-ShellCommon-StartLayoutPopulation/Operational",
		"Computer":"DESKTOP-GAIBSBB",
		"EventID":19,
		"EventRecordID":25,
		"ProcessID":6316,
		"ThreadID":6380,
		"Keywords":"0x4000000000000000",
		"Level":4,
		"Opcode":1,
		"Guid":"97CA8142-10B1-4BAA-9FBB-70A7D11231C3",
		"Provider_Name":"Microsoft-Windows-ShellCommon-StartLayoutPopulation",
		"UserID":"S-1-5-21-2381387566-4172994561-1950376889-1000",
		"Task":9,
		"SystemTime":"2024-08-08T06:33:28.272486Z",
		"Version":0,
		"OriginalLogfile":"Microsoft-Windows-ShellCommon-StartLayoutPopulation%4Operational.evtx-G8EFA7U4.json",
		"tileData":"Tile:\nIdentifier: P~Microsoft.MicrosoftEdge_8wekyb3d8bbwe!MicrosoftEdge:6501008900\n"
	},
	{
		"Rule level":"medium",
		"title":"WMI Event Subscription",
		"sigma_yml":"sysmon_wmi_event_subscription.yml",
		"description":"Detects creation of WMI event subscription persistence method",
		"row_id":5195,
		"Channel":"Microsoft-Windows-ShellCommon-StartLayoutPopulation/Operational",
		"Computer":"DESKTOP-GAIBSBB",
		"EventID":19,
		"EventRecordID":29,
		"ProcessID":6316,
		"ThreadID":6380,
		"Keywords":"0x4000000000000000",
		"Level":4,
		"Opcode":1,
		"Guid":"97CA8142-10B1-4BAA-9FBB-70A7D11231C3",
		"Provider_Name":"Microsoft-Windows-ShellCommon-StartLayoutPopulation",
		"UserID":"S-1-5-21-2381387566-4172994561-1950376889-1000",
		"Task":9,
		"SystemTime":"2024-08-08T06:33:28.393263Z",
		"Version":0,
		"OriginalLogfile":"Microsoft-Windows-ShellCommon-StartLayoutPopulation%4Operational.evtx-G8EFA7U4.json",
		"tileData":"Tile:\nIdentifier: P~Microsoft.MicrosoftEdge_8wekyb3d8bbwe!MicrosoftEdge:38975140460\n"
	},
	{
		"Rule level":"medium",
		"title":"WMI Event Subscription",
		"sigma_yml":"sysmon_wmi_event_subscription.yml",
		"description":"Detects creation of WMI event subscription persistence method",
		"row_id":5203,
		"Channel":"Microsoft-Windows-ShellCommon-StartLayoutPopulation/Operational",
		"Computer":"DESKTOP-GAIBSBB",
		"EventID":19,
		"EventRecordID":37,
		"ProcessID":6316,
		"ThreadID":6380,
		"Keywords":"0x4000000000000000",
		"Level":4,
		"Opcode":1,
		"Guid":"97CA8142-10B1-4BAA-9FBB-70A7D11231C3",
		"Provider_Name":"Microsoft-Windows-ShellCommon-StartLayoutPopulation",
		"UserID":"S-1-5-21-2381387566-4172994561-1950376889-1000",
		"Task":9,
		"SystemTime":"2024-08-08T06:33:28.525522Z",
		"Version":0,
		"OriginalLogfile":"Microsoft-Windows-ShellCommon-StartLayoutPopulation%4Operational.evtx-G8EFA7U4.json",
		"tileData":"Tile:\nIdentifier: P~Microsoft.MicrosoftEdge_8wekyb3d8bbwe!MicrosoftEdge:7603651830\n"
	},
	{
		"Rule level":"medium",
		"title":"WMI Event Subscription",
		"sigma_yml":"sysmon_wmi_event_subscription.yml",
		"description":"Detects creation of WMI event subscription persistence method",
		"row_id":16669,
		"Channel":"System",
		"Computer":"DESKTOP-GAIBSBB",
		"EventID":19,
		"EventRecordID":473,
		"ProcessID":5716,
		"ThreadID":8604,
		"Keywords":"0x8000000000000018",
		"Level":4,
		"Opcode":13,
		"Guid":"945A8954-C147-4ACD-923F-40C45405A658",
		"Provider_Name":"Microsoft-Windows-WindowsUpdateClient",
		"UserID":"S-1-5-18",
		"Task":1,
		"SystemTime":"2024-09-03T09:18:00.732273Z",
		"Version":1,
		"OriginalLogfile":"System.evtx-1DLEBLL1.json",
		"serviceGuid":"9482F4B4-E343-43B6-B170-9A65BC822C77",
		"updateGuid":"ED0CF907-CDD5-40C1-A47C-0BA415F7A5CE",
		"updateRevisionNumber":207,
		"updateTitle":"2024-01 Update for Windows 10 Version 22H2 for x64-based Systems (KB5033052)"
	},
	{
		"Rule level":"medium",
		"title":"WMI Event Subscription",
		"sigma_yml":"sysmon_wmi_event_subscription.yml",
		"description":"Detects creation of WMI event subscription persistence method",
		"row_id":16671,
		"Channel":"System",
		"Computer":"DESKTOP-GAIBSBB",
		"EventID":19,
		"EventRecordID":475,
		"ProcessID":5716,
		"ThreadID":5784,
		"Keywords":"0x8000000000000018",
		"Level":4,
		"Opcode":13,
		"Guid":"945A8954-C147-4ACD-923F-40C45405A658",
		"Provider_Name":"Microsoft-Windows-WindowsUpdateClient",
		"UserID":"S-1-5-18",
		"Task":1,
		"SystemTime":"2024-09-03T09:18:19.276446Z",
		"Version":1,
		"OriginalLogfile":"System.evtx-1DLEBLL1.json",
		"serviceGuid":"9482F4B4-E343-43B6-B170-9A65BC822C77",
		"updateGuid":"478E0FE9-52E9-4EBD-B70A-BBB0462A2E54",
		"updateRevisionNumber":200,
		"updateTitle":"2024-05 Update for Windows 10 Version 22H2 for x64-based Systems (KB5001716)"
	},
	{
		"Rule level":"medium",
		"title":"WMI Event Subscription",
		"sigma_yml":"sysmon_wmi_event_subscription.yml",
		"description":"Detects creation of WMI event subscription persistence method",
		"row_id":16675,
		"Channel":"System",
		"Computer":"DESKTOP-GAIBSBB",
		"EventID":19,
		"EventRecordID":479,
		"ProcessID":5716,
		"ThreadID":9060,
		"Keywords":"0x8000000000000018",
		"Level":4,
		"Opcode":13,
		"Guid":"945A8954-C147-4ACD-923F-40C45405A658",
		"Provider_Name":"Microsoft-Windows-WindowsUpdateClient",
		"UserID":"S-1-5-18",
		"Task":1,
		"SystemTime":"2024-09-03T09:19:00.094568Z",
		"Version":1,
		"OriginalLogfile":"System.evtx-1DLEBLL1.json",
		"serviceGuid":"8B24B027-1DEE-BABB-9A95-3517DFB9C552",
		"updateGuid":"657943F1-1EFB-430A-A6C8-F77993103709",
		"updateRevisionNumber":1,
		"updateTitle":"2023-10 Update for Windows 10 Version 22H2 for x64-based Systems (KB4023057)"
	},
	{
		"Rule level":"medium",
		"title":"WMI Event Subscription",
		"sigma_yml":"sysmon_wmi_event_subscription.yml",
		"description":"Detects creation of WMI event subscription persistence method",
		"row_id":16691,
		"Channel":"System",
		"Computer":"DESKTOP-GAIBSBB",
		"EventID":19,
		"EventRecordID":495,
		"ProcessID":5716,
		"ThreadID":8444,
		"Keywords":"0x8000000000000018",
		"Level":4,
		"Opcode":13,
		"Guid":"945A8954-C147-4ACD-923F-40C45405A658",
		"Provider_Name":"Microsoft-Windows-WindowsUpdateClient",
		"UserID":"S-1-5-18",
		"Task":1,
		"SystemTime":"2024-09-03T09:29:39.743844Z",
		"Version":1,
		"OriginalLogfile":"System.evtx-1DLEBLL1.json",
		"serviceGuid":"9482F4B4-E343-43B6-B170-9A65BC822C77",
		"updateGuid":"2CA940DB-68E6-4741-84EE-00F8B21930E4",
		"updateRevisionNumber":200,
		"updateTitle":"Security Intelligence Update for Microsoft Defender Antivirus - KB2267602 (Version 1.417.464.0) - Current Channel (Broad)"
	},
	{
		"Rule level":"medium",
		"title":"WMI Event Subscription",
		"sigma_yml":"sysmon_wmi_event_subscription.yml",
		"description":"Detects creation of WMI event subscription persistence method",
		"row_id":5186,
		"Channel":"Microsoft-Windows-ShellCommon-StartLayoutPopulation/Operational",
		"Computer":"DESKTOP-GAIBSBB",
		"EventID":20,
		"EventRecordID":20,
		"ProcessID":6316,
		"ThreadID":6380,
		"Keywords":"0x4000000000000000",
		"Level":4,
		"Opcode":2,
		"Guid":"97CA8142-10B1-4BAA-9FBB-70A7D11231C3",
		"Provider_Name":"Microsoft-Windows-ShellCommon-StartLayoutPopulation",
		"UserID":"S-1-5-21-2381387566-4172994561-1950376889-1000",
		"Task":9,
		"SystemTime":"2024-08-08T06:33:28.271860Z",
		"Version":0,
		"OriginalLogfile":"Microsoft-Windows-ShellCommon-StartLayoutPopulation%4Operational.evtx-G8EFA7U4.json"
	},
	{
		"Rule level":"medium",
		"title":"WMI Event Subscription",
		"sigma_yml":"sysmon_wmi_event_subscription.yml",
		"description":"Detects creation of WMI event subscription persistence method",
		"row_id":5192,
		"Channel":"Microsoft-Windows-ShellCommon-StartLayoutPopulation/Operational",
		"Computer":"DESKTOP-GAIBSBB",
		"EventID":20,
		"EventRecordID":26,
		"ProcessID":6316,
		"ThreadID":6380,
		"Keywords":"0x4000000000000000",
		"Level":4,
		"Opcode":2,
		"Guid":"97CA8142-10B1-4BAA-9FBB-70A7D11231C3",
		"Provider_Name":"Microsoft-Windows-ShellCommon-StartLayoutPopulation",
		"UserID":"S-1-5-21-2381387566-4172994561-1950376889-1000",
		"Task":9,
		"SystemTime":"2024-08-08T06:33:28.392658Z",
		"Version":0,
		"OriginalLogfile":"Microsoft-Windows-ShellCommon-StartLayoutPopulation%4Operational.evtx-G8EFA7U4.json"
	},
	{
		"Rule level":"medium",
		"title":"WMI Event Subscription",
		"sigma_yml":"sysmon_wmi_event_subscription.yml",
		"description":"Detects creation of WMI event subscription persistence method",
		"row_id":5196,
		"Channel":"Microsoft-Windows-ShellCommon-StartLayoutPopulation/Operational",
		"Computer":"DESKTOP-GAIBSBB",
		"EventID":20,
		"EventRecordID":30,
		"ProcessID":6316,
		"ThreadID":6380,
		"Keywords":"0x4000000000000000",
		"Level":4,
		"Opcode":2,
		"Guid":"97CA8142-10B1-4BAA-9FBB-70A7D11231C3",
		"Provider_Name":"Microsoft-Windows-ShellCommon-StartLayoutPopulation",
		"UserID":"S-1-5-21-2381387566-4172994561-1950376889-1000",
		"Task":9,
		"SystemTime":"2024-08-08T06:33:28.524344Z",
		"Version":0,
		"OriginalLogfile":"Microsoft-Windows-ShellCommon-StartLayoutPopulation%4Operational.evtx-G8EFA7U4.json"
	},
	{
		"Rule level":"medium",
		"title":"WMI Event Subscription",
		"sigma_yml":"sysmon_wmi_event_subscription.yml",
		"description":"Detects creation of WMI event subscription persistence method",
		"row_id":5204,
		"Channel":"Microsoft-Windows-ShellCommon-StartLayoutPopulation/Operational",
		"Computer":"DESKTOP-GAIBSBB",
		"EventID":20,
		"EventRecordID":38,
		"ProcessID":6316,
		"ThreadID":6380,
		"Keywords":"0x4000000000000000",
		"Level":4,
		"Opcode":2,
		"Guid":"97CA8142-10B1-4BAA-9FBB-70A7D11231C3",
		"Provider_Name":"Microsoft-Windows-ShellCommon-StartLayoutPopulation",
		"UserID":"S-1-5-21-2381387566-4172994561-1950376889-1000",
		"Task":9,
		"SystemTime":"2024-08-08T06:33:28.678009Z",
		"Version":0,
		"OriginalLogfile":"Microsoft-Windows-ShellCommon-StartLayoutPopulation%4Operational.evtx-G8EFA7U4.json"
	},
	{
		"Rule level":"medium",
		"title":"WMI Event Subscription",
		"sigma_yml":"sysmon_wmi_event_subscription.yml",
		"description":"Detects creation of WMI event subscription persistence method",
		"row_id":14882,
		"Channel":"Microsoft-Windows-Provisioning-Diagnostics-Provider/Admin",
		"Computer":"DESKTOP-GAIBSBB",
		"EventID":20,
		"EventRecordID":2,
		"ProcessID":4028,
		"ThreadID":4032,
		"Keywords":"0x8000000000000000",
		"Level":4,
		"Opcode":0,
		"Guid":"ED8B9BD3-F66E-4FF2-B86B-75C7925F72A9",
		"Provider_Name":"Microsoft-Windows-Provisioning-Diagnostics-Provider",
		"UserID":"S-1-5-18",
		"Task":0,
		"SystemTime":"2024-08-08T06:28:15.261682Z",
		"Version":0,
		"OriginalLogfile":"Microsoft-Windows-Provisioning-Diagnostics-Provider%4Admin.evtx-WX93G1GC.json",
		"Message1":"Power.EnergyEstimationEngine.Control.ppkg",
		"Message2":"{1e05dd5d-a022-46c5-963c-b20de341170f}"
	},
	{
		"Rule level":"medium",
		"title":"WMI Event Subscription",
		"sigma_yml":"sysmon_wmi_event_subscription.yml",
		"description":"Detects creation of WMI event subscription persistence method",
		"row_id":14883,
		"Channel":"Microsoft-Windows-Provisioning-Diagnostics-Provider/Admin",
		"Computer":"DESKTOP-GAIBSBB",
		"EventID":20,
		"EventRecordID":3,
		"ProcessID":4028,
		"ThreadID":4032,
		"Keywords":"0x8000000000000000",
		"Level":4,
		"Opcode":0,
		"Guid":"ED8B9BD3-F66E-4FF2-B86B-75C7925F72A9",
		"Provider_Name":"Microsoft-Windows-Provisioning-Diagnostics-Provider",
		"UserID":"S-1-5-18",
		"Task":0,
		"SystemTime":"2024-08-08T06:28:15.268801Z",
		"Version":0,
		"OriginalLogfile":"Microsoft-Windows-Provisioning-Diagnostics-Provider%4Admin.evtx-WX93G1GC.json",
		"Message1":"Power.EnergyEstimationEngine.CPU.ppkg",
		"Message2":"{c5dc3753-b6c8-4057-b396-bf13d769311c}"
	},
	{
		"Rule level":"medium",
		"title":"WMI Event Subscription",
		"sigma_yml":"sysmon_wmi_event_subscription.yml",
		"description":"Detects creation of WMI event subscription persistence method",
		"row_id":14884,
		"Channel":"Microsoft-Windows-Provisioning-Diagnostics-Provider/Admin",
		"Computer":"DESKTOP-GAIBSBB",
		"EventID":20,
		"EventRecordID":4,
		"ProcessID":4028,
		"ThreadID":4032,
		"Keywords":"0x8000000000000000",
		"Level":4,
		"Opcode":0,
		"Guid":"ED8B9BD3-F66E-4FF2-B86B-75C7925F72A9",
		"Provider_Name":"Microsoft-Windows-Provisioning-Diagnostics-Provider",
		"UserID":"S-1-5-18",
		"Task":0,
		"SystemTime":"2024-08-08T06:28:15.275850Z",
		"Version":0,
		"OriginalLogfile":"Microsoft-Windows-Provisioning-Diagnostics-Provider%4Admin.evtx-WX93G1GC.json",
		"Message1":"Power.EnergyEstimationEngine.Display.ppkg",
		"Message2":"{ee4aac98-c174-4941-82b1-d121e493e4fb}"
	},
	{
		"Rule level":"medium",
		"title":"WMI Event Subscription",
		"sigma_yml":"sysmon_wmi_event_subscription.yml",
		"description":"Detects creation of WMI event subscription persistence method",
		"row_id":14885,
		"Channel":"Microsoft-Windows-Provisioning-Diagnostics-Provider/Admin",
		"Computer":"DESKTOP-GAIBSBB",
		"EventID":20,
		"EventRecordID":5,
		"ProcessID":4028,
		"ThreadID":4032,
		"Keywords":"0x8000000000000000",
		"Level":4,
		"Opcode":0,
		"Guid":"ED8B9BD3-F66E-4FF2-B86B-75C7925F72A9",
		"Provider_Name":"Microsoft-Windows-Provisioning-Diagnostics-Provider",
		"UserID":"S-1-5-18",
		"Task":0,
		"SystemTime":"2024-08-08T06:28:15.282008Z",
		"Version":0,
		"OriginalLogfile":"Microsoft-Windows-Provisioning-Diagnostics-Provider%4Admin.evtx-WX93G1GC.json",
		"Message1":"Power.EnergyEstimationEngine.MBB.ppkg",
		"Message2":"{99b095d8-5959-4820-bea7-7448c8427b4e}"
	},
	{
		"Rule level":"medium",
		"title":"WMI Event Subscription",
		"sigma_yml":"sysmon_wmi_event_subscription.yml",
		"description":"Detects creation of WMI event subscription persistence method",
		"row_id":14886,
		"Channel":"Microsoft-Windows-Provisioning-Diagnostics-Provider/Admin",
		"Computer":"DESKTOP-GAIBSBB",
		"EventID":20,
		"EventRecordID":6,
		"ProcessID":4028,
		"ThreadID":4032,
		"Keywords":"0x8000000000000000",
		"Level":4,
		"Opcode":0,
		"Guid":"ED8B9BD3-F66E-4FF2-B86B-75C7925F72A9",
		"Provider_Name":"Microsoft-Windows-Provisioning-Diagnostics-Provider",
		"UserID":"S-1-5-18",
		"Task":0,
		"SystemTime":"2024-08-08T06:28:15.289319Z",
		"Version":0,
		"OriginalLogfile":"Microsoft-Windows-Provisioning-Diagnostics-Provider%4Admin.evtx-WX93G1GC.json",
		"Message1":"Power.EnergyEstimationEngine.StandbyActivation.ppkg",
		"Message2":"{8d196d7f-3eef-48ad-8bea-be749f12d3ad}"
	},
