	{
		"Rule level":"medium",
		"title":"WMI Event Subscription",
		"sigma_yml":"sysmon_wmi_event_subscription.yml",
		"description":"Detects creation of WMI event subscription persistence method",
		"row_id":14887,
		"Channel":"Microsoft-Windows-Provisioning-Diagnostics-Provider/Admin",
		"Computer":"DESKTOP-GAIBSBB",
		"EventID":20,
		"EventRecordID":7,
		"ProcessID":4028,
		"ThreadID":4032,
		"Keywords":"0x8000000000000000",
		"Level":4,
		"Opcode":0,
		"Guid":"ED8B9BD3-F66E-4FF2-B86B-75C7925F72A9",
		"Provider_Name":"Microsoft-Windows-Provisioning-Diagnostics-Provider",
		"UserID":"S-1-5-18",
		"Task":0,
		"SystemTime":"2024-08-08T06:28:15.295938Z",
		"Version":0,
		"OriginalLogfile":"Microsoft-Windows-Provisioning-Diagnostics-Provider%4Admin.evtx-WX93G1GC.json",
		"Message1":"Power.EnergyEstimationEngine.Storage.ppkg",
		"Message2":"{9aec5bda-1e87-46b3-bb96-1a01c606555e}"
	},
	{
		"Rule level":"medium",
		"title":"WMI Event Subscription",
		"sigma_yml":"sysmon_wmi_event_subscription.yml",
		"description":"Detects creation of WMI event subscription persistence method",
		"row_id":14888,
		"Channel":"Microsoft-Windows-Provisioning-Diagnostics-Provider/Admin",
		"Computer":"DESKTOP-GAIBSBB",
		"EventID":20,
		"EventRecordID":8,
		"ProcessID":4028,
		"ThreadID":4032,
		"Keywords":"0x8000000000000000",
		"Level":4,
		"Opcode":0,
		"Guid":"ED8B9BD3-F66E-4FF2-B86B-75C7925F72A9",
		"Provider_Name":"Microsoft-Windows-Provisioning-Diagnostics-Provider",
		"UserID":"S-1-5-18",
		"Task":0,
		"SystemTime":"2024-08-08T06:28:15.302802Z",
		"Version":0,
		"OriginalLogfile":"Microsoft-Windows-Provisioning-Diagnostics-Provider%4Admin.evtx-WX93G1GC.json",
		"Message1":"Power.EnergyEstimationEngine.Telemetry.ppkg",
		"Message2":"{8fb7d64e-70fc-4f9d-89ee-d486817534df}"
	},
	{
		"Rule level":"medium",
		"title":"WMI Event Subscription",
		"sigma_yml":"sysmon_wmi_event_subscription.yml",
		"description":"Detects creation of WMI event subscription persistence method",
		"row_id":14889,
		"Channel":"Microsoft-Windows-Provisioning-Diagnostics-Provider/Admin",
		"Computer":"DESKTOP-GAIBSBB",
		"EventID":20,
		"EventRecordID":9,
		"ProcessID":4028,
		"ThreadID":4032,
		"Keywords":"0x8000000000000000",
		"Level":4,
		"Opcode":0,
		"Guid":"ED8B9BD3-F66E-4FF2-B86B-75C7925F72A9",
		"Provider_Name":"Microsoft-Windows-Provisioning-Diagnostics-Provider",
		"UserID":"S-1-5-18",
		"Task":0,
		"SystemTime":"2024-08-08T06:28:15.309309Z",
		"Version":0,
		"OriginalLogfile":"Microsoft-Windows-Provisioning-Diagnostics-Provider%4Admin.evtx-WX93G1GC.json",
		"Message1":"Power.EnergyEstimationEngine.Wifi.ppkg",
		"Message2":"{b0b9123d-7d7f-4c6b-9973-ceced46f2a09}"
	},
	{
		"Rule level":"medium",
		"title":"WMI Event Subscription",
		"sigma_yml":"sysmon_wmi_event_subscription.yml",
		"description":"Detects creation of WMI event subscription persistence method",
		"row_id":14890,
		"Channel":"Microsoft-Windows-Provisioning-Diagnostics-Provider/Admin",
		"Computer":"DESKTOP-GAIBSBB",
		"EventID":20,
		"EventRecordID":10,
		"ProcessID":4028,
		"ThreadID":4032,
		"Keywords":"0x8000000000000000",
		"Level":4,
		"Opcode":0,
		"Guid":"ED8B9BD3-F66E-4FF2-B86B-75C7925F72A9",
		"Provider_Name":"Microsoft-Windows-Provisioning-Diagnostics-Provider",
		"UserID":"S-1-5-18",
		"Task":0,
		"SystemTime":"2024-08-08T06:28:15.315416Z",
		"Version":0,
		"OriginalLogfile":"Microsoft-Windows-Provisioning-Diagnostics-Provider%4Admin.evtx-WX93G1GC.json",
		"Message1":"Power.Settings.Battery.ppkg",
		"Message2":"{7a30a9be-737f-47a1-a541-6e7b0761ed19}"
	},
	{
		"Rule level":"medium",
		"title":"WMI Event Subscription",
		"sigma_yml":"sysmon_wmi_event_subscription.yml",
		"description":"Detects creation of WMI event subscription persistence method",
		"row_id":14891,
		"Channel":"Microsoft-Windows-Provisioning-Diagnostics-Provider/Admin",
		"Computer":"DESKTOP-GAIBSBB",
		"EventID":20,
		"EventRecordID":11,
		"ProcessID":4028,
		"ThreadID":4032,
		"Keywords":"0x8000000000000000",
		"Level":4,
		"Opcode":0,
		"Guid":"ED8B9BD3-F66E-4FF2-B86B-75C7925F72A9",
		"Provider_Name":"Microsoft-Windows-Provisioning-Diagnostics-Provider",
		"UserID":"S-1-5-18",
		"Task":0,
		"SystemTime":"2024-08-08T06:28:15.322494Z",
		"Version":0,
		"OriginalLogfile":"Microsoft-Windows-Provisioning-Diagnostics-Provider%4Admin.evtx-WX93G1GC.json",
		"Message1":"Power.Settings.Button.ppkg",
		"Message2":"{18dcffd4-37d6-4bc6-87e0-4266fdbb8e49}"
	},
	{
		"Rule level":"medium",
		"title":"WMI Event Subscription",
		"sigma_yml":"sysmon_wmi_event_subscription.yml",
		"description":"Detects creation of WMI event subscription persistence method",
		"row_id":14892,
		"Channel":"Microsoft-Windows-Provisioning-Diagnostics-Provider/Admin",
		"Computer":"DESKTOP-GAIBSBB",
		"EventID":20,
		"EventRecordID":12,
		"ProcessID":4028,
		"ThreadID":4032,
		"Keywords":"0x8000000000000000",
		"Level":4,
		"Opcode":0,
		"Guid":"ED8B9BD3-F66E-4FF2-B86B-75C7925F72A9",
		"Provider_Name":"Microsoft-Windows-Provisioning-Diagnostics-Provider",
		"UserID":"S-1-5-18",
		"Task":0,
		"SystemTime":"2024-08-08T06:28:15.328958Z",
		"Version":0,
		"OriginalLogfile":"Microsoft-Windows-Provisioning-Diagnostics-Provider%4Admin.evtx-WX93G1GC.json",
		"Message1":"Power.Settings.Control.ppkg",
		"Message2":"{5f568920-10ad-4dc0-a97e-b78a3255c351}"
	},
	{
		"Rule level":"medium",
		"title":"WMI Event Subscription",
		"sigma_yml":"sysmon_wmi_event_subscription.yml",
		"description":"Detects creation of WMI event subscription persistence method",
		"row_id":14893,
		"Channel":"Microsoft-Windows-Provisioning-Diagnostics-Provider/Admin",
		"Computer":"DESKTOP-GAIBSBB",
		"EventID":20,
		"EventRecordID":13,
		"ProcessID":4028,
		"ThreadID":4032,
		"Keywords":"0x8000000000000000",
		"Level":4,
		"Opcode":0,
		"Guid":"ED8B9BD3-F66E-4FF2-B86B-75C7925F72A9",
		"Provider_Name":"Microsoft-Windows-Provisioning-Diagnostics-Provider",
		"UserID":"S-1-5-18",
		"Task":0,
		"SystemTime":"2024-08-08T06:28:15.336276Z",
		"Version":0,
		"OriginalLogfile":"Microsoft-Windows-Provisioning-Diagnostics-Provider%4Admin.evtx-WX93G1GC.json",
		"Message1":"Power.Settings.Disk.ppkg",
		"Message2":"{9df6a4ed-fc16-48bf-8b24-6e2ad2bfcfea}"
	},
	{
		"Rule level":"medium",
		"title":"WMI Event Subscription",
		"sigma_yml":"sysmon_wmi_event_subscription.yml",
		"description":"Detects creation of WMI event subscription persistence method",
		"row_id":14894,
		"Channel":"Microsoft-Windows-Provisioning-Diagnostics-Provider/Admin",
		"Computer":"DESKTOP-GAIBSBB",
		"EventID":20,
		"EventRecordID":14,
		"ProcessID":4028,
		"ThreadID":4032,
		"Keywords":"0x8000000000000000",
		"Level":4,
		"Opcode":0,
		"Guid":"ED8B9BD3-F66E-4FF2-B86B-75C7925F72A9",
		"Provider_Name":"Microsoft-Windows-Provisioning-Diagnostics-Provider",
		"UserID":"S-1-5-18",
		"Task":0,
		"SystemTime":"2024-08-08T06:28:15.341893Z",
		"Version":0,
		"OriginalLogfile":"Microsoft-Windows-Provisioning-Diagnostics-Provider%4Admin.evtx-WX93G1GC.json",
		"Message1":"Power.Settings.Display.ppkg",
		"Message2":"{23cb517f-5073-4e96-a202-7fe6122a2271}"
	},
	{
		"Rule level":"medium",
		"title":"WMI Event Subscription",
		"sigma_yml":"sysmon_wmi_event_subscription.yml",
		"description":"Detects creation of WMI event subscription persistence method",
		"row_id":14895,
		"Channel":"Microsoft-Windows-Provisioning-Diagnostics-Provider/Admin",
		"Computer":"DESKTOP-GAIBSBB",
		"EventID":20,
		"EventRecordID":15,
		"ProcessID":4028,
		"ThreadID":4032,
		"Keywords":"0x8000000000000000",
		"Level":4,
		"Opcode":0,
		"Guid":"ED8B9BD3-F66E-4FF2-B86B-75C7925F72A9",
		"Provider_Name":"Microsoft-Windows-Provisioning-Diagnostics-Provider",
		"UserID":"S-1-5-18",
		"Task":0,
		"SystemTime":"2024-08-08T06:28:15.347939Z",
		"Version":0,
		"OriginalLogfile":"Microsoft-Windows-Provisioning-Diagnostics-Provider%4Admin.evtx-WX93G1GC.json",
		"Message1":"Power.Settings.Graphics.ppkg",
		"Message2":"{bf56ce5a-946b-45b5-858a-1794eb0125e2}"
	},
	{
		"Rule level":"medium",
		"title":"WMI Event Subscription",
		"sigma_yml":"sysmon_wmi_event_subscription.yml",
		"description":"Detects creation of WMI event subscription persistence method",
		"row_id":14896,
		"Channel":"Microsoft-Windows-Provisioning-Diagnostics-Provider/Admin",
		"Computer":"DESKTOP-GAIBSBB",
		"EventID":20,
		"EventRecordID":16,
		"ProcessID":4028,
		"ThreadID":4032,
		"Keywords":"0x8000000000000000",
		"Level":4,
		"Opcode":0,
		"Guid":"ED8B9BD3-F66E-4FF2-B86B-75C7925F72A9",
		"Provider_Name":"Microsoft-Windows-Provisioning-Diagnostics-Provider",
		"UserID":"S-1-5-18",
		"Task":0,
		"SystemTime":"2024-08-08T06:28:15.355132Z",
		"Version":0,
		"OriginalLogfile":"Microsoft-Windows-Provisioning-Diagnostics-Provider%4Admin.evtx-WX93G1GC.json",
		"Message1":"Power.Settings.IdleResiliency.ppkg",
		"Message2":"{f11899f2-71ec-4621-9997-e17ae2f6eb26}"
	},
	{
		"Rule level":"medium",
		"title":"WMI Event Subscription",
		"sigma_yml":"sysmon_wmi_event_subscription.yml",
		"description":"Detects creation of WMI event subscription persistence method",
		"row_id":14897,
		"Channel":"Microsoft-Windows-Provisioning-Diagnostics-Provider/Admin",
		"Computer":"DESKTOP-GAIBSBB",
		"EventID":20,
		"EventRecordID":17,
		"ProcessID":4028,
		"ThreadID":4032,
		"Keywords":"0x8000000000000000",
		"Level":4,
		"Opcode":0,
		"Guid":"ED8B9BD3-F66E-4FF2-B86B-75C7925F72A9",
		"Provider_Name":"Microsoft-Windows-Provisioning-Diagnostics-Provider",
		"UserID":"S-1-5-18",
		"Task":0,
		"SystemTime":"2024-08-08T06:28:15.361063Z",
		"Version":0,
		"OriginalLogfile":"Microsoft-Windows-Provisioning-Diagnostics-Provider%4Admin.evtx-WX93G1GC.json",
		"Message1":"Power.Settings.PCIExpress.ppkg",
		"Message2":"{268c43e1-aa2b-4036-86ef-8cda98a0c2fe}"
	},
	{
		"Rule level":"medium",
		"title":"WMI Event Subscription",
		"sigma_yml":"sysmon_wmi_event_subscription.yml",
		"description":"Detects creation of WMI event subscription persistence method",
		"row_id":14898,
		"Channel":"Microsoft-Windows-Provisioning-Diagnostics-Provider/Admin",
		"Computer":"DESKTOP-GAIBSBB",
		"EventID":20,
		"EventRecordID":18,
		"ProcessID":4028,
		"ThreadID":4032,
		"Keywords":"0x8000000000000000",
		"Level":4,
		"Opcode":0,
		"Guid":"ED8B9BD3-F66E-4FF2-B86B-75C7925F72A9",
		"Provider_Name":"Microsoft-Windows-Provisioning-Diagnostics-Provider",
		"UserID":"S-1-5-18",
		"Task":0,
		"SystemTime":"2024-08-08T06:28:15.368470Z",
		"Version":0,
		"OriginalLogfile":"Microsoft-Windows-Provisioning-Diagnostics-Provider%4Admin.evtx-WX93G1GC.json",
		"Message1":"Power.Settings.Processor.ppkg",
		"Message2":"{fc01e91f-914c-45af-9d7c-0b2e5fbedf62}"
	},
	{
		"Rule level":"medium",
		"title":"WMI Event Subscription",
		"sigma_yml":"sysmon_wmi_event_subscription.yml",
		"description":"Detects creation of WMI event subscription persistence method",
		"row_id":14899,
		"Channel":"Microsoft-Windows-Provisioning-Diagnostics-Provider/Admin",
		"Computer":"DESKTOP-GAIBSBB",
		"EventID":20,
		"EventRecordID":19,
		"ProcessID":4028,
		"ThreadID":4032,
		"Keywords":"0x8000000000000000",
		"Level":4,
		"Opcode":0,
		"Guid":"ED8B9BD3-F66E-4FF2-B86B-75C7925F72A9",
		"Provider_Name":"Microsoft-Windows-Provisioning-Diagnostics-Provider",
		"UserID":"S-1-5-18",
		"Task":0,
		"SystemTime":"2024-08-08T06:28:15.374462Z",
		"Version":0,
		"OriginalLogfile":"Microsoft-Windows-Provisioning-Diagnostics-Provider%4Admin.evtx-WX93G1GC.json",
		"Message1":"Power.Settings.Sleep.ppkg",
		"Message2":"{3742e5e8-6d9d-473b-99a6-8ecc0f43548a}"
	},
	{
		"Rule level":"medium",
		"title":"WMI Event Subscription",
		"sigma_yml":"sysmon_wmi_event_subscription.yml",
		"description":"Detects creation of WMI event subscription persistence method",
		"row_id":14900,
		"Channel":"Microsoft-Windows-Provisioning-Diagnostics-Provider/Admin",
		"Computer":"DESKTOP-GAIBSBB",
		"EventID":20,
		"EventRecordID":20,
		"ProcessID":4028,
		"ThreadID":4032,
		"Keywords":"0x8000000000000000",
		"Level":4,
		"Opcode":0,
		"Guid":"ED8B9BD3-F66E-4FF2-B86B-75C7925F72A9",
		"Provider_Name":"Microsoft-Windows-Provisioning-Diagnostics-Provider",
		"UserID":"S-1-5-18",
		"Task":0,
		"SystemTime":"2024-08-08T06:28:15.385374Z",
		"Version":0,
		"OriginalLogfile":"Microsoft-Windows-Provisioning-Diagnostics-Provider%4Admin.evtx-WX93G1GC.json",
		"Message1":"Microsoft.Windows.Cosa.Desktop.Client.ppkg",
		"Message2":"{c8a326e4-f518-4f14-b543-97a57e1a975e}"
	},
	{
		"Rule level":"medium",
		"title":"WMI Event Subscription",
		"sigma_yml":"sysmon_wmi_event_subscription.yml",
		"description":"Detects creation of WMI event subscription persistence method",
		"row_id":16206,
		"Channel":"System",
		"Computer":"WIN-JBA4I0LPF37",
		"EventID":20,
		"EventRecordID":10,
		"ProcessID":4,
		"ThreadID":8,
		"Keywords":"0x8000000000000010",
		"Level":4,
		"Opcode":0,
		"Guid":"A68CA8B7-004F-D7B6-A698-07E2DE0F1F5D",
		"Provider_Name":"Microsoft-Windows-Kernel-General",
		"UserID":"S-1-5-18",
		"Task":6,
		"SystemTime":"2024-08-08T23:26:18.562452Z",
		"Version":0,
		"OriginalLogfile":"System.evtx-1DLEBLL1.json",
		"CountNew":0,
		"CountOld":0,
		"EnabledNew":1,
		"UpdateReason":0
	},
	{
		"Rule level":"medium",
		"title":"WMI Event Subscription",
		"sigma_yml":"sysmon_wmi_event_subscription.yml",
		"description":"Detects creation of WMI event subscription persistence method",
		"row_id":16341,
		"Channel":"System",
		"Computer":"DESKTOP-GAIBSBB",
		"EventID":20,
		"EventRecordID":145,
		"ProcessID":4,
		"ThreadID":8,
		"Keywords":"0x8000000000000000",
		"Level":4,
		"Opcode":0,
		"Guid":"15CA44FF-4D7A-4BAA-BBA5-0998955E531E",
		"Provider_Name":"Microsoft-Windows-Kernel-Boot",
		"UserID":"S-1-5-18",
		"Task":31,
		"SystemTime":"2024-08-08T23:27:57.831430Z",
		"Version":1,
		"OriginalLogfile":"System.evtx-1DLEBLL1.json",
		"BootStatusPolicy":2,
		"LastBootGood":1,
		"LastBootId":1,
		"LastShutdownGood":1
	},
	{
		"Rule level":"medium",
		"title":"WMI Event Subscription",
		"sigma_yml":"sysmon_wmi_event_subscription.yml",
		"description":"Detects creation of WMI event subscription persistence method",
		"row_id":16347,
		"Channel":"System",
		"Computer":"DESKTOP-GAIBSBB",
		"EventID":20,
		"EventRecordID":151,
		"ProcessID":4,
		"ThreadID":8,
		"Keywords":"0x8000000000000010",
		"Level":4,
		"Opcode":0,
		"Guid":"A68CA8B7-004F-D7B6-A698-07E2DE0F1F5D",
		"Provider_Name":"Microsoft-Windows-Kernel-General",
		"UserID":"S-1-5-18",
		"Task":6,
		"SystemTime":"2024-08-08T23:27:57.833926Z",
		"Version":0,
		"OriginalLogfile":"System.evtx-1DLEBLL1.json",
		"CountNew":0,
		"CountOld":0,
		"EnabledNew":1,
		"UpdateReason":0
	},
	{
		"Rule level":"medium",
		"title":"WMI Event Subscription",
		"sigma_yml":"sysmon_wmi_event_subscription.yml",
		"description":"Detects creation of WMI event subscription persistence method",
		"row_id":16467,
		"Channel":"System",
		"Computer":"DESKTOP-GAIBSBB",
		"EventID":20,
		"EventRecordID":271,
		"ProcessID":4,
		"ThreadID":8,
		"Keywords":"0x8000000000000000",
		"Level":4,
		"Opcode":0,
		"Guid":"15CA44FF-4D7A-4BAA-BBA5-0998955E531E",
		"Provider_Name":"Microsoft-Windows-Kernel-Boot",
		"UserID":"S-1-5-18",
		"Task":31,
		"SystemTime":"2024-08-08T06:34:27.154060Z",
		"Version":1,
		"OriginalLogfile":"System.evtx-1DLEBLL1.json",
		"BootStatusPolicy":2,
		"LastBootGood":1,
		"LastBootId":2,
		"LastShutdownGood":1
	},
	{
		"Rule level":"medium",
		"title":"WMI Event Subscription",
		"sigma_yml":"sysmon_wmi_event_subscription.yml",
		"description":"Detects creation of WMI event subscription persistence method",
		"row_id":16473,
		"Channel":"System",
		"Computer":"DESKTOP-GAIBSBB",
		"EventID":20,
		"EventRecordID":277,
		"ProcessID":4,
		"ThreadID":8,
		"Keywords":"0x8000000000000010",
		"Level":4,
		"Opcode":0,
		"Guid":"A68CA8B7-004F-D7B6-A698-07E2DE0F1F5D",
		"Provider_Name":"Microsoft-Windows-Kernel-General",
		"UserID":"S-1-5-18",
		"Task":6,
		"SystemTime":"2024-08-08T06:34:27.156298Z",
		"Version":0,
		"OriginalLogfile":"System.evtx-1DLEBLL1.json",
		"CountNew":0,
		"CountOld":0,
		"EnabledNew":1,
		"UpdateReason":0
	},
	{
		"Rule level":"medium",
		"title":"WMI Event Subscription",
		"sigma_yml":"sysmon_wmi_event_subscription.yml",
		"description":"Detects creation of WMI event subscription persistence method",
		"row_id":16532,
		"Channel":"System",
		"Computer":"DESKTOP-GAIBSBB",
		"EventID":20,
		"EventRecordID":336,
		"ProcessID":4,
		"ThreadID":8,
		"Keywords":"0x8000000000000000",
		"Level":4,
		"Opcode":0,
		"Guid":"15CA44FF-4D7A-4BAA-BBA5-0998955E531E",
		"Provider_Name":"Microsoft-Windows-Kernel-Boot",
		"UserID":"S-1-5-18",
		"Task":31,
		"SystemTime":"2024-09-03T09:12:19.173381Z",
		"Version":1,
		"OriginalLogfile":"System.evtx-1DLEBLL1.json",
		"BootStatusPolicy":2,
		"LastBootGood":1,
		"LastBootId":3,
		"LastShutdownGood":0
	},
	{
		"Rule level":"medium",
		"title":"WMI Event Subscription",
		"sigma_yml":"sysmon_wmi_event_subscription.yml",
		"description":"Detects creation of WMI event subscription persistence method",
		"row_id":16538,
		"Channel":"System",
		"Computer":"DESKTOP-GAIBSBB",
		"EventID":20,
		"EventRecordID":342,
		"ProcessID":4,
		"ThreadID":8,
		"Keywords":"0x8000000000000010",
		"Level":4,
		"Opcode":0,
		"Guid":"A68CA8B7-004F-D7B6-A698-07E2DE0F1F5D",
		"Provider_Name":"Microsoft-Windows-Kernel-General",
		"UserID":"S-1-5-18",
		"Task":6,
		"SystemTime":"2024-09-03T09:12:19.177842Z",
		"Version":0,
		"OriginalLogfile":"System.evtx-1DLEBLL1.json",
		"CountNew":0,
		"CountOld":0,
		"EnabledNew":1,
		"UpdateReason":0
	},
	{
		"Rule level":"medium",
		"title":"WMI Event Subscription",
		"sigma_yml":"sysmon_wmi_event_subscription.yml",
		"description":"Detects creation of WMI event subscription persistence method",
		"row_id":4263,
		"Channel":"Microsoft-Windows-TerminalServices-LocalSessionManager/Operational",
		"Computer":"DESKTOP-GAIBSBB",
		"EventID":21,
		"EventRecordID":25,
		"ProcessID":976,
		"ThreadID":5044,
		"Keywords":"0x1000000000000000",
		"Level":4,
		"Opcode":0,
		"Guid":"5D896912-022D-40AA-A3A8-4FA5515C76D7",
		"Provider_Name":"Microsoft-Windows-TerminalServices-LocalSessionManager",
		"UserID":"S-1-5-18",
		"Task":0,
		"SystemTime":"2024-08-08T06:33:18.129507Z",
		"Version":0,
		"OriginalLogfile":"Microsoft-Windows-TerminalServices-LocalSessionManager%4Operational.evtx-XIID4X3O.json",
		"User":"DESKTOP-GAIBSBB\\dfir",
		"ActivityID":"61A55000-55E5-1017-0000-000000000000",
		"SessionID":1,
		"Address":"LOCAL"
	},
	{
		"Rule level":"medium",
		"title":"WMI Event Subscription",
		"sigma_yml":"sysmon_wmi_event_subscription.yml",
		"description":"Detects creation of WMI event subscription persistence method",
		"row_id":4270,
		"Channel":"Microsoft-Windows-TerminalServices-LocalSessionManager/Operational",
		"Computer":"DESKTOP-GAIBSBB",
		"EventID":21,
		"EventRecordID":32,
		"ProcessID":972,
		"ThreadID":1788,
		"Keywords":"0x1000000000000000",
		"Level":4,
		"Opcode":0,
		"Guid":"5D896912-022D-40AA-A3A8-4FA5515C76D7",
		"Provider_Name":"Microsoft-Windows-TerminalServices-LocalSessionManager",
		"UserID":"S-1-5-18",
		"Task":0,
		"SystemTime":"2024-08-08T06:34:37.017401Z",
		"Version":0,
		"OriginalLogfile":"Microsoft-Windows-TerminalServices-LocalSessionManager%4Operational.evtx-XIID4X3O.json",
		"User":"DESKTOP-GAIBSBB\\dfir",
		"ActivityID":"61A55000-55E5-1017-0000-000000000000",
		"SessionID":1,
		"Address":"LOCAL"
	},
	{
		"Rule level":"medium",
		"title":"WMI Event Subscription",
		"sigma_yml":"sysmon_wmi_event_subscription.yml",
		"description":"Detects creation of WMI event subscription persistence method",
		"row_id":4275,
		"Channel":"Microsoft-Windows-TerminalServices-LocalSessionManager/Operational",
		"Computer":"DESKTOP-GAIBSBB",
		"EventID":21,
		"EventRecordID":37,
		"ProcessID":988,
		"ThreadID":368,
		"Keywords":"0x1000000000000000",
		"Level":4,
		"Opcode":0,
		"Guid":"5D896912-022D-40AA-A3A8-4FA5515C76D7",
		"Provider_Name":"Microsoft-Windows-TerminalServices-LocalSessionManager",
		"UserID":"S-1-5-18",
		"Task":0,
		"SystemTime":"2024-09-03T09:12:31.245636Z",
		"Version":0,
		"OriginalLogfile":"Microsoft-Windows-TerminalServices-LocalSessionManager%4Operational.evtx-XIID4X3O.json",
		"User":"DESKTOP-GAIBSBB\\dfir",
		"ActivityID":"61A55000-55E5-1017-0000-000000000000",
		"SessionID":1,
		"Address":"LOCAL"
	},
	{
		"Rule level":"medium",
		"title":"WMI Event Subscription",
		"sigma_yml":"sysmon_wmi_event_subscription.yml",
		"description":"Detects creation of WMI event subscription persistence method",
		"row_id":15725,
		"Channel":"Microsoft-Windows-BackgroundTaskInfrastructure/Operational",
		"Computer":"DESKTOP-GAIBSBB",
		"EventID":21,
		"EventRecordID":1,
		"ProcessID":808,
		"ThreadID":7136,
		"Keywords":"0x4000000000000001",
		"Level":4,
		"Opcode":113,
		"Guid":"E6835967-E0D2-41FB-BCEC-58387404E25A",
		"Provider_Name":"Microsoft-Windows-BrokerInfrastructure",
		"UserID":"S-1-5-18",
		"Task":100,
		"SystemTime":"2024-08-08T06:33:53.932743Z",
		"Version":0,
		"OriginalLogfile":"Microsoft-Windows-BackgroundTaskInfrastructure%4Operational.evtx-KQNJUKY4.json",
		"ActivityID":"9A18FAE2-E9EA-0000-040B-199AEAE9DA01",
		"TaskName":"Placeholder tile event based initialization",
		"NameLength":43,
		"Result":2150040155,
		"EntryPointLength":95,
		"TaskEntryPoint":"WindowsInternal.Shell.UnifiedTile.CuratedTileCollections.CollectionInitializationBackgroundTask"
	},
	{
		"Rule level":"medium",
		"title":"WMI Event Subscription",
		"sigma_yml":"sysmon_wmi_event_subscription.yml",
		"description":"Detects creation of WMI event subscription persistence method",
		"row_id":15726,
		"Channel":"Microsoft-Windows-BackgroundTaskInfrastructure/Operational",
		"Computer":"DESKTOP-GAIBSBB",
		"EventID":21,
		"EventRecordID":2,
		"ProcessID":808,
		"ThreadID":6704,
		"Keywords":"0x4000000000000001",
		"Level":4,
		"Opcode":113,
		"Guid":"E6835967-E0D2-41FB-BCEC-58387404E25A",
		"Provider_Name":"Microsoft-Windows-BrokerInfrastructure",
		"UserID":"S-1-5-18",
		"Task":100,
		"SystemTime":"2024-08-08T06:33:53.977720Z",
		"Version":0,
		"OriginalLogfile":"Microsoft-Windows-BackgroundTaskInfrastructure%4Operational.evtx-KQNJUKY4.json",
		"ActivityID":"9A18FAE2-E9EA-0001-7E0A-199AEAE9DA01",
		"TaskName":"windows.preInstalledConfigTask",
		"NameLength":30,
		"Result":2150040155,
		"EntryPointLength":36,
		"TaskEntryPoint":"SpModel.Model.BookTileBackgroundTask"
	},
	{
		"Rule level":"medium",
		"title":"WMI Event Subscription",
		"sigma_yml":"sysmon_wmi_event_subscription.yml",
		"description":"Detects creation of WMI event subscription persistence method",
		"row_id":15727,
		"Channel":"Microsoft-Windows-BackgroundTaskInfrastructure/Operational",
		"Computer":"DESKTOP-GAIBSBB",
		"EventID":21,
		"EventRecordID":3,
		"ProcessID":808,
		"ThreadID":7656,
		"Keywords":"0x4000000000000001",
		"Level":4,
		"Opcode":113,
		"Guid":"E6835967-E0D2-41FB-BCEC-58387404E25A",
		"Provider_Name":"Microsoft-Windows-BrokerInfrastructure",
		"UserID":"S-1-5-18",
		"Task":100,
		"SystemTime":"2024-08-08T06:33:53.994764Z",
		"Version":0,
		"OriginalLogfile":"Microsoft-Windows-BackgroundTaskInfrastructure%4Operational.evtx-KQNJUKY4.json",
		"ActivityID":"9A18FAE2-E9EA-0001-7F0A-199AEAE9DA01",
		"TaskName":"windows.preInstalledConfigTask",
		"NameLength":30,
		"Result":2150040155,
		"EntryPointLength":19,
		"TaskEntryPoint":"HxMail.FirstRunTask"
	},
	{
		"Rule level":"medium",
		"title":"WMI Event Subscription",
		"sigma_yml":"sysmon_wmi_event_subscription.yml",
		"description":"Detects creation of WMI event subscription persistence method",
		"row_id":15728,
		"Channel":"Microsoft-Windows-BackgroundTaskInfrastructure/Operational",
		"Computer":"DESKTOP-GAIBSBB",
		"EventID":21,
		"EventRecordID":4,
		"ProcessID":808,
		"ThreadID":5988,
		"Keywords":"0x4000000000000001",
		"Level":4,
		"Opcode":113,
		"Guid":"E6835967-E0D2-41FB-BCEC-58387404E25A",
		"Provider_Name":"Microsoft-Windows-BrokerInfrastructure",
		"UserID":"S-1-5-18",
		"Task":100,
		"SystemTime":"2024-08-08T06:33:54.043963Z",
		"Version":0,
		"OriginalLogfile":"Microsoft-Windows-BackgroundTaskInfrastructure%4Operational.evtx-KQNJUKY4.json",
		"ActivityID":"9A18FAE2-E9EA-0001-810A-199AEAE9DA01",
		"TaskName":"windows.preInstalledConfigTask",
		"NameLength":30,
		"Result":2150040155,
		"EntryPointLength":43,
		"TaskEntryPoint":"WinStoreTasksWrapper.PreInstallRegisterTask"
	},
	{
		"Rule level":"medium",
		"title":"WMI Event Subscription",
		"sigma_yml":"sysmon_wmi_event_subscription.yml",
		"description":"Detects creation of WMI event subscription persistence method",
		"row_id":15729,
		"Channel":"Microsoft-Windows-BackgroundTaskInfrastructure/Operational",
		"Computer":"DESKTOP-GAIBSBB",
		"EventID":21,
		"EventRecordID":5,
		"ProcessID":808,
		"ThreadID":6288,
		"Keywords":"0x4000000000000001",
		"Level":4,
		"Opcode":113,
		"Guid":"E6835967-E0D2-41FB-BCEC-58387404E25A",
		"Provider_Name":"Microsoft-Windows-BrokerInfrastructure",
		"UserID":"S-1-5-18",
		"Task":100,
		"SystemTime":"2024-08-08T06:33:54.080631Z",
		"Version":0,
		"OriginalLogfile":"Microsoft-Windows-BackgroundTaskInfrastructure%4Operational.evtx-KQNJUKY4.json",
		"ActivityID":"9A18FAE2-E9EA-0003-4208-199AEAE9DA01",
		"TaskName":"windows.preInstalledConfigTask",
		"NameLength":30,
		"Result":2150040155,
		"EntryPointLength":51,
		"TaskEntryPoint":"PhotosApp.BackgroundTasks.OobeBackgroundTaskStarter"
	},
	{
		"Rule level":"medium",
		"title":"WMI Event Subscription",
		"sigma_yml":"sysmon_wmi_event_subscription.yml",
		"description":"Detects creation of WMI event subscription persistence method",
		"row_id":15730,
		"Channel":"Microsoft-Windows-BackgroundTaskInfrastructure/Operational",
		"Computer":"DESKTOP-GAIBSBB",
		"EventID":21,
		"EventRecordID":6,
		"ProcessID":792,
		"ThreadID":6644,
		"Keywords":"0x4000000000000001",
		"Level":4,
		"Opcode":113,
		"Guid":"E6835967-E0D2-41FB-BCEC-58387404E25A",
		"Provider_Name":"Microsoft-Windows-BrokerInfrastructure",
		"UserID":"S-1-5-18",
		"Task":100,
		"SystemTime":"2024-08-08T06:34:43.325280Z",
		"Version":0,
		"OriginalLogfile":"Microsoft-Windows-BackgroundTaskInfrastructure%4Operational.evtx-KQNJUKY4.json",
		"ActivityID":"041A760C-E95D-0003-DC78-1A045DE9DA01",
		"NameLength":0,
		"Result":2147942526,
		"EntryPointLength":36,
		"TaskEntryPoint":"SpModel.Model.BookTileBackgroundTask"
	},
	{
		"Rule level":"medium",
		"title":"WMI Event Subscription",
		"sigma_yml":"sysmon_wmi_event_subscription.yml",
		"description":"Detects creation of WMI event subscription persistence method",
		"row_id":15731,
		"Channel":"Microsoft-Windows-BackgroundTaskInfrastructure/Operational",
		"Computer":"DESKTOP-GAIBSBB",
		"EventID":21,
		"EventRecordID":7,
		"ProcessID":816,
		"ThreadID":7672,
		"Keywords":"0x4000000000000001",
		"Level":4,
		"Opcode":113,
		"Guid":"E6835967-E0D2-41FB-BCEC-58387404E25A",
		"Provider_Name":"Microsoft-Windows-BrokerInfrastructure",
		"UserID":"S-1-5-18",
		"Task":100,
		"SystemTime":"2024-09-03T09:12:53.955661Z",
		"Version":0,
		"OriginalLogfile":"Microsoft-Windows-BackgroundTaskInfrastructure%4Operational.evtx-KQNJUKY4.json",
		"ActivityID":"609C806B-FDE1-0001-F383-9C60E1FDDA01",
		"NameLength":0,
		"Result":2147942526,
		"EntryPointLength":36,
		"TaskEntryPoint":"SpModel.Model.BookTileBackgroundTask"
	},
	{
		"Rule level":"medium",
		"title":"Certificate Private Key Acquired",
		"sigma_yml":"win_capi2_acquire_certificate_private_key.yml",
		"description":"Detects when an application acquires a certificate private key",
		"row_id":10,
		"Channel":"Microsoft-Windows-AppModel-Runtime/Admin",
		"Computer":"DESKTOP-GAIBSBB",
		"EventID":70,
		"EventRecordID":10,
		"ProcessID":3892,
		"ThreadID":2044,
		"Keywords":"0x2000000000000001",
		"Level":4,
		"Opcode":0,
		"Guid":"F1EF270A-0D32-4352-BA52-DBAB41E1D859",
		"Provider_Name":"Microsoft-Windows-AppModel-Runtime",
		"UserID":"S-1-5-18",
		"Task":0,
		"SystemTime":"2024-08-08T06:33:19.846419Z",
		"Version":0,
		"OriginalLogfile":"Microsoft-Windows-AppModel-Runtime%4Admin.evtx-CYJD6GG4.json",
		"CurrentStatus":32,
		"DesiredStatus":0,
		"PackageFullName":"Microsoft.BioEnrollment_10.0.19041.1023_neutral__cw5n1h2txyewy",
		"User":"S-1-5-21-2381387566-4172994561-1950376889-1000",
		"ActivityID":"9A18FAE2-E9EA-0002-0CFE-189AEAE9DA01"
	},
	{
		"Rule level":"medium",
		"title":"Certificate Private Key Acquired",
		"sigma_yml":"win_capi2_acquire_certificate_private_key.yml",
		"description":"Detects when an application acquires a certificate private key",
		"row_id":11,
		"Channel":"Microsoft-Windows-AppModel-Runtime/Admin",
		"Computer":"DESKTOP-GAIBSBB",
		"EventID":70,
		"EventRecordID":11,
		"ProcessID":3892,
		"ThreadID":1836,
		"Keywords":"0x2000000000000001",
		"Level":4,
		"Opcode":0,
		"Guid":"F1EF270A-0D32-4352-BA52-DBAB41E1D859",
		"Provider_Name":"Microsoft-Windows-AppModel-Runtime",
		"UserID":"S-1-5-18",
		"Task":0,
		"SystemTime":"2024-08-08T06:33:19.907857Z",
		"Version":0,
		"OriginalLogfile":"Microsoft-Windows-AppModel-Runtime%4Admin.evtx-CYJD6GG4.json",
		"CurrentStatus":32,
		"DesiredStatus":0,
		"PackageFullName":"Microsoft.Windows.CloudExperienceHost_10.0.19041.1266_neutral_neutral_cw5n1h2txyewy",
		"User":"S-1-5-21-2381387566-4172994561-1950376889-1000",
		"ActivityID":"9A18FAE2-E9EA-0001-8FFF-189AEAE9DA01"
	},
	{
		"Rule level":"medium",
		"title":"Certificate Private Key Acquired",
		"sigma_yml":"win_capi2_acquire_certificate_private_key.yml",
		"description":"Detects when an application acquires a certificate private key",
		"row_id":17,
		"Channel":"Microsoft-Windows-AppModel-Runtime/Admin",
		"Computer":"DESKTOP-GAIBSBB",
		"EventID":70,
		"EventRecordID":17,
		"ProcessID":3892,
		"ThreadID":2044,
		"Keywords":"0x2000000000000001",
		"Level":4,
		"Opcode":0,
		"Guid":"F1EF270A-0D32-4352-BA52-DBAB41E1D859",
		"Provider_Name":"Microsoft-Windows-AppModel-Runtime",
		"UserID":"S-1-5-18",
		"Task":0,
		"SystemTime":"2024-08-08T06:33:20.346190Z",
		"Version":0,
		"OriginalLogfile":"Microsoft-Windows-AppModel-Runtime%4Admin.evtx-CYJD6GG4.json",
		"CurrentStatus":32,
		"DesiredStatus":0,
		"PackageFullName":"Microsoft.Windows.OOBENetworkConnectionFlow_10.0.19041.1023_neutral__cw5n1h2txyewy",
		"User":"S-1-5-21-2381387566-4172994561-1950376889-1000",
		"ActivityID":"9A18FAE2-E9EA-0000-32FE-189AEAE9DA01"
	},
	{
		"Rule level":"medium",
		"title":"Certificate Private Key Acquired",
		"sigma_yml":"win_capi2_acquire_certificate_private_key.yml",
		"description":"Detects when an application acquires a certificate private key",
		"row_id":18,
		"Channel":"Microsoft-Windows-AppModel-Runtime/Admin",
		"Computer":"DESKTOP-GAIBSBB",
		"EventID":70,
		"EventRecordID":18,
		"ProcessID":3892,
		"ThreadID":660,
		"Keywords":"0x2000000000000001",
		"Level":4,
		"Opcode":0,
		"Guid":"F1EF270A-0D32-4352-BA52-DBAB41E1D859",
		"Provider_Name":"Microsoft-Windows-AppModel-Runtime",
		"UserID":"S-1-5-18",
		"Task":0,
		"SystemTime":"2024-08-08T06:33:20.418349Z",
		"Version":0,
		"OriginalLogfile":"Microsoft-Windows-AppModel-Runtime%4Admin.evtx-CYJD6GG4.json",
		"CurrentStatus":32,
		"DesiredStatus":0,
		"PackageFullName":"Microsoft.AAD.BrokerPlugin_1000.19041.1023.0_neutral_neutral_cw5n1h2txyewy",
		"User":"S-1-5-21-2381387566-4172994561-1950376889-1000",
		"ActivityID":"9A18FAE2-E9EA-0003-2CFE-189AEAE9DA01"
	},
	{
		"Rule level":"medium",
		"title":"Certificate Private Key Acquired",
		"sigma_yml":"win_capi2_acquire_certificate_private_key.yml",
		"description":"Detects when an application acquires a certificate private key",
		"row_id":23,
		"Channel":"Microsoft-Windows-AppModel-Runtime/Admin",
		"Computer":"DESKTOP-GAIBSBB",
		"EventID":70,
		"EventRecordID":23,
		"ProcessID":3892,
		"ThreadID":2044,
		"Keywords":"0x2000000000000001",
		"Level":4,
		"Opcode":0,
		"Guid":"F1EF270A-0D32-4352-BA52-DBAB41E1D859",
		"Provider_Name":"Microsoft-Windows-AppModel-Runtime",
		"UserID":"S-1-5-18",
		"Task":0,
		"SystemTime":"2024-08-08T06:33:20.665786Z",
		"Version":0,
		"OriginalLogfile":"Microsoft-Windows-AppModel-Runtime%4Admin.evtx-CYJD6GG4.json",
		"CurrentStatus":32,
		"DesiredStatus":0,
		"PackageFullName":"Microsoft.Windows.OOBENetworkCaptivePortal_10.0.19041.1023_neutral__cw5n1h2txyewy",
		"User":"S-1-5-21-2381387566-4172994561-1950376889-1000",
		"ActivityID":"9A18FAE2-E9EA-0002-95FE-189AEAE9DA01"
	},
	{
		"Rule level":"medium",
		"title":"Certificate Private Key Acquired",
		"sigma_yml":"win_capi2_acquire_certificate_private_key.yml",
		"description":"Detects when an application acquires a certificate private key",
		"row_id":24,
		"Channel":"Microsoft-Windows-AppModel-Runtime/Admin",
		"Computer":"DESKTOP-GAIBSBB",
		"EventID":70,
		"EventRecordID":24,
		"ProcessID":3892,
		"ThreadID":660,
		"Keywords":"0x2000000000000001",
		"Level":4,
		"Opcode":0,
		"Guid":"F1EF270A-0D32-4352-BA52-DBAB41E1D859",
		"Provider_Name":"Microsoft-Windows-AppModel-Runtime",
		"UserID":"S-1-5-18",
		"Task":0,
		"SystemTime":"2024-08-08T06:33:20.815523Z",
		"Version":0,
		"OriginalLogfile":"Microsoft-Windows-AppModel-Runtime%4Admin.evtx-CYJD6GG4.json",
		"CurrentStatus":32,
		"DesiredStatus":0,
		"PackageFullName":"MicrosoftWindows.Client.CBS_1000.19041.1000.0_x64__cw5n1h2txyewy",
		"User":"S-1-5-21-2381387566-4172994561-1950376889-1000",
		"ActivityID":"9A18FAE2-E9EA-0000-73FE-189AEAE9DA01"
	},
	{
		"Rule level":"medium",
		"title":"Certificate Private Key Acquired",
		"sigma_yml":"win_capi2_acquire_certificate_private_key.yml",
		"description":"Detects when an application acquires a certificate private key",
		"row_id":28,
		"Channel":"Microsoft-Windows-AppModel-Runtime/Admin",
		"Computer":"DESKTOP-GAIBSBB",
		"EventID":70,
		"EventRecordID":28,
		"ProcessID":3892,
		"ThreadID":2044,
		"Keywords":"0x2000000000000001",
		"Level":4,
		"Opcode":0,
		"Guid":"F1EF270A-0D32-4352-BA52-DBAB41E1D859",
		"Provider_Name":"Microsoft-Windows-AppModel-Runtime",
		"UserID":"S-1-5-18",
		"Task":0,
		"SystemTime":"2024-08-08T06:33:22.556071Z",
		"Version":0,
		"OriginalLogfile":"Microsoft-Windows-AppModel-Runtime%4Admin.evtx-CYJD6GG4.json",
		"CurrentStatus":32,
		"DesiredStatus":0,
		"PackageFullName":"MicrosoftWindows.UndockedDevKit_10.0.19041.1023_neutral_neutral_cw5n1h2txyewy",
		"User":"S-1-5-21-2381387566-4172994561-1950376889-1000",
		"ActivityID":"9A18FAE2-E9EA-0001-6300-199AEAE9DA01"
	},
	{
		"Rule level":"medium",
		"title":"Certificate Private Key Acquired",
		"sigma_yml":"win_capi2_acquire_certificate_private_key.yml",
		"description":"Detects when an application acquires a certificate private key",
		"row_id":32,
		"Channel":"Microsoft-Windows-AppModel-Runtime/Admin",
		"Computer":"DESKTOP-GAIBSBB",
		"EventID":70,
		"EventRecordID":32,
		"ProcessID":3892,
		"ThreadID":660,
		"Keywords":"0x2000000000000001",
		"Level":4,
		"Opcode":0,
		"Guid":"F1EF270A-0D32-4352-BA52-DBAB41E1D859",
		"Provider_Name":"Microsoft-Windows-AppModel-Runtime",
		"UserID":"S-1-5-18",
		"Task":0,
		"SystemTime":"2024-08-08T06:33:22.808905Z",
		"Version":0,
		"OriginalLogfile":"Microsoft-Windows-AppModel-Runtime%4Admin.evtx-CYJD6GG4.json",
		"CurrentStatus":32,
		"DesiredStatus":0,
		"PackageFullName":"Microsoft.Windows.StartMenuExperienceHost_10.0.19041.1023_neutral_neutral_cw5n1h2txyewy",
		"User":"S-1-5-21-2381387566-4172994561-1950376889-1000",
		"ActivityID":"9A18FAE2-E9EA-0002-F6FF-189AEAE9DA01"
	},
	{
		"Rule level":"medium",
		"title":"Certificate Private Key Acquired",
		"sigma_yml":"win_capi2_acquire_certificate_private_key.yml",
		"description":"Detects when an application acquires a certificate private key",
		"row_id":34,
		"Channel":"Microsoft-Windows-AppModel-Runtime/Admin",
		"Computer":"DESKTOP-GAIBSBB",
		"EventID":70,
		"EventRecordID":34,
		"ProcessID":3892,
		"ThreadID":2044,
		"Keywords":"0x2000000000000001",
		"Level":4,
		"Opcode":0,
		"Guid":"F1EF270A-0D32-4352-BA52-DBAB41E1D859",
		"Provider_Name":"Microsoft-Windows-AppModel-Runtime",
		"UserID":"S-1-5-18",
		"Task":0,
		"SystemTime":"2024-08-08T06:33:23.030610Z",
		"Version":0,
		"OriginalLogfile":"Microsoft-Windows-AppModel-Runtime%4Admin.evtx-CYJD6GG4.json",
		"CurrentStatus":32,
		"DesiredStatus":0,
		"PackageFullName":"Microsoft.Windows.ShellExperienceHost_10.0.19041.1949_neutral_neutral_cw5n1h2txyewy",
		"User":"S-1-5-21-2381387566-4172994561-1950376889-1000",
		"ActivityID":"9A18FAE2-E9EA-0001-4A01-199AEAE9DA01"
	},
	{
		"Rule level":"medium",
		"title":"Certificate Private Key Acquired",
		"sigma_yml":"win_capi2_acquire_certificate_private_key.yml",
		"description":"Detects when an application acquires a certificate private key",
		"row_id":45,
		"Channel":"Microsoft-Windows-AppModel-Runtime/Admin",
		"Computer":"DESKTOP-GAIBSBB",
		"EventID":70,
		"EventRecordID":45,
		"ProcessID":3892,
		"ThreadID":660,
		"Keywords":"0x2000000000000001",
		"Level":4,
		"Opcode":0,
		"Guid":"F1EF270A-0D32-4352-BA52-DBAB41E1D859",
		"Provider_Name":"Microsoft-Windows-AppModel-Runtime",
		"UserID":"S-1-5-18",
		"Task":0,
		"SystemTime":"2024-08-08T06:33:23.515504Z",
		"Version":0,
		"OriginalLogfile":"Microsoft-Windows-AppModel-Runtime%4Admin.evtx-CYJD6GG4.json",
		"CurrentStatus":32,
		"DesiredStatus":0,
		"PackageFullName":"Microsoft.VCLibs.140.00_14.0.27323.0_x64__8wekyb3d8bbwe",
		"User":"S-1-5-21-2381387566-4172994561-1950376889-1000",
		"ActivityID":"9A18FAE2-E9EA-0000-A9FF-189AEAE9DA01"
	},
	{
		"Rule level":"medium",
		"title":"Certificate Private Key Acquired",
		"sigma_yml":"win_capi2_acquire_certificate_private_key.yml",
		"description":"Detects when an application acquires a certificate private key",
		"row_id":46,
		"Channel":"Microsoft-Windows-AppModel-Runtime/Admin",
		"Computer":"DESKTOP-GAIBSBB",
		"EventID":70,
		"EventRecordID":46,
		"ProcessID":3892,
		"ThreadID":660,
		"Keywords":"0x2000000000000001",
		"Level":4,
		"Opcode":0,
		"Guid":"F1EF270A-0D32-4352-BA52-DBAB41E1D859",
		"Provider_Name":"Microsoft-Windows-AppModel-Runtime",
		"UserID":"S-1-5-18",
		"Task":0,
		"SystemTime":"2024-08-08T06:33:23.515688Z",
		"Version":0,
		"OriginalLogfile":"Microsoft-Windows-AppModel-Runtime%4Admin.evtx-CYJD6GG4.json",
		"CurrentStatus":32,
		"DesiredStatus":0,
		"PackageFullName":"Microsoft.NET.Native.Runtime.2.2_2.2.27328.0_x64__8wekyb3d8bbwe",
		"User":"S-1-5-21-2381387566-4172994561-1950376889-1000",
		"ActivityID":"9A18FAE2-E9EA-0000-A9FF-189AEAE9DA01"
	},
	{
		"Rule level":"medium",
		"title":"Certificate Private Key Acquired",
		"sigma_yml":"win_capi2_acquire_certificate_private_key.yml",
		"description":"Detects when an application acquires a certificate private key",
		"row_id":47,
		"Channel":"Microsoft-Windows-AppModel-Runtime/Admin",
		"Computer":"DESKTOP-GAIBSBB",
		"EventID":70,
		"EventRecordID":47,
		"ProcessID":3892,
		"ThreadID":660,
		"Keywords":"0x2000000000000001",
		"Level":4,
		"Opcode":0,
		"Guid":"F1EF270A-0D32-4352-BA52-DBAB41E1D859",
		"Provider_Name":"Microsoft-Windows-AppModel-Runtime",
		"UserID":"S-1-5-18",
		"Task":0,
		"SystemTime":"2024-08-08T06:33:23.515853Z",
		"Version":0,
		"OriginalLogfile":"Microsoft-Windows-AppModel-Runtime%4Admin.evtx-CYJD6GG4.json",
		"CurrentStatus":32,
		"DesiredStatus":0,
		"PackageFullName":"Microsoft.NET.Native.Framework.2.2_2.2.27405.0_x64__8wekyb3d8bbwe",
		"User":"S-1-5-21-2381387566-4172994561-1950376889-1000",
		"ActivityID":"9A18FAE2-E9EA-0000-A9FF-189AEAE9DA01"
	},
	{
		"Rule level":"medium",
		"title":"Certificate Private Key Acquired",
		"sigma_yml":"win_capi2_acquire_certificate_private_key.yml",
		"description":"Detects when an application acquires a certificate private key",
		"row_id":48,
		"Channel":"Microsoft-Windows-AppModel-Runtime/Admin",
		"Computer":"DESKTOP-GAIBSBB",
		"EventID":70,
		"EventRecordID":48,
		"ProcessID":3892,
		"ThreadID":660,
		"Keywords":"0x2000000000000001",
		"Level":4,
		"Opcode":0,
		"Guid":"F1EF270A-0D32-4352-BA52-DBAB41E1D859",
		"Provider_Name":"Microsoft-Windows-AppModel-Runtime",
		"UserID":"S-1-5-18",
		"Task":0,
		"SystemTime":"2024-08-08T06:33:23.516014Z",
		"Version":0,
		"OriginalLogfile":"Microsoft-Windows-AppModel-Runtime%4Admin.evtx-CYJD6GG4.json",
		"CurrentStatus":32,
		"DesiredStatus":0,
		"PackageFullName":"Microsoft.VCLibs.140.00.UWPDesktop_14.0.27629.0_x64__8wekyb3d8bbwe",
		"User":"S-1-5-21-2381387566-4172994561-1950376889-1000",
		"ActivityID":"9A18FAE2-E9EA-0000-A9FF-189AEAE9DA01"
	},
	{
		"Rule level":"medium",
		"title":"Certificate Private Key Acquired",
		"sigma_yml":"win_capi2_acquire_certificate_private_key.yml",
		"description":"Detects when an application acquires a certificate private key",
		"row_id":49,
		"Channel":"Microsoft-Windows-AppModel-Runtime/Admin",
		"Computer":"DESKTOP-GAIBSBB",
		"EventID":70,
		"EventRecordID":49,
		"ProcessID":3892,
		"ThreadID":660,
		"Keywords":"0x2000000000000001",
		"Level":4,
		"Opcode":0,
		"Guid":"F1EF270A-0D32-4352-BA52-DBAB41E1D859",
		"Provider_Name":"Microsoft-Windows-AppModel-Runtime",
		"UserID":"S-1-5-18",
		"Task":0,
		"SystemTime":"2024-08-08T06:33:23.516173Z",
		"Version":0,
		"OriginalLogfile":"Microsoft-Windows-AppModel-Runtime%4Admin.evtx-CYJD6GG4.json",
		"CurrentStatus":32,
		"DesiredStatus":0,
		"PackageFullName":"Microsoft.549981C3F5F10_1.1911.21713.0_x64__8wekyb3d8bbwe",
		"User":"S-1-5-21-2381387566-4172994561-1950376889-1000",
		"ActivityID":"9A18FAE2-E9EA-0000-A9FF-189AEAE9DA01"
	},
	{
		"Rule level":"medium",
		"title":"Certificate Private Key Acquired",
		"sigma_yml":"win_capi2_acquire_certificate_private_key.yml",
		"description":"Detects when an application acquires a certificate private key",
		"row_id":54,
		"Channel":"Microsoft-Windows-AppModel-Runtime/Admin",
		"Computer":"DESKTOP-GAIBSBB",
		"EventID":70,
		"EventRecordID":54,
		"ProcessID":3892,
		"ThreadID":660,
		"Keywords":"0x2000000000000001",
		"Level":4,
		"Opcode":0,
		"Guid":"F1EF270A-0D32-4352-BA52-DBAB41E1D859",
		"Provider_Name":"Microsoft-Windows-AppModel-Runtime",
		"UserID":"S-1-5-18",
		"Task":0,
		"SystemTime":"2024-08-08T06:33:23.978635Z",
		"Version":0,
		"OriginalLogfile":"Microsoft-Windows-AppModel-Runtime%4Admin.evtx-CYJD6GG4.json",
		"CurrentStatus":32,
		"DesiredStatus":0,
		"PackageFullName":"Microsoft.Windows.Search_1.14.9.19041_neutral_neutral_cw5n1h2txyewy",
		"User":"S-1-5-21-2381387566-4172994561-1950376889-1000",
		"ActivityID":"9A18FAE2-E9EA-0002-3B00-199AEAE9DA01"
	},
	{
		"Rule level":"medium",
		"title":"Certificate Private Key Acquired",
		"sigma_yml":"win_capi2_acquire_certificate_private_key.yml",
		"description":"Detects when an application acquires a certificate private key",
		"row_id":55,
		"Channel":"Microsoft-Windows-AppModel-Runtime/Admin",
		"Computer":"DESKTOP-GAIBSBB",
		"EventID":70,
		"EventRecordID":55,
		"ProcessID":3892,
		"ThreadID":1836,
		"Keywords":"0x2000000000000001",
		"Level":4,
		"Opcode":0,
		"Guid":"F1EF270A-0D32-4352-BA52-DBAB41E1D859",
		"Provider_Name":"Microsoft-Windows-AppModel-Runtime",
		"UserID":"S-1-5-18",
		"Task":0,
		"SystemTime":"2024-08-08T06:33:23.981435Z",
		"Version":0,
		"OriginalLogfile":"Microsoft-Windows-AppModel-Runtime%4Admin.evtx-CYJD6GG4.json",
		"CurrentStatus":32,
		"DesiredStatus":0,
		"PackageFullName":"Microsoft.MicrosoftEdge_44.19041.1266.0_neutral__8wekyb3d8bbwe",
		"User":"S-1-5-21-2381387566-4172994561-1950376889-1000",
		"ActivityID":"9A18FAE2-E9EA-0002-A900-199AEAE9DA01"
	},
	{
		"Rule level":"medium",
		"title":"Certificate Private Key Acquired",
		"sigma_yml":"win_capi2_acquire_certificate_private_key.yml",
		"description":"Detects when an application acquires a certificate private key",
		"row_id":58,
		"Channel":"Microsoft-Windows-AppModel-Runtime/Admin",
		"Computer":"DESKTOP-GAIBSBB",
		"EventID":70,
		"EventRecordID":58,
		"ProcessID":3892,
		"ThreadID":1836,
		"Keywords":"0x2000000000000001",
		"Level":4,
		"Opcode":0,
		"Guid":"F1EF270A-0D32-4352-BA52-DBAB41E1D859",
		"Provider_Name":"Microsoft-Windows-AppModel-Runtime",
		"UserID":"S-1-5-18",
		"Task":0,
		"SystemTime":"2024-08-08T06:33:24.275148Z",
		"Version":0,
		"OriginalLogfile":"Microsoft-Windows-AppModel-Runtime%4Admin.evtx-CYJD6GG4.json",
		"CurrentStatus":32,
		"DesiredStatus":0,
		"PackageFullName":"Microsoft.Windows.ContentDeliveryManager_10.0.19041.1023_neutral_neutral_cw5n1h2txyewy",
		"User":"S-1-5-21-2381387566-4172994561-1950376889-1000",
		"ActivityID":"9A18FAE2-E9EA-0002-DC00-199AEAE9DA01"
	},
	{
		"Rule level":"medium",
		"title":"Certificate Private Key Acquired",
		"sigma_yml":"win_capi2_acquire_certificate_private_key.yml",
		"description":"Detects when an application acquires a certificate private key",
		"row_id":59,
		"Channel":"Microsoft-Windows-AppModel-Runtime/Admin",
		"Computer":"DESKTOP-GAIBSBB",
		"EventID":70,
		"EventRecordID":59,
		"ProcessID":3892,
		"ThreadID":1836,
		"Keywords":"0x2000000000000001",
		"Level":4,
		"Opcode":0,
		"Guid":"F1EF270A-0D32-4352-BA52-DBAB41E1D859",
		"Provider_Name":"Microsoft-Windows-AppModel-Runtime",
		"UserID":"S-1-5-18",
		"Task":0,
		"SystemTime":"2024-08-08T06:33:24.843103Z",
		"Version":0,
		"OriginalLogfile":"Microsoft-Windows-AppModel-Runtime%4Admin.evtx-CYJD6GG4.json",
		"CurrentStatus":0,
		"DesiredStatus":2048,
		"PackageFullName":"1527c705-839a-4832-9118-54d4Bd6a0c89_10.0.19041.1023_neutral_neutral_cw5n1h2txyewy",
		"User":"S-1-5-21-2381387566-4172994561-1950376889-1000",
		"ActivityID":"9A18FAE2-E9EA-0003-5700-199AEAE9DA01"
	},
	{
		"Rule level":"medium",
		"title":"Certificate Private Key Acquired",
		"sigma_yml":"win_capi2_acquire_certificate_private_key.yml",
		"description":"Detects when an application acquires a certificate private key",
		"row_id":60,
		"Channel":"Microsoft-Windows-AppModel-Runtime/Admin",
		"Computer":"DESKTOP-GAIBSBB",
		"EventID":70,
		"EventRecordID":60,
		"ProcessID":3892,
		"ThreadID":1836,
		"Keywords":"0x2000000000000001",
		"Level":4,
		"Opcode":0,
		"Guid":"F1EF270A-0D32-4352-BA52-DBAB41E1D859",
		"Provider_Name":"Microsoft-Windows-AppModel-Runtime",
		"UserID":"S-1-5-18",
		"Task":0,
		"SystemTime":"2024-08-08T06:33:24.844527Z",
		"Version":0,
		"OriginalLogfile":"Microsoft-Windows-AppModel-Runtime%4Admin.evtx-CYJD6GG4.json",
		"CurrentStatus":0,
		"DesiredStatus":2048,
		"PackageFullName":"c5e2524a-ea46-4f67-841f-6a9465d9d515_10.0.19041.1949_neutral_neutral_cw5n1h2txyewy",
		"User":"S-1-5-21-2381387566-4172994561-1950376889-1000",
		"ActivityID":"9A18FAE2-E9EA-0003-5700-199AEAE9DA01"
	},
	{
		"Rule level":"medium",
		"title":"Certificate Private Key Acquired",
		"sigma_yml":"win_capi2_acquire_certificate_private_key.yml",
		"description":"Detects when an application acquires a certificate private key",
		"row_id":61,
		"Channel":"Microsoft-Windows-AppModel-Runtime/Admin",
		"Computer":"DESKTOP-GAIBSBB",
		"EventID":70,
		"EventRecordID":61,
		"ProcessID":3892,
		"ThreadID":1836,
		"Keywords":"0x2000000000000001",
		"Level":4,
		"Opcode":0,
		"Guid":"F1EF270A-0D32-4352-BA52-DBAB41E1D859",
		"Provider_Name":"Microsoft-Windows-AppModel-Runtime",
		"UserID":"S-1-5-18",
		"Task":0,
		"SystemTime":"2024-08-08T06:33:24.846335Z",
		"Version":0,
		"OriginalLogfile":"Microsoft-Windows-AppModel-Runtime%4Admin.evtx-CYJD6GG4.json",
		"CurrentStatus":0,
		"DesiredStatus":2048,
		"PackageFullName":"E2A4F912-2574-4A75-9BB0-0D023378592B_10.0.19041.1023_neutral_neutral_cw5n1h2txyewy",
		"User":"S-1-5-21-2381387566-4172994561-1950376889-1000",
		"ActivityID":"9A18FAE2-E9EA-0003-5700-199AEAE9DA01"
	},
	{
		"Rule level":"medium",
		"title":"Certificate Private Key Acquired",
		"sigma_yml":"win_capi2_acquire_certificate_private_key.yml",
		"description":"Detects when an application acquires a certificate private key",
		"row_id":62,
		"Channel":"Microsoft-Windows-AppModel-Runtime/Admin",
		"Computer":"DESKTOP-GAIBSBB",
		"EventID":70,
		"EventRecordID":62,
		"ProcessID":3892,
		"ThreadID":1836,
		"Keywords":"0x2000000000000001",
		"Level":4,
		"Opcode":0,
		"Guid":"F1EF270A-0D32-4352-BA52-DBAB41E1D859",
		"Provider_Name":"Microsoft-Windows-AppModel-Runtime",
		"UserID":"S-1-5-18",
		"Task":0,
		"SystemTime":"2024-08-08T06:33:24.848077Z",
		"Version":0,
		"OriginalLogfile":"Microsoft-Windows-AppModel-Runtime%4Admin.evtx-CYJD6GG4.json",
		"CurrentStatus":0,
		"DesiredStatus":2048,
		"PackageFullName":"F46D4000-FD22-4DB4-AC8E-4E1DDDE828FE_10.0.19041.1023_neutral_neutral_cw5n1h2txyewy",
		"User":"S-1-5-21-2381387566-4172994561-1950376889-1000",
		"ActivityID":"9A18FAE2-E9EA-0003-5700-199AEAE9DA01"
	},
	{
		"Rule level":"medium",
		"title":"Certificate Private Key Acquired",
		"sigma_yml":"win_capi2_acquire_certificate_private_key.yml",
		"description":"Detects when an application acquires a certificate private key",
		"row_id":63,
		"Channel":"Microsoft-Windows-AppModel-Runtime/Admin",
		"Computer":"DESKTOP-GAIBSBB",
		"EventID":70,
		"EventRecordID":63,
		"ProcessID":3892,
		"ThreadID":1836,
		"Keywords":"0x2000000000000001",
		"Level":4,
		"Opcode":0,
		"Guid":"F1EF270A-0D32-4352-BA52-DBAB41E1D859",
		"Provider_Name":"Microsoft-Windows-AppModel-Runtime",
		"UserID":"S-1-5-18",
		"Task":0,
		"SystemTime":"2024-08-08T06:33:24.849847Z",
		"Version":0,
		"OriginalLogfile":"Microsoft-Windows-AppModel-Runtime%4Admin.evtx-CYJD6GG4.json",
		"CurrentStatus":0,
		"DesiredStatus":2048,
		"PackageFullName":"Microsoft.AccountsControl_10.0.19041.1023_neutral__cw5n1h2txyewy",
		"User":"S-1-5-21-2381387566-4172994561-1950376889-1000",
		"ActivityID":"9A18FAE2-E9EA-0003-5700-199AEAE9DA01"
	},
