	{
		"Rule level":"medium",
		"title":"WMI Event Subscription",
		"sigma_yml":"sysmon_wmi_event_subscription.yml",
		"description":"Detects creation of WMI event subscription persistence method",
		"row_id":27573,
		"Channel":"System",
		"Computer":"DESKTOP-47I4RLN",
		"EventID":19,
		"EventRecordID":928,
		"ProcessID":2752,
		"ThreadID":5000,
		"Keywords":"0x8000000000000018",
		"Level":4,
		"Opcode":13,
		"Guid":"945A8954-C147-4ACD-923F-40C45405A658",
		"Provider_Name":"Microsoft-Windows-WindowsUpdateClient",
		"UserID":"S-1-5-18",
		"Task":1,
		"SystemTime":"2024-10-01T16:29:59.273900Z",
		"Version":1,
		"OriginalLogfile":"System.evtx-VO3HDEOC.json",
		"updateGuid":"ED0CF907-CDD5-40C1-A47C-0BA415F7A5CE",
		"updateRevisionNumber":207,
		"updateTitle":"2024-01 Update for Windows 10 Version 22H2 for x64-based Systems (KB5033052)",
		"serviceGuid":"9482F4B4-E343-43B6-B170-9A65BC822C77"
	},
	{
		"Rule level":"medium",
		"title":"WMI Event Subscription",
		"sigma_yml":"sysmon_wmi_event_subscription.yml",
		"description":"Detects creation of WMI event subscription persistence method",
		"row_id":27615,
		"Channel":"System",
		"Computer":"DESKTOP-47I4RLN",
		"EventID":19,
		"EventRecordID":970,
		"ProcessID":2752,
		"ThreadID":1844,
		"Keywords":"0x8000000000000018",
		"Level":4,
		"Opcode":13,
		"Guid":"945A8954-C147-4ACD-923F-40C45405A658",
		"Provider_Name":"Microsoft-Windows-WindowsUpdateClient",
		"UserID":"S-1-5-18",
		"Task":1,
		"SystemTime":"2024-10-01T16:38:23.879337Z",
		"Version":1,
		"OriginalLogfile":"System.evtx-VO3HDEOC.json",
		"updateGuid":"8331B954-17D7-4481-96EA-904B4A47C4D5",
		"updateRevisionNumber":200,
		"updateTitle":"Update for Microsoft Defender Antivirus antimalware platform - KB4052623 (Version 4.18.24080.9) - Current Channel (Broad)",
		"serviceGuid":"9482F4B4-E343-43B6-B170-9A65BC822C77"
	},
	{
		"Rule level":"medium",
		"title":"WMI Event Subscription",
		"sigma_yml":"sysmon_wmi_event_subscription.yml",
		"description":"Detects creation of WMI event subscription persistence method",
		"row_id":8058,
		"Channel":"Microsoft-Windows-ShellCommon-StartLayoutPopulation/Operational",
		"Computer":"DESKTOP-47I4RLN",
		"EventID":20,
		"EventRecordID":20,
		"ProcessID":6716,
		"ThreadID":4020,
		"Keywords":"0x4000000000000000",
		"Level":4,
		"Opcode":2,
		"Guid":"97CA8142-10B1-4BAA-9FBB-70A7D11231C3",
		"Provider_Name":"Microsoft-Windows-ShellCommon-StartLayoutPopulation",
		"UserID":"S-1-5-21-1421159008-4270732973-2479707347-1000",
		"Task":9,
		"SystemTime":"2024-10-01T13:47:45.673921Z",
		"Version":0,
		"OriginalLogfile":"Microsoft-Windows-ShellCommon-StartLayoutPopulation%4Operational.evtx-AW7Z3LQ6.json"
	},
	{
		"Rule level":"medium",
		"title":"WMI Event Subscription",
		"sigma_yml":"sysmon_wmi_event_subscription.yml",
		"description":"Detects creation of WMI event subscription persistence method",
		"row_id":8068,
		"Channel":"Microsoft-Windows-ShellCommon-StartLayoutPopulation/Operational",
		"Computer":"DESKTOP-47I4RLN",
		"EventID":20,
		"EventRecordID":30,
		"ProcessID":6716,
		"ThreadID":4020,
		"Keywords":"0x4000000000000000",
		"Level":4,
		"Opcode":2,
		"Guid":"97CA8142-10B1-4BAA-9FBB-70A7D11231C3",
		"Provider_Name":"Microsoft-Windows-ShellCommon-StartLayoutPopulation",
		"UserID":"S-1-5-21-1421159008-4270732973-2479707347-1000",
		"Task":9,
		"SystemTime":"2024-10-01T13:47:46.358351Z",
		"Version":0,
		"OriginalLogfile":"Microsoft-Windows-ShellCommon-StartLayoutPopulation%4Operational.evtx-AW7Z3LQ6.json"
	},
	{
		"Rule level":"medium",
		"title":"WMI Event Subscription",
		"sigma_yml":"sysmon_wmi_event_subscription.yml",
		"description":"Detects creation of WMI event subscription persistence method",
		"row_id":8072,
		"Channel":"Microsoft-Windows-ShellCommon-StartLayoutPopulation/Operational",
		"Computer":"DESKTOP-47I4RLN",
		"EventID":20,
		"EventRecordID":34,
		"ProcessID":6716,
		"ThreadID":4020,
		"Keywords":"0x4000000000000000",
		"Level":4,
		"Opcode":2,
		"Guid":"97CA8142-10B1-4BAA-9FBB-70A7D11231C3",
		"Provider_Name":"Microsoft-Windows-ShellCommon-StartLayoutPopulation",
		"UserID":"S-1-5-21-1421159008-4270732973-2479707347-1000",
		"Task":9,
		"SystemTime":"2024-10-01T13:47:46.808038Z",
		"Version":0,
		"OriginalLogfile":"Microsoft-Windows-ShellCommon-StartLayoutPopulation%4Operational.evtx-AW7Z3LQ6.json"
	},
	{
		"Rule level":"medium",
		"title":"WMI Event Subscription",
		"sigma_yml":"sysmon_wmi_event_subscription.yml",
		"description":"Detects creation of WMI event subscription persistence method",
		"row_id":8076,
		"Channel":"Microsoft-Windows-ShellCommon-StartLayoutPopulation/Operational",
		"Computer":"DESKTOP-47I4RLN",
		"EventID":20,
		"EventRecordID":38,
		"ProcessID":6716,
		"ThreadID":4020,
		"Keywords":"0x4000000000000000",
		"Level":4,
		"Opcode":2,
		"Guid":"97CA8142-10B1-4BAA-9FBB-70A7D11231C3",
		"Provider_Name":"Microsoft-Windows-ShellCommon-StartLayoutPopulation",
		"UserID":"S-1-5-21-1421159008-4270732973-2479707347-1000",
		"Task":9,
		"SystemTime":"2024-10-01T13:47:46.997817Z",
		"Version":0,
		"OriginalLogfile":"Microsoft-Windows-ShellCommon-StartLayoutPopulation%4Operational.evtx-AW7Z3LQ6.json"
	},
	{
		"Rule level":"medium",
		"title":"WMI Event Subscription",
		"sigma_yml":"sysmon_wmi_event_subscription.yml",
		"description":"Detects creation of WMI event subscription persistence method",
		"row_id":26655,
		"Channel":"System",
		"Computer":"WIN-DCQ2TVDRU6N",
		"EventID":20,
		"EventRecordID":10,
		"ProcessID":4,
		"ThreadID":8,
		"Keywords":"0x8000000000000010",
		"Level":4,
		"Opcode":0,
		"Guid":"A68CA8B7-004F-D7B6-A698-07E2DE0F1F5D",
		"Provider_Name":"Microsoft-Windows-Kernel-General",
		"UserID":"S-1-5-18",
		"Task":6,
		"SystemTime":"2024-10-02T06:44:21.557778Z",
		"Version":0,
		"OriginalLogfile":"System.evtx-VO3HDEOC.json",
		"CountNew":0,
		"CountOld":0,
		"EnabledNew":1,
		"UpdateReason":0
	},
	{
		"Rule level":"medium",
		"title":"WMI Event Subscription",
		"sigma_yml":"sysmon_wmi_event_subscription.yml",
		"description":"Detects creation of WMI event subscription persistence method",
		"row_id":26789,
		"Channel":"System",
		"Computer":"DESKTOP-47I4RLN",
		"EventID":20,
		"EventRecordID":144,
		"ProcessID":4,
		"ThreadID":8,
		"Keywords":"0x8000000000000000",
		"Level":4,
		"Opcode":0,
		"Guid":"15CA44FF-4D7A-4BAA-BBA5-0998955E531E",
		"Provider_Name":"Microsoft-Windows-Kernel-Boot",
		"UserID":"S-1-5-18",
		"Task":31,
		"SystemTime":"2024-10-02T06:45:59.692283Z",
		"Version":1,
		"OriginalLogfile":"System.evtx-VO3HDEOC.json",
		"BootStatusPolicy":2,
		"LastBootGood":1,
		"LastBootId":1,
		"LastShutdownGood":1
	},
	{
		"Rule level":"medium",
		"title":"WMI Event Subscription",
		"sigma_yml":"sysmon_wmi_event_subscription.yml",
		"description":"Detects creation of WMI event subscription persistence method",
		"row_id":26795,
		"Channel":"System",
		"Computer":"DESKTOP-47I4RLN",
		"EventID":20,
		"EventRecordID":150,
		"ProcessID":4,
		"ThreadID":8,
		"Keywords":"0x8000000000000010",
		"Level":4,
		"Opcode":0,
		"Guid":"A68CA8B7-004F-D7B6-A698-07E2DE0F1F5D",
		"Provider_Name":"Microsoft-Windows-Kernel-General",
		"UserID":"S-1-5-18",
		"Task":6,
		"SystemTime":"2024-10-02T06:45:59.694701Z",
		"Version":0,
		"OriginalLogfile":"System.evtx-VO3HDEOC.json",
		"CountNew":0,
		"CountOld":0,
		"EnabledNew":1,
		"UpdateReason":0
	},
	{
		"Rule level":"medium",
		"title":"WMI Event Subscription",
		"sigma_yml":"sysmon_wmi_event_subscription.yml",
		"description":"Detects creation of WMI event subscription persistence method",
		"row_id":26931,
		"Channel":"System",
		"Computer":"DESKTOP-47I4RLN",
		"EventID":20,
		"EventRecordID":286,
		"ProcessID":4,
		"ThreadID":8,
		"Keywords":"0x8000000000000000",
		"Level":4,
		"Opcode":0,
		"Guid":"15CA44FF-4D7A-4BAA-BBA5-0998955E531E",
		"Provider_Name":"Microsoft-Windows-Kernel-Boot",
		"UserID":"S-1-5-18",
		"Task":31,
		"SystemTime":"2024-10-01T13:48:54.882528Z",
		"Version":1,
		"OriginalLogfile":"System.evtx-VO3HDEOC.json",
		"BootStatusPolicy":2,
		"LastBootGood":1,
		"LastBootId":2,
		"LastShutdownGood":1
	},
	{
		"Rule level":"medium",
		"title":"WMI Event Subscription",
		"sigma_yml":"sysmon_wmi_event_subscription.yml",
		"description":"Detects creation of WMI event subscription persistence method",
		"row_id":26937,
		"Channel":"System",
		"Computer":"DESKTOP-47I4RLN",
		"EventID":20,
		"EventRecordID":292,
		"ProcessID":4,
		"ThreadID":8,
		"Keywords":"0x8000000000000010",
		"Level":4,
		"Opcode":0,
		"Guid":"A68CA8B7-004F-D7B6-A698-07E2DE0F1F5D",
		"Provider_Name":"Microsoft-Windows-Kernel-General",
		"UserID":"S-1-5-18",
		"Task":6,
		"SystemTime":"2024-10-01T13:48:54.884857Z",
		"Version":0,
		"OriginalLogfile":"System.evtx-VO3HDEOC.json",
		"CountNew":0,
		"CountOld":0,
		"EnabledNew":1,
		"UpdateReason":0
	},
	{
		"Rule level":"medium",
		"title":"WMI Event Subscription",
		"sigma_yml":"sysmon_wmi_event_subscription.yml",
		"description":"Detects creation of WMI event subscription persistence method",
		"row_id":27472,
		"Channel":"System",
		"Computer":"DESKTOP-47I4RLN",
		"EventID":20,
		"EventRecordID":827,
		"ProcessID":4,
		"ThreadID":8,
		"Keywords":"0x8000000000000000",
		"Level":4,
		"Opcode":0,
		"Guid":"15CA44FF-4D7A-4BAA-BBA5-0998955E531E",
		"Provider_Name":"Microsoft-Windows-Kernel-Boot",
		"UserID":"S-1-5-18",
		"Task":31,
		"SystemTime":"2024-10-01T16:27:27.683767Z",
		"Version":1,
		"OriginalLogfile":"System.evtx-VO3HDEOC.json",
		"BootStatusPolicy":2,
		"LastBootGood":1,
		"LastBootId":3,
		"LastShutdownGood":1
	},
	{
		"Rule level":"medium",
		"title":"WMI Event Subscription",
		"sigma_yml":"sysmon_wmi_event_subscription.yml",
		"description":"Detects creation of WMI event subscription persistence method",
		"row_id":27478,
		"Channel":"System",
		"Computer":"DESKTOP-47I4RLN",
		"EventID":20,
		"EventRecordID":833,
		"ProcessID":4,
		"ThreadID":8,
		"Keywords":"0x8000000000000010",
		"Level":4,
		"Opcode":0,
		"Guid":"A68CA8B7-004F-D7B6-A698-07E2DE0F1F5D",
		"Provider_Name":"Microsoft-Windows-Kernel-General",
		"UserID":"S-1-5-18",
		"Task":6,
		"SystemTime":"2024-10-01T16:27:27.686095Z",
		"Version":0,
		"OriginalLogfile":"System.evtx-VO3HDEOC.json",
		"CountNew":0,
		"CountOld":0,
		"EnabledNew":1,
		"UpdateReason":0
	},
	{
		"Rule level":"medium",
		"title":"WMI Event Subscription",
		"sigma_yml":"sysmon_wmi_event_subscription.yml",
		"description":"Detects creation of WMI event subscription persistence method",
		"row_id":43374,
		"Channel":"Microsoft-Windows-Provisioning-Diagnostics-Provider/Admin",
		"Computer":"DESKTOP-47I4RLN",
		"EventID":20,
		"EventRecordID":2,
		"ProcessID":3056,
		"ThreadID":3060,
		"Keywords":"0x8000000000000000",
		"Level":4,
		"Opcode":0,
		"Guid":"ED8B9BD3-F66E-4FF2-B86B-75C7925F72A9",
		"Provider_Name":"Microsoft-Windows-Provisioning-Diagnostics-Provider",
		"UserID":"S-1-5-18",
		"Task":0,
		"SystemTime":"2024-10-01T13:46:17.889385Z",
		"Version":0,
		"OriginalLogfile":"Microsoft-Windows-Provisioning-Diagnostics-Provider%4Admin.evtx-7NZF8EZC.json",
		"Message1":"Power.EnergyEstimationEngine.Control.ppkg",
		"Message2":"{1e05dd5d-a022-46c5-963c-b20de341170f}"
	},
	{
		"Rule level":"medium",
		"title":"WMI Event Subscription",
		"sigma_yml":"sysmon_wmi_event_subscription.yml",
		"description":"Detects creation of WMI event subscription persistence method",
		"row_id":43375,
		"Channel":"Microsoft-Windows-Provisioning-Diagnostics-Provider/Admin",
		"Computer":"DESKTOP-47I4RLN",
		"EventID":20,
		"EventRecordID":3,
		"ProcessID":3056,
		"ThreadID":3060,
		"Keywords":"0x8000000000000000",
		"Level":4,
		"Opcode":0,
		"Guid":"ED8B9BD3-F66E-4FF2-B86B-75C7925F72A9",
		"Provider_Name":"Microsoft-Windows-Provisioning-Diagnostics-Provider",
		"UserID":"S-1-5-18",
		"Task":0,
		"SystemTime":"2024-10-01T13:46:17.896025Z",
		"Version":0,
		"OriginalLogfile":"Microsoft-Windows-Provisioning-Diagnostics-Provider%4Admin.evtx-7NZF8EZC.json",
		"Message1":"Power.EnergyEstimationEngine.CPU.ppkg",
		"Message2":"{c5dc3753-b6c8-4057-b396-bf13d769311c}"
	},
	{
		"Rule level":"medium",
		"title":"WMI Event Subscription",
		"sigma_yml":"sysmon_wmi_event_subscription.yml",
		"description":"Detects creation of WMI event subscription persistence method",
		"row_id":43376,
		"Channel":"Microsoft-Windows-Provisioning-Diagnostics-Provider/Admin",
		"Computer":"DESKTOP-47I4RLN",
		"EventID":20,
		"EventRecordID":4,
		"ProcessID":3056,
		"ThreadID":3060,
		"Keywords":"0x8000000000000000",
		"Level":4,
		"Opcode":0,
		"Guid":"ED8B9BD3-F66E-4FF2-B86B-75C7925F72A9",
		"Provider_Name":"Microsoft-Windows-Provisioning-Diagnostics-Provider",
		"UserID":"S-1-5-18",
		"Task":0,
		"SystemTime":"2024-10-01T13:46:17.902959Z",
		"Version":0,
		"OriginalLogfile":"Microsoft-Windows-Provisioning-Diagnostics-Provider%4Admin.evtx-7NZF8EZC.json",
		"Message1":"Power.EnergyEstimationEngine.Display.ppkg",
		"Message2":"{ee4aac98-c174-4941-82b1-d121e493e4fb}"
	},
	{
		"Rule level":"medium",
		"title":"WMI Event Subscription",
		"sigma_yml":"sysmon_wmi_event_subscription.yml",
		"description":"Detects creation of WMI event subscription persistence method",
		"row_id":43377,
		"Channel":"Microsoft-Windows-Provisioning-Diagnostics-Provider/Admin",
		"Computer":"DESKTOP-47I4RLN",
		"EventID":20,
		"EventRecordID":5,
		"ProcessID":3056,
		"ThreadID":3060,
		"Keywords":"0x8000000000000000",
		"Level":4,
		"Opcode":0,
		"Guid":"ED8B9BD3-F66E-4FF2-B86B-75C7925F72A9",
		"Provider_Name":"Microsoft-Windows-Provisioning-Diagnostics-Provider",
		"UserID":"S-1-5-18",
		"Task":0,
		"SystemTime":"2024-10-01T13:46:17.910185Z",
		"Version":0,
		"OriginalLogfile":"Microsoft-Windows-Provisioning-Diagnostics-Provider%4Admin.evtx-7NZF8EZC.json",
		"Message1":"Power.EnergyEstimationEngine.MBB.ppkg",
		"Message2":"{99b095d8-5959-4820-bea7-7448c8427b4e}"
	},
	{
		"Rule level":"medium",
		"title":"WMI Event Subscription",
		"sigma_yml":"sysmon_wmi_event_subscription.yml",
		"description":"Detects creation of WMI event subscription persistence method",
		"row_id":43378,
		"Channel":"Microsoft-Windows-Provisioning-Diagnostics-Provider/Admin",
		"Computer":"DESKTOP-47I4RLN",
		"EventID":20,
		"EventRecordID":6,
		"ProcessID":3056,
		"ThreadID":3060,
		"Keywords":"0x8000000000000000",
		"Level":4,
		"Opcode":0,
		"Guid":"ED8B9BD3-F66E-4FF2-B86B-75C7925F72A9",
		"Provider_Name":"Microsoft-Windows-Provisioning-Diagnostics-Provider",
		"UserID":"S-1-5-18",
		"Task":0,
		"SystemTime":"2024-10-01T13:46:17.916433Z",
		"Version":0,
		"OriginalLogfile":"Microsoft-Windows-Provisioning-Diagnostics-Provider%4Admin.evtx-7NZF8EZC.json",
		"Message1":"Power.EnergyEstimationEngine.StandbyActivation.ppkg",
		"Message2":"{8d196d7f-3eef-48ad-8bea-be749f12d3ad}"
	},
	{
		"Rule level":"medium",
		"title":"WMI Event Subscription",
		"sigma_yml":"sysmon_wmi_event_subscription.yml",
		"description":"Detects creation of WMI event subscription persistence method",
		"row_id":43379,
		"Channel":"Microsoft-Windows-Provisioning-Diagnostics-Provider/Admin",
		"Computer":"DESKTOP-47I4RLN",
		"EventID":20,
		"EventRecordID":7,
		"ProcessID":3056,
		"ThreadID":3060,
		"Keywords":"0x8000000000000000",
		"Level":4,
		"Opcode":0,
		"Guid":"ED8B9BD3-F66E-4FF2-B86B-75C7925F72A9",
		"Provider_Name":"Microsoft-Windows-Provisioning-Diagnostics-Provider",
		"UserID":"S-1-5-18",
		"Task":0,
		"SystemTime":"2024-10-01T13:46:17.922077Z",
		"Version":0,
		"OriginalLogfile":"Microsoft-Windows-Provisioning-Diagnostics-Provider%4Admin.evtx-7NZF8EZC.json",
		"Message1":"Power.EnergyEstimationEngine.Storage.ppkg",
		"Message2":"{9aec5bda-1e87-46b3-bb96-1a01c606555e}"
	},
	{
		"Rule level":"medium",
		"title":"WMI Event Subscription",
		"sigma_yml":"sysmon_wmi_event_subscription.yml",
		"description":"Detects creation of WMI event subscription persistence method",
		"row_id":43380,
		"Channel":"Microsoft-Windows-Provisioning-Diagnostics-Provider/Admin",
		"Computer":"DESKTOP-47I4RLN",
		"EventID":20,
		"EventRecordID":8,
		"ProcessID":3056,
		"ThreadID":3060,
		"Keywords":"0x8000000000000000",
		"Level":4,
		"Opcode":0,
		"Guid":"ED8B9BD3-F66E-4FF2-B86B-75C7925F72A9",
		"Provider_Name":"Microsoft-Windows-Provisioning-Diagnostics-Provider",
		"UserID":"S-1-5-18",
		"Task":0,
		"SystemTime":"2024-10-01T13:46:17.927504Z",
		"Version":0,
		"OriginalLogfile":"Microsoft-Windows-Provisioning-Diagnostics-Provider%4Admin.evtx-7NZF8EZC.json",
		"Message1":"Power.EnergyEstimationEngine.Telemetry.ppkg",
		"Message2":"{8fb7d64e-70fc-4f9d-89ee-d486817534df}"
	},
	{
		"Rule level":"medium",
		"title":"WMI Event Subscription",
		"sigma_yml":"sysmon_wmi_event_subscription.yml",
		"description":"Detects creation of WMI event subscription persistence method",
		"row_id":43381,
		"Channel":"Microsoft-Windows-Provisioning-Diagnostics-Provider/Admin",
		"Computer":"DESKTOP-47I4RLN",
		"EventID":20,
		"EventRecordID":9,
		"ProcessID":3056,
		"ThreadID":3060,
		"Keywords":"0x8000000000000000",
		"Level":4,
		"Opcode":0,
		"Guid":"ED8B9BD3-F66E-4FF2-B86B-75C7925F72A9",
		"Provider_Name":"Microsoft-Windows-Provisioning-Diagnostics-Provider",
		"UserID":"S-1-5-18",
		"Task":0,
		"SystemTime":"2024-10-01T13:46:17.933265Z",
		"Version":0,
		"OriginalLogfile":"Microsoft-Windows-Provisioning-Diagnostics-Provider%4Admin.evtx-7NZF8EZC.json",
		"Message1":"Power.EnergyEstimationEngine.Wifi.ppkg",
		"Message2":"{b0b9123d-7d7f-4c6b-9973-ceced46f2a09}"
	},
	{
		"Rule level":"medium",
		"title":"WMI Event Subscription",
		"sigma_yml":"sysmon_wmi_event_subscription.yml",
		"description":"Detects creation of WMI event subscription persistence method",
		"row_id":43382,
		"Channel":"Microsoft-Windows-Provisioning-Diagnostics-Provider/Admin",
		"Computer":"DESKTOP-47I4RLN",
		"EventID":20,
		"EventRecordID":10,
		"ProcessID":3056,
		"ThreadID":3060,
		"Keywords":"0x8000000000000000",
		"Level":4,
		"Opcode":0,
		"Guid":"ED8B9BD3-F66E-4FF2-B86B-75C7925F72A9",
		"Provider_Name":"Microsoft-Windows-Provisioning-Diagnostics-Provider",
		"UserID":"S-1-5-18",
		"Task":0,
		"SystemTime":"2024-10-01T13:46:17.938199Z",
		"Version":0,
		"OriginalLogfile":"Microsoft-Windows-Provisioning-Diagnostics-Provider%4Admin.evtx-7NZF8EZC.json",
		"Message1":"Power.Settings.Battery.ppkg",
		"Message2":"{7a30a9be-737f-47a1-a541-6e7b0761ed19}"
	},
	{
		"Rule level":"medium",
		"title":"WMI Event Subscription",
		"sigma_yml":"sysmon_wmi_event_subscription.yml",
		"description":"Detects creation of WMI event subscription persistence method",
		"row_id":43383,
		"Channel":"Microsoft-Windows-Provisioning-Diagnostics-Provider/Admin",
		"Computer":"DESKTOP-47I4RLN",
		"EventID":20,
		"EventRecordID":11,
		"ProcessID":3056,
		"ThreadID":3060,
		"Keywords":"0x8000000000000000",
		"Level":4,
		"Opcode":0,
		"Guid":"ED8B9BD3-F66E-4FF2-B86B-75C7925F72A9",
		"Provider_Name":"Microsoft-Windows-Provisioning-Diagnostics-Provider",
		"UserID":"S-1-5-18",
		"Task":0,
		"SystemTime":"2024-10-01T13:46:17.943065Z",
		"Version":0,
		"OriginalLogfile":"Microsoft-Windows-Provisioning-Diagnostics-Provider%4Admin.evtx-7NZF8EZC.json",
		"Message1":"Power.Settings.Button.ppkg",
		"Message2":"{18dcffd4-37d6-4bc6-87e0-4266fdbb8e49}"
	},
	{
		"Rule level":"medium",
		"title":"WMI Event Subscription",
		"sigma_yml":"sysmon_wmi_event_subscription.yml",
		"description":"Detects creation of WMI event subscription persistence method",
		"row_id":43384,
		"Channel":"Microsoft-Windows-Provisioning-Diagnostics-Provider/Admin",
		"Computer":"DESKTOP-47I4RLN",
		"EventID":20,
		"EventRecordID":12,
		"ProcessID":3056,
		"ThreadID":3060,
		"Keywords":"0x8000000000000000",
		"Level":4,
		"Opcode":0,
		"Guid":"ED8B9BD3-F66E-4FF2-B86B-75C7925F72A9",
		"Provider_Name":"Microsoft-Windows-Provisioning-Diagnostics-Provider",
		"UserID":"S-1-5-18",
		"Task":0,
		"SystemTime":"2024-10-01T13:46:17.948404Z",
		"Version":0,
		"OriginalLogfile":"Microsoft-Windows-Provisioning-Diagnostics-Provider%4Admin.evtx-7NZF8EZC.json",
		"Message1":"Power.Settings.Control.ppkg",
		"Message2":"{5f568920-10ad-4dc0-a97e-b78a3255c351}"
	},
	{
		"Rule level":"medium",
		"title":"WMI Event Subscription",
		"sigma_yml":"sysmon_wmi_event_subscription.yml",
		"description":"Detects creation of WMI event subscription persistence method",
		"row_id":43385,
		"Channel":"Microsoft-Windows-Provisioning-Diagnostics-Provider/Admin",
		"Computer":"DESKTOP-47I4RLN",
		"EventID":20,
		"EventRecordID":13,
		"ProcessID":3056,
		"ThreadID":3060,
		"Keywords":"0x8000000000000000",
		"Level":4,
		"Opcode":0,
		"Guid":"ED8B9BD3-F66E-4FF2-B86B-75C7925F72A9",
		"Provider_Name":"Microsoft-Windows-Provisioning-Diagnostics-Provider",
		"UserID":"S-1-5-18",
		"Task":0,
		"SystemTime":"2024-10-01T13:46:17.954621Z",
		"Version":0,
		"OriginalLogfile":"Microsoft-Windows-Provisioning-Diagnostics-Provider%4Admin.evtx-7NZF8EZC.json",
		"Message1":"Power.Settings.Disk.ppkg",
		"Message2":"{9df6a4ed-fc16-48bf-8b24-6e2ad2bfcfea}"
	},
	{
		"Rule level":"medium",
		"title":"WMI Event Subscription",
		"sigma_yml":"sysmon_wmi_event_subscription.yml",
		"description":"Detects creation of WMI event subscription persistence method",
		"row_id":43386,
		"Channel":"Microsoft-Windows-Provisioning-Diagnostics-Provider/Admin",
		"Computer":"DESKTOP-47I4RLN",
		"EventID":20,
		"EventRecordID":14,
		"ProcessID":3056,
		"ThreadID":3060,
		"Keywords":"0x8000000000000000",
		"Level":4,
		"Opcode":0,
		"Guid":"ED8B9BD3-F66E-4FF2-B86B-75C7925F72A9",
		"Provider_Name":"Microsoft-Windows-Provisioning-Diagnostics-Provider",
		"UserID":"S-1-5-18",
		"Task":0,
		"SystemTime":"2024-10-01T13:46:17.959616Z",
		"Version":0,
		"OriginalLogfile":"Microsoft-Windows-Provisioning-Diagnostics-Provider%4Admin.evtx-7NZF8EZC.json",
		"Message1":"Power.Settings.Display.ppkg",
		"Message2":"{23cb517f-5073-4e96-a202-7fe6122a2271}"
	},
	{
		"Rule level":"medium",
		"title":"WMI Event Subscription",
		"sigma_yml":"sysmon_wmi_event_subscription.yml",
		"description":"Detects creation of WMI event subscription persistence method",
		"row_id":43387,
		"Channel":"Microsoft-Windows-Provisioning-Diagnostics-Provider/Admin",
		"Computer":"DESKTOP-47I4RLN",
		"EventID":20,
		"EventRecordID":15,
		"ProcessID":3056,
		"ThreadID":3060,
		"Keywords":"0x8000000000000000",
		"Level":4,
		"Opcode":0,
		"Guid":"ED8B9BD3-F66E-4FF2-B86B-75C7925F72A9",
		"Provider_Name":"Microsoft-Windows-Provisioning-Diagnostics-Provider",
		"UserID":"S-1-5-18",
		"Task":0,
		"SystemTime":"2024-10-01T13:46:17.965566Z",
		"Version":0,
		"OriginalLogfile":"Microsoft-Windows-Provisioning-Diagnostics-Provider%4Admin.evtx-7NZF8EZC.json",
		"Message1":"Power.Settings.Graphics.ppkg",
		"Message2":"{bf56ce5a-946b-45b5-858a-1794eb0125e2}"
	},
	{
		"Rule level":"medium",
		"title":"WMI Event Subscription",
		"sigma_yml":"sysmon_wmi_event_subscription.yml",
		"description":"Detects creation of WMI event subscription persistence method",
		"row_id":43388,
		"Channel":"Microsoft-Windows-Provisioning-Diagnostics-Provider/Admin",
		"Computer":"DESKTOP-47I4RLN",
		"EventID":20,
		"EventRecordID":16,
		"ProcessID":3056,
		"ThreadID":3060,
		"Keywords":"0x8000000000000000",
		"Level":4,
		"Opcode":0,
		"Guid":"ED8B9BD3-F66E-4FF2-B86B-75C7925F72A9",
		"Provider_Name":"Microsoft-Windows-Provisioning-Diagnostics-Provider",
		"UserID":"S-1-5-18",
		"Task":0,
		"SystemTime":"2024-10-01T13:46:17.970734Z",
		"Version":0,
		"OriginalLogfile":"Microsoft-Windows-Provisioning-Diagnostics-Provider%4Admin.evtx-7NZF8EZC.json",
		"Message1":"Power.Settings.IdleResiliency.ppkg",
		"Message2":"{f11899f2-71ec-4621-9997-e17ae2f6eb26}"
	},
	{
		"Rule level":"medium",
		"title":"WMI Event Subscription",
		"sigma_yml":"sysmon_wmi_event_subscription.yml",
		"description":"Detects creation of WMI event subscription persistence method",
		"row_id":43389,
		"Channel":"Microsoft-Windows-Provisioning-Diagnostics-Provider/Admin",
		"Computer":"DESKTOP-47I4RLN",
		"EventID":20,
		"EventRecordID":17,
		"ProcessID":3056,
		"ThreadID":3060,
		"Keywords":"0x8000000000000000",
		"Level":4,
		"Opcode":0,
		"Guid":"ED8B9BD3-F66E-4FF2-B86B-75C7925F72A9",
		"Provider_Name":"Microsoft-Windows-Provisioning-Diagnostics-Provider",
		"UserID":"S-1-5-18",
		"Task":0,
		"SystemTime":"2024-10-01T13:46:17.977426Z",
		"Version":0,
		"OriginalLogfile":"Microsoft-Windows-Provisioning-Diagnostics-Provider%4Admin.evtx-7NZF8EZC.json",
		"Message1":"Power.Settings.PCIExpress.ppkg",
		"Message2":"{268c43e1-aa2b-4036-86ef-8cda98a0c2fe}"
	},
	{
		"Rule level":"medium",
		"title":"WMI Event Subscription",
		"sigma_yml":"sysmon_wmi_event_subscription.yml",
		"description":"Detects creation of WMI event subscription persistence method",
		"row_id":43390,
		"Channel":"Microsoft-Windows-Provisioning-Diagnostics-Provider/Admin",
		"Computer":"DESKTOP-47I4RLN",
		"EventID":20,
		"EventRecordID":18,
		"ProcessID":3056,
		"ThreadID":3060,
		"Keywords":"0x8000000000000000",
		"Level":4,
		"Opcode":0,
		"Guid":"ED8B9BD3-F66E-4FF2-B86B-75C7925F72A9",
		"Provider_Name":"Microsoft-Windows-Provisioning-Diagnostics-Provider",
		"UserID":"S-1-5-18",
		"Task":0,
		"SystemTime":"2024-10-01T13:46:17.983475Z",
		"Version":0,
		"OriginalLogfile":"Microsoft-Windows-Provisioning-Diagnostics-Provider%4Admin.evtx-7NZF8EZC.json",
		"Message1":"Power.Settings.Processor.ppkg",
		"Message2":"{fc01e91f-914c-45af-9d7c-0b2e5fbedf62}"
	},
	{
		"Rule level":"medium",
		"title":"WMI Event Subscription",
		"sigma_yml":"sysmon_wmi_event_subscription.yml",
		"description":"Detects creation of WMI event subscription persistence method",
		"row_id":43391,
		"Channel":"Microsoft-Windows-Provisioning-Diagnostics-Provider/Admin",
		"Computer":"DESKTOP-47I4RLN",
		"EventID":20,
		"EventRecordID":19,
		"ProcessID":3056,
		"ThreadID":3060,
		"Keywords":"0x8000000000000000",
		"Level":4,
		"Opcode":0,
		"Guid":"ED8B9BD3-F66E-4FF2-B86B-75C7925F72A9",
		"Provider_Name":"Microsoft-Windows-Provisioning-Diagnostics-Provider",
		"UserID":"S-1-5-18",
		"Task":0,
		"SystemTime":"2024-10-01T13:46:17.988615Z",
		"Version":0,
		"OriginalLogfile":"Microsoft-Windows-Provisioning-Diagnostics-Provider%4Admin.evtx-7NZF8EZC.json",
		"Message1":"Power.Settings.Sleep.ppkg",
		"Message2":"{3742e5e8-6d9d-473b-99a6-8ecc0f43548a}"
	},
	{
		"Rule level":"medium",
		"title":"WMI Event Subscription",
		"sigma_yml":"sysmon_wmi_event_subscription.yml",
		"description":"Detects creation of WMI event subscription persistence method",
		"row_id":43392,
		"Channel":"Microsoft-Windows-Provisioning-Diagnostics-Provider/Admin",
		"Computer":"DESKTOP-47I4RLN",
		"EventID":20,
		"EventRecordID":20,
		"ProcessID":3056,
		"ThreadID":3060,
		"Keywords":"0x8000000000000000",
		"Level":4,
		"Opcode":0,
		"Guid":"ED8B9BD3-F66E-4FF2-B86B-75C7925F72A9",
		"Provider_Name":"Microsoft-Windows-Provisioning-Diagnostics-Provider",
		"UserID":"S-1-5-18",
		"Task":0,
		"SystemTime":"2024-10-01T13:46:17.998851Z",
		"Version":0,
		"OriginalLogfile":"Microsoft-Windows-Provisioning-Diagnostics-Provider%4Admin.evtx-7NZF8EZC.json",
		"Message1":"Microsoft.Windows.Cosa.Desktop.Client.ppkg",
		"Message2":"{c8a326e4-f518-4f14-b543-97a57e1a975e}"
	},
	{
		"Rule level":"medium",
		"title":"WMI Event Subscription",
		"sigma_yml":"sysmon_wmi_event_subscription.yml",
		"description":"Detects creation of WMI event subscription persistence method",
		"row_id":43395,
		"Channel":"Microsoft-Windows-Provisioning-Diagnostics-Provider/Admin",
		"Computer":"DESKTOP-47I4RLN",
		"EventID":20,
		"EventRecordID":23,
		"ProcessID":6520,
		"ThreadID":7624,
		"Keywords":"0x8000000000000000",
		"Level":4,
		"Opcode":0,
		"Guid":"ED8B9BD3-F66E-4FF2-B86B-75C7925F72A9",
		"Provider_Name":"Microsoft-Windows-Provisioning-Diagnostics-Provider",
		"UserID":"S-1-5-18",
		"Task":0,
		"SystemTime":"2024-10-01T14:08:39.891260Z",
		"Version":0,
		"OriginalLogfile":"Microsoft-Windows-Provisioning-Diagnostics-Provider%4Admin.evtx-7NZF8EZC.json",
		"Message1":"Power.EnergyEstimationEngine.Control.ppkg",
		"Message2":"{1e05dd5d-a022-46c5-963c-b20de341170f}"
	},
	{
		"Rule level":"medium",
		"title":"WMI Event Subscription",
		"sigma_yml":"sysmon_wmi_event_subscription.yml",
		"description":"Detects creation of WMI event subscription persistence method",
		"row_id":43396,
		"Channel":"Microsoft-Windows-Provisioning-Diagnostics-Provider/Admin",
		"Computer":"DESKTOP-47I4RLN",
		"EventID":20,
		"EventRecordID":24,
		"ProcessID":6520,
		"ThreadID":7624,
		"Keywords":"0x8000000000000000",
		"Level":4,
		"Opcode":0,
		"Guid":"ED8B9BD3-F66E-4FF2-B86B-75C7925F72A9",
		"Provider_Name":"Microsoft-Windows-Provisioning-Diagnostics-Provider",
		"UserID":"S-1-5-18",
		"Task":0,
		"SystemTime":"2024-10-01T14:08:39.907583Z",
		"Version":0,
		"OriginalLogfile":"Microsoft-Windows-Provisioning-Diagnostics-Provider%4Admin.evtx-7NZF8EZC.json",
		"Message1":"Power.EnergyEstimationEngine.CPU.ppkg",
		"Message2":"{c5dc3753-b6c8-4057-b396-bf13d769311c}"
	},
	{
		"Rule level":"medium",
		"title":"WMI Event Subscription",
		"sigma_yml":"sysmon_wmi_event_subscription.yml",
		"description":"Detects creation of WMI event subscription persistence method",
		"row_id":43397,
		"Channel":"Microsoft-Windows-Provisioning-Diagnostics-Provider/Admin",
		"Computer":"DESKTOP-47I4RLN",
		"EventID":20,
		"EventRecordID":25,
		"ProcessID":6520,
		"ThreadID":7624,
		"Keywords":"0x8000000000000000",
		"Level":4,
		"Opcode":0,
		"Guid":"ED8B9BD3-F66E-4FF2-B86B-75C7925F72A9",
		"Provider_Name":"Microsoft-Windows-Provisioning-Diagnostics-Provider",
		"UserID":"S-1-5-18",
		"Task":0,
		"SystemTime":"2024-10-01T14:08:39.928718Z",
		"Version":0,
		"OriginalLogfile":"Microsoft-Windows-Provisioning-Diagnostics-Provider%4Admin.evtx-7NZF8EZC.json",
		"Message1":"Power.EnergyEstimationEngine.Display.ppkg",
		"Message2":"{ee4aac98-c174-4941-82b1-d121e493e4fb}"
	},
	{
		"Rule level":"medium",
		"title":"WMI Event Subscription",
		"sigma_yml":"sysmon_wmi_event_subscription.yml",
		"description":"Detects creation of WMI event subscription persistence method",
		"row_id":43398,
		"Channel":"Microsoft-Windows-Provisioning-Diagnostics-Provider/Admin",
		"Computer":"DESKTOP-47I4RLN",
		"EventID":20,
		"EventRecordID":26,
		"ProcessID":6520,
		"ThreadID":7624,
		"Keywords":"0x8000000000000000",
		"Level":4,
		"Opcode":0,
		"Guid":"ED8B9BD3-F66E-4FF2-B86B-75C7925F72A9",
		"Provider_Name":"Microsoft-Windows-Provisioning-Diagnostics-Provider",
		"UserID":"S-1-5-18",
		"Task":0,
		"SystemTime":"2024-10-01T14:08:39.946236Z",
		"Version":0,
		"OriginalLogfile":"Microsoft-Windows-Provisioning-Diagnostics-Provider%4Admin.evtx-7NZF8EZC.json",
		"Message1":"Power.EnergyEstimationEngine.MBB.ppkg",
		"Message2":"{99b095d8-5959-4820-bea7-7448c8427b4e}"
	},
	{
		"Rule level":"medium",
		"title":"WMI Event Subscription",
		"sigma_yml":"sysmon_wmi_event_subscription.yml",
		"description":"Detects creation of WMI event subscription persistence method",
		"row_id":43399,
		"Channel":"Microsoft-Windows-Provisioning-Diagnostics-Provider/Admin",
		"Computer":"DESKTOP-47I4RLN",
		"EventID":20,
		"EventRecordID":27,
		"ProcessID":6520,
		"ThreadID":7624,
		"Keywords":"0x8000000000000000",
		"Level":4,
		"Opcode":0,
		"Guid":"ED8B9BD3-F66E-4FF2-B86B-75C7925F72A9",
		"Provider_Name":"Microsoft-Windows-Provisioning-Diagnostics-Provider",
		"UserID":"S-1-5-18",
		"Task":0,
		"SystemTime":"2024-10-01T14:08:39.966086Z",
		"Version":0,
		"OriginalLogfile":"Microsoft-Windows-Provisioning-Diagnostics-Provider%4Admin.evtx-7NZF8EZC.json",
		"Message1":"Power.EnergyEstimationEngine.StandbyActivation.ppkg",
		"Message2":"{8d196d7f-3eef-48ad-8bea-be749f12d3ad}"
	},
	{
		"Rule level":"medium",
		"title":"WMI Event Subscription",
		"sigma_yml":"sysmon_wmi_event_subscription.yml",
		"description":"Detects creation of WMI event subscription persistence method",
		"row_id":43400,
		"Channel":"Microsoft-Windows-Provisioning-Diagnostics-Provider/Admin",
		"Computer":"DESKTOP-47I4RLN",
		"EventID":20,
		"EventRecordID":28,
		"ProcessID":6520,
		"ThreadID":7624,
		"Keywords":"0x8000000000000000",
		"Level":4,
		"Opcode":0,
		"Guid":"ED8B9BD3-F66E-4FF2-B86B-75C7925F72A9",
		"Provider_Name":"Microsoft-Windows-Provisioning-Diagnostics-Provider",
		"UserID":"S-1-5-18",
		"Task":0,
		"SystemTime":"2024-10-01T14:08:39.981672Z",
		"Version":0,
		"OriginalLogfile":"Microsoft-Windows-Provisioning-Diagnostics-Provider%4Admin.evtx-7NZF8EZC.json",
		"Message1":"Power.EnergyEstimationEngine.Storage.ppkg",
		"Message2":"{9aec5bda-1e87-46b3-bb96-1a01c606555e}"
	},
	{
		"Rule level":"medium",
		"title":"WMI Event Subscription",
		"sigma_yml":"sysmon_wmi_event_subscription.yml",
		"description":"Detects creation of WMI event subscription persistence method",
		"row_id":43401,
		"Channel":"Microsoft-Windows-Provisioning-Diagnostics-Provider/Admin",
		"Computer":"DESKTOP-47I4RLN",
		"EventID":20,
		"EventRecordID":29,
		"ProcessID":6520,
		"ThreadID":7624,
		"Keywords":"0x8000000000000000",
		"Level":4,
		"Opcode":0,
		"Guid":"ED8B9BD3-F66E-4FF2-B86B-75C7925F72A9",
		"Provider_Name":"Microsoft-Windows-Provisioning-Diagnostics-Provider",
		"UserID":"S-1-5-18",
		"Task":0,
		"SystemTime":"2024-10-01T14:08:39.997304Z",
		"Version":0,
		"OriginalLogfile":"Microsoft-Windows-Provisioning-Diagnostics-Provider%4Admin.evtx-7NZF8EZC.json",
		"Message1":"Power.EnergyEstimationEngine.Telemetry.ppkg",
		"Message2":"{8fb7d64e-70fc-4f9d-89ee-d486817534df}"
	},
	{
		"Rule level":"medium",
		"title":"WMI Event Subscription",
		"sigma_yml":"sysmon_wmi_event_subscription.yml",
		"description":"Detects creation of WMI event subscription persistence method",
		"row_id":43402,
		"Channel":"Microsoft-Windows-Provisioning-Diagnostics-Provider/Admin",
		"Computer":"DESKTOP-47I4RLN",
		"EventID":20,
		"EventRecordID":30,
		"ProcessID":6520,
		"ThreadID":7624,
		"Keywords":"0x8000000000000000",
		"Level":4,
		"Opcode":0,
		"Guid":"ED8B9BD3-F66E-4FF2-B86B-75C7925F72A9",
		"Provider_Name":"Microsoft-Windows-Provisioning-Diagnostics-Provider",
		"UserID":"S-1-5-18",
		"Task":0,
		"SystemTime":"2024-10-01T14:08:40.012841Z",
		"Version":0,
		"OriginalLogfile":"Microsoft-Windows-Provisioning-Diagnostics-Provider%4Admin.evtx-7NZF8EZC.json",
		"Message1":"Power.EnergyEstimationEngine.Wifi.ppkg",
		"Message2":"{b0b9123d-7d7f-4c6b-9973-ceced46f2a09}"
	},
	{
		"Rule level":"medium",
		"title":"WMI Event Subscription",
		"sigma_yml":"sysmon_wmi_event_subscription.yml",
		"description":"Detects creation of WMI event subscription persistence method",
		"row_id":43403,
		"Channel":"Microsoft-Windows-Provisioning-Diagnostics-Provider/Admin",
		"Computer":"DESKTOP-47I4RLN",
		"EventID":20,
		"EventRecordID":31,
		"ProcessID":6520,
		"ThreadID":7624,
		"Keywords":"0x8000000000000000",
		"Level":4,
		"Opcode":0,
		"Guid":"ED8B9BD3-F66E-4FF2-B86B-75C7925F72A9",
		"Provider_Name":"Microsoft-Windows-Provisioning-Diagnostics-Provider",
		"UserID":"S-1-5-18",
		"Task":0,
		"SystemTime":"2024-10-01T14:08:40.030066Z",
		"Version":0,
		"OriginalLogfile":"Microsoft-Windows-Provisioning-Diagnostics-Provider%4Admin.evtx-7NZF8EZC.json",
		"Message1":"Power.Settings.Battery.ppkg",
		"Message2":"{7a30a9be-737f-47a1-a541-6e7b0761ed19}"
	},
	{
		"Rule level":"medium",
		"title":"WMI Event Subscription",
		"sigma_yml":"sysmon_wmi_event_subscription.yml",
		"description":"Detects creation of WMI event subscription persistence method",
		"row_id":43404,
		"Channel":"Microsoft-Windows-Provisioning-Diagnostics-Provider/Admin",
		"Computer":"DESKTOP-47I4RLN",
		"EventID":20,
		"EventRecordID":32,
		"ProcessID":6520,
		"ThreadID":7624,
		"Keywords":"0x8000000000000000",
		"Level":4,
		"Opcode":0,
		"Guid":"ED8B9BD3-F66E-4FF2-B86B-75C7925F72A9",
		"Provider_Name":"Microsoft-Windows-Provisioning-Diagnostics-Provider",
		"UserID":"S-1-5-18",
		"Task":0,
		"SystemTime":"2024-10-01T14:08:40.045757Z",
		"Version":0,
		"OriginalLogfile":"Microsoft-Windows-Provisioning-Diagnostics-Provider%4Admin.evtx-7NZF8EZC.json",
		"Message1":"Power.Settings.Button.ppkg",
		"Message2":"{18dcffd4-37d6-4bc6-87e0-4266fdbb8e49}"
	},
	{
		"Rule level":"medium",
		"title":"WMI Event Subscription",
		"sigma_yml":"sysmon_wmi_event_subscription.yml",
		"description":"Detects creation of WMI event subscription persistence method",
		"row_id":43405,
		"Channel":"Microsoft-Windows-Provisioning-Diagnostics-Provider/Admin",
		"Computer":"DESKTOP-47I4RLN",
		"EventID":20,
		"EventRecordID":33,
		"ProcessID":6520,
		"ThreadID":7624,
		"Keywords":"0x8000000000000000",
		"Level":4,
		"Opcode":0,
		"Guid":"ED8B9BD3-F66E-4FF2-B86B-75C7925F72A9",
		"Provider_Name":"Microsoft-Windows-Provisioning-Diagnostics-Provider",
		"UserID":"S-1-5-18",
		"Task":0,
		"SystemTime":"2024-10-01T14:08:40.061755Z",
		"Version":0,
		"OriginalLogfile":"Microsoft-Windows-Provisioning-Diagnostics-Provider%4Admin.evtx-7NZF8EZC.json",
		"Message1":"Power.Settings.Control.ppkg",
		"Message2":"{5f568920-10ad-4dc0-a97e-b78a3255c351}"
	},
	{
		"Rule level":"medium",
		"title":"WMI Event Subscription",
		"sigma_yml":"sysmon_wmi_event_subscription.yml",
		"description":"Detects creation of WMI event subscription persistence method",
		"row_id":43406,
		"Channel":"Microsoft-Windows-Provisioning-Diagnostics-Provider/Admin",
		"Computer":"DESKTOP-47I4RLN",
		"EventID":20,
		"EventRecordID":34,
		"ProcessID":6520,
		"ThreadID":7624,
		"Keywords":"0x8000000000000000",
		"Level":4,
		"Opcode":0,
		"Guid":"ED8B9BD3-F66E-4FF2-B86B-75C7925F72A9",
		"Provider_Name":"Microsoft-Windows-Provisioning-Diagnostics-Provider",
		"UserID":"S-1-5-18",
		"Task":0,
		"SystemTime":"2024-10-01T14:08:40.108316Z",
		"Version":0,
		"OriginalLogfile":"Microsoft-Windows-Provisioning-Diagnostics-Provider%4Admin.evtx-7NZF8EZC.json",
		"Message1":"Power.Settings.Disk.ppkg",
		"Message2":"{9df6a4ed-fc16-48bf-8b24-6e2ad2bfcfea}"
	},
	{
		"Rule level":"medium",
		"title":"WMI Event Subscription",
		"sigma_yml":"sysmon_wmi_event_subscription.yml",
		"description":"Detects creation of WMI event subscription persistence method",
		"row_id":43407,
		"Channel":"Microsoft-Windows-Provisioning-Diagnostics-Provider/Admin",
		"Computer":"DESKTOP-47I4RLN",
		"EventID":20,
		"EventRecordID":35,
		"ProcessID":6520,
		"ThreadID":7624,
		"Keywords":"0x8000000000000000",
		"Level":4,
		"Opcode":0,
		"Guid":"ED8B9BD3-F66E-4FF2-B86B-75C7925F72A9",
		"Provider_Name":"Microsoft-Windows-Provisioning-Diagnostics-Provider",
		"UserID":"S-1-5-18",
		"Task":0,
		"SystemTime":"2024-10-01T14:08:40.125798Z",
		"Version":0,
		"OriginalLogfile":"Microsoft-Windows-Provisioning-Diagnostics-Provider%4Admin.evtx-7NZF8EZC.json",
		"Message1":"Power.Settings.Display.ppkg",
		"Message2":"{23cb517f-5073-4e96-a202-7fe6122a2271}"
	},
	{
		"Rule level":"medium",
		"title":"WMI Event Subscription",
		"sigma_yml":"sysmon_wmi_event_subscription.yml",
		"description":"Detects creation of WMI event subscription persistence method",
		"row_id":43408,
		"Channel":"Microsoft-Windows-Provisioning-Diagnostics-Provider/Admin",
		"Computer":"DESKTOP-47I4RLN",
		"EventID":20,
		"EventRecordID":36,
		"ProcessID":6520,
		"ThreadID":7624,
		"Keywords":"0x8000000000000000",
		"Level":4,
		"Opcode":0,
		"Guid":"ED8B9BD3-F66E-4FF2-B86B-75C7925F72A9",
		"Provider_Name":"Microsoft-Windows-Provisioning-Diagnostics-Provider",
		"UserID":"S-1-5-18",
		"Task":0,
		"SystemTime":"2024-10-01T14:08:40.141102Z",
		"Version":0,
		"OriginalLogfile":"Microsoft-Windows-Provisioning-Diagnostics-Provider%4Admin.evtx-7NZF8EZC.json",
		"Message1":"Power.Settings.Graphics.ppkg",
		"Message2":"{bf56ce5a-946b-45b5-858a-1794eb0125e2}"
	},
	{
		"Rule level":"medium",
		"title":"WMI Event Subscription",
		"sigma_yml":"sysmon_wmi_event_subscription.yml",
		"description":"Detects creation of WMI event subscription persistence method",
		"row_id":43409,
		"Channel":"Microsoft-Windows-Provisioning-Diagnostics-Provider/Admin",
		"Computer":"DESKTOP-47I4RLN",
		"EventID":20,
		"EventRecordID":37,
		"ProcessID":6520,
		"ThreadID":7624,
		"Keywords":"0x8000000000000000",
		"Level":4,
		"Opcode":0,
		"Guid":"ED8B9BD3-F66E-4FF2-B86B-75C7925F72A9",
		"Provider_Name":"Microsoft-Windows-Provisioning-Diagnostics-Provider",
		"UserID":"S-1-5-18",
		"Task":0,
		"SystemTime":"2024-10-01T14:08:40.155823Z",
		"Version":0,
		"OriginalLogfile":"Microsoft-Windows-Provisioning-Diagnostics-Provider%4Admin.evtx-7NZF8EZC.json",
		"Message1":"Power.Settings.IdleResiliency.ppkg",
		"Message2":"{f11899f2-71ec-4621-9997-e17ae2f6eb26}"
	},
	{
		"Rule level":"medium",
		"title":"WMI Event Subscription",
		"sigma_yml":"sysmon_wmi_event_subscription.yml",
		"description":"Detects creation of WMI event subscription persistence method",
		"row_id":43410,
		"Channel":"Microsoft-Windows-Provisioning-Diagnostics-Provider/Admin",
		"Computer":"DESKTOP-47I4RLN",
		"EventID":20,
		"EventRecordID":38,
		"ProcessID":6520,
		"ThreadID":7624,
		"Keywords":"0x8000000000000000",
		"Level":4,
		"Opcode":0,
		"Guid":"ED8B9BD3-F66E-4FF2-B86B-75C7925F72A9",
		"Provider_Name":"Microsoft-Windows-Provisioning-Diagnostics-Provider",
		"UserID":"S-1-5-18",
		"Task":0,
		"SystemTime":"2024-10-01T14:08:40.171442Z",
		"Version":0,
		"OriginalLogfile":"Microsoft-Windows-Provisioning-Diagnostics-Provider%4Admin.evtx-7NZF8EZC.json",
		"Message1":"Power.Settings.PCIExpress.ppkg",
		"Message2":"{268c43e1-aa2b-4036-86ef-8cda98a0c2fe}"
	},
	{
		"Rule level":"medium",
		"title":"WMI Event Subscription",
		"sigma_yml":"sysmon_wmi_event_subscription.yml",
		"description":"Detects creation of WMI event subscription persistence method",
		"row_id":43411,
		"Channel":"Microsoft-Windows-Provisioning-Diagnostics-Provider/Admin",
		"Computer":"DESKTOP-47I4RLN",
		"EventID":20,
		"EventRecordID":39,
		"ProcessID":6520,
		"ThreadID":7624,
		"Keywords":"0x8000000000000000",
		"Level":4,
		"Opcode":0,
		"Guid":"ED8B9BD3-F66E-4FF2-B86B-75C7925F72A9",
		"Provider_Name":"Microsoft-Windows-Provisioning-Diagnostics-Provider",
		"UserID":"S-1-5-18",
		"Task":0,
		"SystemTime":"2024-10-01T14:08:40.189292Z",
		"Version":0,
		"OriginalLogfile":"Microsoft-Windows-Provisioning-Diagnostics-Provider%4Admin.evtx-7NZF8EZC.json",
		"Message1":"Power.Settings.Processor.ppkg",
		"Message2":"{fc01e91f-914c-45af-9d7c-0b2e5fbedf62}"
	},
	{
		"Rule level":"medium",
		"title":"WMI Event Subscription",
		"sigma_yml":"sysmon_wmi_event_subscription.yml",
		"description":"Detects creation of WMI event subscription persistence method",
		"row_id":43412,
		"Channel":"Microsoft-Windows-Provisioning-Diagnostics-Provider/Admin",
		"Computer":"DESKTOP-47I4RLN",
		"EventID":20,
		"EventRecordID":40,
		"ProcessID":6520,
		"ThreadID":7624,
		"Keywords":"0x8000000000000000",
		"Level":4,
		"Opcode":0,
		"Guid":"ED8B9BD3-F66E-4FF2-B86B-75C7925F72A9",
		"Provider_Name":"Microsoft-Windows-Provisioning-Diagnostics-Provider",
		"UserID":"S-1-5-18",
		"Task":0,
		"SystemTime":"2024-10-01T14:08:40.310872Z",
		"Version":0,
		"OriginalLogfile":"Microsoft-Windows-Provisioning-Diagnostics-Provider%4Admin.evtx-7NZF8EZC.json",
		"Message1":"Power.Settings.Sleep.ppkg",
		"Message2":"{3742e5e8-6d9d-473b-99a6-8ecc0f43548a}"
	},
	{
		"Rule level":"medium",
		"title":"WMI Event Subscription",
		"sigma_yml":"sysmon_wmi_event_subscription.yml",
		"description":"Detects creation of WMI event subscription persistence method",
		"row_id":43413,
		"Channel":"Microsoft-Windows-Provisioning-Diagnostics-Provider/Admin",
		"Computer":"DESKTOP-47I4RLN",
		"EventID":20,
		"EventRecordID":41,
		"ProcessID":6520,
		"ThreadID":7624,
		"Keywords":"0x8000000000000000",
		"Level":4,
		"Opcode":0,
		"Guid":"ED8B9BD3-F66E-4FF2-B86B-75C7925F72A9",
		"Provider_Name":"Microsoft-Windows-Provisioning-Diagnostics-Provider",
		"UserID":"S-1-5-18",
		"Task":0,
		"SystemTime":"2024-10-01T14:08:40.424782Z",
		"Version":0,
		"OriginalLogfile":"Microsoft-Windows-Provisioning-Diagnostics-Provider%4Admin.evtx-7NZF8EZC.json",
		"Message1":"Microsoft.Windows.Cosa.Desktop.Client.ppkg",
		"Message2":"{c8a326e4-f518-4f14-b543-97a57e1a975e}"
	},
	{
		"Rule level":"medium",
		"title":"WMI Event Subscription",
		"sigma_yml":"sysmon_wmi_event_subscription.yml",
		"description":"Detects creation of WMI event subscription persistence method",
		"row_id":43415,
		"Channel":"Microsoft-Windows-Provisioning-Diagnostics-Provider/Admin",
		"Computer":"DESKTOP-47I4RLN",
		"EventID":20,
		"EventRecordID":43,
		"ProcessID":2592,
		"ThreadID":4724,
		"Keywords":"0x8000000000000000",
		"Level":4,
		"Opcode":0,
		"Guid":"ED8B9BD3-F66E-4FF2-B86B-75C7925F72A9",
		"Provider_Name":"Microsoft-Windows-Provisioning-Diagnostics-Provider",
		"UserID":"S-1-5-18",
		"Task":0,
		"SystemTime":"2024-10-01T16:38:10.349456Z",
		"Version":0,
		"OriginalLogfile":"Microsoft-Windows-Provisioning-Diagnostics-Provider%4Admin.evtx-7NZF8EZC.json",
		"Message1":"Power.EnergyEstimationEngine.Control.ppkg",
		"Message2":"{1e05dd5d-a022-46c5-963c-b20de341170f}"
	},
	{
		"Rule level":"medium",
		"title":"WMI Event Subscription",
		"sigma_yml":"sysmon_wmi_event_subscription.yml",
		"description":"Detects creation of WMI event subscription persistence method",
		"row_id":43416,
		"Channel":"Microsoft-Windows-Provisioning-Diagnostics-Provider/Admin",
		"Computer":"DESKTOP-47I4RLN",
		"EventID":20,
		"EventRecordID":44,
		"ProcessID":2592,
		"ThreadID":4724,
		"Keywords":"0x8000000000000000",
		"Level":4,
		"Opcode":0,
		"Guid":"ED8B9BD3-F66E-4FF2-B86B-75C7925F72A9",
		"Provider_Name":"Microsoft-Windows-Provisioning-Diagnostics-Provider",
		"UserID":"S-1-5-18",
		"Task":0,
		"SystemTime":"2024-10-01T16:38:10.357217Z",
		"Version":0,
		"OriginalLogfile":"Microsoft-Windows-Provisioning-Diagnostics-Provider%4Admin.evtx-7NZF8EZC.json",
		"Message1":"Power.EnergyEstimationEngine.CPU.ppkg",
		"Message2":"{c5dc3753-b6c8-4057-b396-bf13d769311c}"
	},
	{
		"Rule level":"medium",
		"title":"WMI Event Subscription",
		"sigma_yml":"sysmon_wmi_event_subscription.yml",
		"description":"Detects creation of WMI event subscription persistence method",
		"row_id":43417,
		"Channel":"Microsoft-Windows-Provisioning-Diagnostics-Provider/Admin",
		"Computer":"DESKTOP-47I4RLN",
		"EventID":20,
		"EventRecordID":45,
		"ProcessID":2592,
		"ThreadID":4724,
		"Keywords":"0x8000000000000000",
		"Level":4,
		"Opcode":0,
		"Guid":"ED8B9BD3-F66E-4FF2-B86B-75C7925F72A9",
		"Provider_Name":"Microsoft-Windows-Provisioning-Diagnostics-Provider",
		"UserID":"S-1-5-18",
		"Task":0,
		"SystemTime":"2024-10-01T16:38:10.364506Z",
		"Version":0,
		"OriginalLogfile":"Microsoft-Windows-Provisioning-Diagnostics-Provider%4Admin.evtx-7NZF8EZC.json",
		"Message1":"Power.EnergyEstimationEngine.Display.ppkg",
		"Message2":"{ee4aac98-c174-4941-82b1-d121e493e4fb}"
	},
	{
		"Rule level":"medium",
		"title":"WMI Event Subscription",
		"sigma_yml":"sysmon_wmi_event_subscription.yml",
		"description":"Detects creation of WMI event subscription persistence method",
		"row_id":43418,
		"Channel":"Microsoft-Windows-Provisioning-Diagnostics-Provider/Admin",
		"Computer":"DESKTOP-47I4RLN",
		"EventID":20,
		"EventRecordID":46,
		"ProcessID":2592,
		"ThreadID":4724,
		"Keywords":"0x8000000000000000",
		"Level":4,
		"Opcode":0,
		"Guid":"ED8B9BD3-F66E-4FF2-B86B-75C7925F72A9",
		"Provider_Name":"Microsoft-Windows-Provisioning-Diagnostics-Provider",
		"UserID":"S-1-5-18",
		"Task":0,
		"SystemTime":"2024-10-01T16:38:10.372438Z",
		"Version":0,
		"OriginalLogfile":"Microsoft-Windows-Provisioning-Diagnostics-Provider%4Admin.evtx-7NZF8EZC.json",
		"Message1":"Power.EnergyEstimationEngine.MBB.ppkg",
		"Message2":"{99b095d8-5959-4820-bea7-7448c8427b4e}"
	},
	{
		"Rule level":"medium",
		"title":"WMI Event Subscription",
		"sigma_yml":"sysmon_wmi_event_subscription.yml",
		"description":"Detects creation of WMI event subscription persistence method",
		"row_id":43419,
		"Channel":"Microsoft-Windows-Provisioning-Diagnostics-Provider/Admin",
		"Computer":"DESKTOP-47I4RLN",
		"EventID":20,
		"EventRecordID":47,
		"ProcessID":2592,
		"ThreadID":4724,
		"Keywords":"0x8000000000000000",
		"Level":4,
		"Opcode":0,
		"Guid":"ED8B9BD3-F66E-4FF2-B86B-75C7925F72A9",
		"Provider_Name":"Microsoft-Windows-Provisioning-Diagnostics-Provider",
		"UserID":"S-1-5-18",
		"Task":0,
		"SystemTime":"2024-10-01T16:38:10.380290Z",
		"Version":0,
		"OriginalLogfile":"Microsoft-Windows-Provisioning-Diagnostics-Provider%4Admin.evtx-7NZF8EZC.json",
		"Message1":"Power.EnergyEstimationEngine.StandbyActivation.ppkg",
		"Message2":"{8d196d7f-3eef-48ad-8bea-be749f12d3ad}"
	},
	{
		"Rule level":"medium",
		"title":"WMI Event Subscription",
		"sigma_yml":"sysmon_wmi_event_subscription.yml",
		"description":"Detects creation of WMI event subscription persistence method",
		"row_id":43420,
		"Channel":"Microsoft-Windows-Provisioning-Diagnostics-Provider/Admin",
		"Computer":"DESKTOP-47I4RLN",
		"EventID":20,
		"EventRecordID":48,
		"ProcessID":2592,
		"ThreadID":4724,
		"Keywords":"0x8000000000000000",
		"Level":4,
		"Opcode":0,
		"Guid":"ED8B9BD3-F66E-4FF2-B86B-75C7925F72A9",
		"Provider_Name":"Microsoft-Windows-Provisioning-Diagnostics-Provider",
		"UserID":"S-1-5-18",
		"Task":0,
		"SystemTime":"2024-10-01T16:38:10.389208Z",
		"Version":0,
		"OriginalLogfile":"Microsoft-Windows-Provisioning-Diagnostics-Provider%4Admin.evtx-7NZF8EZC.json",
		"Message1":"Power.EnergyEstimationEngine.Storage.ppkg",
		"Message2":"{9aec5bda-1e87-46b3-bb96-1a01c606555e}"
	},
