	{
		"Rule level":"medium",
		"title":"WMI Event Subscription",
		"sigma_yml":"sysmon_wmi_event_subscription.yml",
		"description":"Detects creation of WMI event subscription persistence method",
		"row_id":28104,
		"Channel":"Microsoft-Windows-BackgroundTaskInfrastructure/Operational",
		"Computer":"DESKTOP-47I4RLN",
		"EventID":21,
		"EventRecordID":8,
		"ProcessID":748,
		"ThreadID":4876,
		"Keywords":"0x4000000000000001",
		"Level":4,
		"Opcode":113,
		"Guid":"E6835967-E0D2-41FB-BCEC-58387404E25A",
		"Provider_Name":"Microsoft-Windows-BrokerInfrastructure",
		"UserID":"S-1-5-18",
		"Task":100,
		"SystemTime":"2024-10-01T13:48:21.988744Z",
		"Version":0,
		"OriginalLogfile":"Microsoft-Windows-BackgroundTaskInfrastructure%4Operational.evtx-H9SFXO9J.json",
		"ActivityID":"BD9CCF49-1496-0000-6CF8-9CBD9614DB01",
		"Result":2150040155,
		"NameLength":0,
		"EntryPointLength":69,
		"TaskEntryPoint":"Windows.Networking.BackgroundTransfer.Internal.BackgroundTransferTask"
	},
	{
		"Rule level":"medium",
		"title":"WMI Event Subscription",
		"sigma_yml":"sysmon_wmi_event_subscription.yml",
		"description":"Detects creation of WMI event subscription persistence method",
		"row_id":28105,
		"Channel":"Microsoft-Windows-BackgroundTaskInfrastructure/Operational",
		"Computer":"DESKTOP-47I4RLN",
		"EventID":21,
		"EventRecordID":9,
		"ProcessID":748,
		"ThreadID":7828,
		"Keywords":"0x4000000000000001",
		"Level":4,
		"Opcode":113,
		"Guid":"E6835967-E0D2-41FB-BCEC-58387404E25A",
		"Provider_Name":"Microsoft-Windows-BrokerInfrastructure",
		"UserID":"S-1-5-18",
		"Task":100,
		"SystemTime":"2024-10-01T13:48:22.009524Z",
		"Version":0,
		"OriginalLogfile":"Microsoft-Windows-BackgroundTaskInfrastructure%4Operational.evtx-H9SFXO9J.json",
		"ActivityID":"BD9CCF49-1496-0000-6CF8-9CBD9614DB01",
		"Result":2150040155,
		"NameLength":0,
		"EntryPointLength":69,
		"TaskEntryPoint":"Windows.Networking.BackgroundTransfer.Internal.BackgroundTransferTask"
	},
	{
		"Rule level":"medium",
		"title":"WMI Event Subscription",
		"sigma_yml":"sysmon_wmi_event_subscription.yml",
		"description":"Detects creation of WMI event subscription persistence method",
		"row_id":28106,
		"Channel":"Microsoft-Windows-BackgroundTaskInfrastructure/Operational",
		"Computer":"DESKTOP-47I4RLN",
		"EventID":21,
		"EventRecordID":10,
		"ProcessID":748,
		"ThreadID":6816,
		"Keywords":"0x4000000000000001",
		"Level":4,
		"Opcode":113,
		"Guid":"E6835967-E0D2-41FB-BCEC-58387404E25A",
		"Provider_Name":"Microsoft-Windows-BrokerInfrastructure",
		"UserID":"S-1-5-18",
		"Task":100,
		"SystemTime":"2024-10-01T13:48:22.032366Z",
		"Version":0,
		"OriginalLogfile":"Microsoft-Windows-BackgroundTaskInfrastructure%4Operational.evtx-H9SFXO9J.json",
		"ActivityID":"BD9CCF49-1496-0000-6CF8-9CBD9614DB01",
		"Result":2150040155,
		"NameLength":0,
		"EntryPointLength":69,
		"TaskEntryPoint":"Windows.Networking.BackgroundTransfer.Internal.BackgroundTransferTask"
	},
	{
		"Rule level":"medium",
		"title":"WMI Event Subscription",
		"sigma_yml":"sysmon_wmi_event_subscription.yml",
		"description":"Detects creation of WMI event subscription persistence method",
		"row_id":28107,
		"Channel":"Microsoft-Windows-BackgroundTaskInfrastructure/Operational",
		"Computer":"DESKTOP-47I4RLN",
		"EventID":21,
		"EventRecordID":11,
		"ProcessID":748,
		"ThreadID":1848,
		"Keywords":"0x4000000000000001",
		"Level":4,
		"Opcode":113,
		"Guid":"E6835967-E0D2-41FB-BCEC-58387404E25A",
		"Provider_Name":"Microsoft-Windows-BrokerInfrastructure",
		"UserID":"S-1-5-18",
		"Task":100,
		"SystemTime":"2024-10-01T13:48:22.056208Z",
		"Version":0,
		"OriginalLogfile":"Microsoft-Windows-BackgroundTaskInfrastructure%4Operational.evtx-H9SFXO9J.json",
		"ActivityID":"BD9CCF49-1496-0000-6CF8-9CBD9614DB01",
		"Result":2150040155,
		"NameLength":0,
		"EntryPointLength":69,
		"TaskEntryPoint":"Windows.Networking.BackgroundTransfer.Internal.BackgroundTransferTask"
	},
	{
		"Rule level":"medium",
		"title":"WMI Event Subscription",
		"sigma_yml":"sysmon_wmi_event_subscription.yml",
		"description":"Detects creation of WMI event subscription persistence method",
		"row_id":28108,
		"Channel":"Microsoft-Windows-BackgroundTaskInfrastructure/Operational",
		"Computer":"DESKTOP-47I4RLN",
		"EventID":21,
		"EventRecordID":12,
		"ProcessID":748,
		"ThreadID":6924,
		"Keywords":"0x4000000000000001",
		"Level":4,
		"Opcode":113,
		"Guid":"E6835967-E0D2-41FB-BCEC-58387404E25A",
		"Provider_Name":"Microsoft-Windows-BrokerInfrastructure",
		"UserID":"S-1-5-18",
		"Task":100,
		"SystemTime":"2024-10-01T13:48:22.078832Z",
		"Version":0,
		"OriginalLogfile":"Microsoft-Windows-BackgroundTaskInfrastructure%4Operational.evtx-H9SFXO9J.json",
		"ActivityID":"BD9CCF49-1496-0000-6CF8-9CBD9614DB01",
		"Result":2150040155,
		"NameLength":0,
		"EntryPointLength":69,
		"TaskEntryPoint":"Windows.Networking.BackgroundTransfer.Internal.BackgroundTransferTask"
	},
	{
		"Rule level":"medium",
		"title":"WMI Event Subscription",
		"sigma_yml":"sysmon_wmi_event_subscription.yml",
		"description":"Detects creation of WMI event subscription persistence method",
		"row_id":28109,
		"Channel":"Microsoft-Windows-BackgroundTaskInfrastructure/Operational",
		"Computer":"DESKTOP-47I4RLN",
		"EventID":21,
		"EventRecordID":13,
		"ProcessID":748,
		"ThreadID":6984,
		"Keywords":"0x4000000000000001",
		"Level":4,
		"Opcode":113,
		"Guid":"E6835967-E0D2-41FB-BCEC-58387404E25A",
		"Provider_Name":"Microsoft-Windows-BrokerInfrastructure",
		"UserID":"S-1-5-18",
		"Task":100,
		"SystemTime":"2024-10-01T13:48:22.107538Z",
		"Version":0,
		"OriginalLogfile":"Microsoft-Windows-BackgroundTaskInfrastructure%4Operational.evtx-H9SFXO9J.json",
		"ActivityID":"BD9CCF49-1496-0000-6CF8-9CBD9614DB01",
		"Result":2150040155,
		"NameLength":0,
		"EntryPointLength":69,
		"TaskEntryPoint":"Windows.Networking.BackgroundTransfer.Internal.BackgroundTransferTask"
	},
	{
		"Rule level":"medium",
		"title":"WMI Event Subscription",
		"sigma_yml":"sysmon_wmi_event_subscription.yml",
		"description":"Detects creation of WMI event subscription persistence method",
		"row_id":28110,
		"Channel":"Microsoft-Windows-BackgroundTaskInfrastructure/Operational",
		"Computer":"DESKTOP-47I4RLN",
		"EventID":21,
		"EventRecordID":14,
		"ProcessID":748,
		"ThreadID":6840,
		"Keywords":"0x4000000000000001",
		"Level":4,
		"Opcode":113,
		"Guid":"E6835967-E0D2-41FB-BCEC-58387404E25A",
		"Provider_Name":"Microsoft-Windows-BrokerInfrastructure",
		"UserID":"S-1-5-18",
		"Task":100,
		"SystemTime":"2024-10-01T13:48:22.156678Z",
		"Version":0,
		"OriginalLogfile":"Microsoft-Windows-BackgroundTaskInfrastructure%4Operational.evtx-H9SFXO9J.json",
		"ActivityID":"BD9CCF49-1496-0000-6CF8-9CBD9614DB01",
		"Result":2150040155,
		"NameLength":0,
		"EntryPointLength":69,
		"TaskEntryPoint":"Windows.Networking.BackgroundTransfer.Internal.BackgroundTransferTask"
	},
	{
		"Rule level":"medium",
		"title":"WMI Event Subscription",
		"sigma_yml":"sysmon_wmi_event_subscription.yml",
		"description":"Detects creation of WMI event subscription persistence method",
		"row_id":28111,
		"Channel":"Microsoft-Windows-BackgroundTaskInfrastructure/Operational",
		"Computer":"DESKTOP-47I4RLN",
		"EventID":21,
		"EventRecordID":15,
		"ProcessID":748,
		"ThreadID":6584,
		"Keywords":"0x4000000000000001",
		"Level":4,
		"Opcode":113,
		"Guid":"E6835967-E0D2-41FB-BCEC-58387404E25A",
		"Provider_Name":"Microsoft-Windows-BrokerInfrastructure",
		"UserID":"S-1-5-18",
		"Task":100,
		"SystemTime":"2024-10-01T13:48:22.179774Z",
		"Version":0,
		"OriginalLogfile":"Microsoft-Windows-BackgroundTaskInfrastructure%4Operational.evtx-H9SFXO9J.json",
		"ActivityID":"BD9CCF49-1496-0000-6CF8-9CBD9614DB01",
		"Result":2150040155,
		"NameLength":0,
		"EntryPointLength":69,
		"TaskEntryPoint":"Windows.Networking.BackgroundTransfer.Internal.BackgroundTransferTask"
	},
	{
		"Rule level":"medium",
		"title":"WMI Event Subscription",
		"sigma_yml":"sysmon_wmi_event_subscription.yml",
		"description":"Detects creation of WMI event subscription persistence method",
		"row_id":28112,
		"Channel":"Microsoft-Windows-BackgroundTaskInfrastructure/Operational",
		"Computer":"DESKTOP-47I4RLN",
		"EventID":21,
		"EventRecordID":16,
		"ProcessID":748,
		"ThreadID":4876,
		"Keywords":"0x4000000000000001",
		"Level":4,
		"Opcode":113,
		"Guid":"E6835967-E0D2-41FB-BCEC-58387404E25A",
		"Provider_Name":"Microsoft-Windows-BrokerInfrastructure",
		"UserID":"S-1-5-18",
		"Task":100,
		"SystemTime":"2024-10-01T13:48:22.203913Z",
		"Version":0,
		"OriginalLogfile":"Microsoft-Windows-BackgroundTaskInfrastructure%4Operational.evtx-H9SFXO9J.json",
		"ActivityID":"BD9CCF49-1496-0000-6CF8-9CBD9614DB01",
		"Result":2150040155,
		"NameLength":0,
		"EntryPointLength":69,
		"TaskEntryPoint":"Windows.Networking.BackgroundTransfer.Internal.BackgroundTransferTask"
	},
	{
		"Rule level":"medium",
		"title":"WMI Event Subscription",
		"sigma_yml":"sysmon_wmi_event_subscription.yml",
		"description":"Detects creation of WMI event subscription persistence method",
		"row_id":28113,
		"Channel":"Microsoft-Windows-BackgroundTaskInfrastructure/Operational",
		"Computer":"DESKTOP-47I4RLN",
		"EventID":21,
		"EventRecordID":17,
		"ProcessID":748,
		"ThreadID":7828,
		"Keywords":"0x4000000000000001",
		"Level":4,
		"Opcode":113,
		"Guid":"E6835967-E0D2-41FB-BCEC-58387404E25A",
		"Provider_Name":"Microsoft-Windows-BrokerInfrastructure",
		"UserID":"S-1-5-18",
		"Task":100,
		"SystemTime":"2024-10-01T13:48:22.227017Z",
		"Version":0,
		"OriginalLogfile":"Microsoft-Windows-BackgroundTaskInfrastructure%4Operational.evtx-H9SFXO9J.json",
		"ActivityID":"BD9CCF49-1496-0000-6CF8-9CBD9614DB01",
		"Result":2150040155,
		"NameLength":0,
		"EntryPointLength":69,
		"TaskEntryPoint":"Windows.Networking.BackgroundTransfer.Internal.BackgroundTransferTask"
	},
	{
		"Rule level":"medium",
		"title":"WMI Event Subscription",
		"sigma_yml":"sysmon_wmi_event_subscription.yml",
		"description":"Detects creation of WMI event subscription persistence method",
		"row_id":28114,
		"Channel":"Microsoft-Windows-BackgroundTaskInfrastructure/Operational",
		"Computer":"DESKTOP-47I4RLN",
		"EventID":21,
		"EventRecordID":18,
		"ProcessID":756,
		"ThreadID":6248,
		"Keywords":"0x4000000000000001",
		"Level":4,
		"Opcode":113,
		"Guid":"E6835967-E0D2-41FB-BCEC-58387404E25A",
		"Provider_Name":"Microsoft-Windows-BrokerInfrastructure",
		"UserID":"S-1-5-18",
		"Task":100,
		"SystemTime":"2024-10-01T13:49:18.870760Z",
		"Version":0,
		"OriginalLogfile":"Microsoft-Windows-BackgroundTaskInfrastructure%4Operational.evtx-H9SFXO9J.json",
		"ActivityID":"A7FD8A1E-1408-0000-2594-FDA70814DB01",
		"Result":2147942526,
		"NameLength":0,
		"EntryPointLength":36,
		"TaskEntryPoint":"SpModel.Model.BookTileBackgroundTask"
	},
	{
		"Rule level":"medium",
		"title":"WMI Event Subscription",
		"sigma_yml":"sysmon_wmi_event_subscription.yml",
		"description":"Detects creation of WMI event subscription persistence method",
		"row_id":28115,
		"Channel":"Microsoft-Windows-BackgroundTaskInfrastructure/Operational",
		"Computer":"DESKTOP-47I4RLN",
		"EventID":21,
		"EventRecordID":19,
		"ProcessID":756,
		"ThreadID":3160,
		"Keywords":"0x4000000000000001",
		"Level":4,
		"Opcode":113,
		"Guid":"E6835967-E0D2-41FB-BCEC-58387404E25A",
		"Provider_Name":"Microsoft-Windows-BrokerInfrastructure",
		"UserID":"S-1-5-18",
		"Task":100,
		"SystemTime":"2024-10-01T14:35:16.673095Z",
		"Version":0,
		"OriginalLogfile":"Microsoft-Windows-BackgroundTaskInfrastructure%4Operational.evtx-H9SFXO9J.json",
		"ActivityID":"A7FD8A1E-1408-0001-2439-FEA70814DB01",
		"Result":2147942526,
		"NameLength":0,
		"EntryPointLength":36,
		"TaskEntryPoint":"SpModel.Model.BookTileBackgroundTask"
	},
	{
		"Rule level":"medium",
		"title":"WMI Event Subscription",
		"sigma_yml":"sysmon_wmi_event_subscription.yml",
		"description":"Detects creation of WMI event subscription persistence method",
		"row_id":28882,
		"Channel":"Microsoft-Windows-TerminalServices-LocalSessionManager/Operational",
		"Computer":"DESKTOP-47I4RLN",
		"EventID":21,
		"EventRecordID":25,
		"ProcessID":920,
		"ThreadID":1088,
		"Keywords":"0x1000000000000000",
		"Level":4,
		"Opcode":0,
		"Guid":"5D896912-022D-40AA-A3A8-4FA5515C76D7",
		"Provider_Name":"Microsoft-Windows-TerminalServices-LocalSessionManager",
		"UserID":"S-1-5-18",
		"Task":0,
		"SystemTime":"2024-10-01T13:47:26.375085Z",
		"Version":0,
		"OriginalLogfile":"Microsoft-Windows-TerminalServices-LocalSessionManager%4Operational.evtx-FNYO4E95.json",
		"ActivityID":"61A55000-55E5-1017-0000-000000000000",
		"User":"DESKTOP-47I4RLN\\dfir",
		"Address":"LOCAL",
		"SessionId":1
	},
	{
		"Rule level":"medium",
		"title":"WMI Event Subscription",
		"sigma_yml":"sysmon_wmi_event_subscription.yml",
		"description":"Detects creation of WMI event subscription persistence method",
		"row_id":28889,
		"Channel":"Microsoft-Windows-TerminalServices-LocalSessionManager/Operational",
		"Computer":"DESKTOP-47I4RLN",
		"EventID":21,
		"EventRecordID":32,
		"ProcessID":928,
		"ThreadID":984,
		"Keywords":"0x1000000000000000",
		"Level":4,
		"Opcode":0,
		"Guid":"5D896912-022D-40AA-A3A8-4FA5515C76D7",
		"Provider_Name":"Microsoft-Windows-TerminalServices-LocalSessionManager",
		"UserID":"S-1-5-18",
		"Task":0,
		"SystemTime":"2024-10-01T13:49:03.801090Z",
		"Version":0,
		"OriginalLogfile":"Microsoft-Windows-TerminalServices-LocalSessionManager%4Operational.evtx-FNYO4E95.json",
		"ActivityID":"61A55000-55E5-1017-0000-000000000000",
		"User":"DESKTOP-47I4RLN\\dfir",
		"Address":"LOCAL",
		"SessionId":1
	},
	{
		"Rule level":"medium",
		"title":"WMI Event Subscription",
		"sigma_yml":"sysmon_wmi_event_subscription.yml",
		"description":"Detects creation of WMI event subscription persistence method",
		"row_id":28896,
		"Channel":"Microsoft-Windows-TerminalServices-LocalSessionManager/Operational",
		"Computer":"DESKTOP-47I4RLN",
		"EventID":21,
		"EventRecordID":39,
		"ProcessID":920,
		"ThreadID":948,
		"Keywords":"0x1000000000000000",
		"Level":4,
		"Opcode":0,
		"Guid":"5D896912-022D-40AA-A3A8-4FA5515C76D7",
		"Provider_Name":"Microsoft-Windows-TerminalServices-LocalSessionManager",
		"UserID":"S-1-5-18",
		"Task":0,
		"SystemTime":"2024-10-01T16:29:54.177614Z",
		"Version":0,
		"OriginalLogfile":"Microsoft-Windows-TerminalServices-LocalSessionManager%4Operational.evtx-FNYO4E95.json",
		"ActivityID":"61A55000-55E5-1017-0000-000000000000",
		"User":"DESKTOP-47I4RLN\\dfir",
		"Address":"LOCAL",
		"SessionId":1
	},
	{
		"Rule level":"medium",
		"title":"WMI Event Subscription",
		"sigma_yml":"sysmon_wmi_event_subscription.yml",
		"description":"Detects creation of WMI event subscription persistence method",
		"row_id":28904,
		"Channel":"Microsoft-Windows-TerminalServices-LocalSessionManager/Operational",
		"Computer":"DESKTOP-47I4RLN",
		"EventID":21,
		"EventRecordID":47,
		"ProcessID":920,
		"ThreadID":5136,
		"Keywords":"0x1000000000000000",
		"Level":4,
		"Opcode":0,
		"Guid":"5D896912-022D-40AA-A3A8-4FA5515C76D7",
		"Provider_Name":"Microsoft-Windows-TerminalServices-LocalSessionManager",
		"UserID":"S-1-5-18",
		"Task":0,
		"SystemTime":"2024-10-01T17:32:19.301463Z",
		"Version":0,
		"OriginalLogfile":"Microsoft-Windows-TerminalServices-LocalSessionManager%4Operational.evtx-FNYO4E95.json",
		"ActivityID":"61A55000-55E5-1017-0000-000000000000",
		"User":"DESKTOP-47I4RLN\\dfir",
		"Address":"LOCAL",
		"SessionId":2
	},
	{
		"Rule level":"medium",
		"title":"Windows Defender Exclusions Added",
		"sigma_yml":"win_defender_config_change_exclusion_added.yml",
		"description":"Detects the Setting of Windows Defender Exclusions",
		"row_id":28387,
		"Channel":"Microsoft-Windows-Windows Defender/Operational",
		"Computer":"DESKTOP-47I4RLN",
		"EventID":5007,
		"EventRecordID":117,
		"ProcessID":7196,
		"ThreadID":4528,
		"Keywords":"0x8000000000000000",
		"Level":4,
		"Opcode":0,
		"Guid":"11CD958A-C507-4EF3-B3F2-5FD9DFBD2C78",
		"Provider_Name":"Microsoft-Windows-Windows Defender",
		"UserID":"S-1-5-18",
		"Task":0,
		"SystemTime":"2024-10-01T18:35:04.599418Z",
		"Version":0,
		"OriginalLogfile":"Microsoft-Windows-Windows Defender%4Operational.evtx-BFUNGYVC.json",
		"ProductName":"Microsoft Defender Antivirus",
		"NewValue":"HKLM\\SOFTWARE\\Microsoft\\Windows Defender\\Exclusions\\TemporaryPaths\\\\\\?\\C:\\Users\\dfir\\Downloads\\cobalt.exe = 0x4",
		"ProductVersion":"4.18.24080.9"
	},
	{
		"Rule level":"medium",
		"title":"Windows Defender Exclusions Added",
		"sigma_yml":"win_defender_config_change_exclusion_added.yml",
		"description":"Detects the Setting of Windows Defender Exclusions",
		"row_id":28400,
		"Channel":"Microsoft-Windows-Windows Defender/Operational",
		"Computer":"DESKTOP-47I4RLN",
		"EventID":5007,
		"EventRecordID":130,
		"ProcessID":7196,
		"ThreadID":6892,
		"Keywords":"0x8000000000000000",
		"Level":4,
		"Opcode":0,
		"Guid":"11CD958A-C507-4EF3-B3F2-5FD9DFBD2C78",
		"Provider_Name":"Microsoft-Windows-Windows Defender",
		"UserID":"S-1-5-18",
		"Task":0,
		"SystemTime":"2024-10-01T18:36:20.719484Z",
		"Version":0,
		"OriginalLogfile":"Microsoft-Windows-Windows Defender%4Operational.evtx-BFUNGYVC.json",
		"ProductName":"Microsoft Defender Antivirus",
		"NewValue":"HKLM\\SOFTWARE\\Microsoft\\Windows Defender\\Exclusions\\TemporaryPaths\\\\\\?\\C:\\Users\\dfir\\Downloads\\2c7aeac07ce7f03b74952e0e243bd52f2bfa60fadc92dd71a6a1fee2d14cdd77.exe = 0x4",
		"ProductVersion":"4.18.24080.9"
	},
	{
		"Rule level":"medium",
		"title":"Windows Defender Exclusions Added",
		"sigma_yml":"win_defender_config_change_exclusion_added.yml",
		"description":"Detects the Setting of Windows Defender Exclusions",
		"row_id":28420,
		"Channel":"Microsoft-Windows-Windows Defender/Operational",
		"Computer":"DESKTOP-47I4RLN",
		"EventID":5007,
		"EventRecordID":150,
		"ProcessID":7196,
		"ThreadID":8892,
		"Keywords":"0x8000000000000000",
		"Level":4,
		"Opcode":0,
		"Guid":"11CD958A-C507-4EF3-B3F2-5FD9DFBD2C78",
		"Provider_Name":"Microsoft-Windows-Windows Defender",
		"UserID":"S-1-5-18",
		"Task":0,
		"SystemTime":"2024-10-01T18:38:15.182054Z",
		"Version":0,
		"OriginalLogfile":"Microsoft-Windows-Windows Defender%4Operational.evtx-BFUNGYVC.json",
		"ProductName":"Microsoft Defender Antivirus",
		"NewValue":"HKLM\\SOFTWARE\\Microsoft\\Windows Defender\\Exclusions\\TemporaryPaths\\\\\\?\\C:\\Users\\dfir\\Downloads\\trickbot\\81c734c21b5e15837d01c9766094bc4ffce0e3dc6b04c15e0bc1286d61897dc7.exe = 0x4",
		"ProductVersion":"4.18.24080.9"
	},
	{
		"Rule level":"medium",
		"title":"Certificate Private Key Acquired",
		"sigma_yml":"win_capi2_acquire_certificate_private_key.yml",
		"description":"Detects when an application acquires a certificate private key",
		"row_id":6950,
		"Channel":"Microsoft-Windows-AppModel-Runtime/Admin",
		"Computer":"DESKTOP-47I4RLN",
		"EventID":70,
		"EventRecordID":10,
		"ProcessID":1356,
		"ThreadID":508,
		"Keywords":"0x2000000000000001",
		"Level":4,
		"Opcode":0,
		"Guid":"F1EF270A-0D32-4352-BA52-DBAB41E1D859",
		"Provider_Name":"Microsoft-Windows-AppModel-Runtime",
		"UserID":"S-1-5-18",
		"Task":0,
		"SystemTime":"2024-10-01T13:47:29.487625Z",
		"Version":0,
		"OriginalLogfile":"Microsoft-Windows-AppModel-Runtime%4Admin.evtx-ENZVIVNQ.json",
		"ActivityID":"BD9CCF49-1496-0000-FBD3-9CBD9614DB01",
		"PackageFullName":"Microsoft.BioEnrollment_10.0.19041.1023_neutral__cw5n1h2txyewy",
		"CurrentStatus":32,
		"DesiredStatus":0,
		"User":"S-1-5-21-1421159008-4270732973-2479707347-1000"
	},
	{
		"Rule level":"medium",
		"title":"Certificate Private Key Acquired",
		"sigma_yml":"win_capi2_acquire_certificate_private_key.yml",
		"description":"Detects when an application acquires a certificate private key",
		"row_id":6951,
		"Channel":"Microsoft-Windows-AppModel-Runtime/Admin",
		"Computer":"DESKTOP-47I4RLN",
		"EventID":70,
		"EventRecordID":11,
		"ProcessID":1356,
		"ThreadID":2128,
		"Keywords":"0x2000000000000001",
		"Level":4,
		"Opcode":0,
		"Guid":"F1EF270A-0D32-4352-BA52-DBAB41E1D859",
		"Provider_Name":"Microsoft-Windows-AppModel-Runtime",
		"UserID":"S-1-5-18",
		"Task":0,
		"SystemTime":"2024-10-01T13:47:29.490474Z",
		"Version":0,
		"OriginalLogfile":"Microsoft-Windows-AppModel-Runtime%4Admin.evtx-ENZVIVNQ.json",
		"ActivityID":"BD9CCF49-1496-0001-81D4-9CBD9614DB01",
		"PackageFullName":"Microsoft.Windows.CloudExperienceHost_10.0.19041.1266_neutral_neutral_cw5n1h2txyewy",
		"CurrentStatus":32,
		"DesiredStatus":0,
		"User":"S-1-5-21-1421159008-4270732973-2479707347-1000"
	},
	{
		"Rule level":"medium",
		"title":"Certificate Private Key Acquired",
		"sigma_yml":"win_capi2_acquire_certificate_private_key.yml",
		"description":"Detects when an application acquires a certificate private key",
		"row_id":6955,
		"Channel":"Microsoft-Windows-AppModel-Runtime/Admin",
		"Computer":"DESKTOP-47I4RLN",
		"EventID":70,
		"EventRecordID":15,
		"ProcessID":1356,
		"ThreadID":508,
		"Keywords":"0x2000000000000001",
		"Level":4,
		"Opcode":0,
		"Guid":"F1EF270A-0D32-4352-BA52-DBAB41E1D859",
		"Provider_Name":"Microsoft-Windows-AppModel-Runtime",
		"UserID":"S-1-5-18",
		"Task":0,
		"SystemTime":"2024-10-01T13:47:29.890712Z",
		"Version":0,
		"OriginalLogfile":"Microsoft-Windows-AppModel-Runtime%4Admin.evtx-ENZVIVNQ.json",
		"ActivityID":"BD9CCF49-1496-0001-41D5-9CBD9614DB01",
		"PackageFullName":"Microsoft.Windows.OOBENetworkConnectionFlow_10.0.19041.1023_neutral__cw5n1h2txyewy",
		"CurrentStatus":32,
		"DesiredStatus":0,
		"User":"S-1-5-21-1421159008-4270732973-2479707347-1000"
	},
	{
		"Rule level":"medium",
		"title":"Certificate Private Key Acquired",
		"sigma_yml":"win_capi2_acquire_certificate_private_key.yml",
		"description":"Detects when an application acquires a certificate private key",
		"row_id":6960,
		"Channel":"Microsoft-Windows-AppModel-Runtime/Admin",
		"Computer":"DESKTOP-47I4RLN",
		"EventID":70,
		"EventRecordID":20,
		"ProcessID":1356,
		"ThreadID":1572,
		"Keywords":"0x2000000000000001",
		"Level":4,
		"Opcode":0,
		"Guid":"F1EF270A-0D32-4352-BA52-DBAB41E1D859",
		"Provider_Name":"Microsoft-Windows-AppModel-Runtime",
		"UserID":"S-1-5-18",
		"Task":0,
		"SystemTime":"2024-10-01T13:47:30.179632Z",
		"Version":0,
		"OriginalLogfile":"Microsoft-Windows-AppModel-Runtime%4Admin.evtx-ENZVIVNQ.json",
		"ActivityID":"BD9CCF49-1496-0001-37D5-9CBD9614DB01",
		"PackageFullName":"Microsoft.AAD.BrokerPlugin_1000.19041.1023.0_neutral_neutral_cw5n1h2txyewy",
		"CurrentStatus":32,
		"DesiredStatus":0,
		"User":"S-1-5-21-1421159008-4270732973-2479707347-1000"
	},
	{
		"Rule level":"medium",
		"title":"Certificate Private Key Acquired",
		"sigma_yml":"win_capi2_acquire_certificate_private_key.yml",
		"description":"Detects when an application acquires a certificate private key",
		"row_id":6961,
		"Channel":"Microsoft-Windows-AppModel-Runtime/Admin",
		"Computer":"DESKTOP-47I4RLN",
		"EventID":70,
		"EventRecordID":21,
		"ProcessID":1356,
		"ThreadID":508,
		"Keywords":"0x2000000000000001",
		"Level":4,
		"Opcode":0,
		"Guid":"F1EF270A-0D32-4352-BA52-DBAB41E1D859",
		"Provider_Name":"Microsoft-Windows-AppModel-Runtime",
		"UserID":"S-1-5-18",
		"Task":0,
		"SystemTime":"2024-10-01T13:47:30.254636Z",
		"Version":0,
		"OriginalLogfile":"Microsoft-Windows-AppModel-Runtime%4Admin.evtx-ENZVIVNQ.json",
		"ActivityID":"BD9CCF49-1496-0001-94D5-9CBD9614DB01",
		"PackageFullName":"Microsoft.Windows.OOBENetworkCaptivePortal_10.0.19041.1023_neutral__cw5n1h2txyewy",
		"CurrentStatus":32,
		"DesiredStatus":0,
		"User":"S-1-5-21-1421159008-4270732973-2479707347-1000"
	},
	{
		"Rule level":"medium",
		"title":"Certificate Private Key Acquired",
		"sigma_yml":"win_capi2_acquire_certificate_private_key.yml",
		"description":"Detects when an application acquires a certificate private key",
		"row_id":6964,
		"Channel":"Microsoft-Windows-AppModel-Runtime/Admin",
		"Computer":"DESKTOP-47I4RLN",
		"EventID":70,
		"EventRecordID":24,
		"ProcessID":1356,
		"ThreadID":508,
		"Keywords":"0x2000000000000001",
		"Level":4,
		"Opcode":0,
		"Guid":"F1EF270A-0D32-4352-BA52-DBAB41E1D859",
		"Provider_Name":"Microsoft-Windows-AppModel-Runtime",
		"UserID":"S-1-5-18",
		"Task":0,
		"SystemTime":"2024-10-01T13:47:30.843619Z",
		"Version":0,
		"OriginalLogfile":"Microsoft-Windows-AppModel-Runtime%4Admin.evtx-ENZVIVNQ.json",
		"ActivityID":"BD9CCF49-1496-0000-5AD5-9CBD9614DB01",
		"PackageFullName":"MicrosoftWindows.Client.CBS_1000.19041.1000.0_x64__cw5n1h2txyewy",
		"CurrentStatus":32,
		"DesiredStatus":0,
		"User":"S-1-5-21-1421159008-4270732973-2479707347-1000"
	},
	{
		"Rule level":"medium",
		"title":"Certificate Private Key Acquired",
		"sigma_yml":"win_capi2_acquire_certificate_private_key.yml",
		"description":"Detects when an application acquires a certificate private key",
		"row_id":6969,
		"Channel":"Microsoft-Windows-AppModel-Runtime/Admin",
		"Computer":"DESKTOP-47I4RLN",
		"EventID":70,
		"EventRecordID":29,
		"ProcessID":1356,
		"ThreadID":1572,
		"Keywords":"0x2000000000000001",
		"Level":4,
		"Opcode":0,
		"Guid":"F1EF270A-0D32-4352-BA52-DBAB41E1D859",
		"Provider_Name":"Microsoft-Windows-AppModel-Runtime",
		"UserID":"S-1-5-18",
		"Task":0,
		"SystemTime":"2024-10-01T13:47:34.747420Z",
		"Version":0,
		"OriginalLogfile":"Microsoft-Windows-AppModel-Runtime%4Admin.evtx-ENZVIVNQ.json",
		"ActivityID":"BD9CCF49-1496-0001-38D6-9CBD9614DB01",
		"PackageFullName":"MicrosoftWindows.UndockedDevKit_10.0.19041.1023_neutral_neutral_cw5n1h2txyewy",
		"CurrentStatus":32,
		"DesiredStatus":0,
		"User":"S-1-5-21-1421159008-4270732973-2479707347-1000"
	},
	{
		"Rule level":"medium",
		"title":"Certificate Private Key Acquired",
		"sigma_yml":"win_capi2_acquire_certificate_private_key.yml",
		"description":"Detects when an application acquires a certificate private key",
		"row_id":6971,
		"Channel":"Microsoft-Windows-AppModel-Runtime/Admin",
		"Computer":"DESKTOP-47I4RLN",
		"EventID":70,
		"EventRecordID":31,
		"ProcessID":1356,
		"ThreadID":508,
		"Keywords":"0x2000000000000001",
		"Level":4,
		"Opcode":0,
		"Guid":"F1EF270A-0D32-4352-BA52-DBAB41E1D859",
		"Provider_Name":"Microsoft-Windows-AppModel-Runtime",
		"UserID":"S-1-5-18",
		"Task":0,
		"SystemTime":"2024-10-01T13:47:34.992284Z",
		"Version":0,
		"OriginalLogfile":"Microsoft-Windows-AppModel-Runtime%4Admin.evtx-ENZVIVNQ.json",
		"ActivityID":"BD9CCF49-1496-0001-29D8-9CBD9614DB01",
		"PackageFullName":"Microsoft.Windows.StartMenuExperienceHost_10.0.19041.1023_neutral_neutral_cw5n1h2txyewy",
		"CurrentStatus":32,
		"DesiredStatus":0,
		"User":"S-1-5-21-1421159008-4270732973-2479707347-1000"
	},
	{
		"Rule level":"medium",
		"title":"Certificate Private Key Acquired",
		"sigma_yml":"win_capi2_acquire_certificate_private_key.yml",
		"description":"Detects when an application acquires a certificate private key",
		"row_id":6973,
		"Channel":"Microsoft-Windows-AppModel-Runtime/Admin",
		"Computer":"DESKTOP-47I4RLN",
		"EventID":70,
		"EventRecordID":33,
		"ProcessID":1356,
		"ThreadID":1572,
		"Keywords":"0x2000000000000001",
		"Level":4,
		"Opcode":0,
		"Guid":"F1EF270A-0D32-4352-BA52-DBAB41E1D859",
		"Provider_Name":"Microsoft-Windows-AppModel-Runtime",
		"UserID":"S-1-5-18",
		"Task":0,
		"SystemTime":"2024-10-01T13:47:35.250461Z",
		"Version":0,
		"OriginalLogfile":"Microsoft-Windows-AppModel-Runtime%4Admin.evtx-ENZVIVNQ.json",
		"ActivityID":"BD9CCF49-1496-0000-E8D7-9CBD9614DB01",
		"PackageFullName":"Microsoft.Windows.ShellExperienceHost_10.0.19041.1949_neutral_neutral_cw5n1h2txyewy",
		"CurrentStatus":32,
		"DesiredStatus":0,
		"User":"S-1-5-21-1421159008-4270732973-2479707347-1000"
	},
	{
		"Rule level":"medium",
		"title":"Certificate Private Key Acquired",
		"sigma_yml":"win_capi2_acquire_certificate_private_key.yml",
		"description":"Detects when an application acquires a certificate private key",
		"row_id":6987,
		"Channel":"Microsoft-Windows-AppModel-Runtime/Admin",
		"Computer":"DESKTOP-47I4RLN",
		"EventID":70,
		"EventRecordID":47,
		"ProcessID":1356,
		"ThreadID":1572,
		"Keywords":"0x2000000000000001",
		"Level":4,
		"Opcode":0,
		"Guid":"F1EF270A-0D32-4352-BA52-DBAB41E1D859",
		"Provider_Name":"Microsoft-Windows-AppModel-Runtime",
		"UserID":"S-1-5-18",
		"Task":0,
		"SystemTime":"2024-10-01T13:47:36.365028Z",
		"Version":0,
		"OriginalLogfile":"Microsoft-Windows-AppModel-Runtime%4Admin.evtx-ENZVIVNQ.json",
		"ActivityID":"BD9CCF49-1496-0001-B4D8-9CBD9614DB01",
		"PackageFullName":"Microsoft.Windows.Search_1.14.9.19041_neutral_neutral_cw5n1h2txyewy",
		"CurrentStatus":32,
		"DesiredStatus":0,
		"User":"S-1-5-21-1421159008-4270732973-2479707347-1000"
	},
	{
		"Rule level":"medium",
		"title":"Certificate Private Key Acquired",
		"sigma_yml":"win_capi2_acquire_certificate_private_key.yml",
		"description":"Detects when an application acquires a certificate private key",
		"row_id":6988,
		"Channel":"Microsoft-Windows-AppModel-Runtime/Admin",
		"Computer":"DESKTOP-47I4RLN",
		"EventID":70,
		"EventRecordID":48,
		"ProcessID":1356,
		"ThreadID":508,
		"Keywords":"0x2000000000000001",
		"Level":4,
		"Opcode":0,
		"Guid":"F1EF270A-0D32-4352-BA52-DBAB41E1D859",
		"Provider_Name":"Microsoft-Windows-AppModel-Runtime",
		"UserID":"S-1-5-18",
		"Task":0,
		"SystemTime":"2024-10-01T13:47:36.369844Z",
		"Version":0,
		"OriginalLogfile":"Microsoft-Windows-AppModel-Runtime%4Admin.evtx-ENZVIVNQ.json",
		"ActivityID":"BD9CCF49-1496-0001-E0D8-9CBD9614DB01",
		"PackageFullName":"Microsoft.VCLibs.140.00_14.0.27323.0_x64__8wekyb3d8bbwe",
		"CurrentStatus":32,
		"DesiredStatus":0,
		"User":"S-1-5-21-1421159008-4270732973-2479707347-1000"
	},
	{
		"Rule level":"medium",
		"title":"Certificate Private Key Acquired",
		"sigma_yml":"win_capi2_acquire_certificate_private_key.yml",
		"description":"Detects when an application acquires a certificate private key",
		"row_id":6989,
		"Channel":"Microsoft-Windows-AppModel-Runtime/Admin",
		"Computer":"DESKTOP-47I4RLN",
		"EventID":70,
		"EventRecordID":49,
		"ProcessID":1356,
		"ThreadID":508,
		"Keywords":"0x2000000000000001",
		"Level":4,
		"Opcode":0,
		"Guid":"F1EF270A-0D32-4352-BA52-DBAB41E1D859",
		"Provider_Name":"Microsoft-Windows-AppModel-Runtime",
		"UserID":"S-1-5-18",
		"Task":0,
		"SystemTime":"2024-10-01T13:47:36.370039Z",
		"Version":0,
		"OriginalLogfile":"Microsoft-Windows-AppModel-Runtime%4Admin.evtx-ENZVIVNQ.json",
		"ActivityID":"BD9CCF49-1496-0001-E0D8-9CBD9614DB01",
		"PackageFullName":"Microsoft.NET.Native.Runtime.2.2_2.2.27328.0_x64__8wekyb3d8bbwe",
		"CurrentStatus":32,
		"DesiredStatus":0,
		"User":"S-1-5-21-1421159008-4270732973-2479707347-1000"
	},
	{
		"Rule level":"medium",
		"title":"Certificate Private Key Acquired",
		"sigma_yml":"win_capi2_acquire_certificate_private_key.yml",
		"description":"Detects when an application acquires a certificate private key",
		"row_id":6990,
		"Channel":"Microsoft-Windows-AppModel-Runtime/Admin",
		"Computer":"DESKTOP-47I4RLN",
		"EventID":70,
		"EventRecordID":50,
		"ProcessID":1356,
		"ThreadID":508,
		"Keywords":"0x2000000000000001",
		"Level":4,
		"Opcode":0,
		"Guid":"F1EF270A-0D32-4352-BA52-DBAB41E1D859",
		"Provider_Name":"Microsoft-Windows-AppModel-Runtime",
		"UserID":"S-1-5-18",
		"Task":0,
		"SystemTime":"2024-10-01T13:47:36.370246Z",
		"Version":0,
		"OriginalLogfile":"Microsoft-Windows-AppModel-Runtime%4Admin.evtx-ENZVIVNQ.json",
		"ActivityID":"BD9CCF49-1496-0001-E0D8-9CBD9614DB01",
		"PackageFullName":"Microsoft.NET.Native.Framework.2.2_2.2.27405.0_x64__8wekyb3d8bbwe",
		"CurrentStatus":32,
		"DesiredStatus":0,
		"User":"S-1-5-21-1421159008-4270732973-2479707347-1000"
	},
	{
		"Rule level":"medium",
		"title":"Certificate Private Key Acquired",
		"sigma_yml":"win_capi2_acquire_certificate_private_key.yml",
		"description":"Detects when an application acquires a certificate private key",
		"row_id":6991,
		"Channel":"Microsoft-Windows-AppModel-Runtime/Admin",
		"Computer":"DESKTOP-47I4RLN",
		"EventID":70,
		"EventRecordID":51,
		"ProcessID":1356,
		"ThreadID":508,
		"Keywords":"0x2000000000000001",
		"Level":4,
		"Opcode":0,
		"Guid":"F1EF270A-0D32-4352-BA52-DBAB41E1D859",
		"Provider_Name":"Microsoft-Windows-AppModel-Runtime",
		"UserID":"S-1-5-18",
		"Task":0,
		"SystemTime":"2024-10-01T13:47:36.370443Z",
		"Version":0,
		"OriginalLogfile":"Microsoft-Windows-AppModel-Runtime%4Admin.evtx-ENZVIVNQ.json",
		"ActivityID":"BD9CCF49-1496-0001-E0D8-9CBD9614DB01",
		"PackageFullName":"Microsoft.VCLibs.140.00.UWPDesktop_14.0.27629.0_x64__8wekyb3d8bbwe",
		"CurrentStatus":32,
		"DesiredStatus":0,
		"User":"S-1-5-21-1421159008-4270732973-2479707347-1000"
	},
	{
		"Rule level":"medium",
		"title":"Certificate Private Key Acquired",
		"sigma_yml":"win_capi2_acquire_certificate_private_key.yml",
		"description":"Detects when an application acquires a certificate private key",
		"row_id":6992,
		"Channel":"Microsoft-Windows-AppModel-Runtime/Admin",
		"Computer":"DESKTOP-47I4RLN",
		"EventID":70,
		"EventRecordID":52,
		"ProcessID":1356,
		"ThreadID":508,
		"Keywords":"0x2000000000000001",
		"Level":4,
		"Opcode":0,
		"Guid":"F1EF270A-0D32-4352-BA52-DBAB41E1D859",
		"Provider_Name":"Microsoft-Windows-AppModel-Runtime",
		"UserID":"S-1-5-18",
		"Task":0,
		"SystemTime":"2024-10-01T13:47:36.370607Z",
		"Version":0,
		"OriginalLogfile":"Microsoft-Windows-AppModel-Runtime%4Admin.evtx-ENZVIVNQ.json",
		"ActivityID":"BD9CCF49-1496-0001-E0D8-9CBD9614DB01",
		"PackageFullName":"Microsoft.549981C3F5F10_1.1911.21713.0_x64__8wekyb3d8bbwe",
		"CurrentStatus":32,
		"DesiredStatus":0,
		"User":"S-1-5-21-1421159008-4270732973-2479707347-1000"
	},
	{
		"Rule level":"medium",
		"title":"Certificate Private Key Acquired",
		"sigma_yml":"win_capi2_acquire_certificate_private_key.yml",
		"description":"Detects when an application acquires a certificate private key",
		"row_id":6997,
		"Channel":"Microsoft-Windows-AppModel-Runtime/Admin",
		"Computer":"DESKTOP-47I4RLN",
		"EventID":70,
		"EventRecordID":57,
		"ProcessID":1356,
		"ThreadID":2128,
		"Keywords":"0x2000000000000001",
		"Level":4,
		"Opcode":0,
		"Guid":"F1EF270A-0D32-4352-BA52-DBAB41E1D859",
		"Provider_Name":"Microsoft-Windows-AppModel-Runtime",
		"UserID":"S-1-5-18",
		"Task":0,
		"SystemTime":"2024-10-01T13:47:36.794958Z",
		"Version":0,
		"OriginalLogfile":"Microsoft-Windows-AppModel-Runtime%4Admin.evtx-ENZVIVNQ.json",
		"ActivityID":"BD9CCF49-1496-0000-C2D9-9CBD9614DB01",
		"PackageFullName":"Microsoft.Windows.ContentDeliveryManager_10.0.19041.1023_neutral_neutral_cw5n1h2txyewy",
		"CurrentStatus":32,
		"DesiredStatus":0,
		"User":"S-1-5-21-1421159008-4270732973-2479707347-1000"
	},
	{
		"Rule level":"medium",
		"title":"Certificate Private Key Acquired",
		"sigma_yml":"win_capi2_acquire_certificate_private_key.yml",
		"description":"Detects when an application acquires a certificate private key",
		"row_id":6998,
		"Channel":"Microsoft-Windows-AppModel-Runtime/Admin",
		"Computer":"DESKTOP-47I4RLN",
		"EventID":70,
		"EventRecordID":58,
		"ProcessID":1356,
		"ThreadID":1572,
		"Keywords":"0x2000000000000001",
		"Level":4,
		"Opcode":0,
		"Guid":"F1EF270A-0D32-4352-BA52-DBAB41E1D859",
		"Provider_Name":"Microsoft-Windows-AppModel-Runtime",
		"UserID":"S-1-5-18",
		"Task":0,
		"SystemTime":"2024-10-01T13:47:37.052050Z",
		"Version":0,
		"OriginalLogfile":"Microsoft-Windows-AppModel-Runtime%4Admin.evtx-ENZVIVNQ.json",
		"ActivityID":"BD9CCF49-1496-0000-BED9-9CBD9614DB01",
		"PackageFullName":"Microsoft.MicrosoftEdge_44.19041.1266.0_neutral__8wekyb3d8bbwe",
		"CurrentStatus":32,
		"DesiredStatus":0,
		"User":"S-1-5-21-1421159008-4270732973-2479707347-1000"
	},
	{
		"Rule level":"medium",
		"title":"Certificate Private Key Acquired",
		"sigma_yml":"win_capi2_acquire_certificate_private_key.yml",
		"description":"Detects when an application acquires a certificate private key",
		"row_id":6999,
		"Channel":"Microsoft-Windows-AppModel-Runtime/Admin",
		"Computer":"DESKTOP-47I4RLN",
		"EventID":70,
		"EventRecordID":59,
		"ProcessID":1356,
		"ThreadID":1572,
		"Keywords":"0x2000000000000001",
		"Level":4,
		"Opcode":0,
		"Guid":"F1EF270A-0D32-4352-BA52-DBAB41E1D859",
		"Provider_Name":"Microsoft-Windows-AppModel-Runtime",
		"UserID":"S-1-5-18",
		"Task":0,
		"SystemTime":"2024-10-01T13:47:37.877365Z",
		"Version":0,
		"OriginalLogfile":"Microsoft-Windows-AppModel-Runtime%4Admin.evtx-ENZVIVNQ.json",
		"ActivityID":"BD9CCF49-1496-0001-A4DA-9CBD9614DB01",
		"PackageFullName":"1527c705-839a-4832-9118-54d4Bd6a0c89_10.0.19041.1023_neutral_neutral_cw5n1h2txyewy",
		"CurrentStatus":0,
		"DesiredStatus":2048,
		"User":"S-1-5-21-1421159008-4270732973-2479707347-1000"
	},
	{
		"Rule level":"medium",
		"title":"Certificate Private Key Acquired",
		"sigma_yml":"win_capi2_acquire_certificate_private_key.yml",
		"description":"Detects when an application acquires a certificate private key",
		"row_id":7000,
		"Channel":"Microsoft-Windows-AppModel-Runtime/Admin",
		"Computer":"DESKTOP-47I4RLN",
		"EventID":70,
		"EventRecordID":60,
		"ProcessID":1356,
		"ThreadID":1572,
		"Keywords":"0x2000000000000001",
		"Level":4,
		"Opcode":0,
		"Guid":"F1EF270A-0D32-4352-BA52-DBAB41E1D859",
		"Provider_Name":"Microsoft-Windows-AppModel-Runtime",
		"UserID":"S-1-5-18",
		"Task":0,
		"SystemTime":"2024-10-01T13:47:37.878834Z",
		"Version":0,
		"OriginalLogfile":"Microsoft-Windows-AppModel-Runtime%4Admin.evtx-ENZVIVNQ.json",
		"ActivityID":"BD9CCF49-1496-0001-A4DA-9CBD9614DB01",
		"PackageFullName":"c5e2524a-ea46-4f67-841f-6a9465d9d515_10.0.19041.1949_neutral_neutral_cw5n1h2txyewy",
		"CurrentStatus":0,
		"DesiredStatus":2048,
		"User":"S-1-5-21-1421159008-4270732973-2479707347-1000"
	},
	{
		"Rule level":"medium",
		"title":"Certificate Private Key Acquired",
		"sigma_yml":"win_capi2_acquire_certificate_private_key.yml",
		"description":"Detects when an application acquires a certificate private key",
		"row_id":7001,
		"Channel":"Microsoft-Windows-AppModel-Runtime/Admin",
		"Computer":"DESKTOP-47I4RLN",
		"EventID":70,
		"EventRecordID":61,
		"ProcessID":1356,
		"ThreadID":1572,
		"Keywords":"0x2000000000000001",
		"Level":4,
		"Opcode":0,
		"Guid":"F1EF270A-0D32-4352-BA52-DBAB41E1D859",
		"Provider_Name":"Microsoft-Windows-AppModel-Runtime",
		"UserID":"S-1-5-18",
		"Task":0,
		"SystemTime":"2024-10-01T13:47:37.880114Z",
		"Version":0,
		"OriginalLogfile":"Microsoft-Windows-AppModel-Runtime%4Admin.evtx-ENZVIVNQ.json",
		"ActivityID":"BD9CCF49-1496-0001-A4DA-9CBD9614DB01",
		"PackageFullName":"E2A4F912-2574-4A75-9BB0-0D023378592B_10.0.19041.1023_neutral_neutral_cw5n1h2txyewy",
		"CurrentStatus":0,
		"DesiredStatus":2048,
		"User":"S-1-5-21-1421159008-4270732973-2479707347-1000"
	},
	{
		"Rule level":"medium",
		"title":"Certificate Private Key Acquired",
		"sigma_yml":"win_capi2_acquire_certificate_private_key.yml",
		"description":"Detects when an application acquires a certificate private key",
		"row_id":7002,
		"Channel":"Microsoft-Windows-AppModel-Runtime/Admin",
		"Computer":"DESKTOP-47I4RLN",
		"EventID":70,
		"EventRecordID":62,
		"ProcessID":1356,
		"ThreadID":1572,
		"Keywords":"0x2000000000000001",
		"Level":4,
		"Opcode":0,
		"Guid":"F1EF270A-0D32-4352-BA52-DBAB41E1D859",
		"Provider_Name":"Microsoft-Windows-AppModel-Runtime",
		"UserID":"S-1-5-18",
		"Task":0,
		"SystemTime":"2024-10-01T13:47:37.881552Z",
		"Version":0,
		"OriginalLogfile":"Microsoft-Windows-AppModel-Runtime%4Admin.evtx-ENZVIVNQ.json",
		"ActivityID":"BD9CCF49-1496-0001-A4DA-9CBD9614DB01",
		"PackageFullName":"F46D4000-FD22-4DB4-AC8E-4E1DDDE828FE_10.0.19041.1023_neutral_neutral_cw5n1h2txyewy",
		"CurrentStatus":0,
		"DesiredStatus":2048,
		"User":"S-1-5-21-1421159008-4270732973-2479707347-1000"
	},
	{
		"Rule level":"medium",
		"title":"Certificate Private Key Acquired",
		"sigma_yml":"win_capi2_acquire_certificate_private_key.yml",
		"description":"Detects when an application acquires a certificate private key",
		"row_id":7003,
		"Channel":"Microsoft-Windows-AppModel-Runtime/Admin",
		"Computer":"DESKTOP-47I4RLN",
		"EventID":70,
		"EventRecordID":63,
		"ProcessID":1356,
		"ThreadID":1572,
		"Keywords":"0x2000000000000001",
		"Level":4,
		"Opcode":0,
		"Guid":"F1EF270A-0D32-4352-BA52-DBAB41E1D859",
		"Provider_Name":"Microsoft-Windows-AppModel-Runtime",
		"UserID":"S-1-5-18",
		"Task":0,
		"SystemTime":"2024-10-01T13:47:37.884231Z",
		"Version":0,
		"OriginalLogfile":"Microsoft-Windows-AppModel-Runtime%4Admin.evtx-ENZVIVNQ.json",
		"ActivityID":"BD9CCF49-1496-0001-A4DA-9CBD9614DB01",
		"PackageFullName":"Microsoft.AccountsControl_10.0.19041.1023_neutral__cw5n1h2txyewy",
		"CurrentStatus":0,
		"DesiredStatus":2048,
		"User":"S-1-5-21-1421159008-4270732973-2479707347-1000"
	},
	{
		"Rule level":"medium",
		"title":"Certificate Private Key Acquired",
		"sigma_yml":"win_capi2_acquire_certificate_private_key.yml",
		"description":"Detects when an application acquires a certificate private key",
		"row_id":7004,
		"Channel":"Microsoft-Windows-AppModel-Runtime/Admin",
		"Computer":"DESKTOP-47I4RLN",
		"EventID":70,
		"EventRecordID":64,
		"ProcessID":1356,
		"ThreadID":1572,
		"Keywords":"0x2000000000000001",
		"Level":4,
		"Opcode":0,
		"Guid":"F1EF270A-0D32-4352-BA52-DBAB41E1D859",
		"Provider_Name":"Microsoft-Windows-AppModel-Runtime",
		"UserID":"S-1-5-18",
		"Task":0,
		"SystemTime":"2024-10-01T13:47:37.896248Z",
		"Version":0,
		"OriginalLogfile":"Microsoft-Windows-AppModel-Runtime%4Admin.evtx-ENZVIVNQ.json",
		"ActivityID":"BD9CCF49-1496-0001-A4DA-9CBD9614DB01",
		"PackageFullName":"Microsoft.AsyncTextService_10.0.19041.1023_neutral__8wekyb3d8bbwe",
		"CurrentStatus":0,
		"DesiredStatus":2048,
		"User":"S-1-5-21-1421159008-4270732973-2479707347-1000"
	},
	{
		"Rule level":"medium",
		"title":"Certificate Private Key Acquired",
		"sigma_yml":"win_capi2_acquire_certificate_private_key.yml",
		"description":"Detects when an application acquires a certificate private key",
		"row_id":7005,
		"Channel":"Microsoft-Windows-AppModel-Runtime/Admin",
		"Computer":"DESKTOP-47I4RLN",
		"EventID":70,
		"EventRecordID":65,
		"ProcessID":1356,
		"ThreadID":1572,
		"Keywords":"0x2000000000000001",
		"Level":4,
		"Opcode":0,
		"Guid":"F1EF270A-0D32-4352-BA52-DBAB41E1D859",
		"Provider_Name":"Microsoft-Windows-AppModel-Runtime",
		"UserID":"S-1-5-18",
		"Task":0,
		"SystemTime":"2024-10-01T13:47:37.897556Z",
		"Version":0,
		"OriginalLogfile":"Microsoft-Windows-AppModel-Runtime%4Admin.evtx-ENZVIVNQ.json",
		"ActivityID":"BD9CCF49-1496-0001-A4DA-9CBD9614DB01",
		"PackageFullName":"Microsoft.CredDialogHost_10.0.19041.1023_neutral__cw5n1h2txyewy",
		"CurrentStatus":0,
		"DesiredStatus":2048,
		"User":"S-1-5-21-1421159008-4270732973-2479707347-1000"
	},
	{
		"Rule level":"medium",
		"title":"Certificate Private Key Acquired",
		"sigma_yml":"win_capi2_acquire_certificate_private_key.yml",
		"description":"Detects when an application acquires a certificate private key",
		"row_id":7006,
		"Channel":"Microsoft-Windows-AppModel-Runtime/Admin",
		"Computer":"DESKTOP-47I4RLN",
		"EventID":70,
		"EventRecordID":66,
		"ProcessID":1356,
		"ThreadID":1572,
		"Keywords":"0x2000000000000001",
		"Level":4,
		"Opcode":0,
		"Guid":"F1EF270A-0D32-4352-BA52-DBAB41E1D859",
		"Provider_Name":"Microsoft-Windows-AppModel-Runtime",
		"UserID":"S-1-5-18",
		"Task":0,
		"SystemTime":"2024-10-01T13:47:37.899463Z",
		"Version":0,
		"OriginalLogfile":"Microsoft-Windows-AppModel-Runtime%4Admin.evtx-ENZVIVNQ.json",
		"ActivityID":"BD9CCF49-1496-0001-A4DA-9CBD9614DB01",
		"PackageFullName":"Microsoft.ECApp_10.0.19041.1023_neutral__8wekyb3d8bbwe",
		"CurrentStatus":0,
		"DesiredStatus":2048,
		"User":"S-1-5-21-1421159008-4270732973-2479707347-1000"
	},
	{
		"Rule level":"medium",
		"title":"Certificate Private Key Acquired",
		"sigma_yml":"win_capi2_acquire_certificate_private_key.yml",
		"description":"Detects when an application acquires a certificate private key",
		"row_id":7007,
		"Channel":"Microsoft-Windows-AppModel-Runtime/Admin",
		"Computer":"DESKTOP-47I4RLN",
		"EventID":70,
		"EventRecordID":67,
		"ProcessID":1356,
		"ThreadID":1572,
		"Keywords":"0x2000000000000001",
		"Level":4,
		"Opcode":0,
		"Guid":"F1EF270A-0D32-4352-BA52-DBAB41E1D859",
		"Provider_Name":"Microsoft-Windows-AppModel-Runtime",
		"UserID":"S-1-5-18",
		"Task":0,
		"SystemTime":"2024-10-01T13:47:37.901023Z",
		"Version":0,
		"OriginalLogfile":"Microsoft-Windows-AppModel-Runtime%4Admin.evtx-ENZVIVNQ.json",
		"ActivityID":"BD9CCF49-1496-0001-A4DA-9CBD9614DB01",
		"PackageFullName":"Microsoft.LockApp_10.0.19041.1023_neutral__cw5n1h2txyewy",
		"CurrentStatus":0,
		"DesiredStatus":2048,
		"User":"S-1-5-21-1421159008-4270732973-2479707347-1000"
	},
	{
		"Rule level":"medium",
		"title":"Certificate Private Key Acquired",
		"sigma_yml":"win_capi2_acquire_certificate_private_key.yml",
		"description":"Detects when an application acquires a certificate private key",
		"row_id":7008,
		"Channel":"Microsoft-Windows-AppModel-Runtime/Admin",
		"Computer":"DESKTOP-47I4RLN",
		"EventID":70,
		"EventRecordID":68,
		"ProcessID":1356,
		"ThreadID":1572,
		"Keywords":"0x2000000000000001",
		"Level":4,
		"Opcode":0,
		"Guid":"F1EF270A-0D32-4352-BA52-DBAB41E1D859",
		"Provider_Name":"Microsoft-Windows-AppModel-Runtime",
		"UserID":"S-1-5-18",
		"Task":0,
		"SystemTime":"2024-10-01T13:47:37.902361Z",
		"Version":0,
		"OriginalLogfile":"Microsoft-Windows-AppModel-Runtime%4Admin.evtx-ENZVIVNQ.json",
		"ActivityID":"BD9CCF49-1496-0001-A4DA-9CBD9614DB01",
		"PackageFullName":"Microsoft.MicrosoftEdgeDevToolsClient_1000.19041.1023.0_neutral_neutral_8wekyb3d8bbwe",
		"CurrentStatus":0,
		"DesiredStatus":2048,
		"User":"S-1-5-21-1421159008-4270732973-2479707347-1000"
	},
	{
		"Rule level":"medium",
		"title":"Certificate Private Key Acquired",
		"sigma_yml":"win_capi2_acquire_certificate_private_key.yml",
		"description":"Detects when an application acquires a certificate private key",
		"row_id":7009,
		"Channel":"Microsoft-Windows-AppModel-Runtime/Admin",
		"Computer":"DESKTOP-47I4RLN",
		"EventID":70,
		"EventRecordID":69,
		"ProcessID":1356,
		"ThreadID":1572,
		"Keywords":"0x2000000000000001",
		"Level":4,
		"Opcode":0,
		"Guid":"F1EF270A-0D32-4352-BA52-DBAB41E1D859",
		"Provider_Name":"Microsoft-Windows-AppModel-Runtime",
		"UserID":"S-1-5-18",
		"Task":0,
		"SystemTime":"2024-10-01T13:47:37.903909Z",
		"Version":0,
		"OriginalLogfile":"Microsoft-Windows-AppModel-Runtime%4Admin.evtx-ENZVIVNQ.json",
		"ActivityID":"BD9CCF49-1496-0001-A4DA-9CBD9614DB01",
		"PackageFullName":"Microsoft.Win32WebViewHost_10.0.19041.1023_neutral_neutral_cw5n1h2txyewy",
		"CurrentStatus":0,
		"DesiredStatus":2048,
		"User":"S-1-5-21-1421159008-4270732973-2479707347-1000"
	},
	{
		"Rule level":"medium",
		"title":"Certificate Private Key Acquired",
		"sigma_yml":"win_capi2_acquire_certificate_private_key.yml",
		"description":"Detects when an application acquires a certificate private key",
		"row_id":7010,
		"Channel":"Microsoft-Windows-AppModel-Runtime/Admin",
		"Computer":"DESKTOP-47I4RLN",
		"EventID":70,
		"EventRecordID":70,
		"ProcessID":1356,
		"ThreadID":1572,
		"Keywords":"0x2000000000000001",
		"Level":4,
		"Opcode":0,
		"Guid":"F1EF270A-0D32-4352-BA52-DBAB41E1D859",
		"Provider_Name":"Microsoft-Windows-AppModel-Runtime",
		"UserID":"S-1-5-18",
		"Task":0,
		"SystemTime":"2024-10-01T13:47:37.905413Z",
		"Version":0,
		"OriginalLogfile":"Microsoft-Windows-AppModel-Runtime%4Admin.evtx-ENZVIVNQ.json",
		"ActivityID":"BD9CCF49-1496-0001-A4DA-9CBD9614DB01",
		"PackageFullName":"Microsoft.Windows.Apprep.ChxApp_1000.19041.1023.0_neutral_neutral_cw5n1h2txyewy",
		"CurrentStatus":0,
		"DesiredStatus":2048,
		"User":"S-1-5-21-1421159008-4270732973-2479707347-1000"
	},
	{
		"Rule level":"medium",
		"title":"Certificate Private Key Acquired",
		"sigma_yml":"win_capi2_acquire_certificate_private_key.yml",
		"description":"Detects when an application acquires a certificate private key",
		"row_id":7011,
		"Channel":"Microsoft-Windows-AppModel-Runtime/Admin",
		"Computer":"DESKTOP-47I4RLN",
		"EventID":70,
		"EventRecordID":71,
		"ProcessID":1356,
		"ThreadID":1572,
		"Keywords":"0x2000000000000001",
		"Level":4,
		"Opcode":0,
		"Guid":"F1EF270A-0D32-4352-BA52-DBAB41E1D859",
		"Provider_Name":"Microsoft-Windows-AppModel-Runtime",
		"UserID":"S-1-5-18",
		"Task":0,
		"SystemTime":"2024-10-01T13:47:37.906795Z",
		"Version":0,
		"OriginalLogfile":"Microsoft-Windows-AppModel-Runtime%4Admin.evtx-ENZVIVNQ.json",
		"ActivityID":"BD9CCF49-1496-0001-A4DA-9CBD9614DB01",
		"PackageFullName":"Microsoft.Windows.AssignedAccessLockApp_1000.19041.1023.0_neutral_neutral_cw5n1h2txyewy",
		"CurrentStatus":0,
		"DesiredStatus":2048,
		"User":"S-1-5-21-1421159008-4270732973-2479707347-1000"
	},
	{
		"Rule level":"medium",
		"title":"Certificate Private Key Acquired",
		"sigma_yml":"win_capi2_acquire_certificate_private_key.yml",
		"description":"Detects when an application acquires a certificate private key",
		"row_id":7012,
		"Channel":"Microsoft-Windows-AppModel-Runtime/Admin",
		"Computer":"DESKTOP-47I4RLN",
		"EventID":70,
		"EventRecordID":72,
		"ProcessID":1356,
		"ThreadID":1572,
		"Keywords":"0x2000000000000001",
		"Level":4,
		"Opcode":0,
		"Guid":"F1EF270A-0D32-4352-BA52-DBAB41E1D859",
		"Provider_Name":"Microsoft-Windows-AppModel-Runtime",
		"UserID":"S-1-5-18",
		"Task":0,
		"SystemTime":"2024-10-01T13:47:37.908107Z",
		"Version":0,
		"OriginalLogfile":"Microsoft-Windows-AppModel-Runtime%4Admin.evtx-ENZVIVNQ.json",
		"ActivityID":"BD9CCF49-1496-0001-A4DA-9CBD9614DB01",
		"PackageFullName":"Microsoft.Windows.CallingShellApp_1000.19041.1023.0_neutral_neutral_cw5n1h2txyewy",
		"CurrentStatus":0,
		"DesiredStatus":2048,
		"User":"S-1-5-21-1421159008-4270732973-2479707347-1000"
	},
