	{
		"Rule level":"high",
		"title":"Windows Defender Threat Detected",
		"sigma_yml":"win_defender_threat.yml",
		"description":"Detects actions taken by Windows Defender malware detection engines",
		"row_id":28430,
		"Channel":"Microsoft-Windows-Windows Defender/Operational",
		"Computer":"DESKTOP-47I4RLN",
		"EventID":1117,
		"EventRecordID":160,
		"ProcessID":7196,
		"ThreadID":6692,
		"Keywords":"0x8000000000000000",
		"Level":4,
		"Opcode":0,
		"Guid":"11CD958A-C507-4EF3-B3F2-5FD9DFBD2C78",
		"Provider_Name":"Microsoft-Windows-Windows Defender",
		"UserID":"S-1-5-18",
		"Task":0,
		"SystemTime":"2024-10-01T18:39:58.551440Z",
		"Version":0,
		"OriginalLogfile":"Microsoft-Windows-Windows Defender%4Operational.evtx-BFUNGYVC.json",
		"State":2,
		"ActivityID":"CF0DB155-9CE1-44FF-834F-6139C0096299",
		"ErrorCode":"0x00000000",
		"Path":"file:_C:\\Users\\dfir\\AppData\\Roaming\\WinSocket\\91c834c21b6e16938d01c9877094bc4ffce0e3dc7b04c16e0bc1297d71998dc8.exe",
		"ProcessName":"C:\\Users\\dfir\\Downloads\\trickbot\\81c734c21b5e15837d01c9766094bc4ffce0e3dc6b04c15e0bc1286d61897dc7.exe",
		"ProductName":"Microsoft Defender Antivirus",
		"StatusCode":3,
		"ProductVersion":"4.18.24080.9",
		"Engineversion":"AM: 1.1.24080.9, NIS: 0.0.0.0",
		"Securityintelligenceversion":"AV: 1.419.298.0, AS: 1.419.298.0, NIS: 0.0.0.0",
		"ActionID":"2",
		"ActionName":"Quarantine",
		"AdditionalActionsID":"0",
		"AdditionalActionsString":"No additional actions required",
		"CategoryID":"8",
		"CategoryName":"Trojan",
		"DetectionID":"{D0393AC9-707E-4101-9708-ACC69CF2685E}",
		"DetectionTime":"2024-10-01T18:38:50.720Z",
		"DetectionUser":"DESKTOP-47I4RLN\\dfir",
		"ErrorDescription":"The operation completed successfully. ",
		"ExecutionID":"1",
		"ExecutionName":"Suspended",
		"FWLink":"https://go.microsoft.com/fwlink/?linkid=37020\u0026name=Trojan:Win32/TrickBot.SB!MTB\u0026threatid=2147733505\u0026enterprise=0",
		"OriginID":"1",
		"OriginName":"Local machine",
		"PostCleanStatus":"0",
		"PreExecutionStatus":"0",
		"SeverityID":"5",
		"SeverityName":"Severe",
		"SourceID":"3",
		"SourceName":"Real-Time Protection",
		"ThreatID":"2147733505",
		"ThreatName":"Trojan:Win32/TrickBot.SB!MTB",
		"TypeID":"0",
		"TypeName":"Concrete",
		"RemediationUser":"NT AUTHORITY\\SYSTEM"
	},
	{
		"Rule level":"high",
		"title":"Windows Defender Threat Detected",
		"sigma_yml":"win_defender_threat.yml",
		"description":"Detects actions taken by Windows Defender malware detection engines",
		"row_id":28432,
		"Channel":"Microsoft-Windows-Windows Defender/Operational",
		"Computer":"DESKTOP-47I4RLN",
		"EventID":1117,
		"EventRecordID":162,
		"ProcessID":7196,
		"ThreadID":6692,
		"Keywords":"0x8000000000000000",
		"Level":4,
		"Opcode":0,
		"Guid":"11CD958A-C507-4EF3-B3F2-5FD9DFBD2C78",
		"Provider_Name":"Microsoft-Windows-Windows Defender",
		"UserID":"S-1-5-18",
		"Task":0,
		"SystemTime":"2024-10-01T18:39:59.664902Z",
		"Version":0,
		"OriginalLogfile":"Microsoft-Windows-Windows Defender%4Operational.evtx-BFUNGYVC.json",
		"State":2,
		"ErrorCode":"0x00000000",
		"Path":"file:_C:\\Users\\dfir\\AppData\\Roaming\\WinSocket\\91c834c21b6e16938d01c9877094bc4ffce0e3dc7b04c16e0bc1297d71998dc8.exe",
		"ProcessName":"Unknown",
		"ProductName":"Microsoft Defender Antivirus",
		"StatusCode":3,
		"ProductVersion":"4.18.24080.9",
		"Engineversion":"AM: 1.1.24080.9, NIS: 0.0.0.0",
		"Securityintelligenceversion":"AV: 1.419.298.0, AS: 1.419.298.0, NIS: 0.0.0.0",
		"ActionID":"2",
		"ActionName":"Quarantine",
		"AdditionalActionsID":"0",
		"AdditionalActionsString":"No additional actions required",
		"CategoryID":"8",
		"CategoryName":"Trojan",
		"DetectionID":"{F496B0CC-1A93-4F1B-9677-A64A13684674}",
		"DetectionTime":"2024-10-01T18:39:54.604Z",
		"DetectionUser":"NT AUTHORITY\\SYSTEM",
		"ErrorDescription":"The operation completed successfully. ",
		"ExecutionID":"0",
		"ExecutionName":"Unknown",
		"FWLink":"https://go.microsoft.com/fwlink/?linkid=37020\u0026name=Trojan:Win32/TrickBot.SB!MTB\u0026threatid=2147733505\u0026enterprise=0",
		"OriginID":"1",
		"OriginName":"Local machine",
		"PostCleanStatus":"0",
		"PreExecutionStatus":"0",
		"SeverityID":"5",
		"SeverityName":"Severe",
		"SourceID":"2",
		"SourceName":"System",
		"ThreatID":"2147733505",
		"ThreatName":"Trojan:Win32/TrickBot.SB!MTB",
		"TypeID":"0",
		"TypeName":"Concrete",
		"RemediationUser":"NT AUTHORITY\\SYSTEM"
	},
	{
		"Rule level":"high",
		"title":"Windows Defender Threat Detected",
		"sigma_yml":"win_defender_threat.yml",
		"description":"Detects actions taken by Windows Defender malware detection engines",
		"row_id":28433,
		"Channel":"Microsoft-Windows-Windows Defender/Operational",
		"Computer":"DESKTOP-47I4RLN",
		"EventID":1117,
		"EventRecordID":163,
		"ProcessID":7196,
		"ThreadID":6692,
		"Keywords":"0x8000000000000000",
		"Level":4,
		"Opcode":0,
		"Guid":"11CD958A-C507-4EF3-B3F2-5FD9DFBD2C78",
		"Provider_Name":"Microsoft-Windows-Windows Defender",
		"UserID":"S-1-5-18",
		"Task":0,
		"SystemTime":"2024-10-01T18:40:11.866658Z",
		"Version":0,
		"OriginalLogfile":"Microsoft-Windows-Windows Defender%4Operational.evtx-BFUNGYVC.json",
		"State":2,
		"ActivityID":"E941F7B4-885A-4111-B234-BF32745FDE56",
		"ErrorCode":"0x00000000",
		"Path":"regkeyvalue:_hklm\\software\\policies\\microsoft\\windows defender\\\\DisableAntiSpyware",
		"ProcessName":"Unknown",
		"ProductName":"Microsoft Defender Antivirus",
		"StatusCode":3,
		"ProductVersion":"4.18.24080.9",
		"Engineversion":"AM: 1.1.24080.9, NIS: 0.0.0.0",
		"Securityintelligenceversion":"AV: 1.419.298.0, AS: 1.419.298.0, NIS: 0.0.0.0",
		"ActionID":"2",
		"ActionName":"Quarantine",
		"AdditionalActionsID":"0",
		"AdditionalActionsString":"No additional actions required",
		"CategoryID":"34",
		"CategoryName":"Tool",
		"DetectionID":"{CE913430-45AD-48D1-A3F9-8451C6411B03}",
		"DetectionTime":"2024-10-01T18:39:58.226Z",
		"DetectionUser":"DESKTOP-47I4RLN\\dfir",
		"ErrorDescription":"The operation completed successfully. ",
		"ExecutionID":"0",
		"ExecutionName":"Unknown",
		"FWLink":"https://go.microsoft.com/fwlink/?linkid=37020\u0026name=VirTool:Win32/DefenderTamperingRestore\u0026threatid=2147741622\u0026enterprise=0",
		"OriginID":"0",
		"OriginName":"Unknown",
		"PostCleanStatus":"0",
		"PreExecutionStatus":"3",
		"SeverityID":"5",
		"SeverityName":"Severe",
		"SourceID":"2",
		"SourceName":"System",
		"ThreatID":"2147741622",
		"ThreatName":"VirTool:Win32/DefenderTamperingRestore",
		"TypeID":"0",
		"TypeName":"Concrete",
		"RemediationUser":"NT AUTHORITY\\SYSTEM"
	},
];

var PersistenceData = [
	{
		"Rule level":"medium",
		"title":"WMI Event Subscription",
		"sigma_yml":"sysmon_wmi_event_subscription.yml",
		"description":"Detects creation of WMI event subscription persistence method",
		"row_id":8056,
		"Channel":"Microsoft-Windows-ShellCommon-StartLayoutPopulation/Operational",
		"Computer":"DESKTOP-47I4RLN",
		"EventID":19,
		"EventRecordID":18,
		"ProcessID":6716,
		"ThreadID":4020,
		"Keywords":"0x4000000000000000",
		"Level":4,
		"Opcode":1,
		"Guid":"97CA8142-10B1-4BAA-9FBB-70A7D11231C3",
		"Provider_Name":"Microsoft-Windows-ShellCommon-StartLayoutPopulation",
		"UserID":"S-1-5-21-1421159008-4270732973-2479707347-1000",
		"Task":9,
		"SystemTime":"2024-10-01T13:47:45.160265Z",
		"Version":0,
		"OriginalLogfile":"Microsoft-Windows-ShellCommon-StartLayoutPopulation%4Operational.evtx-AW7Z3LQ6.json",
		"tileData":"Tile:\nIdentifier: P~Microsoft.MicrosoftEdge_8wekyb3d8bbwe!MicrosoftEdge:7603651830\n"
	},
	{
		"Rule level":"medium",
		"title":"WMI Event Subscription",
		"sigma_yml":"sysmon_wmi_event_subscription.yml",
		"description":"Detects creation of WMI event subscription persistence method",
		"row_id":8067,
		"Channel":"Microsoft-Windows-ShellCommon-StartLayoutPopulation/Operational",
		"Computer":"DESKTOP-47I4RLN",
		"EventID":19,
		"EventRecordID":29,
		"ProcessID":6716,
		"ThreadID":4020,
		"Keywords":"0x4000000000000000",
		"Level":4,
		"Opcode":1,
		"Guid":"97CA8142-10B1-4BAA-9FBB-70A7D11231C3",
		"Provider_Name":"Microsoft-Windows-ShellCommon-StartLayoutPopulation",
		"UserID":"S-1-5-21-1421159008-4270732973-2479707347-1000",
		"Task":9,
		"SystemTime":"2024-10-01T13:47:45.675021Z",
		"Version":0,
		"OriginalLogfile":"Microsoft-Windows-ShellCommon-StartLayoutPopulation%4Operational.evtx-AW7Z3LQ6.json",
		"tileData":"Tile:\nIdentifier: P~Microsoft.MicrosoftEdge_8wekyb3d8bbwe!MicrosoftEdge:26310719480\n"
	},
	{
		"Rule level":"medium",
		"title":"WMI Event Subscription",
		"sigma_yml":"sysmon_wmi_event_subscription.yml",
		"description":"Detects creation of WMI event subscription persistence method",
		"row_id":8071,
		"Channel":"Microsoft-Windows-ShellCommon-StartLayoutPopulation/Operational",
		"Computer":"DESKTOP-47I4RLN",
		"EventID":19,
		"EventRecordID":33,
		"ProcessID":6716,
		"ThreadID":4020,
		"Keywords":"0x4000000000000000",
		"Level":4,
		"Opcode":1,
		"Guid":"97CA8142-10B1-4BAA-9FBB-70A7D11231C3",
		"Provider_Name":"Microsoft-Windows-ShellCommon-StartLayoutPopulation",
		"UserID":"S-1-5-21-1421159008-4270732973-2479707347-1000",
		"Task":9,
		"SystemTime":"2024-10-01T13:47:46.360090Z",
		"Version":0,
		"OriginalLogfile":"Microsoft-Windows-ShellCommon-StartLayoutPopulation%4Operational.evtx-AW7Z3LQ6.json",
		"tileData":"Tile:\nIdentifier: P~Microsoft.MicrosoftEdge_8wekyb3d8bbwe!MicrosoftEdge:38975140460\n"
	},
	{
		"Rule level":"medium",
		"title":"WMI Event Subscription",
		"sigma_yml":"sysmon_wmi_event_subscription.yml",
		"description":"Detects creation of WMI event subscription persistence method",
		"row_id":8075,
		"Channel":"Microsoft-Windows-ShellCommon-StartLayoutPopulation/Operational",
		"Computer":"DESKTOP-47I4RLN",
		"EventID":19,
		"EventRecordID":37,
		"ProcessID":6716,
		"ThreadID":4020,
		"Keywords":"0x4000000000000000",
		"Level":4,
		"Opcode":1,
		"Guid":"97CA8142-10B1-4BAA-9FBB-70A7D11231C3",
		"Provider_Name":"Microsoft-Windows-ShellCommon-StartLayoutPopulation",
		"UserID":"S-1-5-21-1421159008-4270732973-2479707347-1000",
		"Task":9,
		"SystemTime":"2024-10-01T13:47:46.808411Z",
		"Version":0,
		"OriginalLogfile":"Microsoft-Windows-ShellCommon-StartLayoutPopulation%4Operational.evtx-AW7Z3LQ6.json",
		"tileData":"Tile:\nIdentifier: P~Microsoft.MicrosoftEdge_8wekyb3d8bbwe!MicrosoftEdge:6501008900\n"
	},
	{
		"Rule level":"medium",
		"title":"WMI Event Subscription",
		"sigma_yml":"sysmon_wmi_event_subscription.yml",
		"description":"Detects creation of WMI event subscription persistence method",
		"row_id":26845,
		"Channel":"System",
		"Computer":"DESKTOP-47I4RLN",
		"EventID":19,
		"EventRecordID":200,
		"ProcessID":2952,
		"ThreadID":928,
		"Keywords":"0x8000000000000018",
		"Level":4,
		"Opcode":13,
		"Guid":"945A8954-C147-4ACD-923F-40C45405A658",
		"Provider_Name":"Microsoft-Windows-WindowsUpdateClient",
		"UserID":"S-1-5-18",
		"Task":1,
		"SystemTime":"2024-10-01T13:47:24.286408Z",
		"Version":1,
		"OriginalLogfile":"System.evtx-VO3HDEOC.json",
		"updateGuid":"C19C45E0-21D6-4C12-9093-E17518D14B49",
		"updateRevisionNumber":203,
		"updateTitle":"2022-11 Update for Windows 10 Version 22H2 for x64-based Systems (KB5020683)",
		"serviceGuid":"9482F4B4-E343-43B6-B170-9A65BC822C77"
	},
	{
		"Rule level":"medium",
		"title":"WMI Event Subscription",
		"sigma_yml":"sysmon_wmi_event_subscription.yml",
		"description":"Detects creation of WMI event subscription persistence method",
		"row_id":27023,
		"Channel":"System",
		"Computer":"DESKTOP-47I4RLN",
		"EventID":19,
		"EventRecordID":378,
		"ProcessID":8892,
		"ThreadID":6640,
		"Keywords":"0x8000000000000018",
		"Level":4,
		"Opcode":13,
		"Guid":"945A8954-C147-4ACD-923F-40C45405A658",
		"Provider_Name":"Microsoft-Windows-WindowsUpdateClient",
		"UserID":"S-1-5-18",
		"Task":1,
		"SystemTime":"2024-10-01T15:54:41.642295Z",
		"Version":1,
		"OriginalLogfile":"System.evtx-VO3HDEOC.json",
		"updateGuid":"478E0FE9-52E9-4EBD-B70A-BBB0462A2E54",
		"updateRevisionNumber":200,
		"updateTitle":"2024-05 Update for Windows 10 Version 22H2 for x64-based Systems (KB5001716)",
		"serviceGuid":"9482F4B4-E343-43B6-B170-9A65BC822C77"
	},
	{
		"Rule level":"medium",
		"title":"WMI Event Subscription",
		"sigma_yml":"sysmon_wmi_event_subscription.yml",
		"description":"Detects creation of WMI event subscription persistence method",
		"row_id":27033,
		"Channel":"System",
		"Computer":"DESKTOP-47I4RLN",
		"EventID":19,
		"EventRecordID":388,
		"ProcessID":8892,
		"ThreadID":9056,
		"Keywords":"0x8000000000000018",
		"Level":4,
		"Opcode":13,
		"Guid":"945A8954-C147-4ACD-923F-40C45405A658",
		"Provider_Name":"Microsoft-Windows-WindowsUpdateClient",
		"UserID":"S-1-5-18",
		"Task":1,
		"SystemTime":"2024-10-01T15:55:11.859252Z",
		"Version":1,
		"OriginalLogfile":"System.evtx-VO3HDEOC.json",
		"ActivityID":"A7FD8A1E-1408-0001-0048-FEA70814DB01",
		"updateGuid":"7C4B0956-B3F1-40AC-A633-668ABC5D6AF2",
		"updateRevisionNumber":1,
		"updateTitle":"9NBLGGH537C2-Microsoft.XboxGameOverlay",
		"serviceGuid":"855E8A7C-ECB4-4CA3-B045-1DFA50104289"
	},
	{
		"Rule level":"medium",
		"title":"WMI Event Subscription",
		"sigma_yml":"sysmon_wmi_event_subscription.yml",
		"description":"Detects creation of WMI event subscription persistence method",
		"row_id":27038,
		"Channel":"System",
		"Computer":"DESKTOP-47I4RLN",
		"EventID":19,
		"EventRecordID":393,
		"ProcessID":8892,
		"ThreadID":9056,
		"Keywords":"0x8000000000000018",
		"Level":4,
		"Opcode":13,
		"Guid":"945A8954-C147-4ACD-923F-40C45405A658",
		"Provider_Name":"Microsoft-Windows-WindowsUpdateClient",
		"UserID":"S-1-5-18",
		"Task":1,
		"SystemTime":"2024-10-01T15:55:13.664059Z",
		"Version":1,
		"OriginalLogfile":"System.evtx-VO3HDEOC.json",
		"ActivityID":"A7FD8A1E-1408-0000-0F3F-FEA70814DB01",
		"updateGuid":"075A4121-DB52-4709-91F0-1A3DBD9BEB30",
		"updateRevisionNumber":1,
		"updateTitle":"9NBLGGH3FRZM-Microsoft.VCLibs.140.00",
		"serviceGuid":"855E8A7C-ECB4-4CA3-B045-1DFA50104289"
	},
	{
		"Rule level":"medium",
		"title":"WMI Event Subscription",
		"sigma_yml":"sysmon_wmi_event_subscription.yml",
		"description":"Detects creation of WMI event subscription persistence method",
		"row_id":27039,
		"Channel":"System",
		"Computer":"DESKTOP-47I4RLN",
		"EventID":19,
		"EventRecordID":394,
		"ProcessID":8892,
		"ThreadID":7664,
		"Keywords":"0x8000000000000018",
		"Level":4,
		"Opcode":13,
		"Guid":"945A8954-C147-4ACD-923F-40C45405A658",
		"Provider_Name":"Microsoft-Windows-WindowsUpdateClient",
		"UserID":"S-1-5-18",
		"Task":1,
		"SystemTime":"2024-10-01T15:55:13.692816Z",
		"Version":1,
		"OriginalLogfile":"System.evtx-VO3HDEOC.json",
		"updateGuid":"657943F1-1EFB-430A-A6C8-F77993103709",
		"updateRevisionNumber":1,
		"updateTitle":"2023-10 Update for Windows 10 Version 22H2 for x64-based Systems (KB4023057)",
		"serviceGuid":"8B24B027-1DEE-BABB-9A95-3517DFB9C552"
	},
	{
		"Rule level":"medium",
		"title":"WMI Event Subscription",
		"sigma_yml":"sysmon_wmi_event_subscription.yml",
		"description":"Detects creation of WMI event subscription persistence method",
		"row_id":27046,
		"Channel":"System",
		"Computer":"DESKTOP-47I4RLN",
		"EventID":19,
		"EventRecordID":401,
		"ProcessID":8892,
		"ThreadID":5452,
		"Keywords":"0x8000000000000018",
		"Level":4,
		"Opcode":13,
		"Guid":"945A8954-C147-4ACD-923F-40C45405A658",
		"Provider_Name":"Microsoft-Windows-WindowsUpdateClient",
		"UserID":"S-1-5-18",
		"Task":1,
		"SystemTime":"2024-10-01T15:56:52.893814Z",
		"Version":1,
		"OriginalLogfile":"System.evtx-VO3HDEOC.json",
		"ActivityID":"A7FD8A1E-1408-0001-294E-FEA70814DB01",
		"updateGuid":"9C137291-4059-4CB8-B650-12B07BBE1DA1",
		"updateRevisionNumber":1,
		"updateTitle":"9NBLGGH10PG8-MICROSOFT.PEOPLE",
		"serviceGuid":"855E8A7C-ECB4-4CA3-B045-1DFA50104289"
	},
	{
		"Rule level":"medium",
		"title":"WMI Event Subscription",
		"sigma_yml":"sysmon_wmi_event_subscription.yml",
		"description":"Detects creation of WMI event subscription persistence method",
		"row_id":27048,
		"Channel":"System",
		"Computer":"DESKTOP-47I4RLN",
		"EventID":19,
		"EventRecordID":403,
		"ProcessID":8892,
		"ThreadID":5452,
		"Keywords":"0x8000000000000018",
		"Level":4,
		"Opcode":13,
		"Guid":"945A8954-C147-4ACD-923F-40C45405A658",
		"Provider_Name":"Microsoft-Windows-WindowsUpdateClient",
		"UserID":"S-1-5-18",
		"Task":1,
		"SystemTime":"2024-10-01T15:56:57.507971Z",
		"Version":1,
		"OriginalLogfile":"System.evtx-VO3HDEOC.json",
		"ActivityID":"A7FD8A1E-1408-0000-3746-FEA70814DB01",
		"updateGuid":"BFA7D40D-2CDF-4C15-98CF-85C847517DA3",
		"updateRevisionNumber":1,
		"updateTitle":"9PLL735RFDSM-Microsoft.NET.Native.Runtime.2.2",
		"serviceGuid":"855E8A7C-ECB4-4CA3-B045-1DFA50104289"
	},
	{
		"Rule level":"medium",
		"title":"WMI Event Subscription",
		"sigma_yml":"sysmon_wmi_event_subscription.yml",
		"description":"Detects creation of WMI event subscription persistence method",
		"row_id":27051,
		"Channel":"System",
		"Computer":"DESKTOP-47I4RLN",
		"EventID":19,
		"EventRecordID":406,
		"ProcessID":8892,
		"ThreadID":5452,
		"Keywords":"0x8000000000000018",
		"Level":4,
		"Opcode":13,
		"Guid":"945A8954-C147-4ACD-923F-40C45405A658",
		"Provider_Name":"Microsoft-Windows-WindowsUpdateClient",
		"UserID":"S-1-5-18",
		"Task":1,
		"SystemTime":"2024-10-01T15:56:59.116359Z",
		"Version":1,
		"OriginalLogfile":"System.evtx-VO3HDEOC.json",
		"ActivityID":"A7FD8A1E-1408-0001-3350-FEA70814DB01",
		"updateGuid":"6FE32951-178D-43C0-8CE6-43DCE9051C58",
		"updateRevisionNumber":1,
		"updateTitle":"9MW2LKJ0TPJF-Microsoft.NET.Native.Framework.2.2",
		"serviceGuid":"855E8A7C-ECB4-4CA3-B045-1DFA50104289"
	},
	{
		"Rule level":"medium",
		"title":"WMI Event Subscription",
		"sigma_yml":"sysmon_wmi_event_subscription.yml",
		"description":"Detects creation of WMI event subscription persistence method",
		"row_id":27064,
		"Channel":"System",
		"Computer":"DESKTOP-47I4RLN",
		"EventID":19,
		"EventRecordID":419,
		"ProcessID":8892,
		"ThreadID":7372,
		"Keywords":"0x8000000000000018",
		"Level":4,
		"Opcode":13,
		"Guid":"945A8954-C147-4ACD-923F-40C45405A658",
		"Provider_Name":"Microsoft-Windows-WindowsUpdateClient",
		"UserID":"S-1-5-18",
		"Task":1,
		"SystemTime":"2024-10-01T15:57:36.103414Z",
		"Version":1,
		"OriginalLogfile":"System.evtx-VO3HDEOC.json",
		"ActivityID":"A7FD8A1E-1408-0001-B953-FEA70814DB01",
		"updateGuid":"BB9AE06E-3D3E-4960-8A66-4DC3AED699DE",
		"updateRevisionNumber":1,
		"updateTitle":"9N4D0MSMP0PT-Microsoft.VP9VideoExtensions",
		"serviceGuid":"855E8A7C-ECB4-4CA3-B045-1DFA50104289"
	},
	{
		"Rule level":"medium",
		"title":"WMI Event Subscription",
		"sigma_yml":"sysmon_wmi_event_subscription.yml",
		"description":"Detects creation of WMI event subscription persistence method",
		"row_id":27077,
		"Channel":"System",
		"Computer":"DESKTOP-47I4RLN",
		"EventID":19,
		"EventRecordID":432,
		"ProcessID":8892,
		"ThreadID":4544,
		"Keywords":"0x8000000000000018",
		"Level":4,
		"Opcode":13,
		"Guid":"945A8954-C147-4ACD-923F-40C45405A658",
		"Provider_Name":"Microsoft-Windows-WindowsUpdateClient",
		"UserID":"S-1-5-18",
		"Task":1,
		"SystemTime":"2024-10-01T15:58:13.875882Z",
		"Version":1,
		"OriginalLogfile":"System.evtx-VO3HDEOC.json",
		"ActivityID":"A7FD8A1E-1408-0000-724C-FEA70814DB01",
		"updateGuid":"F97927AD-01C5-4063-87B2-4638508FF2F5",
		"updateRevisionNumber":1,
		"updateTitle":"9NKNC0LD5NN6-Microsoft.Xbox.TCUI",
		"serviceGuid":"855E8A7C-ECB4-4CA3-B045-1DFA50104289"
	},
	{
		"Rule level":"medium",
		"title":"WMI Event Subscription",
		"sigma_yml":"sysmon_wmi_event_subscription.yml",
		"description":"Detects creation of WMI event subscription persistence method",
		"row_id":27096,
		"Channel":"System",
		"Computer":"DESKTOP-47I4RLN",
		"EventID":19,
		"EventRecordID":451,
		"ProcessID":8892,
		"ThreadID":5312,
		"Keywords":"0x8000000000000018",
		"Level":4,
		"Opcode":13,
		"Guid":"945A8954-C147-4ACD-923F-40C45405A658",
		"Provider_Name":"Microsoft-Windows-WindowsUpdateClient",
		"UserID":"S-1-5-18",
		"Task":1,
		"SystemTime":"2024-10-01T15:59:03.540206Z",
		"Version":1,
		"OriginalLogfile":"System.evtx-VO3HDEOC.json",
		"updateGuid":"69CE6F6A-41E8-4103-B93D-FF8030BD246B",
		"updateRevisionNumber":200,
		"updateTitle":"Windows Malicious Software Removal Tool x64 - v5.128 (KB890830)",
		"serviceGuid":"9482F4B4-E343-43B6-B170-9A65BC822C77"
	},
	{
		"Rule level":"medium",
		"title":"WMI Event Subscription",
		"sigma_yml":"sysmon_wmi_event_subscription.yml",
		"description":"Detects creation of WMI event subscription persistence method",
		"row_id":27103,
		"Channel":"System",
		"Computer":"DESKTOP-47I4RLN",
		"EventID":19,
		"EventRecordID":458,
		"ProcessID":8892,
		"ThreadID":6592,
		"Keywords":"0x8000000000000018",
		"Level":4,
		"Opcode":13,
		"Guid":"945A8954-C147-4ACD-923F-40C45405A658",
		"Provider_Name":"Microsoft-Windows-WindowsUpdateClient",
		"UserID":"S-1-5-18",
		"Task":1,
		"SystemTime":"2024-10-01T15:59:22.896737Z",
		"Version":1,
		"OriginalLogfile":"System.evtx-VO3HDEOC.json",
		"ActivityID":"A7FD8A1E-1408-0000-6550-FEA70814DB01",
		"updateGuid":"5319D8AB-5FD7-468E-B80D-9B78F53657B1",
		"updateRevisionNumber":1,
		"updateTitle":"9N5TDP8VCMHS-Microsoft.WebMediaExtensions",
		"serviceGuid":"855E8A7C-ECB4-4CA3-B045-1DFA50104289"
	},
	{
		"Rule level":"medium",
		"title":"WMI Event Subscription",
		"sigma_yml":"sysmon_wmi_event_subscription.yml",
		"description":"Detects creation of WMI event subscription persistence method",
		"row_id":27113,
		"Channel":"System",
		"Computer":"DESKTOP-47I4RLN",
		"EventID":19,
		"EventRecordID":468,
		"ProcessID":8892,
		"ThreadID":8768,
		"Keywords":"0x8000000000000018",
		"Level":4,
		"Opcode":13,
		"Guid":"945A8954-C147-4ACD-923F-40C45405A658",
		"Provider_Name":"Microsoft-Windows-WindowsUpdateClient",
		"UserID":"S-1-5-18",
		"Task":1,
		"SystemTime":"2024-10-01T16:00:14.793888Z",
		"Version":1,
		"OriginalLogfile":"System.evtx-VO3HDEOC.json",
		"ActivityID":"A7FD8A1E-1408-0000-7953-FEA70814DB01",
		"updateGuid":"0D5A662D-006C-4DB0-9C9C-A6182CEF3EB1",
		"updateRevisionNumber":1,
		"updateTitle":"9PG2DK419DRG-Microsoft.WebpImageExtension",
		"serviceGuid":"855E8A7C-ECB4-4CA3-B045-1DFA50104289"
	},
	{
		"Rule level":"medium",
		"title":"WMI Event Subscription",
		"sigma_yml":"sysmon_wmi_event_subscription.yml",
		"description":"Detects creation of WMI event subscription persistence method",
		"row_id":27123,
		"Channel":"System",
		"Computer":"DESKTOP-47I4RLN",
		"EventID":19,
		"EventRecordID":478,
		"ProcessID":8892,
		"ThreadID":5968,
		"Keywords":"0x8000000000000018",
		"Level":4,
		"Opcode":13,
		"Guid":"945A8954-C147-4ACD-923F-40C45405A658",
		"Provider_Name":"Microsoft-Windows-WindowsUpdateClient",
		"UserID":"S-1-5-18",
		"Task":1,
		"SystemTime":"2024-10-01T16:00:44.028238Z",
		"Version":1,
		"OriginalLogfile":"System.evtx-VO3HDEOC.json",
		"updateGuid":"611911F8-E834-456E-91C0-B1197DA095E3",
		"updateRevisionNumber":200,
		"updateTitle":"2024-08 Cumulative Update for .NET Framework 3.5, 4.8 and 4.8.1 for Windows 10 Version 22H2 for x64 (KB5042352)",
		"serviceGuid":"9482F4B4-E343-43B6-B170-9A65BC822C77"
	},
	{
		"Rule level":"medium",
		"title":"WMI Event Subscription",
		"sigma_yml":"sysmon_wmi_event_subscription.yml",
		"description":"Detects creation of WMI event subscription persistence method",
		"row_id":27135,
		"Channel":"System",
		"Computer":"DESKTOP-47I4RLN",
		"EventID":19,
		"EventRecordID":490,
		"ProcessID":8892,
		"ThreadID":9212,
		"Keywords":"0x8000000000000018",
		"Level":4,
		"Opcode":13,
		"Guid":"945A8954-C147-4ACD-923F-40C45405A658",
		"Provider_Name":"Microsoft-Windows-WindowsUpdateClient",
		"UserID":"S-1-5-18",
		"Task":1,
		"SystemTime":"2024-10-01T16:01:35.300496Z",
		"Version":1,
		"OriginalLogfile":"System.evtx-VO3HDEOC.json",
		"updateGuid":"973FFC95-734A-4504-87AC-0E7ED3C3B42C",
		"updateRevisionNumber":200,
		"updateTitle":"Security Intelligence Update for Microsoft Defender Antivirus - KB2267602 (Version 1.419.298.0) - Current Channel (Broad)",
		"serviceGuid":"9482F4B4-E343-43B6-B170-9A65BC822C77"
	},
	{
		"Rule level":"medium",
		"title":"WMI Event Subscription",
		"sigma_yml":"sysmon_wmi_event_subscription.yml",
		"description":"Detects creation of WMI event subscription persistence method",
		"row_id":27149,
		"Channel":"System",
		"Computer":"DESKTOP-47I4RLN",
		"EventID":19,
		"EventRecordID":504,
		"ProcessID":8892,
		"ThreadID":7592,
		"Keywords":"0x8000000000000018",
		"Level":4,
		"Opcode":13,
		"Guid":"945A8954-C147-4ACD-923F-40C45405A658",
		"Provider_Name":"Microsoft-Windows-WindowsUpdateClient",
		"UserID":"S-1-5-18",
		"Task":1,
		"SystemTime":"2024-10-01T16:03:22.935357Z",
		"Version":1,
		"OriginalLogfile":"System.evtx-VO3HDEOC.json",
		"ActivityID":"A7FD8A1E-1408-0000-555A-FEA70814DB01",
		"updateGuid":"9FFB5E7D-D2E9-43A1-AD40-7BCC5C4F74F8",
		"updateRevisionNumber":1,
		"updateTitle":"9NSTH9KHZDLQ-Microsoft.UI.Xaml.2.8",
		"serviceGuid":"855E8A7C-ECB4-4CA3-B045-1DFA50104289"
	},
	{
		"Rule level":"medium",
		"title":"WMI Event Subscription",
		"sigma_yml":"sysmon_wmi_event_subscription.yml",
		"description":"Detects creation of WMI event subscription persistence method",
		"row_id":27151,
		"Channel":"System",
		"Computer":"DESKTOP-47I4RLN",
		"EventID":19,
		"EventRecordID":506,
		"ProcessID":8892,
		"ThreadID":7592,
		"Keywords":"0x8000000000000018",
		"Level":4,
		"Opcode":13,
		"Guid":"945A8954-C147-4ACD-923F-40C45405A658",
		"Provider_Name":"Microsoft-Windows-WindowsUpdateClient",
		"UserID":"S-1-5-18",
		"Task":1,
		"SystemTime":"2024-10-01T16:03:25.645682Z",
		"Version":1,
		"OriginalLogfile":"System.evtx-VO3HDEOC.json",
		"ActivityID":"A7FD8A1E-1408-0000-465B-FEA70814DB01",
		"updateGuid":"FCDD3B59-F41C-4595-B36B-245BACB749E8",
		"updateRevisionNumber":1,
		"updateTitle":"9NBLGGH4RV3K-Microsoft.VCLibs.140.00.UWPDesktop",
		"serviceGuid":"855E8A7C-ECB4-4CA3-B045-1DFA50104289"
	},
	{
		"Rule level":"medium",
		"title":"WMI Event Subscription",
		"sigma_yml":"sysmon_wmi_event_subscription.yml",
		"description":"Detects creation of WMI event subscription persistence method",
		"row_id":27154,
		"Channel":"System",
		"Computer":"DESKTOP-47I4RLN",
		"EventID":19,
		"EventRecordID":509,
		"ProcessID":8892,
		"ThreadID":7592,
		"Keywords":"0x8000000000000018",
		"Level":4,
		"Opcode":13,
		"Guid":"945A8954-C147-4ACD-923F-40C45405A658",
		"Provider_Name":"Microsoft-Windows-WindowsUpdateClient",
		"UserID":"S-1-5-18",
		"Task":1,
		"SystemTime":"2024-10-01T16:03:28.250644Z",
		"Version":1,
		"OriginalLogfile":"System.evtx-VO3HDEOC.json",
		"ActivityID":"A7FD8A1E-1408-0001-0262-FEA70814DB01",
		"updateGuid":"BF9794C3-58F8-46C6-9A1F-0D66D87764F0",
		"updateRevisionNumber":1,
		"updateTitle":"9NBLGGH4NNS1-Microsoft.DesktopAppInstaller",
		"serviceGuid":"855E8A7C-ECB4-4CA3-B045-1DFA50104289"
	},
	{
		"Rule level":"medium",
		"title":"WMI Event Subscription",
		"sigma_yml":"sysmon_wmi_event_subscription.yml",
		"description":"Detects creation of WMI event subscription persistence method",
		"row_id":27176,
		"Channel":"System",
		"Computer":"DESKTOP-47I4RLN",
		"EventID":19,
		"EventRecordID":531,
		"ProcessID":8892,
		"ThreadID":6280,
		"Keywords":"0x8000000000000018",
		"Level":4,
		"Opcode":13,
		"Guid":"945A8954-C147-4ACD-923F-40C45405A658",
		"Provider_Name":"Microsoft-Windows-WindowsUpdateClient",
		"UserID":"S-1-5-18",
		"Task":1,
		"SystemTime":"2024-10-01T16:04:14.246714Z",
		"Version":1,
		"OriginalLogfile":"System.evtx-VO3HDEOC.json",
		"ActivityID":"A7FD8A1E-1408-0000-095F-FEA70814DB01",
		"updateGuid":"4BB61E8B-C103-46E8-BB02-B6F2A7D21CCA",
		"updateRevisionNumber":1,
		"updateTitle":"9WZDNCRFHVJL-MICROSOFT.OFFICE.ONENOTE",
		"serviceGuid":"855E8A7C-ECB4-4CA3-B045-1DFA50104289"
	},
	{
		"Rule level":"medium",
		"title":"WMI Event Subscription",
		"sigma_yml":"sysmon_wmi_event_subscription.yml",
		"description":"Detects creation of WMI event subscription persistence method",
		"row_id":27206,
		"Channel":"System",
		"Computer":"DESKTOP-47I4RLN",
		"EventID":19,
		"EventRecordID":561,
		"ProcessID":8892,
		"ThreadID":2240,
		"Keywords":"0x8000000000000018",
		"Level":4,
		"Opcode":13,
		"Guid":"945A8954-C147-4ACD-923F-40C45405A658",
		"Provider_Name":"Microsoft-Windows-WindowsUpdateClient",
		"UserID":"S-1-5-18",
		"Task":1,
		"SystemTime":"2024-10-01T16:05:50.284569Z",
		"Version":1,
		"OriginalLogfile":"System.evtx-VO3HDEOC.json",
		"ActivityID":"A7FD8A1E-1408-0001-D46C-FEA70814DB01",
		"updateGuid":"42F87E38-FFC5-4220-9AAC-8DE1A9B0B2AF",
		"updateRevisionNumber":1,
		"updateTitle":"9NBLGGH4R32N-Microsoft.WindowsFeedbackHub",
		"serviceGuid":"855E8A7C-ECB4-4CA3-B045-1DFA50104289"
	},
	{
		"Rule level":"medium",
		"title":"WMI Event Subscription",
		"sigma_yml":"sysmon_wmi_event_subscription.yml",
		"description":"Detects creation of WMI event subscription persistence method",
		"row_id":27232,
		"Channel":"System",
		"Computer":"DESKTOP-47I4RLN",
		"EventID":19,
		"EventRecordID":587,
		"ProcessID":8892,
		"ThreadID":8360,
		"Keywords":"0x8000000000000018",
		"Level":4,
		"Opcode":13,
		"Guid":"945A8954-C147-4ACD-923F-40C45405A658",
		"Provider_Name":"Microsoft-Windows-WindowsUpdateClient",
		"UserID":"S-1-5-18",
		"Task":1,
		"SystemTime":"2024-10-01T16:07:56.883422Z",
		"Version":1,
		"OriginalLogfile":"System.evtx-VO3HDEOC.json",
		"ActivityID":"A7FD8A1E-1408-0000-016D-FEA70814DB01",
		"updateGuid":"E25DBF22-7DD1-4AD3-8E50-EC29D4C42C5D",
		"updateRevisionNumber":1,
		"updateTitle":"9N00JJ7S3L39-Microsoft.UI.Xaml.2.0",
		"serviceGuid":"855E8A7C-ECB4-4CA3-B045-1DFA50104289"
	},
	{
		"Rule level":"medium",
		"title":"WMI Event Subscription",
		"sigma_yml":"sysmon_wmi_event_subscription.yml",
		"description":"Detects creation of WMI event subscription persistence method",
		"row_id":27235,
		"Channel":"System",
		"Computer":"DESKTOP-47I4RLN",
		"EventID":19,
		"EventRecordID":590,
		"ProcessID":8892,
		"ThreadID":8360,
		"Keywords":"0x8000000000000018",
		"Level":4,
		"Opcode":13,
		"Guid":"945A8954-C147-4ACD-923F-40C45405A658",
		"Provider_Name":"Microsoft-Windows-WindowsUpdateClient",
		"UserID":"S-1-5-18",
		"Task":1,
		"SystemTime":"2024-10-01T16:08:00.147824Z",
		"Version":1,
		"OriginalLogfile":"System.evtx-VO3HDEOC.json",
		"ActivityID":"A7FD8A1E-1408-0000-3E6D-FEA70814DB01",
		"updateGuid":"E92AD0ED-E999-467A-9375-E9C0AD4CA58A",
		"updateRevisionNumber":1,
		"updateTitle":"9NBLGGH5FV99-Microsoft.MSPaint",
		"serviceGuid":"855E8A7C-ECB4-4CA3-B045-1DFA50104289"
	},
	{
		"Rule level":"medium",
		"title":"WMI Event Subscription",
		"sigma_yml":"sysmon_wmi_event_subscription.yml",
		"description":"Detects creation of WMI event subscription persistence method",
		"row_id":27249,
		"Channel":"System",
		"Computer":"DESKTOP-47I4RLN",
		"EventID":19,
		"EventRecordID":604,
		"ProcessID":8892,
		"ThreadID":5132,
		"Keywords":"0x8000000000000018",
		"Level":4,
		"Opcode":13,
		"Guid":"945A8954-C147-4ACD-923F-40C45405A658",
		"Provider_Name":"Microsoft-Windows-WindowsUpdateClient",
		"UserID":"S-1-5-18",
		"Task":1,
		"SystemTime":"2024-10-01T16:10:46.454462Z",
		"Version":1,
		"OriginalLogfile":"System.evtx-VO3HDEOC.json",
		"ActivityID":"A7FD8A1E-1408-0000-C771-FEA70814DB01",
		"updateGuid":"33592B0A-5C66-43FA-9A1E-7522D938D652",
		"updateRevisionNumber":1,
		"updateTitle":"9P105T65H4Z5-Microsoft.WindowsAppRuntime.1.3",
		"serviceGuid":"855E8A7C-ECB4-4CA3-B045-1DFA50104289"
	},
	{
		"Rule level":"medium",
		"title":"WMI Event Subscription",
		"sigma_yml":"sysmon_wmi_event_subscription.yml",
		"description":"Detects creation of WMI event subscription persistence method",
		"row_id":27251,
		"Channel":"System",
		"Computer":"DESKTOP-47I4RLN",
		"EventID":19,
		"EventRecordID":606,
		"ProcessID":8892,
		"ThreadID":5132,
		"Keywords":"0x8000000000000018",
		"Level":4,
		"Opcode":13,
		"Guid":"945A8954-C147-4ACD-923F-40C45405A658",
		"Provider_Name":"Microsoft-Windows-WindowsUpdateClient",
		"UserID":"S-1-5-18",
		"Task":1,
		"SystemTime":"2024-10-01T16:10:49.646105Z",
		"Version":1,
		"OriginalLogfile":"System.evtx-VO3HDEOC.json",
		"ActivityID":"A7FD8A1E-1408-0001-3F75-FEA70814DB01",
		"updateGuid":"4A10AD28-80F8-48A4-A576-8DE346681A65",
		"updateRevisionNumber":1,
		"updateTitle":"9WZDNCRFJ3PR-MICROSOFT.WINDOWSALARMS",
		"serviceGuid":"855E8A7C-ECB4-4CA3-B045-1DFA50104289"
	},
	{
		"Rule level":"medium",
		"title":"WMI Event Subscription",
		"sigma_yml":"sysmon_wmi_event_subscription.yml",
		"description":"Detects creation of WMI event subscription persistence method",
		"row_id":27256,
		"Channel":"System",
		"Computer":"DESKTOP-47I4RLN",
		"EventID":19,
		"EventRecordID":611,
		"ProcessID":8892,
		"ThreadID":6620,
		"Keywords":"0x8000000000000018",
		"Level":4,
		"Opcode":13,
		"Guid":"945A8954-C147-4ACD-923F-40C45405A658",
		"Provider_Name":"Microsoft-Windows-WindowsUpdateClient",
		"UserID":"S-1-5-18",
		"Task":1,
		"SystemTime":"2024-10-01T16:11:25.092721Z",
		"Version":1,
		"OriginalLogfile":"System.evtx-VO3HDEOC.json",
		"ActivityID":"A7FD8A1E-1408-0000-A675-FEA70814DB01",
		"updateGuid":"3F6608FD-A63E-4C0A-AC23-3D0A81A8FE70",
		"updateRevisionNumber":1,
		"updateTitle":"9NBLGGH51CLL-Microsoft.Services.Store.Engagement",
		"serviceGuid":"855E8A7C-ECB4-4CA3-B045-1DFA50104289"
	},
	{
		"Rule level":"medium",
		"title":"WMI Event Subscription",
		"sigma_yml":"sysmon_wmi_event_subscription.yml",
		"description":"Detects creation of WMI event subscription persistence method",
		"row_id":27258,
		"Channel":"System",
		"Computer":"DESKTOP-47I4RLN",
		"EventID":19,
		"EventRecordID":613,
		"ProcessID":8892,
		"ThreadID":6620,
		"Keywords":"0x8000000000000018",
		"Level":4,
		"Opcode":13,
		"Guid":"945A8954-C147-4ACD-923F-40C45405A658",
		"Provider_Name":"Microsoft-Windows-WindowsUpdateClient",
		"UserID":"S-1-5-18",
		"Task":1,
		"SystemTime":"2024-10-01T16:11:28.114872Z",
		"Version":1,
		"OriginalLogfile":"System.evtx-VO3HDEOC.json",
		"ActivityID":"A7FD8A1E-1408-0000-C775-FEA70814DB01",
		"updateGuid":"3795FD7D-382D-4414-8C1D-7B08545B5E08",
		"updateRevisionNumber":1,
		"updateTitle":"9WZDNCRFJBH4-Microsoft.Windows.Photos",
		"serviceGuid":"855E8A7C-ECB4-4CA3-B045-1DFA50104289"
	},
	{
		"Rule level":"medium",
		"title":"WMI Event Subscription",
		"sigma_yml":"sysmon_wmi_event_subscription.yml",
		"description":"Detects creation of WMI event subscription persistence method",
		"row_id":27284,
		"Channel":"System",
		"Computer":"DESKTOP-47I4RLN",
		"EventID":19,
		"EventRecordID":639,
		"ProcessID":8892,
		"ThreadID":5560,
		"Keywords":"0x8000000000000018",
		"Level":4,
		"Opcode":13,
		"Guid":"945A8954-C147-4ACD-923F-40C45405A658",
		"Provider_Name":"Microsoft-Windows-WindowsUpdateClient",
		"UserID":"S-1-5-18",
		"Task":1,
		"SystemTime":"2024-10-01T16:12:36.444186Z",
		"Version":1,
		"OriginalLogfile":"System.evtx-VO3HDEOC.json",
		"ActivityID":"A7FD8A1E-1408-0000-287C-FEA70814DB01",
		"updateGuid":"A7AF270B-B69E-486B-A1F0-2FFE654965A0",
		"updateRevisionNumber":1,
		"updateTitle":"9WZDNCRFJ3Q2-Microsoft.BingWeather",
		"serviceGuid":"855E8A7C-ECB4-4CA3-B045-1DFA50104289"
	},
	{
		"Rule level":"medium",
		"title":"WMI Event Subscription",
		"sigma_yml":"sysmon_wmi_event_subscription.yml",
		"description":"Detects creation of WMI event subscription persistence method",
		"row_id":27294,
		"Channel":"System",
		"Computer":"DESKTOP-47I4RLN",
		"EventID":19,
		"EventRecordID":649,
		"ProcessID":8892,
		"ThreadID":7540,
		"Keywords":"0x8000000000000018",
		"Level":4,
		"Opcode":13,
		"Guid":"945A8954-C147-4ACD-923F-40C45405A658",
		"Provider_Name":"Microsoft-Windows-WindowsUpdateClient",
		"UserID":"S-1-5-18",
		"Task":1,
		"SystemTime":"2024-10-01T16:12:56.654184Z",
		"Version":1,
		"OriginalLogfile":"System.evtx-VO3HDEOC.json",
		"ActivityID":"A7FD8A1E-1408-0001-ED7F-FEA70814DB01",
		"updateGuid":"08E29B80-4A7C-4CC3-815C-8A7F1BE326A3",
		"updateRevisionNumber":1,
		"updateTitle":"9WZDNCRFHWD2-Microsoft.MicrosoftSolitaireCollection",
		"serviceGuid":"855E8A7C-ECB4-4CA3-B045-1DFA50104289"
	},
	{
		"Rule level":"medium",
		"title":"WMI Event Subscription",
		"sigma_yml":"sysmon_wmi_event_subscription.yml",
		"description":"Detects creation of WMI event subscription persistence method",
		"row_id":27304,
		"Channel":"System",
		"Computer":"DESKTOP-47I4RLN",
		"EventID":19,
		"EventRecordID":659,
		"ProcessID":8892,
		"ThreadID":3232,
		"Keywords":"0x8000000000000018",
		"Level":4,
		"Opcode":13,
		"Guid":"945A8954-C147-4ACD-923F-40C45405A658",
		"Provider_Name":"Microsoft-Windows-WindowsUpdateClient",
		"UserID":"S-1-5-18",
		"Task":1,
		"SystemTime":"2024-10-01T16:13:23.975208Z",
		"Version":1,
		"OriginalLogfile":"System.evtx-VO3HDEOC.json",
		"ActivityID":"A7FD8A1E-1408-0000-2680-FEA70814DB01",
		"updateGuid":"29D67FCA-FF27-40BD-893B-F6E6AC23963B",
		"updateRevisionNumber":1,
		"updateTitle":"9PKRS2FVRWBT-Microsoft.UI.Xaml.2.3",
		"serviceGuid":"855E8A7C-ECB4-4CA3-B045-1DFA50104289"
	},
	{
		"Rule level":"medium",
		"title":"WMI Event Subscription",
		"sigma_yml":"sysmon_wmi_event_subscription.yml",
		"description":"Detects creation of WMI event subscription persistence method",
		"row_id":27307,
		"Channel":"System",
		"Computer":"DESKTOP-47I4RLN",
		"EventID":19,
		"EventRecordID":662,
		"ProcessID":8892,
		"ThreadID":3232,
		"Keywords":"0x8000000000000018",
		"Level":4,
		"Opcode":13,
		"Guid":"945A8954-C147-4ACD-923F-40C45405A658",
		"Provider_Name":"Microsoft-Windows-WindowsUpdateClient",
		"UserID":"S-1-5-18",
		"Task":1,
		"SystemTime":"2024-10-01T16:13:25.418040Z",
		"Version":1,
		"OriginalLogfile":"System.evtx-VO3HDEOC.json",
		"ActivityID":"A7FD8A1E-1408-0000-5A80-FEA70814DB01",
		"updateGuid":"C99E8354-DC70-4AC8-80C9-14F5E5E180CE",
		"updateRevisionNumber":1,
		"updateTitle":"9WZDNCRFHWKN-MICROSOFT.WINDOWSSOUNDRECORDER",
		"serviceGuid":"855E8A7C-ECB4-4CA3-B045-1DFA50104289"
	},
	{
		"Rule level":"medium",
		"title":"WMI Event Subscription",
		"sigma_yml":"sysmon_wmi_event_subscription.yml",
		"description":"Detects creation of WMI event subscription persistence method",
		"row_id":27323,
		"Channel":"System",
		"Computer":"DESKTOP-47I4RLN",
		"EventID":19,
		"EventRecordID":678,
		"ProcessID":8892,
		"ThreadID":2176,
		"Keywords":"0x8000000000000018",
		"Level":4,
		"Opcode":13,
		"Guid":"945A8954-C147-4ACD-923F-40C45405A658",
		"Provider_Name":"Microsoft-Windows-WindowsUpdateClient",
		"UserID":"S-1-5-18",
		"Task":1,
		"SystemTime":"2024-10-01T16:14:07.477346Z",
		"Version":1,
		"OriginalLogfile":"System.evtx-VO3HDEOC.json",
		"ActivityID":"A7FD8A1E-1408-0001-0B88-FEA70814DB01",
		"updateGuid":"15C7D5DB-DA14-4421-9040-DF95F4672CF4",
		"updateRevisionNumber":1,
		"updateTitle":"9WZDNCRFJ3PT-MICROSOFT.ZUNEMUSIC",
		"serviceGuid":"855E8A7C-ECB4-4CA3-B045-1DFA50104289"
	},
	{
		"Rule level":"medium",
		"title":"WMI Event Subscription",
		"sigma_yml":"sysmon_wmi_event_subscription.yml",
		"description":"Detects creation of WMI event subscription persistence method",
		"row_id":27337,
		"Channel":"System",
		"Computer":"DESKTOP-47I4RLN",
		"EventID":19,
		"EventRecordID":692,
		"ProcessID":8892,
		"ThreadID":2968,
		"Keywords":"0x8000000000000018",
		"Level":4,
		"Opcode":13,
		"Guid":"945A8954-C147-4ACD-923F-40C45405A658",
		"Provider_Name":"Microsoft-Windows-WindowsUpdateClient",
		"UserID":"S-1-5-18",
		"Task":1,
		"SystemTime":"2024-10-01T16:14:29.273453Z",
		"Version":1,
		"OriginalLogfile":"System.evtx-VO3HDEOC.json",
		"ActivityID":"A7FD8A1E-1408-0000-2487-FEA70814DB01",
		"updateGuid":"ADFFEBDE-66D8-4836-AF4D-FEC1BA3B55A7",
		"updateRevisionNumber":1,
		"updateTitle":"9P5VK8KZB5QZ-Microsoft.UI.Xaml.2.7",
		"serviceGuid":"855E8A7C-ECB4-4CA3-B045-1DFA50104289"
	},
	{
		"Rule level":"medium",
		"title":"WMI Event Subscription",
		"sigma_yml":"sysmon_wmi_event_subscription.yml",
		"description":"Detects creation of WMI event subscription persistence method",
		"row_id":27340,
		"Channel":"System",
		"Computer":"DESKTOP-47I4RLN",
		"EventID":19,
		"EventRecordID":695,
		"ProcessID":8892,
		"ThreadID":2968,
		"Keywords":"0x8000000000000018",
		"Level":4,
		"Opcode":13,
		"Guid":"945A8954-C147-4ACD-923F-40C45405A658",
		"Provider_Name":"Microsoft-Windows-WindowsUpdateClient",
		"UserID":"S-1-5-18",
		"Task":1,
		"SystemTime":"2024-10-01T16:14:33.013810Z",
		"Version":1,
		"OriginalLogfile":"System.evtx-VO3HDEOC.json",
		"ActivityID":"A7FD8A1E-1408-0001-898A-FEA70814DB01",
		"updateGuid":"C7246752-82A1-425B-AE31-80D2AA80A40D",
		"updateRevisionNumber":1,
		"updateTitle":"9WZDNCRFHVQM-MICROSOFT.WINDOWSCOMMUNICATIONSAPPS",
		"serviceGuid":"855E8A7C-ECB4-4CA3-B045-1DFA50104289"
	},
	{
		"Rule level":"medium",
		"title":"WMI Event Subscription",
		"sigma_yml":"sysmon_wmi_event_subscription.yml",
		"description":"Detects creation of WMI event subscription persistence method",
		"row_id":27347,
		"Channel":"System",
		"Computer":"DESKTOP-47I4RLN",
		"EventID":19,
		"EventRecordID":702,
		"ProcessID":8892,
		"ThreadID":912,
		"Keywords":"0x8000000000000018",
		"Level":4,
		"Opcode":13,
		"Guid":"945A8954-C147-4ACD-923F-40C45405A658",
		"Provider_Name":"Microsoft-Windows-WindowsUpdateClient",
		"UserID":"S-1-5-18",
		"Task":1,
		"SystemTime":"2024-10-01T16:14:37.125902Z",
		"Version":1,
		"OriginalLogfile":"System.evtx-VO3HDEOC.json",
		"ActivityID":"A7FD8A1E-1408-0000-BF88-FEA70814DB01",
		"updateGuid":"90FD0423-B454-4953-9D83-433538CDB9E5",
		"updateRevisionNumber":1,
		"updateTitle":"9WZDNCRFJBBG-MICROSOFT.WINDOWSCAMERA",
		"serviceGuid":"855E8A7C-ECB4-4CA3-B045-1DFA50104289"
	},
	{
		"Rule level":"medium",
		"title":"WMI Event Subscription",
		"sigma_yml":"sysmon_wmi_event_subscription.yml",
		"description":"Detects creation of WMI event subscription persistence method",
		"row_id":27354,
		"Channel":"System",
		"Computer":"DESKTOP-47I4RLN",
		"EventID":19,
		"EventRecordID":709,
		"ProcessID":8892,
		"ThreadID":5096,
		"Keywords":"0x8000000000000018",
		"Level":4,
		"Opcode":13,
		"Guid":"945A8954-C147-4ACD-923F-40C45405A658",
		"Provider_Name":"Microsoft-Windows-WindowsUpdateClient",
		"UserID":"S-1-5-18",
		"Task":1,
		"SystemTime":"2024-10-01T16:14:54.161728Z",
		"Version":1,
		"OriginalLogfile":"System.evtx-VO3HDEOC.json",
		"ActivityID":"A7FD8A1E-1408-0001-B78E-FEA70814DB01",
		"updateGuid":"C485879E-D2E5-4DF5-A64B-B28A92E5C797",
		"updateRevisionNumber":1,
		"updateTitle":"9PMMSR1CGPWG-Microsoft.HEIFImageExtension",
		"serviceGuid":"855E8A7C-ECB4-4CA3-B045-1DFA50104289"
	},
	{
		"Rule level":"medium",
		"title":"WMI Event Subscription",
		"sigma_yml":"sysmon_wmi_event_subscription.yml",
		"description":"Detects creation of WMI event subscription persistence method",
		"row_id":27371,
		"Channel":"System",
		"Computer":"DESKTOP-47I4RLN",
		"EventID":19,
		"EventRecordID":726,
		"ProcessID":8892,
		"ThreadID":1732,
		"Keywords":"0x8000000000000018",
		"Level":4,
		"Opcode":13,
		"Guid":"945A8954-C147-4ACD-923F-40C45405A658",
		"Provider_Name":"Microsoft-Windows-WindowsUpdateClient",
		"UserID":"S-1-5-18",
		"Task":1,
		"SystemTime":"2024-10-01T16:15:13.218785Z",
		"Version":1,
		"OriginalLogfile":"System.evtx-VO3HDEOC.json",
		"ActivityID":"A7FD8A1E-1408-0001-4292-FEA70814DB01",
		"updateGuid":"45D2FDF9-95F1-48F9-BD46-7A05FEEB45D0",
		"updateRevisionNumber":1,
		"updateTitle":"9PB1PFTHHM15-Microsoft.UI.Xaml.2.4",
		"serviceGuid":"855E8A7C-ECB4-4CA3-B045-1DFA50104289"
	},
	{
		"Rule level":"medium",
		"title":"WMI Event Subscription",
		"sigma_yml":"sysmon_wmi_event_subscription.yml",
		"description":"Detects creation of WMI event subscription persistence method",
		"row_id":27375,
		"Channel":"System",
		"Computer":"DESKTOP-47I4RLN",
		"EventID":19,
		"EventRecordID":730,
		"ProcessID":8892,
		"ThreadID":1732,
		"Keywords":"0x8000000000000018",
		"Level":4,
		"Opcode":13,
		"Guid":"945A8954-C147-4ACD-923F-40C45405A658",
		"Provider_Name":"Microsoft-Windows-WindowsUpdateClient",
		"UserID":"S-1-5-18",
		"Task":1,
		"SystemTime":"2024-10-01T16:15:15.761676Z",
		"Version":1,
		"OriginalLogfile":"System.evtx-VO3HDEOC.json",
		"ActivityID":"A7FD8A1E-1408-0001-6292-FEA70814DB01",
		"updateGuid":"D1388415-96F8-41D1-AECF-A74521049AAA",
		"updateRevisionNumber":1,
		"updateTitle":"9MZ95KL8MR0L-Microsoft.ScreenSketch",
		"serviceGuid":"855E8A7C-ECB4-4CA3-B045-1DFA50104289"
	},
	{
		"Rule level":"medium",
		"title":"WMI Event Subscription",
		"sigma_yml":"sysmon_wmi_event_subscription.yml",
		"description":"Detects creation of WMI event subscription persistence method",
		"row_id":27399,
		"Channel":"System",
		"Computer":"DESKTOP-47I4RLN",
		"EventID":19,
		"EventRecordID":754,
		"ProcessID":8892,
		"ThreadID":5564,
		"Keywords":"0x8000000000000018",
		"Level":4,
		"Opcode":13,
		"Guid":"945A8954-C147-4ACD-923F-40C45405A658",
		"Provider_Name":"Microsoft-Windows-WindowsUpdateClient",
		"UserID":"S-1-5-18",
		"Task":1,
		"SystemTime":"2024-10-01T16:15:58.739572Z",
		"Version":1,
		"OriginalLogfile":"System.evtx-VO3HDEOC.json",
		"ActivityID":"A7FD8A1E-1408-0001-4696-FEA70814DB01",
		"updateGuid":"206653EC-BC43-4552-9857-851CDBD43F5B",
		"updateRevisionNumber":1,
		"updateTitle":"9NBLGGH4LS1F-Microsoft.StorePurchaseApp",
		"serviceGuid":"855E8A7C-ECB4-4CA3-B045-1DFA50104289"
	},
	{
		"Rule level":"medium",
		"title":"WMI Event Subscription",
		"sigma_yml":"sysmon_wmi_event_subscription.yml",
		"description":"Detects creation of WMI event subscription persistence method",
		"row_id":27416,
		"Channel":"System",
		"Computer":"DESKTOP-47I4RLN",
		"EventID":19,
		"EventRecordID":771,
		"ProcessID":8892,
		"ThreadID":9068,
		"Keywords":"0x8000000000000018",
		"Level":4,
		"Opcode":13,
		"Guid":"945A8954-C147-4ACD-923F-40C45405A658",
		"Provider_Name":"Microsoft-Windows-WindowsUpdateClient",
		"UserID":"S-1-5-18",
		"Task":1,
		"SystemTime":"2024-10-01T16:17:21.425803Z",
		"Version":1,
		"OriginalLogfile":"System.evtx-VO3HDEOC.json",
		"ActivityID":"A7FD8A1E-1408-0000-0E97-FEA70814DB01",
		"updateGuid":"736F2C82-1B21-49DD-91F6-003A157CDDFE",
		"updateRevisionNumber":1,
		"updateTitle":"9WZDNCRFJBMP-MICROSOFT.WINDOWSSTORE",
		"serviceGuid":"855E8A7C-ECB4-4CA3-B045-1DFA50104289"
	},
	{
		"Rule level":"medium",
		"title":"WMI Event Subscription",
		"sigma_yml":"sysmon_wmi_event_subscription.yml",
		"description":"Detects creation of WMI event subscription persistence method",
		"row_id":27421,
		"Channel":"System",
		"Computer":"DESKTOP-47I4RLN",
		"EventID":19,
		"EventRecordID":776,
		"ProcessID":8892,
		"ThreadID":6712,
		"Keywords":"0x8000000000000018",
		"Level":4,
		"Opcode":13,
		"Guid":"945A8954-C147-4ACD-923F-40C45405A658",
		"Provider_Name":"Microsoft-Windows-WindowsUpdateClient",
		"UserID":"S-1-5-18",
		"Task":1,
		"SystemTime":"2024-10-01T16:17:29.965374Z",
		"Version":1,
		"OriginalLogfile":"System.evtx-VO3HDEOC.json",
		"ActivityID":"A7FD8A1E-1408-0001-ED9B-FEA70814DB01",
		"updateGuid":"9D29A49B-25B9-45A9-96AE-E1FB0725791F",
		"updateRevisionNumber":1,
		"updateTitle":"9NH2SW16MQ7F-Microsoft.WindowsAppRuntime.1.5",
		"serviceGuid":"855E8A7C-ECB4-4CA3-B045-1DFA50104289"
	},
	{
		"Rule level":"medium",
		"title":"WMI Event Subscription",
		"sigma_yml":"sysmon_wmi_event_subscription.yml",
		"description":"Detects creation of WMI event subscription persistence method",
		"row_id":27424,
		"Channel":"System",
		"Computer":"DESKTOP-47I4RLN",
		"EventID":19,
		"EventRecordID":779,
		"ProcessID":8892,
		"ThreadID":6712,
		"Keywords":"0x8000000000000018",
		"Level":4,
		"Opcode":13,
		"Guid":"945A8954-C147-4ACD-923F-40C45405A658",
		"Provider_Name":"Microsoft-Windows-WindowsUpdateClient",
		"UserID":"S-1-5-18",
		"Task":1,
		"SystemTime":"2024-10-01T16:17:32.263136Z",
		"Version":1,
		"OriginalLogfile":"System.evtx-VO3HDEOC.json",
		"ActivityID":"A7FD8A1E-1408-0001-169C-FEA70814DB01",
		"updateGuid":"97AEA420-94EC-480B-A252-4E8299437657",
		"updateRevisionNumber":1,
		"updateTitle":"9NMPJ99VJBWV-Microsoft.YourPhone",
		"serviceGuid":"855E8A7C-ECB4-4CA3-B045-1DFA50104289"
	},
	{
		"Rule level":"medium",
		"title":"WMI Event Subscription",
		"sigma_yml":"sysmon_wmi_event_subscription.yml",
		"description":"Detects creation of WMI event subscription persistence method",
		"row_id":27436,
		"Channel":"System",
		"Computer":"DESKTOP-47I4RLN",
		"EventID":19,
		"EventRecordID":791,
		"ProcessID":8892,
		"ThreadID":2580,
		"Keywords":"0x8000000000000018",
		"Level":4,
		"Opcode":13,
		"Guid":"945A8954-C147-4ACD-923F-40C45405A658",
		"Provider_Name":"Microsoft-Windows-WindowsUpdateClient",
		"UserID":"S-1-5-18",
		"Task":1,
		"SystemTime":"2024-10-01T16:17:44.482830Z",
		"Version":1,
		"OriginalLogfile":"System.evtx-VO3HDEOC.json",
		"ActivityID":"A7FD8A1E-1408-0000-099F-FEA70814DB01",
		"updateGuid":"4F96B2FD-41C2-4891-A378-B0B1A6A42DCF",
		"updateRevisionNumber":1,
		"updateTitle":"9NG1H8B3ZC7M-Microsoft.MixedReality.Portal",
		"serviceGuid":"855E8A7C-ECB4-4CA3-B045-1DFA50104289"
	},
	{
		"Rule level":"medium",
		"title":"WMI Event Subscription",
		"sigma_yml":"sysmon_wmi_event_subscription.yml",
		"description":"Detects creation of WMI event subscription persistence method",
		"row_id":27572,
		"Channel":"System",
		"Computer":"DESKTOP-47I4RLN",
		"EventID":19,
		"EventRecordID":927,
		"ProcessID":2752,
		"ThreadID":5000,
		"Keywords":"0x8000000000000018",
		"Level":4,
		"Opcode":13,
		"Guid":"945A8954-C147-4ACD-923F-40C45405A658",
		"Provider_Name":"Microsoft-Windows-WindowsUpdateClient",
		"UserID":"S-1-5-18",
		"Task":1,
		"SystemTime":"2024-10-01T16:29:59.273899Z",
		"Version":1,
		"OriginalLogfile":"System.evtx-VO3HDEOC.json",
		"updateGuid":"6500AF43-533E-41F8-8413-F70648777D13",
		"updateRevisionNumber":201,
		"updateTitle":"Microsoft .NET Framework 4.8.1 for Windows 10 Version 22H2 for x64 (KB5011048)",
		"serviceGuid":"9482F4B4-E343-43B6-B170-9A65BC822C77"
	},
