	{
		"Rule level":"medium",
		"title":"Certificate Private Key Acquired",
		"sigma_yml":"win_capi2_acquire_certificate_private_key.yml",
		"description":"Detects when an application acquires a certificate private key",
		"row_id":7129,
		"Channel":"Microsoft-Windows-AppModel-Runtime/Admin",
		"Computer":"DESKTOP-47I4RLN",
		"EventID":70,
		"EventRecordID":189,
		"ProcessID":3156,
		"ThreadID":5360,
		"Keywords":"0x2000000000000001",
		"Level":4,
		"Opcode":0,
		"Guid":"F1EF270A-0D32-4352-BA52-DBAB41E1D859",
		"Provider_Name":"Microsoft-Windows-AppModel-Runtime",
		"UserID":"S-1-5-18",
		"Task":0,
		"SystemTime":"2024-10-01T13:49:41.126972Z",
		"Version":0,
		"OriginalLogfile":"Microsoft-Windows-AppModel-Runtime%4Admin.evtx-ENZVIVNQ.json",
		"ActivityID":"A7FD8A1E-1408-0001-4AA5-FDA70814DB01",
		"PackageFullName":"Microsoft.Windows.XGpuEjectDialog_10.0.19041.1023_neutral_neutral_cw5n1h2txyewy",
		"CurrentStatus":32,
		"DesiredStatus":0,
		"User":"S-1-5-21-1421159008-4270732973-2479707347-1000"
	},
	{
		"Rule level":"medium",
		"title":"Certificate Private Key Acquired",
		"sigma_yml":"win_capi2_acquire_certificate_private_key.yml",
		"description":"Detects when an application acquires a certificate private key",
		"row_id":7130,
		"Channel":"Microsoft-Windows-AppModel-Runtime/Admin",
		"Computer":"DESKTOP-47I4RLN",
		"EventID":70,
		"EventRecordID":190,
		"ProcessID":3156,
		"ThreadID":5360,
		"Keywords":"0x2000000000000001",
		"Level":4,
		"Opcode":0,
		"Guid":"F1EF270A-0D32-4352-BA52-DBAB41E1D859",
		"Provider_Name":"Microsoft-Windows-AppModel-Runtime",
		"UserID":"S-1-5-18",
		"Task":0,
		"SystemTime":"2024-10-01T13:49:41.276028Z",
		"Version":0,
		"OriginalLogfile":"Microsoft-Windows-AppModel-Runtime%4Admin.evtx-ENZVIVNQ.json",
		"ActivityID":"A7FD8A1E-1408-0001-BFA5-FDA70814DB01",
		"PackageFullName":"Windows.PrintDialog_6.2.1.0_neutral_neutral_cw5n1h2txyewy",
		"CurrentStatus":2048,
		"DesiredStatus":2080,
		"User":"S-1-5-21-1421159008-4270732973-2479707347-1000"
	},
	{
		"Rule level":"medium",
		"title":"Certificate Private Key Acquired",
		"sigma_yml":"win_capi2_acquire_certificate_private_key.yml",
		"description":"Detects when an application acquires a certificate private key",
		"row_id":7132,
		"Channel":"Microsoft-Windows-AppModel-Runtime/Admin",
		"Computer":"DESKTOP-47I4RLN",
		"EventID":70,
		"EventRecordID":192,
		"ProcessID":3156,
		"ThreadID":5360,
		"Keywords":"0x2000000000000001",
		"Level":4,
		"Opcode":0,
		"Guid":"F1EF270A-0D32-4352-BA52-DBAB41E1D859",
		"Provider_Name":"Microsoft-Windows-AppModel-Runtime",
		"UserID":"S-1-5-18",
		"Task":0,
		"SystemTime":"2024-10-01T13:49:41.418986Z",
		"Version":0,
		"OriginalLogfile":"Microsoft-Windows-AppModel-Runtime%4Admin.evtx-ENZVIVNQ.json",
		"ActivityID":"A7FD8A1E-1408-0001-BFA5-FDA70814DB01",
		"PackageFullName":"Windows.PrintDialog_6.2.1.0_neutral_neutral_cw5n1h2txyewy",
		"CurrentStatus":2080,
		"DesiredStatus":2048,
		"User":"S-1-5-21-1421159008-4270732973-2479707347-1000"
	},
	{
		"Rule level":"medium",
		"title":"Certificate Private Key Acquired",
		"sigma_yml":"win_capi2_acquire_certificate_private_key.yml",
		"description":"Detects when an application acquires a certificate private key",
		"row_id":7133,
		"Channel":"Microsoft-Windows-AppModel-Runtime/Admin",
		"Computer":"DESKTOP-47I4RLN",
		"EventID":70,
		"EventRecordID":193,
		"ProcessID":3156,
		"ThreadID":5360,
		"Keywords":"0x2000000000000001",
		"Level":4,
		"Opcode":0,
		"Guid":"F1EF270A-0D32-4352-BA52-DBAB41E1D859",
		"Provider_Name":"Microsoft-Windows-AppModel-Runtime",
		"UserID":"S-1-5-18",
		"Task":0,
		"SystemTime":"2024-10-01T13:49:41.420884Z",
		"Version":0,
		"OriginalLogfile":"Microsoft-Windows-AppModel-Runtime%4Admin.evtx-ENZVIVNQ.json",
		"ActivityID":"A7FD8A1E-1408-0001-BFA5-FDA70814DB01",
		"PackageFullName":"Windows.PrintDialog_6.2.1.0_neutral_neutral_cw5n1h2txyewy",
		"CurrentStatus":2048,
		"DesiredStatus":0,
		"User":"S-1-5-21-1421159008-4270732973-2479707347-1000"
	},
	{
		"Rule level":"medium",
		"title":"Certificate Private Key Acquired",
		"sigma_yml":"win_capi2_acquire_certificate_private_key.yml",
		"description":"Detects when an application acquires a certificate private key",
		"row_id":7134,
		"Channel":"Microsoft-Windows-AppModel-Runtime/Admin",
		"Computer":"DESKTOP-47I4RLN",
		"EventID":70,
		"EventRecordID":194,
		"ProcessID":3156,
		"ThreadID":5360,
		"Keywords":"0x2000000000000001",
		"Level":4,
		"Opcode":0,
		"Guid":"F1EF270A-0D32-4352-BA52-DBAB41E1D859",
		"Provider_Name":"Microsoft-Windows-AppModel-Runtime",
		"UserID":"S-1-5-18",
		"Task":0,
		"SystemTime":"2024-10-01T13:49:41.612676Z",
		"Version":0,
		"OriginalLogfile":"Microsoft-Windows-AppModel-Runtime%4Admin.evtx-ENZVIVNQ.json",
		"ActivityID":"A7FD8A1E-1408-0000-73A3-FDA70814DB01",
		"PackageFullName":"Windows.CBSPreview_10.0.19041.1023_neutral_neutral_cw5n1h2txyewy",
		"CurrentStatus":2048,
		"DesiredStatus":2080,
		"User":"S-1-5-21-1421159008-4270732973-2479707347-1000"
	},
	{
		"Rule level":"medium",
		"title":"Certificate Private Key Acquired",
		"sigma_yml":"win_capi2_acquire_certificate_private_key.yml",
		"description":"Detects when an application acquires a certificate private key",
		"row_id":7136,
		"Channel":"Microsoft-Windows-AppModel-Runtime/Admin",
		"Computer":"DESKTOP-47I4RLN",
		"EventID":70,
		"EventRecordID":196,
		"ProcessID":3156,
		"ThreadID":5360,
		"Keywords":"0x2000000000000001",
		"Level":4,
		"Opcode":0,
		"Guid":"F1EF270A-0D32-4352-BA52-DBAB41E1D859",
		"Provider_Name":"Microsoft-Windows-AppModel-Runtime",
		"UserID":"S-1-5-18",
		"Task":0,
		"SystemTime":"2024-10-01T13:49:41.784936Z",
		"Version":0,
		"OriginalLogfile":"Microsoft-Windows-AppModel-Runtime%4Admin.evtx-ENZVIVNQ.json",
		"ActivityID":"A7FD8A1E-1408-0000-73A3-FDA70814DB01",
		"PackageFullName":"Windows.CBSPreview_10.0.19041.1023_neutral_neutral_cw5n1h2txyewy",
		"CurrentStatus":32,
		"DesiredStatus":0,
		"User":"S-1-5-21-1421159008-4270732973-2479707347-1000"
	},
	{
		"Rule level":"medium",
		"title":"Certificate Private Key Acquired",
		"sigma_yml":"win_capi2_acquire_certificate_private_key.yml",
		"description":"Detects when an application acquires a certificate private key",
		"row_id":7137,
		"Channel":"Microsoft-Windows-AppModel-Runtime/Admin",
		"Computer":"DESKTOP-47I4RLN",
		"EventID":70,
		"EventRecordID":197,
		"ProcessID":3156,
		"ThreadID":5360,
		"Keywords":"0x2000000000000001",
		"Level":4,
		"Opcode":0,
		"Guid":"F1EF270A-0D32-4352-BA52-DBAB41E1D859",
		"Provider_Name":"Microsoft-Windows-AppModel-Runtime",
		"UserID":"S-1-5-18",
		"Task":0,
		"SystemTime":"2024-10-01T13:49:41.994921Z",
		"Version":0,
		"OriginalLogfile":"Microsoft-Windows-AppModel-Runtime%4Admin.evtx-ENZVIVNQ.json",
		"ActivityID":"A7FD8A1E-1408-0001-2EA7-FDA70814DB01",
		"PackageFullName":"NcsiUwpApp_1000.19041.1023.0_neutral_neutral_8wekyb3d8bbwe",
		"CurrentStatus":2048,
		"DesiredStatus":2080,
		"User":"S-1-5-21-1421159008-4270732973-2479707347-1000"
	},
	{
		"Rule level":"medium",
		"title":"Certificate Private Key Acquired",
		"sigma_yml":"win_capi2_acquire_certificate_private_key.yml",
		"description":"Detects when an application acquires a certificate private key",
		"row_id":7139,
		"Channel":"Microsoft-Windows-AppModel-Runtime/Admin",
		"Computer":"DESKTOP-47I4RLN",
		"EventID":70,
		"EventRecordID":199,
		"ProcessID":3156,
		"ThreadID":5360,
		"Keywords":"0x2000000000000001",
		"Level":4,
		"Opcode":0,
		"Guid":"F1EF270A-0D32-4352-BA52-DBAB41E1D859",
		"Provider_Name":"Microsoft-Windows-AppModel-Runtime",
		"UserID":"S-1-5-18",
		"Task":0,
		"SystemTime":"2024-10-01T13:49:42.186944Z",
		"Version":0,
		"OriginalLogfile":"Microsoft-Windows-AppModel-Runtime%4Admin.evtx-ENZVIVNQ.json",
		"ActivityID":"A7FD8A1E-1408-0001-2EA7-FDA70814DB01",
		"PackageFullName":"NcsiUwpApp_1000.19041.1023.0_neutral_neutral_8wekyb3d8bbwe",
		"CurrentStatus":32,
		"DesiredStatus":0,
		"User":"S-1-5-21-1421159008-4270732973-2479707347-1000"
	},
	{
		"Rule level":"medium",
		"title":"Certificate Private Key Acquired",
		"sigma_yml":"win_capi2_acquire_certificate_private_key.yml",
		"description":"Detects when an application acquires a certificate private key",
		"row_id":7140,
		"Channel":"Microsoft-Windows-AppModel-Runtime/Admin",
		"Computer":"DESKTOP-47I4RLN",
		"EventID":70,
		"EventRecordID":200,
		"ProcessID":3156,
		"ThreadID":5360,
		"Keywords":"0x2000000000000001",
		"Level":4,
		"Opcode":0,
		"Guid":"F1EF270A-0D32-4352-BA52-DBAB41E1D859",
		"Provider_Name":"Microsoft-Windows-AppModel-Runtime",
		"UserID":"S-1-5-18",
		"Task":0,
		"SystemTime":"2024-10-01T13:49:42.366264Z",
		"Version":0,
		"OriginalLogfile":"Microsoft-Windows-AppModel-Runtime%4Admin.evtx-ENZVIVNQ.json",
		"ActivityID":"A7FD8A1E-1408-0001-50A8-FDA70814DB01",
		"PackageFullName":"Microsoft.Windows.SecureAssessmentBrowser_10.0.19041.2311_neutral_neutral_cw5n1h2txyewy",
		"CurrentStatus":2048,
		"DesiredStatus":2080,
		"User":"S-1-5-21-1421159008-4270732973-2479707347-1000"
	},
	{
		"Rule level":"medium",
		"title":"Certificate Private Key Acquired",
		"sigma_yml":"win_capi2_acquire_certificate_private_key.yml",
		"description":"Detects when an application acquires a certificate private key",
		"row_id":7142,
		"Channel":"Microsoft-Windows-AppModel-Runtime/Admin",
		"Computer":"DESKTOP-47I4RLN",
		"EventID":70,
		"EventRecordID":202,
		"ProcessID":3156,
		"ThreadID":5360,
		"Keywords":"0x2000000000000001",
		"Level":4,
		"Opcode":0,
		"Guid":"F1EF270A-0D32-4352-BA52-DBAB41E1D859",
		"Provider_Name":"Microsoft-Windows-AppModel-Runtime",
		"UserID":"S-1-5-18",
		"Task":0,
		"SystemTime":"2024-10-01T13:49:42.584360Z",
		"Version":0,
		"OriginalLogfile":"Microsoft-Windows-AppModel-Runtime%4Admin.evtx-ENZVIVNQ.json",
		"ActivityID":"A7FD8A1E-1408-0001-50A8-FDA70814DB01",
		"PackageFullName":"Microsoft.Windows.SecureAssessmentBrowser_10.0.19041.2311_neutral_neutral_cw5n1h2txyewy",
		"CurrentStatus":32,
		"DesiredStatus":0,
		"User":"S-1-5-21-1421159008-4270732973-2479707347-1000"
	},
	{
		"Rule level":"medium",
		"title":"Certificate Private Key Acquired",
		"sigma_yml":"win_capi2_acquire_certificate_private_key.yml",
		"description":"Detects when an application acquires a certificate private key",
		"row_id":7143,
		"Channel":"Microsoft-Windows-AppModel-Runtime/Admin",
		"Computer":"DESKTOP-47I4RLN",
		"EventID":70,
		"EventRecordID":203,
		"ProcessID":3156,
		"ThreadID":5360,
		"Keywords":"0x2000000000000001",
		"Level":4,
		"Opcode":0,
		"Guid":"F1EF270A-0D32-4352-BA52-DBAB41E1D859",
		"Provider_Name":"Microsoft-Windows-AppModel-Runtime",
		"UserID":"S-1-5-18",
		"Task":0,
		"SystemTime":"2024-10-01T13:49:42.743097Z",
		"Version":0,
		"OriginalLogfile":"Microsoft-Windows-AppModel-Runtime%4Admin.evtx-ENZVIVNQ.json",
		"ActivityID":"A7FD8A1E-1408-0000-CEA5-FDA70814DB01",
		"PackageFullName":"Microsoft.Win32WebViewHost_10.0.19041.1023_neutral_neutral_cw5n1h2txyewy",
		"CurrentStatus":2048,
		"DesiredStatus":2080,
		"User":"S-1-5-21-1421159008-4270732973-2479707347-1000"
	},
	{
		"Rule level":"medium",
		"title":"Certificate Private Key Acquired",
		"sigma_yml":"win_capi2_acquire_certificate_private_key.yml",
		"description":"Detects when an application acquires a certificate private key",
		"row_id":7145,
		"Channel":"Microsoft-Windows-AppModel-Runtime/Admin",
		"Computer":"DESKTOP-47I4RLN",
		"EventID":70,
		"EventRecordID":205,
		"ProcessID":3156,
		"ThreadID":5360,
		"Keywords":"0x2000000000000001",
		"Level":4,
		"Opcode":0,
		"Guid":"F1EF270A-0D32-4352-BA52-DBAB41E1D859",
		"Provider_Name":"Microsoft-Windows-AppModel-Runtime",
		"UserID":"S-1-5-18",
		"Task":0,
		"SystemTime":"2024-10-01T13:49:43.023538Z",
		"Version":0,
		"OriginalLogfile":"Microsoft-Windows-AppModel-Runtime%4Admin.evtx-ENZVIVNQ.json",
		"ActivityID":"A7FD8A1E-1408-0000-CEA5-FDA70814DB01",
		"PackageFullName":"Microsoft.Win32WebViewHost_10.0.19041.1023_neutral_neutral_cw5n1h2txyewy",
		"CurrentStatus":32,
		"DesiredStatus":0,
		"User":"S-1-5-21-1421159008-4270732973-2479707347-1000"
	},
	{
		"Rule level":"medium",
		"title":"Certificate Private Key Acquired",
		"sigma_yml":"win_capi2_acquire_certificate_private_key.yml",
		"description":"Detects when an application acquires a certificate private key",
		"row_id":7146,
		"Channel":"Microsoft-Windows-AppModel-Runtime/Admin",
		"Computer":"DESKTOP-47I4RLN",
		"EventID":70,
		"EventRecordID":206,
		"ProcessID":3156,
		"ThreadID":5348,
		"Keywords":"0x2000000000000001",
		"Level":4,
		"Opcode":0,
		"Guid":"F1EF270A-0D32-4352-BA52-DBAB41E1D859",
		"Provider_Name":"Microsoft-Windows-AppModel-Runtime",
		"UserID":"S-1-5-18",
		"Task":0,
		"SystemTime":"2024-10-01T13:49:43.407210Z",
		"Version":0,
		"OriginalLogfile":"Microsoft-Windows-AppModel-Runtime%4Admin.evtx-ENZVIVNQ.json",
		"ActivityID":"A7FD8A1E-1408-0000-B5A6-FDA70814DB01",
		"PackageFullName":"Microsoft.Windows.Apprep.ChxApp_1000.19041.1023.0_neutral_neutral_cw5n1h2txyewy",
		"CurrentStatus":2048,
		"DesiredStatus":2080,
		"User":"S-1-5-21-1421159008-4270732973-2479707347-1000"
	},
	{
		"Rule level":"medium",
		"title":"Certificate Private Key Acquired",
		"sigma_yml":"win_capi2_acquire_certificate_private_key.yml",
		"description":"Detects when an application acquires a certificate private key",
		"row_id":7148,
		"Channel":"Microsoft-Windows-AppModel-Runtime/Admin",
		"Computer":"DESKTOP-47I4RLN",
		"EventID":70,
		"EventRecordID":208,
		"ProcessID":3156,
		"ThreadID":5348,
		"Keywords":"0x2000000000000001",
		"Level":4,
		"Opcode":0,
		"Guid":"F1EF270A-0D32-4352-BA52-DBAB41E1D859",
		"Provider_Name":"Microsoft-Windows-AppModel-Runtime",
		"UserID":"S-1-5-18",
		"Task":0,
		"SystemTime":"2024-10-01T13:49:43.612740Z",
		"Version":0,
		"OriginalLogfile":"Microsoft-Windows-AppModel-Runtime%4Admin.evtx-ENZVIVNQ.json",
		"ActivityID":"A7FD8A1E-1408-0000-B5A6-FDA70814DB01",
		"PackageFullName":"Microsoft.Windows.Apprep.ChxApp_1000.19041.1023.0_neutral_neutral_cw5n1h2txyewy",
		"CurrentStatus":32,
		"DesiredStatus":0,
		"User":"S-1-5-21-1421159008-4270732973-2479707347-1000"
	},
	{
		"Rule level":"medium",
		"title":"Certificate Private Key Acquired",
		"sigma_yml":"win_capi2_acquire_certificate_private_key.yml",
		"description":"Detects when an application acquires a certificate private key",
		"row_id":7149,
		"Channel":"Microsoft-Windows-AppModel-Runtime/Admin",
		"Computer":"DESKTOP-47I4RLN",
		"EventID":70,
		"EventRecordID":209,
		"ProcessID":3156,
		"ThreadID":5348,
		"Keywords":"0x2000000000000001",
		"Level":4,
		"Opcode":0,
		"Guid":"F1EF270A-0D32-4352-BA52-DBAB41E1D859",
		"Provider_Name":"Microsoft-Windows-AppModel-Runtime",
		"UserID":"S-1-5-18",
		"Task":0,
		"SystemTime":"2024-10-01T13:49:43.825221Z",
		"Version":0,
		"OriginalLogfile":"Microsoft-Windows-AppModel-Runtime%4Admin.evtx-ENZVIVNQ.json",
		"ActivityID":"A7FD8A1E-1408-0000-94A8-FDA70814DB01",
		"PackageFullName":"Microsoft.Windows.CapturePicker_10.0.19041.1023_neutral__cw5n1h2txyewy",
		"CurrentStatus":2048,
		"DesiredStatus":2080,
		"User":"S-1-5-21-1421159008-4270732973-2479707347-1000"
	},
	{
		"Rule level":"medium",
		"title":"Certificate Private Key Acquired",
		"sigma_yml":"win_capi2_acquire_certificate_private_key.yml",
		"description":"Detects when an application acquires a certificate private key",
		"row_id":7151,
		"Channel":"Microsoft-Windows-AppModel-Runtime/Admin",
		"Computer":"DESKTOP-47I4RLN",
		"EventID":70,
		"EventRecordID":211,
		"ProcessID":3156,
		"ThreadID":5348,
		"Keywords":"0x2000000000000001",
		"Level":4,
		"Opcode":0,
		"Guid":"F1EF270A-0D32-4352-BA52-DBAB41E1D859",
		"Provider_Name":"Microsoft-Windows-AppModel-Runtime",
		"UserID":"S-1-5-18",
		"Task":0,
		"SystemTime":"2024-10-01T13:49:43.994240Z",
		"Version":0,
		"OriginalLogfile":"Microsoft-Windows-AppModel-Runtime%4Admin.evtx-ENZVIVNQ.json",
		"ActivityID":"A7FD8A1E-1408-0000-94A8-FDA70814DB01",
		"PackageFullName":"Microsoft.Windows.CapturePicker_10.0.19041.1023_neutral__cw5n1h2txyewy",
		"CurrentStatus":32,
		"DesiredStatus":0,
		"User":"S-1-5-21-1421159008-4270732973-2479707347-1000"
	},
	{
		"Rule level":"medium",
		"title":"Certificate Private Key Acquired",
		"sigma_yml":"win_capi2_acquire_certificate_private_key.yml",
		"description":"Detects when an application acquires a certificate private key",
		"row_id":7152,
		"Channel":"Microsoft-Windows-AppModel-Runtime/Admin",
		"Computer":"DESKTOP-47I4RLN",
		"EventID":70,
		"EventRecordID":212,
		"ProcessID":3156,
		"ThreadID":5348,
		"Keywords":"0x2000000000000001",
		"Level":4,
		"Opcode":0,
		"Guid":"F1EF270A-0D32-4352-BA52-DBAB41E1D859",
		"Provider_Name":"Microsoft-Windows-AppModel-Runtime",
		"UserID":"S-1-5-18",
		"Task":0,
		"SystemTime":"2024-10-01T13:49:44.205678Z",
		"Version":0,
		"OriginalLogfile":"Microsoft-Windows-AppModel-Runtime%4Admin.evtx-ENZVIVNQ.json",
		"ActivityID":"A7FD8A1E-1408-0001-A7AB-FDA70814DB01",
		"PackageFullName":"Microsoft.Windows.ParentalControls_1000.19041.1023.0_neutral_neutral_cw5n1h2txyewy",
		"CurrentStatus":2048,
		"DesiredStatus":2080,
		"User":"S-1-5-21-1421159008-4270732973-2479707347-1000"
	},
	{
		"Rule level":"medium",
		"title":"Certificate Private Key Acquired",
		"sigma_yml":"win_capi2_acquire_certificate_private_key.yml",
		"description":"Detects when an application acquires a certificate private key",
		"row_id":7154,
		"Channel":"Microsoft-Windows-AppModel-Runtime/Admin",
		"Computer":"DESKTOP-47I4RLN",
		"EventID":70,
		"EventRecordID":214,
		"ProcessID":3156,
		"ThreadID":5348,
		"Keywords":"0x2000000000000001",
		"Level":4,
		"Opcode":0,
		"Guid":"F1EF270A-0D32-4352-BA52-DBAB41E1D859",
		"Provider_Name":"Microsoft-Windows-AppModel-Runtime",
		"UserID":"S-1-5-18",
		"Task":0,
		"SystemTime":"2024-10-01T13:49:44.367577Z",
		"Version":0,
		"OriginalLogfile":"Microsoft-Windows-AppModel-Runtime%4Admin.evtx-ENZVIVNQ.json",
		"ActivityID":"A7FD8A1E-1408-0001-A7AB-FDA70814DB01",
		"PackageFullName":"Microsoft.Windows.ParentalControls_1000.19041.1023.0_neutral_neutral_cw5n1h2txyewy",
		"CurrentStatus":32,
		"DesiredStatus":0,
		"User":"S-1-5-21-1421159008-4270732973-2479707347-1000"
	},
	{
		"Rule level":"medium",
		"title":"Certificate Private Key Acquired",
		"sigma_yml":"win_capi2_acquire_certificate_private_key.yml",
		"description":"Detects when an application acquires a certificate private key",
		"row_id":7155,
		"Channel":"Microsoft-Windows-AppModel-Runtime/Admin",
		"Computer":"DESKTOP-47I4RLN",
		"EventID":70,
		"EventRecordID":215,
		"ProcessID":3156,
		"ThreadID":5348,
		"Keywords":"0x2000000000000001",
		"Level":4,
		"Opcode":0,
		"Guid":"F1EF270A-0D32-4352-BA52-DBAB41E1D859",
		"Provider_Name":"Microsoft-Windows-AppModel-Runtime",
		"UserID":"S-1-5-18",
		"Task":0,
		"SystemTime":"2024-10-01T13:49:44.596762Z",
		"Version":0,
		"OriginalLogfile":"Microsoft-Windows-AppModel-Runtime%4Admin.evtx-ENZVIVNQ.json",
		"ActivityID":"A7FD8A1E-1408-0000-DDAA-FDA70814DB01",
		"PackageFullName":"Microsoft.Windows.PinningConfirmationDialog_1000.19041.1023.0_neutral__cw5n1h2txyewy",
		"CurrentStatus":2048,
		"DesiredStatus":2080,
		"User":"S-1-5-21-1421159008-4270732973-2479707347-1000"
	},
	{
		"Rule level":"medium",
		"title":"Certificate Private Key Acquired",
		"sigma_yml":"win_capi2_acquire_certificate_private_key.yml",
		"description":"Detects when an application acquires a certificate private key",
		"row_id":7157,
		"Channel":"Microsoft-Windows-AppModel-Runtime/Admin",
		"Computer":"DESKTOP-47I4RLN",
		"EventID":70,
		"EventRecordID":217,
		"ProcessID":3156,
		"ThreadID":5348,
		"Keywords":"0x2000000000000001",
		"Level":4,
		"Opcode":0,
		"Guid":"F1EF270A-0D32-4352-BA52-DBAB41E1D859",
		"Provider_Name":"Microsoft-Windows-AppModel-Runtime",
		"UserID":"S-1-5-18",
		"Task":0,
		"SystemTime":"2024-10-01T13:49:44.741786Z",
		"Version":0,
		"OriginalLogfile":"Microsoft-Windows-AppModel-Runtime%4Admin.evtx-ENZVIVNQ.json",
		"ActivityID":"A7FD8A1E-1408-0000-DDAA-FDA70814DB01",
		"PackageFullName":"Microsoft.Windows.PinningConfirmationDialog_1000.19041.1023.0_neutral__cw5n1h2txyewy",
		"CurrentStatus":32,
		"DesiredStatus":0,
		"User":"S-1-5-21-1421159008-4270732973-2479707347-1000"
	},
	{
		"Rule level":"medium",
		"title":"Certificate Private Key Acquired",
		"sigma_yml":"win_capi2_acquire_certificate_private_key.yml",
		"description":"Detects when an application acquires a certificate private key",
		"row_id":7158,
		"Channel":"Microsoft-Windows-AppModel-Runtime/Admin",
		"Computer":"DESKTOP-47I4RLN",
		"EventID":70,
		"EventRecordID":218,
		"ProcessID":3156,
		"ThreadID":5348,
		"Keywords":"0x2000000000000001",
		"Level":4,
		"Opcode":0,
		"Guid":"F1EF270A-0D32-4352-BA52-DBAB41E1D859",
		"Provider_Name":"Microsoft-Windows-AppModel-Runtime",
		"UserID":"S-1-5-18",
		"Task":0,
		"SystemTime":"2024-10-01T13:49:44.906772Z",
		"Version":0,
		"OriginalLogfile":"Microsoft-Windows-AppModel-Runtime%4Admin.evtx-ENZVIVNQ.json",
		"ActivityID":"A7FD8A1E-1408-0001-79AC-FDA70814DB01",
		"PackageFullName":"Microsoft.Windows.SecHealthUI_10.0.19041.1865_neutral__cw5n1h2txyewy",
		"CurrentStatus":2048,
		"DesiredStatus":2080,
		"User":"S-1-5-21-1421159008-4270732973-2479707347-1000"
	},
	{
		"Rule level":"medium",
		"title":"Certificate Private Key Acquired",
		"sigma_yml":"win_capi2_acquire_certificate_private_key.yml",
		"description":"Detects when an application acquires a certificate private key",
		"row_id":7160,
		"Channel":"Microsoft-Windows-AppModel-Runtime/Admin",
		"Computer":"DESKTOP-47I4RLN",
		"EventID":70,
		"EventRecordID":220,
		"ProcessID":3156,
		"ThreadID":5348,
		"Keywords":"0x2000000000000001",
		"Level":4,
		"Opcode":0,
		"Guid":"F1EF270A-0D32-4352-BA52-DBAB41E1D859",
		"Provider_Name":"Microsoft-Windows-AppModel-Runtime",
		"UserID":"S-1-5-18",
		"Task":0,
		"SystemTime":"2024-10-01T13:49:45.093646Z",
		"Version":0,
		"OriginalLogfile":"Microsoft-Windows-AppModel-Runtime%4Admin.evtx-ENZVIVNQ.json",
		"ActivityID":"A7FD8A1E-1408-0001-79AC-FDA70814DB01",
		"PackageFullName":"Microsoft.Windows.SecHealthUI_10.0.19041.1865_neutral__cw5n1h2txyewy",
		"CurrentStatus":32,
		"DesiredStatus":0,
		"User":"S-1-5-21-1421159008-4270732973-2479707347-1000"
	},
	{
		"Rule level":"medium",
		"title":"Certificate Private Key Acquired",
		"sigma_yml":"win_capi2_acquire_certificate_private_key.yml",
		"description":"Detects when an application acquires a certificate private key",
		"row_id":7161,
		"Channel":"Microsoft-Windows-AppModel-Runtime/Admin",
		"Computer":"DESKTOP-47I4RLN",
		"EventID":70,
		"EventRecordID":221,
		"ProcessID":3156,
		"ThreadID":5348,
		"Keywords":"0x2000000000000001",
		"Level":4,
		"Opcode":0,
		"Guid":"F1EF270A-0D32-4352-BA52-DBAB41E1D859",
		"Provider_Name":"Microsoft-Windows-AppModel-Runtime",
		"UserID":"S-1-5-18",
		"Task":0,
		"SystemTime":"2024-10-01T13:49:45.307155Z",
		"Version":0,
		"OriginalLogfile":"Microsoft-Windows-AppModel-Runtime%4Admin.evtx-ENZVIVNQ.json",
		"ActivityID":"A7FD8A1E-1408-0000-01AD-FDA70814DB01",
		"PackageFullName":"Microsoft.MicrosoftEdgeDevToolsClient_1000.19041.1023.0_neutral_neutral_8wekyb3d8bbwe",
		"CurrentStatus":2048,
		"DesiredStatus":2080,
		"User":"S-1-5-21-1421159008-4270732973-2479707347-1000"
	},
	{
		"Rule level":"medium",
		"title":"Certificate Private Key Acquired",
		"sigma_yml":"win_capi2_acquire_certificate_private_key.yml",
		"description":"Detects when an application acquires a certificate private key",
		"row_id":7163,
		"Channel":"Microsoft-Windows-AppModel-Runtime/Admin",
		"Computer":"DESKTOP-47I4RLN",
		"EventID":70,
		"EventRecordID":223,
		"ProcessID":3156,
		"ThreadID":5348,
		"Keywords":"0x2000000000000001",
		"Level":4,
		"Opcode":0,
		"Guid":"F1EF270A-0D32-4352-BA52-DBAB41E1D859",
		"Provider_Name":"Microsoft-Windows-AppModel-Runtime",
		"UserID":"S-1-5-18",
		"Task":0,
		"SystemTime":"2024-10-01T13:49:45.449700Z",
		"Version":0,
		"OriginalLogfile":"Microsoft-Windows-AppModel-Runtime%4Admin.evtx-ENZVIVNQ.json",
		"ActivityID":"A7FD8A1E-1408-0000-01AD-FDA70814DB01",
		"PackageFullName":"Microsoft.MicrosoftEdgeDevToolsClient_1000.19041.1023.0_neutral_neutral_8wekyb3d8bbwe",
		"CurrentStatus":32,
		"DesiredStatus":0,
		"User":"S-1-5-21-1421159008-4270732973-2479707347-1000"
	},
	{
		"Rule level":"medium",
		"title":"Certificate Private Key Acquired",
		"sigma_yml":"win_capi2_acquire_certificate_private_key.yml",
		"description":"Detects when an application acquires a certificate private key",
		"row_id":7164,
		"Channel":"Microsoft-Windows-AppModel-Runtime/Admin",
		"Computer":"DESKTOP-47I4RLN",
		"EventID":70,
		"EventRecordID":224,
		"ProcessID":3156,
		"ThreadID":5348,
		"Keywords":"0x2000000000000001",
		"Level":4,
		"Opcode":0,
		"Guid":"F1EF270A-0D32-4352-BA52-DBAB41E1D859",
		"Provider_Name":"Microsoft-Windows-AppModel-Runtime",
		"UserID":"S-1-5-18",
		"Task":0,
		"SystemTime":"2024-10-01T13:49:45.646013Z",
		"Version":0,
		"OriginalLogfile":"Microsoft-Windows-AppModel-Runtime%4Admin.evtx-ENZVIVNQ.json",
		"ActivityID":"A7FD8A1E-1408-0000-3FAD-FDA70814DB01",
		"PackageFullName":"Microsoft.Windows.PeopleExperienceHost_10.0.19041.1023_neutral_neutral_cw5n1h2txyewy",
		"CurrentStatus":2048,
		"DesiredStatus":2080,
		"User":"S-1-5-21-1421159008-4270732973-2479707347-1000"
	},
	{
		"Rule level":"medium",
		"title":"Certificate Private Key Acquired",
		"sigma_yml":"win_capi2_acquire_certificate_private_key.yml",
		"description":"Detects when an application acquires a certificate private key",
		"row_id":7166,
		"Channel":"Microsoft-Windows-AppModel-Runtime/Admin",
		"Computer":"DESKTOP-47I4RLN",
		"EventID":70,
		"EventRecordID":226,
		"ProcessID":3156,
		"ThreadID":5348,
		"Keywords":"0x2000000000000001",
		"Level":4,
		"Opcode":0,
		"Guid":"F1EF270A-0D32-4352-BA52-DBAB41E1D859",
		"Provider_Name":"Microsoft-Windows-AppModel-Runtime",
		"UserID":"S-1-5-18",
		"Task":0,
		"SystemTime":"2024-10-01T13:49:45.858070Z",
		"Version":0,
		"OriginalLogfile":"Microsoft-Windows-AppModel-Runtime%4Admin.evtx-ENZVIVNQ.json",
		"ActivityID":"A7FD8A1E-1408-0000-3FAD-FDA70814DB01",
		"PackageFullName":"Microsoft.Windows.PeopleExperienceHost_10.0.19041.1023_neutral_neutral_cw5n1h2txyewy",
		"CurrentStatus":32,
		"DesiredStatus":0,
		"User":"S-1-5-21-1421159008-4270732973-2479707347-1000"
	},
	{
		"Rule level":"medium",
		"title":"Certificate Private Key Acquired",
		"sigma_yml":"win_capi2_acquire_certificate_private_key.yml",
		"description":"Detects when an application acquires a certificate private key",
		"row_id":7167,
		"Channel":"Microsoft-Windows-AppModel-Runtime/Admin",
		"Computer":"DESKTOP-47I4RLN",
		"EventID":70,
		"EventRecordID":227,
		"ProcessID":3156,
		"ThreadID":5348,
		"Keywords":"0x2000000000000001",
		"Level":4,
		"Opcode":0,
		"Guid":"F1EF270A-0D32-4352-BA52-DBAB41E1D859",
		"Provider_Name":"Microsoft-Windows-AppModel-Runtime",
		"UserID":"S-1-5-18",
		"Task":0,
		"SystemTime":"2024-10-01T13:49:46.064238Z",
		"Version":0,
		"OriginalLogfile":"Microsoft-Windows-AppModel-Runtime%4Admin.evtx-ENZVIVNQ.json",
		"ActivityID":"A7FD8A1E-1408-0000-4DAE-FDA70814DB01",
		"PackageFullName":"Microsoft.XboxGameCallableUI_1000.19041.1023.0_neutral_neutral_cw5n1h2txyewy",
		"CurrentStatus":2048,
		"DesiredStatus":2080,
		"User":"S-1-5-21-1421159008-4270732973-2479707347-1000"
	},
	{
		"Rule level":"medium",
		"title":"Certificate Private Key Acquired",
		"sigma_yml":"win_capi2_acquire_certificate_private_key.yml",
		"description":"Detects when an application acquires a certificate private key",
		"row_id":7169,
		"Channel":"Microsoft-Windows-AppModel-Runtime/Admin",
		"Computer":"DESKTOP-47I4RLN",
		"EventID":70,
		"EventRecordID":229,
		"ProcessID":3156,
		"ThreadID":5348,
		"Keywords":"0x2000000000000001",
		"Level":4,
		"Opcode":0,
		"Guid":"F1EF270A-0D32-4352-BA52-DBAB41E1D859",
		"Provider_Name":"Microsoft-Windows-AppModel-Runtime",
		"UserID":"S-1-5-18",
		"Task":0,
		"SystemTime":"2024-10-01T13:49:46.263836Z",
		"Version":0,
		"OriginalLogfile":"Microsoft-Windows-AppModel-Runtime%4Admin.evtx-ENZVIVNQ.json",
		"ActivityID":"A7FD8A1E-1408-0000-4DAE-FDA70814DB01",
		"PackageFullName":"Microsoft.XboxGameCallableUI_1000.19041.1023.0_neutral_neutral_cw5n1h2txyewy",
		"CurrentStatus":32,
		"DesiredStatus":0,
		"User":"S-1-5-21-1421159008-4270732973-2479707347-1000"
	},
	{
		"Rule level":"medium",
		"title":"Certificate Private Key Acquired",
		"sigma_yml":"win_capi2_acquire_certificate_private_key.yml",
		"description":"Detects when an application acquires a certificate private key",
		"row_id":7170,
		"Channel":"Microsoft-Windows-AppModel-Runtime/Admin",
		"Computer":"DESKTOP-47I4RLN",
		"EventID":70,
		"EventRecordID":230,
		"ProcessID":3156,
		"ThreadID":5348,
		"Keywords":"0x2000000000000001",
		"Level":4,
		"Opcode":0,
		"Guid":"F1EF270A-0D32-4352-BA52-DBAB41E1D859",
		"Provider_Name":"Microsoft-Windows-AppModel-Runtime",
		"UserID":"S-1-5-18",
		"Task":0,
		"SystemTime":"2024-10-01T13:49:46.471746Z",
		"Version":0,
		"OriginalLogfile":"Microsoft-Windows-AppModel-Runtime%4Admin.evtx-ENZVIVNQ.json",
		"ActivityID":"A7FD8A1E-1408-0001-42AF-FDA70814DB01",
		"PackageFullName":"Microsoft.Windows.AssignedAccessLockApp_1000.19041.1023.0_neutral_neutral_cw5n1h2txyewy",
		"CurrentStatus":2048,
		"DesiredStatus":2080,
		"User":"S-1-5-21-1421159008-4270732973-2479707347-1000"
	},
	{
		"Rule level":"medium",
		"title":"Certificate Private Key Acquired",
		"sigma_yml":"win_capi2_acquire_certificate_private_key.yml",
		"description":"Detects when an application acquires a certificate private key",
		"row_id":7172,
		"Channel":"Microsoft-Windows-AppModel-Runtime/Admin",
		"Computer":"DESKTOP-47I4RLN",
		"EventID":70,
		"EventRecordID":232,
		"ProcessID":3156,
		"ThreadID":5348,
		"Keywords":"0x2000000000000001",
		"Level":4,
		"Opcode":0,
		"Guid":"F1EF270A-0D32-4352-BA52-DBAB41E1D859",
		"Provider_Name":"Microsoft-Windows-AppModel-Runtime",
		"UserID":"S-1-5-18",
		"Task":0,
		"SystemTime":"2024-10-01T13:49:46.617425Z",
		"Version":0,
		"OriginalLogfile":"Microsoft-Windows-AppModel-Runtime%4Admin.evtx-ENZVIVNQ.json",
		"ActivityID":"A7FD8A1E-1408-0001-42AF-FDA70814DB01",
		"PackageFullName":"Microsoft.Windows.AssignedAccessLockApp_1000.19041.1023.0_neutral_neutral_cw5n1h2txyewy",
		"CurrentStatus":32,
		"DesiredStatus":0,
		"User":"S-1-5-21-1421159008-4270732973-2479707347-1000"
	},
	{
		"Rule level":"medium",
		"title":"Certificate Private Key Acquired",
		"sigma_yml":"win_capi2_acquire_certificate_private_key.yml",
		"description":"Detects when an application acquires a certificate private key",
		"row_id":7173,
		"Channel":"Microsoft-Windows-AppModel-Runtime/Admin",
		"Computer":"DESKTOP-47I4RLN",
		"EventID":70,
		"EventRecordID":233,
		"ProcessID":3156,
		"ThreadID":5348,
		"Keywords":"0x2000000000000001",
		"Level":4,
		"Opcode":0,
		"Guid":"F1EF270A-0D32-4352-BA52-DBAB41E1D859",
		"Provider_Name":"Microsoft-Windows-AppModel-Runtime",
		"UserID":"S-1-5-18",
		"Task":0,
		"SystemTime":"2024-10-01T13:49:46.806824Z",
		"Version":0,
		"OriginalLogfile":"Microsoft-Windows-AppModel-Runtime%4Admin.evtx-ENZVIVNQ.json",
		"ActivityID":"A7FD8A1E-1408-0001-23B0-FDA70814DB01",
		"PackageFullName":"1527c705-839a-4832-9118-54d4Bd6a0c89_10.0.19041.1023_neutral_neutral_cw5n1h2txyewy",
		"CurrentStatus":2048,
		"DesiredStatus":2080,
		"User":"S-1-5-21-1421159008-4270732973-2479707347-1000"
	},
	{
		"Rule level":"medium",
		"title":"Certificate Private Key Acquired",
		"sigma_yml":"win_capi2_acquire_certificate_private_key.yml",
		"description":"Detects when an application acquires a certificate private key",
		"row_id":7175,
		"Channel":"Microsoft-Windows-AppModel-Runtime/Admin",
		"Computer":"DESKTOP-47I4RLN",
		"EventID":70,
		"EventRecordID":235,
		"ProcessID":3156,
		"ThreadID":5348,
		"Keywords":"0x2000000000000001",
		"Level":4,
		"Opcode":0,
		"Guid":"F1EF270A-0D32-4352-BA52-DBAB41E1D859",
		"Provider_Name":"Microsoft-Windows-AppModel-Runtime",
		"UserID":"S-1-5-18",
		"Task":0,
		"SystemTime":"2024-10-01T13:49:46.950904Z",
		"Version":0,
		"OriginalLogfile":"Microsoft-Windows-AppModel-Runtime%4Admin.evtx-ENZVIVNQ.json",
		"ActivityID":"A7FD8A1E-1408-0001-23B0-FDA70814DB01",
		"PackageFullName":"1527c705-839a-4832-9118-54d4Bd6a0c89_10.0.19041.1023_neutral_neutral_cw5n1h2txyewy",
		"CurrentStatus":32,
		"DesiredStatus":0,
		"User":"S-1-5-21-1421159008-4270732973-2479707347-1000"
	},
	{
		"Rule level":"medium",
		"title":"Certificate Private Key Acquired",
		"sigma_yml":"win_capi2_acquire_certificate_private_key.yml",
		"description":"Detects when an application acquires a certificate private key",
		"row_id":7176,
		"Channel":"Microsoft-Windows-AppModel-Runtime/Admin",
		"Computer":"DESKTOP-47I4RLN",
		"EventID":70,
		"EventRecordID":236,
		"ProcessID":3156,
		"ThreadID":5348,
		"Keywords":"0x2000000000000001",
		"Level":4,
		"Opcode":0,
		"Guid":"F1EF270A-0D32-4352-BA52-DBAB41E1D859",
		"Provider_Name":"Microsoft-Windows-AppModel-Runtime",
		"UserID":"S-1-5-18",
		"Task":0,
		"SystemTime":"2024-10-01T13:49:47.113725Z",
		"Version":0,
		"OriginalLogfile":"Microsoft-Windows-AppModel-Runtime%4Admin.evtx-ENZVIVNQ.json",
		"ActivityID":"A7FD8A1E-1408-0001-32B1-FDA70814DB01",
		"PackageFullName":"Microsoft.LockApp_10.0.19041.1023_neutral__cw5n1h2txyewy",
		"CurrentStatus":2048,
		"DesiredStatus":2080,
		"User":"S-1-5-21-1421159008-4270732973-2479707347-1000"
	},
	{
		"Rule level":"medium",
		"title":"Certificate Private Key Acquired",
		"sigma_yml":"win_capi2_acquire_certificate_private_key.yml",
		"description":"Detects when an application acquires a certificate private key",
		"row_id":7178,
		"Channel":"Microsoft-Windows-AppModel-Runtime/Admin",
		"Computer":"DESKTOP-47I4RLN",
		"EventID":70,
		"EventRecordID":238,
		"ProcessID":3156,
		"ThreadID":5348,
		"Keywords":"0x2000000000000001",
		"Level":4,
		"Opcode":0,
		"Guid":"F1EF270A-0D32-4352-BA52-DBAB41E1D859",
		"Provider_Name":"Microsoft-Windows-AppModel-Runtime",
		"UserID":"S-1-5-18",
		"Task":0,
		"SystemTime":"2024-10-01T13:49:47.278517Z",
		"Version":0,
		"OriginalLogfile":"Microsoft-Windows-AppModel-Runtime%4Admin.evtx-ENZVIVNQ.json",
		"ActivityID":"A7FD8A1E-1408-0001-32B1-FDA70814DB01",
		"PackageFullName":"Microsoft.LockApp_10.0.19041.1023_neutral__cw5n1h2txyewy",
		"CurrentStatus":32,
		"DesiredStatus":0,
		"User":"S-1-5-21-1421159008-4270732973-2479707347-1000"
	},
	{
		"Rule level":"medium",
		"title":"Certificate Private Key Acquired",
		"sigma_yml":"win_capi2_acquire_certificate_private_key.yml",
		"description":"Detects when an application acquires a certificate private key",
		"row_id":7179,
		"Channel":"Microsoft-Windows-AppModel-Runtime/Admin",
		"Computer":"DESKTOP-47I4RLN",
		"EventID":70,
		"EventRecordID":239,
		"ProcessID":3156,
		"ThreadID":5348,
		"Keywords":"0x2000000000000001",
		"Level":4,
		"Opcode":0,
		"Guid":"F1EF270A-0D32-4352-BA52-DBAB41E1D859",
		"Provider_Name":"Microsoft-Windows-AppModel-Runtime",
		"UserID":"S-1-5-18",
		"Task":0,
		"SystemTime":"2024-10-01T13:49:47.447626Z",
		"Version":0,
		"OriginalLogfile":"Microsoft-Windows-AppModel-Runtime%4Admin.evtx-ENZVIVNQ.json",
		"ActivityID":"A7FD8A1E-1408-0000-46B0-FDA70814DB01",
		"PackageFullName":"c5e2524a-ea46-4f67-841f-6a9465d9d515_10.0.19041.1949_neutral_neutral_cw5n1h2txyewy",
		"CurrentStatus":2048,
		"DesiredStatus":2080,
		"User":"S-1-5-21-1421159008-4270732973-2479707347-1000"
	},
	{
		"Rule level":"medium",
		"title":"Certificate Private Key Acquired",
		"sigma_yml":"win_capi2_acquire_certificate_private_key.yml",
		"description":"Detects when an application acquires a certificate private key",
		"row_id":7181,
		"Channel":"Microsoft-Windows-AppModel-Runtime/Admin",
		"Computer":"DESKTOP-47I4RLN",
		"EventID":70,
		"EventRecordID":241,
		"ProcessID":3156,
		"ThreadID":5348,
		"Keywords":"0x2000000000000001",
		"Level":4,
		"Opcode":0,
		"Guid":"F1EF270A-0D32-4352-BA52-DBAB41E1D859",
		"Provider_Name":"Microsoft-Windows-AppModel-Runtime",
		"UserID":"S-1-5-18",
		"Task":0,
		"SystemTime":"2024-10-01T13:49:47.601199Z",
		"Version":0,
		"OriginalLogfile":"Microsoft-Windows-AppModel-Runtime%4Admin.evtx-ENZVIVNQ.json",
		"ActivityID":"A7FD8A1E-1408-0000-46B0-FDA70814DB01",
		"PackageFullName":"c5e2524a-ea46-4f67-841f-6a9465d9d515_10.0.19041.1949_neutral_neutral_cw5n1h2txyewy",
		"CurrentStatus":32,
		"DesiredStatus":0,
		"User":"S-1-5-21-1421159008-4270732973-2479707347-1000"
	},
	{
		"Rule level":"medium",
		"title":"Certificate Private Key Acquired",
		"sigma_yml":"win_capi2_acquire_certificate_private_key.yml",
		"description":"Detects when an application acquires a certificate private key",
		"row_id":7182,
		"Channel":"Microsoft-Windows-AppModel-Runtime/Admin",
		"Computer":"DESKTOP-47I4RLN",
		"EventID":70,
		"EventRecordID":242,
		"ProcessID":3156,
		"ThreadID":5360,
		"Keywords":"0x2000000000000001",
		"Level":4,
		"Opcode":0,
		"Guid":"F1EF270A-0D32-4352-BA52-DBAB41E1D859",
		"Provider_Name":"Microsoft-Windows-AppModel-Runtime",
		"UserID":"S-1-5-18",
		"Task":0,
		"SystemTime":"2024-10-01T13:49:47.759221Z",
		"Version":0,
		"OriginalLogfile":"Microsoft-Windows-AppModel-Runtime%4Admin.evtx-ENZVIVNQ.json",
		"ActivityID":"A7FD8A1E-1408-0001-2EB2-FDA70814DB01",
		"PackageFullName":"E2A4F912-2574-4A75-9BB0-0D023378592B_10.0.19041.1023_neutral_neutral_cw5n1h2txyewy",
		"CurrentStatus":2048,
		"DesiredStatus":2080,
		"User":"S-1-5-21-1421159008-4270732973-2479707347-1000"
	},
	{
		"Rule level":"medium",
		"title":"Certificate Private Key Acquired",
		"sigma_yml":"win_capi2_acquire_certificate_private_key.yml",
		"description":"Detects when an application acquires a certificate private key",
		"row_id":7184,
		"Channel":"Microsoft-Windows-AppModel-Runtime/Admin",
		"Computer":"DESKTOP-47I4RLN",
		"EventID":70,
		"EventRecordID":244,
		"ProcessID":3156,
		"ThreadID":5360,
		"Keywords":"0x2000000000000001",
		"Level":4,
		"Opcode":0,
		"Guid":"F1EF270A-0D32-4352-BA52-DBAB41E1D859",
		"Provider_Name":"Microsoft-Windows-AppModel-Runtime",
		"UserID":"S-1-5-18",
		"Task":0,
		"SystemTime":"2024-10-01T13:49:47.906982Z",
		"Version":0,
		"OriginalLogfile":"Microsoft-Windows-AppModel-Runtime%4Admin.evtx-ENZVIVNQ.json",
		"ActivityID":"A7FD8A1E-1408-0001-2EB2-FDA70814DB01",
		"PackageFullName":"E2A4F912-2574-4A75-9BB0-0D023378592B_10.0.19041.1023_neutral_neutral_cw5n1h2txyewy",
		"CurrentStatus":32,
		"DesiredStatus":0,
		"User":"S-1-5-21-1421159008-4270732973-2479707347-1000"
	},
	{
		"Rule level":"medium",
		"title":"Certificate Private Key Acquired",
		"sigma_yml":"win_capi2_acquire_certificate_private_key.yml",
		"description":"Detects when an application acquires a certificate private key",
		"row_id":7185,
		"Channel":"Microsoft-Windows-AppModel-Runtime/Admin",
		"Computer":"DESKTOP-47I4RLN",
		"EventID":70,
		"EventRecordID":245,
		"ProcessID":3156,
		"ThreadID":5360,
		"Keywords":"0x2000000000000001",
		"Level":4,
		"Opcode":0,
		"Guid":"F1EF270A-0D32-4352-BA52-DBAB41E1D859",
		"Provider_Name":"Microsoft-Windows-AppModel-Runtime",
		"UserID":"S-1-5-18",
		"Task":0,
		"SystemTime":"2024-10-01T13:49:48.074686Z",
		"Version":0,
		"OriginalLogfile":"Microsoft-Windows-AppModel-Runtime%4Admin.evtx-ENZVIVNQ.json",
		"ActivityID":"A7FD8A1E-1408-0001-8CB2-FDA70814DB01",
		"PackageFullName":"F46D4000-FD22-4DB4-AC8E-4E1DDDE828FE_10.0.19041.1023_neutral_neutral_cw5n1h2txyewy",
		"CurrentStatus":2048,
		"DesiredStatus":2080,
		"User":"S-1-5-21-1421159008-4270732973-2479707347-1000"
	},
	{
		"Rule level":"medium",
		"title":"Certificate Private Key Acquired",
		"sigma_yml":"win_capi2_acquire_certificate_private_key.yml",
		"description":"Detects when an application acquires a certificate private key",
		"row_id":7187,
		"Channel":"Microsoft-Windows-AppModel-Runtime/Admin",
		"Computer":"DESKTOP-47I4RLN",
		"EventID":70,
		"EventRecordID":247,
		"ProcessID":3156,
		"ThreadID":5360,
		"Keywords":"0x2000000000000001",
		"Level":4,
		"Opcode":0,
		"Guid":"F1EF270A-0D32-4352-BA52-DBAB41E1D859",
		"Provider_Name":"Microsoft-Windows-AppModel-Runtime",
		"UserID":"S-1-5-18",
		"Task":0,
		"SystemTime":"2024-10-01T13:49:48.226073Z",
		"Version":0,
		"OriginalLogfile":"Microsoft-Windows-AppModel-Runtime%4Admin.evtx-ENZVIVNQ.json",
		"ActivityID":"A7FD8A1E-1408-0001-8CB2-FDA70814DB01",
		"PackageFullName":"F46D4000-FD22-4DB4-AC8E-4E1DDDE828FE_10.0.19041.1023_neutral_neutral_cw5n1h2txyewy",
		"CurrentStatus":32,
		"DesiredStatus":0,
		"User":"S-1-5-21-1421159008-4270732973-2479707347-1000"
	},
	{
		"Rule level":"medium",
		"title":"Certificate Private Key Acquired",
		"sigma_yml":"win_capi2_acquire_certificate_private_key.yml",
		"description":"Detects when an application acquires a certificate private key",
		"row_id":7188,
		"Channel":"Microsoft-Windows-AppModel-Runtime/Admin",
		"Computer":"DESKTOP-47I4RLN",
		"EventID":70,
		"EventRecordID":248,
		"ProcessID":3156,
		"ThreadID":5360,
		"Keywords":"0x2000000000000001",
		"Level":4,
		"Opcode":0,
		"Guid":"F1EF270A-0D32-4352-BA52-DBAB41E1D859",
		"Provider_Name":"Microsoft-Windows-AppModel-Runtime",
		"UserID":"S-1-5-18",
		"Task":0,
		"SystemTime":"2024-10-01T13:49:48.389935Z",
		"Version":0,
		"OriginalLogfile":"Microsoft-Windows-AppModel-Runtime%4Admin.evtx-ENZVIVNQ.json",
		"ActivityID":"A7FD8A1E-1408-0000-FDB2-FDA70814DB01",
		"PackageFullName":"Microsoft.AccountsControl_10.0.19041.1023_neutral__cw5n1h2txyewy",
		"CurrentStatus":2048,
		"DesiredStatus":2080,
		"User":"S-1-5-21-1421159008-4270732973-2479707347-1000"
	},
	{
		"Rule level":"medium",
		"title":"Certificate Private Key Acquired",
		"sigma_yml":"win_capi2_acquire_certificate_private_key.yml",
		"description":"Detects when an application acquires a certificate private key",
		"row_id":7190,
		"Channel":"Microsoft-Windows-AppModel-Runtime/Admin",
		"Computer":"DESKTOP-47I4RLN",
		"EventID":70,
		"EventRecordID":250,
		"ProcessID":3156,
		"ThreadID":5360,
		"Keywords":"0x2000000000000001",
		"Level":4,
		"Opcode":0,
		"Guid":"F1EF270A-0D32-4352-BA52-DBAB41E1D859",
		"Provider_Name":"Microsoft-Windows-AppModel-Runtime",
		"UserID":"S-1-5-18",
		"Task":0,
		"SystemTime":"2024-10-01T13:49:48.567412Z",
		"Version":0,
		"OriginalLogfile":"Microsoft-Windows-AppModel-Runtime%4Admin.evtx-ENZVIVNQ.json",
		"ActivityID":"A7FD8A1E-1408-0000-FDB2-FDA70814DB01",
		"PackageFullName":"Microsoft.AccountsControl_10.0.19041.1023_neutral__cw5n1h2txyewy",
		"CurrentStatus":32,
		"DesiredStatus":0,
		"User":"S-1-5-21-1421159008-4270732973-2479707347-1000"
	},
	{
		"Rule level":"medium",
		"title":"Certificate Private Key Acquired",
		"sigma_yml":"win_capi2_acquire_certificate_private_key.yml",
		"description":"Detects when an application acquires a certificate private key",
		"row_id":7191,
		"Channel":"Microsoft-Windows-AppModel-Runtime/Admin",
		"Computer":"DESKTOP-47I4RLN",
		"EventID":70,
		"EventRecordID":251,
		"ProcessID":3156,
		"ThreadID":5360,
		"Keywords":"0x2000000000000001",
		"Level":4,
		"Opcode":0,
		"Guid":"F1EF270A-0D32-4352-BA52-DBAB41E1D859",
		"Provider_Name":"Microsoft-Windows-AppModel-Runtime",
		"UserID":"S-1-5-18",
		"Task":0,
		"SystemTime":"2024-10-01T13:49:48.749262Z",
		"Version":0,
		"OriginalLogfile":"Microsoft-Windows-AppModel-Runtime%4Admin.evtx-ENZVIVNQ.json",
		"ActivityID":"A7FD8A1E-1408-0001-2EB4-FDA70814DB01",
		"PackageFullName":"Microsoft.AsyncTextService_10.0.19041.1023_neutral__8wekyb3d8bbwe",
		"CurrentStatus":2048,
		"DesiredStatus":2080,
		"User":"S-1-5-21-1421159008-4270732973-2479707347-1000"
	},
	{
		"Rule level":"medium",
		"title":"Certificate Private Key Acquired",
		"sigma_yml":"win_capi2_acquire_certificate_private_key.yml",
		"description":"Detects when an application acquires a certificate private key",
		"row_id":7193,
		"Channel":"Microsoft-Windows-AppModel-Runtime/Admin",
		"Computer":"DESKTOP-47I4RLN",
		"EventID":70,
		"EventRecordID":253,
		"ProcessID":3156,
		"ThreadID":5360,
		"Keywords":"0x2000000000000001",
		"Level":4,
		"Opcode":0,
		"Guid":"F1EF270A-0D32-4352-BA52-DBAB41E1D859",
		"Provider_Name":"Microsoft-Windows-AppModel-Runtime",
		"UserID":"S-1-5-18",
		"Task":0,
		"SystemTime":"2024-10-01T13:49:48.910312Z",
		"Version":0,
		"OriginalLogfile":"Microsoft-Windows-AppModel-Runtime%4Admin.evtx-ENZVIVNQ.json",
		"ActivityID":"A7FD8A1E-1408-0001-2EB4-FDA70814DB01",
		"PackageFullName":"Microsoft.AsyncTextService_10.0.19041.1023_neutral__8wekyb3d8bbwe",
		"CurrentStatus":32,
		"DesiredStatus":0,
		"User":"S-1-5-21-1421159008-4270732973-2479707347-1000"
	},
	{
		"Rule level":"medium",
		"title":"Certificate Private Key Acquired",
		"sigma_yml":"win_capi2_acquire_certificate_private_key.yml",
		"description":"Detects when an application acquires a certificate private key",
		"row_id":7194,
		"Channel":"Microsoft-Windows-AppModel-Runtime/Admin",
		"Computer":"DESKTOP-47I4RLN",
		"EventID":70,
		"EventRecordID":254,
		"ProcessID":3156,
		"ThreadID":5360,
		"Keywords":"0x2000000000000001",
		"Level":4,
		"Opcode":0,
		"Guid":"F1EF270A-0D32-4352-BA52-DBAB41E1D859",
		"Provider_Name":"Microsoft-Windows-AppModel-Runtime",
		"UserID":"S-1-5-18",
		"Task":0,
		"SystemTime":"2024-10-01T13:49:49.075737Z",
		"Version":0,
		"OriginalLogfile":"Microsoft-Windows-AppModel-Runtime%4Admin.evtx-ENZVIVNQ.json",
		"ActivityID":"A7FD8A1E-1408-0001-BBB4-FDA70814DB01",
		"PackageFullName":"Microsoft.Windows.NarratorQuickStart_10.0.19041.1023_neutral_neutral_8wekyb3d8bbwe",
		"CurrentStatus":2048,
		"DesiredStatus":2080,
		"User":"S-1-5-21-1421159008-4270732973-2479707347-1000"
	},
	{
		"Rule level":"medium",
		"title":"Certificate Private Key Acquired",
		"sigma_yml":"win_capi2_acquire_certificate_private_key.yml",
		"description":"Detects when an application acquires a certificate private key",
		"row_id":7196,
		"Channel":"Microsoft-Windows-AppModel-Runtime/Admin",
		"Computer":"DESKTOP-47I4RLN",
		"EventID":70,
		"EventRecordID":256,
		"ProcessID":3156,
		"ThreadID":5360,
		"Keywords":"0x2000000000000001",
		"Level":4,
		"Opcode":0,
		"Guid":"F1EF270A-0D32-4352-BA52-DBAB41E1D859",
		"Provider_Name":"Microsoft-Windows-AppModel-Runtime",
		"UserID":"S-1-5-18",
		"Task":0,
		"SystemTime":"2024-10-01T13:49:49.263671Z",
		"Version":0,
		"OriginalLogfile":"Microsoft-Windows-AppModel-Runtime%4Admin.evtx-ENZVIVNQ.json",
		"ActivityID":"A7FD8A1E-1408-0001-BBB4-FDA70814DB01",
		"PackageFullName":"Microsoft.Windows.NarratorQuickStart_10.0.19041.1023_neutral_neutral_8wekyb3d8bbwe",
		"CurrentStatus":32,
		"DesiredStatus":0,
		"User":"S-1-5-21-1421159008-4270732973-2479707347-1000"
	},
	{
		"Rule level":"medium",
		"title":"Certificate Private Key Acquired",
		"sigma_yml":"win_capi2_acquire_certificate_private_key.yml",
		"description":"Detects when an application acquires a certificate private key",
		"row_id":7197,
		"Channel":"Microsoft-Windows-AppModel-Runtime/Admin",
		"Computer":"DESKTOP-47I4RLN",
		"EventID":70,
		"EventRecordID":257,
		"ProcessID":3156,
		"ThreadID":5360,
		"Keywords":"0x2000000000000001",
		"Level":4,
		"Opcode":0,
		"Guid":"F1EF270A-0D32-4352-BA52-DBAB41E1D859",
		"Provider_Name":"Microsoft-Windows-AppModel-Runtime",
		"UserID":"S-1-5-18",
		"Task":0,
		"SystemTime":"2024-10-01T13:49:49.770144Z",
		"Version":0,
		"OriginalLogfile":"Microsoft-Windows-AppModel-Runtime%4Admin.evtx-ENZVIVNQ.json",
		"ActivityID":"A7FD8A1E-1408-0000-D2B4-FDA70814DB01",
		"PackageFullName":"Microsoft.ECApp_10.0.19041.1023_neutral__8wekyb3d8bbwe",
		"CurrentStatus":2048,
		"DesiredStatus":2080,
		"User":"S-1-5-21-1421159008-4270732973-2479707347-1000"
	},
	{
		"Rule level":"medium",
		"title":"Certificate Private Key Acquired",
		"sigma_yml":"win_capi2_acquire_certificate_private_key.yml",
		"description":"Detects when an application acquires a certificate private key",
		"row_id":7199,
		"Channel":"Microsoft-Windows-AppModel-Runtime/Admin",
		"Computer":"DESKTOP-47I4RLN",
		"EventID":70,
		"EventRecordID":259,
		"ProcessID":3156,
		"ThreadID":5360,
		"Keywords":"0x2000000000000001",
		"Level":4,
		"Opcode":0,
		"Guid":"F1EF270A-0D32-4352-BA52-DBAB41E1D859",
		"Provider_Name":"Microsoft-Windows-AppModel-Runtime",
		"UserID":"S-1-5-18",
		"Task":0,
		"SystemTime":"2024-10-01T13:49:49.958535Z",
		"Version":0,
		"OriginalLogfile":"Microsoft-Windows-AppModel-Runtime%4Admin.evtx-ENZVIVNQ.json",
		"ActivityID":"A7FD8A1E-1408-0000-D2B4-FDA70814DB01",
		"PackageFullName":"Microsoft.ECApp_10.0.19041.1023_neutral__8wekyb3d8bbwe",
		"CurrentStatus":32,
		"DesiredStatus":0,
		"User":"S-1-5-21-1421159008-4270732973-2479707347-1000"
	},
	{
		"Rule level":"medium",
		"title":"Certificate Private Key Acquired",
		"sigma_yml":"win_capi2_acquire_certificate_private_key.yml",
		"description":"Detects when an application acquires a certificate private key",
		"row_id":7200,
		"Channel":"Microsoft-Windows-AppModel-Runtime/Admin",
		"Computer":"DESKTOP-47I4RLN",
		"EventID":70,
		"EventRecordID":260,
		"ProcessID":3156,
		"ThreadID":5360,
		"Keywords":"0x2000000000000001",
		"Level":4,
		"Opcode":0,
		"Guid":"F1EF270A-0D32-4352-BA52-DBAB41E1D859",
		"Provider_Name":"Microsoft-Windows-AppModel-Runtime",
		"UserID":"S-1-5-18",
		"Task":0,
		"SystemTime":"2024-10-01T13:49:50.158708Z",
		"Version":0,
		"OriginalLogfile":"Microsoft-Windows-AppModel-Runtime%4Admin.evtx-ENZVIVNQ.json",
		"ActivityID":"A7FD8A1E-1408-0000-24B5-FDA70814DB01",
		"PackageFullName":"Microsoft.CredDialogHost_10.0.19041.1023_neutral__cw5n1h2txyewy",
		"CurrentStatus":2048,
		"DesiredStatus":2080,
		"User":"S-1-5-21-1421159008-4270732973-2479707347-1000"
	},
