	{
		"Rule level":"medium",
		"title":"Certificate Private Key Acquired",
		"sigma_yml":"win_capi2_acquire_certificate_private_key.yml",
		"description":"Detects when an application acquires a certificate private key",
		"row_id":7283,
		"Channel":"Microsoft-Windows-AppModel-Runtime/Admin",
		"Computer":"DESKTOP-47I4RLN",
		"EventID":70,
		"EventRecordID":343,
		"ProcessID":3156,
		"ThreadID":5360,
		"Keywords":"0x2000000000000001",
		"Level":4,
		"Opcode":0,
		"Guid":"F1EF270A-0D32-4352-BA52-DBAB41E1D859",
		"Provider_Name":"Microsoft-Windows-AppModel-Runtime",
		"UserID":"S-1-5-18",
		"Task":0,
		"SystemTime":"2024-10-01T13:50:07.235092Z",
		"Version":0,
		"OriginalLogfile":"Microsoft-Windows-AppModel-Runtime%4Admin.evtx-ENZVIVNQ.json",
		"ActivityID":"A7FD8A1E-1408-0000-B5C8-FDA70814DB01",
		"PackageFullName":"Microsoft.Services.Store.Engagement_10.0.18101.0_x86__8wekyb3d8bbwe",
		"CurrentStatus":32,
		"DesiredStatus":0,
		"User":"S-1-5-21-1421159008-4270732973-2479707347-1000"
	},
	{
		"Rule level":"medium",
		"title":"Certificate Private Key Acquired",
		"sigma_yml":"win_capi2_acquire_certificate_private_key.yml",
		"description":"Detects when an application acquires a certificate private key",
		"row_id":7284,
		"Channel":"Microsoft-Windows-AppModel-Runtime/Admin",
		"Computer":"DESKTOP-47I4RLN",
		"EventID":70,
		"EventRecordID":344,
		"ProcessID":3156,
		"ThreadID":5360,
		"Keywords":"0x2000000000000001",
		"Level":4,
		"Opcode":0,
		"Guid":"F1EF270A-0D32-4352-BA52-DBAB41E1D859",
		"Provider_Name":"Microsoft-Windows-AppModel-Runtime",
		"UserID":"S-1-5-18",
		"Task":0,
		"SystemTime":"2024-10-01T13:50:07.235306Z",
		"Version":0,
		"OriginalLogfile":"Microsoft-Windows-AppModel-Runtime%4Admin.evtx-ENZVIVNQ.json",
		"ActivityID":"A7FD8A1E-1408-0000-B5C8-FDA70814DB01",
		"PackageFullName":"Microsoft.Services.Store.Engagement_10.0.18101.0_x64__8wekyb3d8bbwe",
		"CurrentStatus":32,
		"DesiredStatus":0,
		"User":"S-1-5-21-1421159008-4270732973-2479707347-1000"
	},
	{
		"Rule level":"medium",
		"title":"Certificate Private Key Acquired",
		"sigma_yml":"win_capi2_acquire_certificate_private_key.yml",
		"description":"Detects when an application acquires a certificate private key",
		"row_id":7285,
		"Channel":"Microsoft-Windows-AppModel-Runtime/Admin",
		"Computer":"DESKTOP-47I4RLN",
		"EventID":70,
		"EventRecordID":345,
		"ProcessID":3156,
		"ThreadID":5360,
		"Keywords":"0x2000000000000001",
		"Level":4,
		"Opcode":0,
		"Guid":"F1EF270A-0D32-4352-BA52-DBAB41E1D859",
		"Provider_Name":"Microsoft-Windows-AppModel-Runtime",
		"UserID":"S-1-5-18",
		"Task":0,
		"SystemTime":"2024-10-01T13:50:07.235502Z",
		"Version":0,
		"OriginalLogfile":"Microsoft-Windows-AppModel-Runtime%4Admin.evtx-ENZVIVNQ.json",
		"ActivityID":"A7FD8A1E-1408-0000-B5C8-FDA70814DB01",
		"PackageFullName":"Microsoft.MicrosoftStickyNotes_3.6.73.0_x64__8wekyb3d8bbwe",
		"CurrentStatus":32,
		"DesiredStatus":0,
		"User":"S-1-5-21-1421159008-4270732973-2479707347-1000"
	},
	{
		"Rule level":"medium",
		"title":"Certificate Private Key Acquired",
		"sigma_yml":"win_capi2_acquire_certificate_private_key.yml",
		"description":"Detects when an application acquires a certificate private key",
		"row_id":7286,
		"Channel":"Microsoft-Windows-AppModel-Runtime/Admin",
		"Computer":"DESKTOP-47I4RLN",
		"EventID":70,
		"EventRecordID":346,
		"ProcessID":3156,
		"ThreadID":5360,
		"Keywords":"0x2000000000000001",
		"Level":4,
		"Opcode":0,
		"Guid":"F1EF270A-0D32-4352-BA52-DBAB41E1D859",
		"Provider_Name":"Microsoft-Windows-AppModel-Runtime",
		"UserID":"S-1-5-18",
		"Task":0,
		"SystemTime":"2024-10-01T13:50:07.638680Z",
		"Version":0,
		"OriginalLogfile":"Microsoft-Windows-AppModel-Runtime%4Admin.evtx-ENZVIVNQ.json",
		"ActivityID":"A7FD8A1E-1408-0001-C5D1-FDA70814DB01",
		"PackageFullName":"Microsoft.MicrosoftSolitaireCollection_4.4.8204.0_x64__8wekyb3d8bbwe",
		"CurrentStatus":2048,
		"DesiredStatus":2080,
		"User":"S-1-5-21-1421159008-4270732973-2479707347-1000"
	},
	{
		"Rule level":"medium",
		"title":"Certificate Private Key Acquired",
		"sigma_yml":"win_capi2_acquire_certificate_private_key.yml",
		"description":"Detects when an application acquires a certificate private key",
		"row_id":7288,
		"Channel":"Microsoft-Windows-AppModel-Runtime/Admin",
		"Computer":"DESKTOP-47I4RLN",
		"EventID":70,
		"EventRecordID":348,
		"ProcessID":3156,
		"ThreadID":5360,
		"Keywords":"0x2000000000000001",
		"Level":4,
		"Opcode":0,
		"Guid":"F1EF270A-0D32-4352-BA52-DBAB41E1D859",
		"Provider_Name":"Microsoft-Windows-AppModel-Runtime",
		"UserID":"S-1-5-18",
		"Task":0,
		"SystemTime":"2024-10-01T13:50:07.880277Z",
		"Version":0,
		"OriginalLogfile":"Microsoft-Windows-AppModel-Runtime%4Admin.evtx-ENZVIVNQ.json",
		"ActivityID":"A7FD8A1E-1408-0001-C5D1-FDA70814DB01",
		"PackageFullName":"Microsoft.MicrosoftSolitaireCollection_4.4.8204.0_x64__8wekyb3d8bbwe",
		"CurrentStatus":32,
		"DesiredStatus":0,
		"User":"S-1-5-21-1421159008-4270732973-2479707347-1000"
	},
	{
		"Rule level":"medium",
		"title":"Certificate Private Key Acquired",
		"sigma_yml":"win_capi2_acquire_certificate_private_key.yml",
		"description":"Detects when an application acquires a certificate private key",
		"row_id":7289,
		"Channel":"Microsoft-Windows-AppModel-Runtime/Admin",
		"Computer":"DESKTOP-47I4RLN",
		"EventID":70,
		"EventRecordID":349,
		"ProcessID":3156,
		"ThreadID":5360,
		"Keywords":"0x2000000000000001",
		"Level":4,
		"Opcode":0,
		"Guid":"F1EF270A-0D32-4352-BA52-DBAB41E1D859",
		"Provider_Name":"Microsoft-Windows-AppModel-Runtime",
		"UserID":"S-1-5-18",
		"Task":0,
		"SystemTime":"2024-10-01T13:50:08.340304Z",
		"Version":0,
		"OriginalLogfile":"Microsoft-Windows-AppModel-Runtime%4Admin.evtx-ENZVIVNQ.json",
		"ActivityID":"A7FD8A1E-1408-0001-ABD2-FDA70814DB01",
		"PackageFullName":"Microsoft.MicrosoftOfficeHub_18.1903.1152.0_x64__8wekyb3d8bbwe",
		"CurrentStatus":2048,
		"DesiredStatus":2080,
		"User":"S-1-5-21-1421159008-4270732973-2479707347-1000"
	},
	{
		"Rule level":"medium",
		"title":"Certificate Private Key Acquired",
		"sigma_yml":"win_capi2_acquire_certificate_private_key.yml",
		"description":"Detects when an application acquires a certificate private key",
		"row_id":7293,
		"Channel":"Microsoft-Windows-AppModel-Runtime/Admin",
		"Computer":"DESKTOP-47I4RLN",
		"EventID":70,
		"EventRecordID":353,
		"ProcessID":3156,
		"ThreadID":5360,
		"Keywords":"0x2000000000000001",
		"Level":4,
		"Opcode":0,
		"Guid":"F1EF270A-0D32-4352-BA52-DBAB41E1D859",
		"Provider_Name":"Microsoft-Windows-AppModel-Runtime",
		"UserID":"S-1-5-18",
		"Task":0,
		"SystemTime":"2024-10-01T13:50:08.775185Z",
		"Version":0,
		"OriginalLogfile":"Microsoft-Windows-AppModel-Runtime%4Admin.evtx-ENZVIVNQ.json",
		"ActivityID":"A7FD8A1E-1408-0001-ABD2-FDA70814DB01",
		"PackageFullName":"Microsoft.MicrosoftOfficeHub_18.1903.1152.0_x64__8wekyb3d8bbwe",
		"CurrentStatus":32,
		"DesiredStatus":0,
		"User":"S-1-5-21-1421159008-4270732973-2479707347-1000"
	},
	{
		"Rule level":"medium",
		"title":"Certificate Private Key Acquired",
		"sigma_yml":"win_capi2_acquire_certificate_private_key.yml",
		"description":"Detects when an application acquires a certificate private key",
		"row_id":7294,
		"Channel":"Microsoft-Windows-AppModel-Runtime/Admin",
		"Computer":"DESKTOP-47I4RLN",
		"EventID":70,
		"EventRecordID":354,
		"ProcessID":3156,
		"ThreadID":5360,
		"Keywords":"0x2000000000000001",
		"Level":4,
		"Opcode":0,
		"Guid":"F1EF270A-0D32-4352-BA52-DBAB41E1D859",
		"Provider_Name":"Microsoft-Windows-AppModel-Runtime",
		"UserID":"S-1-5-18",
		"Task":0,
		"SystemTime":"2024-10-01T13:50:09.346368Z",
		"Version":0,
		"OriginalLogfile":"Microsoft-Windows-AppModel-Runtime%4Admin.evtx-ENZVIVNQ.json",
		"ActivityID":"A7FD8A1E-1408-0001-3CD3-FDA70814DB01",
		"PackageFullName":"Microsoft.MicrosoftEdge.Stable_92.0.902.67_neutral__8wekyb3d8bbwe",
		"CurrentStatus":2048,
		"DesiredStatus":2080,
		"User":"S-1-5-21-1421159008-4270732973-2479707347-1000"
	},
	{
		"Rule level":"medium",
		"title":"Certificate Private Key Acquired",
		"sigma_yml":"win_capi2_acquire_certificate_private_key.yml",
		"description":"Detects when an application acquires a certificate private key",
		"row_id":7299,
		"Channel":"Microsoft-Windows-AppModel-Runtime/Admin",
		"Computer":"DESKTOP-47I4RLN",
		"EventID":70,
		"EventRecordID":359,
		"ProcessID":3156,
		"ThreadID":5360,
		"Keywords":"0x2000000000000001",
		"Level":4,
		"Opcode":0,
		"Guid":"F1EF270A-0D32-4352-BA52-DBAB41E1D859",
		"Provider_Name":"Microsoft-Windows-AppModel-Runtime",
		"UserID":"S-1-5-18",
		"Task":0,
		"SystemTime":"2024-10-01T13:50:09.552074Z",
		"Version":0,
		"OriginalLogfile":"Microsoft-Windows-AppModel-Runtime%4Admin.evtx-ENZVIVNQ.json",
		"ActivityID":"A7FD8A1E-1408-0001-3CD3-FDA70814DB01",
		"PackageFullName":"Microsoft.MicrosoftEdge.Stable_92.0.902.67_neutral__8wekyb3d8bbwe",
		"CurrentStatus":32,
		"DesiredStatus":0,
		"User":"S-1-5-21-1421159008-4270732973-2479707347-1000"
	},
	{
		"Rule level":"medium",
		"title":"Certificate Private Key Acquired",
		"sigma_yml":"win_capi2_acquire_certificate_private_key.yml",
		"description":"Detects when an application acquires a certificate private key",
		"row_id":7300,
		"Channel":"Microsoft-Windows-AppModel-Runtime/Admin",
		"Computer":"DESKTOP-47I4RLN",
		"EventID":70,
		"EventRecordID":360,
		"ProcessID":3156,
		"ThreadID":5360,
		"Keywords":"0x2000000000000001",
		"Level":4,
		"Opcode":0,
		"Guid":"F1EF270A-0D32-4352-BA52-DBAB41E1D859",
		"Provider_Name":"Microsoft-Windows-AppModel-Runtime",
		"UserID":"S-1-5-18",
		"Task":0,
		"SystemTime":"2024-10-01T13:50:10.175733Z",
		"Version":0,
		"OriginalLogfile":"Microsoft-Windows-AppModel-Runtime%4Admin.evtx-ENZVIVNQ.json",
		"ActivityID":"A7FD8A1E-1408-0000-D0CE-FDA70814DB01",
		"PackageFullName":"Microsoft.Microsoft3DViewer_6.1908.2042.0_x64__8wekyb3d8bbwe",
		"CurrentStatus":2048,
		"DesiredStatus":2080,
		"User":"S-1-5-21-1421159008-4270732973-2479707347-1000"
	},
	{
		"Rule level":"medium",
		"title":"Certificate Private Key Acquired",
		"sigma_yml":"win_capi2_acquire_certificate_private_key.yml",
		"description":"Detects when an application acquires a certificate private key",
		"row_id":7302,
		"Channel":"Microsoft-Windows-AppModel-Runtime/Admin",
		"Computer":"DESKTOP-47I4RLN",
		"EventID":70,
		"EventRecordID":362,
		"ProcessID":3156,
		"ThreadID":5360,
		"Keywords":"0x2000000000000001",
		"Level":4,
		"Opcode":0,
		"Guid":"F1EF270A-0D32-4352-BA52-DBAB41E1D859",
		"Provider_Name":"Microsoft-Windows-AppModel-Runtime",
		"UserID":"S-1-5-18",
		"Task":0,
		"SystemTime":"2024-10-01T13:50:10.526825Z",
		"Version":0,
		"OriginalLogfile":"Microsoft-Windows-AppModel-Runtime%4Admin.evtx-ENZVIVNQ.json",
		"ActivityID":"A7FD8A1E-1408-0000-D0CE-FDA70814DB01",
		"PackageFullName":"Microsoft.Microsoft3DViewer_6.1908.2042.0_x64__8wekyb3d8bbwe",
		"CurrentStatus":32,
		"DesiredStatus":0,
		"User":"S-1-5-21-1421159008-4270732973-2479707347-1000"
	},
	{
		"Rule level":"medium",
		"title":"Certificate Private Key Acquired",
		"sigma_yml":"win_capi2_acquire_certificate_private_key.yml",
		"description":"Detects when an application acquires a certificate private key",
		"row_id":7303,
		"Channel":"Microsoft-Windows-AppModel-Runtime/Admin",
		"Computer":"DESKTOP-47I4RLN",
		"EventID":70,
		"EventRecordID":363,
		"ProcessID":3156,
		"ThreadID":5360,
		"Keywords":"0x2000000000000001",
		"Level":4,
		"Opcode":0,
		"Guid":"F1EF270A-0D32-4352-BA52-DBAB41E1D859",
		"Provider_Name":"Microsoft-Windows-AppModel-Runtime",
		"UserID":"S-1-5-18",
		"Task":0,
		"SystemTime":"2024-10-01T13:50:10.872344Z",
		"Version":0,
		"OriginalLogfile":"Microsoft-Windows-AppModel-Runtime%4Admin.evtx-ENZVIVNQ.json",
		"ActivityID":"A7FD8A1E-1408-0001-FFDB-FDA70814DB01",
		"PackageFullName":"Microsoft.HEIFImageExtension_1.0.22742.0_x64__8wekyb3d8bbwe",
		"CurrentStatus":2048,
		"DesiredStatus":2080,
		"User":"S-1-5-21-1421159008-4270732973-2479707347-1000"
	},
	{
		"Rule level":"medium",
		"title":"Certificate Private Key Acquired",
		"sigma_yml":"win_capi2_acquire_certificate_private_key.yml",
		"description":"Detects when an application acquires a certificate private key",
		"row_id":7305,
		"Channel":"Microsoft-Windows-AppModel-Runtime/Admin",
		"Computer":"DESKTOP-47I4RLN",
		"EventID":70,
		"EventRecordID":365,
		"ProcessID":3156,
		"ThreadID":5360,
		"Keywords":"0x2000000000000001",
		"Level":4,
		"Opcode":0,
		"Guid":"F1EF270A-0D32-4352-BA52-DBAB41E1D859",
		"Provider_Name":"Microsoft-Windows-AppModel-Runtime",
		"UserID":"S-1-5-18",
		"Task":0,
		"SystemTime":"2024-10-01T13:50:11.079555Z",
		"Version":0,
		"OriginalLogfile":"Microsoft-Windows-AppModel-Runtime%4Admin.evtx-ENZVIVNQ.json",
		"ActivityID":"A7FD8A1E-1408-0001-FFDB-FDA70814DB01",
		"PackageFullName":"Microsoft.HEIFImageExtension_1.0.22742.0_x64__8wekyb3d8bbwe",
		"CurrentStatus":32,
		"DesiredStatus":0,
		"User":"S-1-5-21-1421159008-4270732973-2479707347-1000"
	},
	{
		"Rule level":"medium",
		"title":"Certificate Private Key Acquired",
		"sigma_yml":"win_capi2_acquire_certificate_private_key.yml",
		"description":"Detects when an application acquires a certificate private key",
		"row_id":7306,
		"Channel":"Microsoft-Windows-AppModel-Runtime/Admin",
		"Computer":"DESKTOP-47I4RLN",
		"EventID":70,
		"EventRecordID":366,
		"ProcessID":3156,
		"ThreadID":5360,
		"Keywords":"0x2000000000000001",
		"Level":4,
		"Opcode":0,
		"Guid":"F1EF270A-0D32-4352-BA52-DBAB41E1D859",
		"Provider_Name":"Microsoft-Windows-AppModel-Runtime",
		"UserID":"S-1-5-18",
		"Task":0,
		"SystemTime":"2024-10-01T13:50:11.479230Z",
		"Version":0,
		"OriginalLogfile":"Microsoft-Windows-AppModel-Runtime%4Admin.evtx-ENZVIVNQ.json",
		"ActivityID":"A7FD8A1E-1408-0000-54D8-FDA70814DB01",
		"PackageFullName":"Microsoft.Getstarted_8.2.22942.0_x64__8wekyb3d8bbwe",
		"CurrentStatus":2048,
		"DesiredStatus":2080,
		"User":"S-1-5-21-1421159008-4270732973-2479707347-1000"
	},
	{
		"Rule level":"medium",
		"title":"Certificate Private Key Acquired",
		"sigma_yml":"win_capi2_acquire_certificate_private_key.yml",
		"description":"Detects when an application acquires a certificate private key",
		"row_id":7308,
		"Channel":"Microsoft-Windows-AppModel-Runtime/Admin",
		"Computer":"DESKTOP-47I4RLN",
		"EventID":70,
		"EventRecordID":368,
		"ProcessID":3156,
		"ThreadID":5360,
		"Keywords":"0x2000000000000001",
		"Level":4,
		"Opcode":0,
		"Guid":"F1EF270A-0D32-4352-BA52-DBAB41E1D859",
		"Provider_Name":"Microsoft-Windows-AppModel-Runtime",
		"UserID":"S-1-5-18",
		"Task":0,
		"SystemTime":"2024-10-01T13:50:11.740365Z",
		"Version":0,
		"OriginalLogfile":"Microsoft-Windows-AppModel-Runtime%4Admin.evtx-ENZVIVNQ.json",
		"ActivityID":"A7FD8A1E-1408-0000-54D8-FDA70814DB01",
		"PackageFullName":"Microsoft.Getstarted_8.2.22942.0_x64__8wekyb3d8bbwe",
		"CurrentStatus":32,
		"DesiredStatus":0,
		"User":"S-1-5-21-1421159008-4270732973-2479707347-1000"
	},
	{
		"Rule level":"medium",
		"title":"Certificate Private Key Acquired",
		"sigma_yml":"win_capi2_acquire_certificate_private_key.yml",
		"description":"Detects when an application acquires a certificate private key",
		"row_id":7309,
		"Channel":"Microsoft-Windows-AppModel-Runtime/Admin",
		"Computer":"DESKTOP-47I4RLN",
		"EventID":70,
		"EventRecordID":369,
		"ProcessID":3156,
		"ThreadID":5360,
		"Keywords":"0x2000000000000001",
		"Level":4,
		"Opcode":0,
		"Guid":"F1EF270A-0D32-4352-BA52-DBAB41E1D859",
		"Provider_Name":"Microsoft-Windows-AppModel-Runtime",
		"UserID":"S-1-5-18",
		"Task":0,
		"SystemTime":"2024-10-01T13:50:12.312908Z",
		"Version":0,
		"OriginalLogfile":"Microsoft-Windows-AppModel-Runtime%4Admin.evtx-ENZVIVNQ.json",
		"ActivityID":"A7FD8A1E-1408-0001-2EE1-FDA70814DB01",
		"PackageFullName":"Microsoft.GetHelp_10.1706.13331.0_x64__8wekyb3d8bbwe",
		"CurrentStatus":2048,
		"DesiredStatus":2080,
		"User":"S-1-5-21-1421159008-4270732973-2479707347-1000"
	},
	{
		"Rule level":"medium",
		"title":"Certificate Private Key Acquired",
		"sigma_yml":"win_capi2_acquire_certificate_private_key.yml",
		"description":"Detects when an application acquires a certificate private key",
		"row_id":7311,
		"Channel":"Microsoft-Windows-AppModel-Runtime/Admin",
		"Computer":"DESKTOP-47I4RLN",
		"EventID":70,
		"EventRecordID":371,
		"ProcessID":3156,
		"ThreadID":5360,
		"Keywords":"0x2000000000000001",
		"Level":4,
		"Opcode":0,
		"Guid":"F1EF270A-0D32-4352-BA52-DBAB41E1D859",
		"Provider_Name":"Microsoft-Windows-AppModel-Runtime",
		"UserID":"S-1-5-18",
		"Task":0,
		"SystemTime":"2024-10-01T13:50:12.685234Z",
		"Version":0,
		"OriginalLogfile":"Microsoft-Windows-AppModel-Runtime%4Admin.evtx-ENZVIVNQ.json",
		"ActivityID":"A7FD8A1E-1408-0001-2EE1-FDA70814DB01",
		"PackageFullName":"Microsoft.GetHelp_10.1706.13331.0_x64__8wekyb3d8bbwe",
		"CurrentStatus":32,
		"DesiredStatus":0,
		"User":"S-1-5-21-1421159008-4270732973-2479707347-1000"
	},
	{
		"Rule level":"medium",
		"title":"Certificate Private Key Acquired",
		"sigma_yml":"win_capi2_acquire_certificate_private_key.yml",
		"description":"Detects when an application acquires a certificate private key",
		"row_id":7313,
		"Channel":"Microsoft-Windows-AppModel-Runtime/Admin",
		"Computer":"DESKTOP-47I4RLN",
		"EventID":70,
		"EventRecordID":373,
		"ProcessID":3156,
		"ThreadID":5348,
		"Keywords":"0x2000000000000001",
		"Level":4,
		"Opcode":0,
		"Guid":"F1EF270A-0D32-4352-BA52-DBAB41E1D859",
		"Provider_Name":"Microsoft-Windows-AppModel-Runtime",
		"UserID":"S-1-5-18",
		"Task":0,
		"SystemTime":"2024-10-01T13:50:15.209638Z",
		"Version":0,
		"OriginalLogfile":"Microsoft-Windows-AppModel-Runtime%4Admin.evtx-ENZVIVNQ.json",
		"ActivityID":"A7FD8A1E-1408-0000-39DA-FDA70814DB01",
		"PackageFullName":"Microsoft.BingWeather_4.25.20211.0_x64__8wekyb3d8bbwe",
		"CurrentStatus":2048,
		"DesiredStatus":2080,
		"User":"S-1-5-21-1421159008-4270732973-2479707347-1000"
	},
	{
		"Rule level":"medium",
		"title":"Certificate Private Key Acquired",
		"sigma_yml":"win_capi2_acquire_certificate_private_key.yml",
		"description":"Detects when an application acquires a certificate private key",
		"row_id":7315,
		"Channel":"Microsoft-Windows-AppModel-Runtime/Admin",
		"Computer":"DESKTOP-47I4RLN",
		"EventID":70,
		"EventRecordID":375,
		"ProcessID":3156,
		"ThreadID":5348,
		"Keywords":"0x2000000000000001",
		"Level":4,
		"Opcode":0,
		"Guid":"F1EF270A-0D32-4352-BA52-DBAB41E1D859",
		"Provider_Name":"Microsoft-Windows-AppModel-Runtime",
		"UserID":"S-1-5-18",
		"Task":0,
		"SystemTime":"2024-10-01T13:50:15.529519Z",
		"Version":0,
		"OriginalLogfile":"Microsoft-Windows-AppModel-Runtime%4Admin.evtx-ENZVIVNQ.json",
		"ActivityID":"A7FD8A1E-1408-0000-39DA-FDA70814DB01",
		"PackageFullName":"Microsoft.BingWeather_4.25.20211.0_x64__8wekyb3d8bbwe",
		"CurrentStatus":32,
		"DesiredStatus":0,
		"User":"S-1-5-21-1421159008-4270732973-2479707347-1000"
	},
	{
		"Rule level":"medium",
		"title":"Certificate Private Key Acquired",
		"sigma_yml":"win_capi2_acquire_certificate_private_key.yml",
		"description":"Detects when an application acquires a certificate private key",
		"row_id":7316,
		"Channel":"Microsoft-Windows-AppModel-Runtime/Admin",
		"Computer":"DESKTOP-47I4RLN",
		"EventID":70,
		"EventRecordID":376,
		"ProcessID":3156,
		"ThreadID":5348,
		"Keywords":"0x2000000000000001",
		"Level":4,
		"Opcode":0,
		"Guid":"F1EF270A-0D32-4352-BA52-DBAB41E1D859",
		"Provider_Name":"Microsoft-Windows-AppModel-Runtime",
		"UserID":"S-1-5-18",
		"Task":0,
		"SystemTime":"2024-10-01T13:52:53.036980Z",
		"Version":0,
		"OriginalLogfile":"Microsoft-Windows-AppModel-Runtime%4Admin.evtx-ENZVIVNQ.json",
		"ActivityID":"A7FD8A1E-1408-0000-6FE6-FDA70814DB01",
		"PackageFullName":"Microsoft.MicrosoftEdge.Stable_92.0.902.67_neutral__8wekyb3d8bbwe",
		"CurrentStatus":0,
		"DesiredStatus":32,
		"User":"S-1-5-21-1421159008-4270732973-2479707347-1000"
	},
	{
		"Rule level":"medium",
		"title":"Certificate Private Key Acquired",
		"sigma_yml":"win_capi2_acquire_certificate_private_key.yml",
		"description":"Detects when an application acquires a certificate private key",
		"row_id":7319,
		"Channel":"Microsoft-Windows-AppModel-Runtime/Admin",
		"Computer":"DESKTOP-47I4RLN",
		"EventID":70,
		"EventRecordID":379,
		"ProcessID":3156,
		"ThreadID":5348,
		"Keywords":"0x2000000000000001",
		"Level":4,
		"Opcode":0,
		"Guid":"F1EF270A-0D32-4352-BA52-DBAB41E1D859",
		"Provider_Name":"Microsoft-Windows-AppModel-Runtime",
		"UserID":"S-1-5-18",
		"Task":0,
		"SystemTime":"2024-10-01T13:52:53.208336Z",
		"Version":0,
		"OriginalLogfile":"Microsoft-Windows-AppModel-Runtime%4Admin.evtx-ENZVIVNQ.json",
		"ActivityID":"A7FD8A1E-1408-0000-6FE6-FDA70814DB01",
		"PackageFullName":"Microsoft.MicrosoftEdge.Stable_129.0.2792.65_neutral__8wekyb3d8bbwe",
		"CurrentStatus":32,
		"DesiredStatus":0,
		"User":"S-1-5-21-1421159008-4270732973-2479707347-1000"
	},
	{
		"Rule level":"medium",
		"title":"Certificate Private Key Acquired",
		"sigma_yml":"win_capi2_acquire_certificate_private_key.yml",
		"description":"Detects when an application acquires a certificate private key",
		"row_id":7323,
		"Channel":"Microsoft-Windows-AppModel-Runtime/Admin",
		"Computer":"DESKTOP-47I4RLN",
		"EventID":70,
		"EventRecordID":383,
		"ProcessID":5516,
		"ThreadID":4960,
		"Keywords":"0x2000000000000001",
		"Level":4,
		"Opcode":0,
		"Guid":"F1EF270A-0D32-4352-BA52-DBAB41E1D859",
		"Provider_Name":"Microsoft-Windows-AppModel-Runtime",
		"UserID":"S-1-5-18",
		"Task":0,
		"SystemTime":"2024-10-01T15:55:10.292380Z",
		"Version":0,
		"OriginalLogfile":"Microsoft-Windows-AppModel-Runtime%4Admin.evtx-ENZVIVNQ.json",
		"ActivityID":"A7FD8A1E-1408-0000-223D-FEA70814DB01",
		"PackageFullName":"Microsoft.VCLibs.140.00_14.0.33519.0_x86__8wekyb3d8bbwe",
		"CurrentStatus":32,
		"DesiredStatus":0,
		"User":"S-1-5-21-1421159008-4270732973-2479707347-1000"
	},
	{
		"Rule level":"medium",
		"title":"Certificate Private Key Acquired",
		"sigma_yml":"win_capi2_acquire_certificate_private_key.yml",
		"description":"Detects when an application acquires a certificate private key",
		"row_id":7324,
		"Channel":"Microsoft-Windows-AppModel-Runtime/Admin",
		"Computer":"DESKTOP-47I4RLN",
		"EventID":70,
		"EventRecordID":384,
		"ProcessID":5516,
		"ThreadID":4960,
		"Keywords":"0x2000000000000001",
		"Level":4,
		"Opcode":0,
		"Guid":"F1EF270A-0D32-4352-BA52-DBAB41E1D859",
		"Provider_Name":"Microsoft-Windows-AppModel-Runtime",
		"UserID":"S-1-5-18",
		"Task":0,
		"SystemTime":"2024-10-01T15:55:10.639370Z",
		"Version":0,
		"OriginalLogfile":"Microsoft-Windows-AppModel-Runtime%4Admin.evtx-ENZVIVNQ.json",
		"ActivityID":"A7FD8A1E-1408-0001-0048-FEA70814DB01",
		"PackageFullName":"Microsoft.VCLibs.140.00_14.0.27323.0_x64__8wekyb3d8bbwe",
		"CurrentStatus":0,
		"DesiredStatus":32,
		"User":"S-1-5-21-1421159008-4270732973-2479707347-1000"
	},
	{
		"Rule level":"medium",
		"title":"Certificate Private Key Acquired",
		"sigma_yml":"win_capi2_acquire_certificate_private_key.yml",
		"description":"Detects when an application acquires a certificate private key",
		"row_id":7326,
		"Channel":"Microsoft-Windows-AppModel-Runtime/Admin",
		"Computer":"DESKTOP-47I4RLN",
		"EventID":70,
		"EventRecordID":386,
		"ProcessID":5516,
		"ThreadID":4960,
		"Keywords":"0x2000000000000001",
		"Level":4,
		"Opcode":0,
		"Guid":"F1EF270A-0D32-4352-BA52-DBAB41E1D859",
		"Provider_Name":"Microsoft-Windows-AppModel-Runtime",
		"UserID":"S-1-5-18",
		"Task":0,
		"SystemTime":"2024-10-01T15:55:10.639736Z",
		"Version":0,
		"OriginalLogfile":"Microsoft-Windows-AppModel-Runtime%4Admin.evtx-ENZVIVNQ.json",
		"ActivityID":"A7FD8A1E-1408-0001-0048-FEA70814DB01",
		"PackageFullName":"Microsoft.549981C3F5F10_1.1911.21713.0_x64__8wekyb3d8bbwe",
		"CurrentStatus":0,
		"DesiredStatus":32,
		"User":"S-1-5-21-1421159008-4270732973-2479707347-1000"
	},
	{
		"Rule level":"medium",
		"title":"Certificate Private Key Acquired",
		"sigma_yml":"win_capi2_acquire_certificate_private_key.yml",
		"description":"Detects when an application acquires a certificate private key",
		"row_id":7327,
		"Channel":"Microsoft-Windows-AppModel-Runtime/Admin",
		"Computer":"DESKTOP-47I4RLN",
		"EventID":70,
		"EventRecordID":387,
		"ProcessID":5516,
		"ThreadID":4960,
		"Keywords":"0x2000000000000001",
		"Level":4,
		"Opcode":0,
		"Guid":"F1EF270A-0D32-4352-BA52-DBAB41E1D859",
		"Provider_Name":"Microsoft-Windows-AppModel-Runtime",
		"UserID":"S-1-5-18",
		"Task":0,
		"SystemTime":"2024-10-01T15:55:10.639905Z",
		"Version":0,
		"OriginalLogfile":"Microsoft-Windows-AppModel-Runtime%4Admin.evtx-ENZVIVNQ.json",
		"ActivityID":"A7FD8A1E-1408-0001-0048-FEA70814DB01",
		"PackageFullName":"Microsoft.BingWeather_4.25.20211.0_x64__8wekyb3d8bbwe",
		"CurrentStatus":0,
		"DesiredStatus":32,
		"User":"S-1-5-21-1421159008-4270732973-2479707347-1000"
	},
	{
		"Rule level":"medium",
		"title":"Certificate Private Key Acquired",
		"sigma_yml":"win_capi2_acquire_certificate_private_key.yml",
		"description":"Detects when an application acquires a certificate private key",
		"row_id":7328,
		"Channel":"Microsoft-Windows-AppModel-Runtime/Admin",
		"Computer":"DESKTOP-47I4RLN",
		"EventID":70,
		"EventRecordID":388,
		"ProcessID":5516,
		"ThreadID":4960,
		"Keywords":"0x2000000000000001",
		"Level":4,
		"Opcode":0,
		"Guid":"F1EF270A-0D32-4352-BA52-DBAB41E1D859",
		"Provider_Name":"Microsoft-Windows-AppModel-Runtime",
		"UserID":"S-1-5-18",
		"Task":0,
		"SystemTime":"2024-10-01T15:55:10.640064Z",
		"Version":0,
		"OriginalLogfile":"Microsoft-Windows-AppModel-Runtime%4Admin.evtx-ENZVIVNQ.json",
		"ActivityID":"A7FD8A1E-1408-0001-0048-FEA70814DB01",
		"PackageFullName":"Microsoft.DesktopAppInstaller_1.0.30251.0_x64__8wekyb3d8bbwe",
		"CurrentStatus":0,
		"DesiredStatus":32,
		"User":"S-1-5-21-1421159008-4270732973-2479707347-1000"
	},
	{
		"Rule level":"medium",
		"title":"Certificate Private Key Acquired",
		"sigma_yml":"win_capi2_acquire_certificate_private_key.yml",
		"description":"Detects when an application acquires a certificate private key",
		"row_id":7329,
		"Channel":"Microsoft-Windows-AppModel-Runtime/Admin",
		"Computer":"DESKTOP-47I4RLN",
		"EventID":70,
		"EventRecordID":389,
		"ProcessID":5516,
		"ThreadID":4960,
		"Keywords":"0x2000000000000001",
		"Level":4,
		"Opcode":0,
		"Guid":"F1EF270A-0D32-4352-BA52-DBAB41E1D859",
		"Provider_Name":"Microsoft-Windows-AppModel-Runtime",
		"UserID":"S-1-5-18",
		"Task":0,
		"SystemTime":"2024-10-01T15:55:10.640243Z",
		"Version":0,
		"OriginalLogfile":"Microsoft-Windows-AppModel-Runtime%4Admin.evtx-ENZVIVNQ.json",
		"ActivityID":"A7FD8A1E-1408-0001-0048-FEA70814DB01",
		"PackageFullName":"Microsoft.GetHelp_10.1706.13331.0_x64__8wekyb3d8bbwe",
		"CurrentStatus":0,
		"DesiredStatus":32,
		"User":"S-1-5-21-1421159008-4270732973-2479707347-1000"
	},
	{
		"Rule level":"medium",
		"title":"Certificate Private Key Acquired",
		"sigma_yml":"win_capi2_acquire_certificate_private_key.yml",
		"description":"Detects when an application acquires a certificate private key",
		"row_id":7330,
		"Channel":"Microsoft-Windows-AppModel-Runtime/Admin",
		"Computer":"DESKTOP-47I4RLN",
		"EventID":70,
		"EventRecordID":390,
		"ProcessID":5516,
		"ThreadID":4960,
		"Keywords":"0x2000000000000001",
		"Level":4,
		"Opcode":0,
		"Guid":"F1EF270A-0D32-4352-BA52-DBAB41E1D859",
		"Provider_Name":"Microsoft-Windows-AppModel-Runtime",
		"UserID":"S-1-5-18",
		"Task":0,
		"SystemTime":"2024-10-01T15:55:10.640400Z",
		"Version":0,
		"OriginalLogfile":"Microsoft-Windows-AppModel-Runtime%4Admin.evtx-ENZVIVNQ.json",
		"ActivityID":"A7FD8A1E-1408-0001-0048-FEA70814DB01",
		"PackageFullName":"Microsoft.Getstarted_8.2.22942.0_x64__8wekyb3d8bbwe",
		"CurrentStatus":0,
		"DesiredStatus":32,
		"User":"S-1-5-21-1421159008-4270732973-2479707347-1000"
	},
	{
		"Rule level":"medium",
		"title":"Certificate Private Key Acquired",
		"sigma_yml":"win_capi2_acquire_certificate_private_key.yml",
		"description":"Detects when an application acquires a certificate private key",
		"row_id":7331,
		"Channel":"Microsoft-Windows-AppModel-Runtime/Admin",
		"Computer":"DESKTOP-47I4RLN",
		"EventID":70,
		"EventRecordID":391,
		"ProcessID":5516,
		"ThreadID":4960,
		"Keywords":"0x2000000000000001",
		"Level":4,
		"Opcode":0,
		"Guid":"F1EF270A-0D32-4352-BA52-DBAB41E1D859",
		"Provider_Name":"Microsoft-Windows-AppModel-Runtime",
		"UserID":"S-1-5-18",
		"Task":0,
		"SystemTime":"2024-10-01T15:55:10.640557Z",
		"Version":0,
		"OriginalLogfile":"Microsoft-Windows-AppModel-Runtime%4Admin.evtx-ENZVIVNQ.json",
		"ActivityID":"A7FD8A1E-1408-0001-0048-FEA70814DB01",
		"PackageFullName":"Microsoft.HEIFImageExtension_1.0.22742.0_x64__8wekyb3d8bbwe",
		"CurrentStatus":0,
		"DesiredStatus":32,
		"User":"S-1-5-21-1421159008-4270732973-2479707347-1000"
	},
	{
		"Rule level":"medium",
		"title":"Certificate Private Key Acquired",
		"sigma_yml":"win_capi2_acquire_certificate_private_key.yml",
		"description":"Detects when an application acquires a certificate private key",
		"row_id":7332,
		"Channel":"Microsoft-Windows-AppModel-Runtime/Admin",
		"Computer":"DESKTOP-47I4RLN",
		"EventID":70,
		"EventRecordID":392,
		"ProcessID":5516,
		"ThreadID":4960,
		"Keywords":"0x2000000000000001",
		"Level":4,
		"Opcode":0,
		"Guid":"F1EF270A-0D32-4352-BA52-DBAB41E1D859",
		"Provider_Name":"Microsoft-Windows-AppModel-Runtime",
		"UserID":"S-1-5-18",
		"Task":0,
		"SystemTime":"2024-10-01T15:55:10.640712Z",
		"Version":0,
		"OriginalLogfile":"Microsoft-Windows-AppModel-Runtime%4Admin.evtx-ENZVIVNQ.json",
		"ActivityID":"A7FD8A1E-1408-0001-0048-FEA70814DB01",
		"PackageFullName":"Microsoft.Microsoft3DViewer_6.1908.2042.0_x64__8wekyb3d8bbwe",
		"CurrentStatus":0,
		"DesiredStatus":32,
		"User":"S-1-5-21-1421159008-4270732973-2479707347-1000"
	},
	{
		"Rule level":"medium",
		"title":"Certificate Private Key Acquired",
		"sigma_yml":"win_capi2_acquire_certificate_private_key.yml",
		"description":"Detects when an application acquires a certificate private key",
		"row_id":7333,
		"Channel":"Microsoft-Windows-AppModel-Runtime/Admin",
		"Computer":"DESKTOP-47I4RLN",
		"EventID":70,
		"EventRecordID":393,
		"ProcessID":5516,
		"ThreadID":4960,
		"Keywords":"0x2000000000000001",
		"Level":4,
		"Opcode":0,
		"Guid":"F1EF270A-0D32-4352-BA52-DBAB41E1D859",
		"Provider_Name":"Microsoft-Windows-AppModel-Runtime",
		"UserID":"S-1-5-18",
		"Task":0,
		"SystemTime":"2024-10-01T15:55:10.640870Z",
		"Version":0,
		"OriginalLogfile":"Microsoft-Windows-AppModel-Runtime%4Admin.evtx-ENZVIVNQ.json",
		"ActivityID":"A7FD8A1E-1408-0001-0048-FEA70814DB01",
		"PackageFullName":"Microsoft.MicrosoftOfficeHub_18.1903.1152.0_x64__8wekyb3d8bbwe",
		"CurrentStatus":0,
		"DesiredStatus":32,
		"User":"S-1-5-21-1421159008-4270732973-2479707347-1000"
	},
	{
		"Rule level":"medium",
		"title":"Certificate Private Key Acquired",
		"sigma_yml":"win_capi2_acquire_certificate_private_key.yml",
		"description":"Detects when an application acquires a certificate private key",
		"row_id":7334,
		"Channel":"Microsoft-Windows-AppModel-Runtime/Admin",
		"Computer":"DESKTOP-47I4RLN",
		"EventID":70,
		"EventRecordID":394,
		"ProcessID":5516,
		"ThreadID":4960,
		"Keywords":"0x2000000000000001",
		"Level":4,
		"Opcode":0,
		"Guid":"F1EF270A-0D32-4352-BA52-DBAB41E1D859",
		"Provider_Name":"Microsoft-Windows-AppModel-Runtime",
		"UserID":"S-1-5-18",
		"Task":0,
		"SystemTime":"2024-10-01T15:55:10.641025Z",
		"Version":0,
		"OriginalLogfile":"Microsoft-Windows-AppModel-Runtime%4Admin.evtx-ENZVIVNQ.json",
		"ActivityID":"A7FD8A1E-1408-0001-0048-FEA70814DB01",
		"PackageFullName":"Microsoft.MicrosoftSolitaireCollection_4.4.8204.0_x64__8wekyb3d8bbwe",
		"CurrentStatus":0,
		"DesiredStatus":32,
		"User":"S-1-5-21-1421159008-4270732973-2479707347-1000"
	},
	{
		"Rule level":"medium",
		"title":"Certificate Private Key Acquired",
		"sigma_yml":"win_capi2_acquire_certificate_private_key.yml",
		"description":"Detects when an application acquires a certificate private key",
		"row_id":7335,
		"Channel":"Microsoft-Windows-AppModel-Runtime/Admin",
		"Computer":"DESKTOP-47I4RLN",
		"EventID":70,
		"EventRecordID":395,
		"ProcessID":5516,
		"ThreadID":4960,
		"Keywords":"0x2000000000000001",
		"Level":4,
		"Opcode":0,
		"Guid":"F1EF270A-0D32-4352-BA52-DBAB41E1D859",
		"Provider_Name":"Microsoft-Windows-AppModel-Runtime",
		"UserID":"S-1-5-18",
		"Task":0,
		"SystemTime":"2024-10-01T15:55:10.641214Z",
		"Version":0,
		"OriginalLogfile":"Microsoft-Windows-AppModel-Runtime%4Admin.evtx-ENZVIVNQ.json",
		"ActivityID":"A7FD8A1E-1408-0001-0048-FEA70814DB01",
		"PackageFullName":"Microsoft.MicrosoftStickyNotes_3.6.73.0_x64__8wekyb3d8bbwe",
		"CurrentStatus":0,
		"DesiredStatus":32,
		"User":"S-1-5-21-1421159008-4270732973-2479707347-1000"
	},
	{
		"Rule level":"medium",
		"title":"Certificate Private Key Acquired",
		"sigma_yml":"win_capi2_acquire_certificate_private_key.yml",
		"description":"Detects when an application acquires a certificate private key",
		"row_id":7336,
		"Channel":"Microsoft-Windows-AppModel-Runtime/Admin",
		"Computer":"DESKTOP-47I4RLN",
		"EventID":70,
		"EventRecordID":396,
		"ProcessID":5516,
		"ThreadID":4960,
		"Keywords":"0x2000000000000001",
		"Level":4,
		"Opcode":0,
		"Guid":"F1EF270A-0D32-4352-BA52-DBAB41E1D859",
		"Provider_Name":"Microsoft-Windows-AppModel-Runtime",
		"UserID":"S-1-5-18",
		"Task":0,
		"SystemTime":"2024-10-01T15:55:10.641371Z",
		"Version":0,
		"OriginalLogfile":"Microsoft-Windows-AppModel-Runtime%4Admin.evtx-ENZVIVNQ.json",
		"ActivityID":"A7FD8A1E-1408-0001-0048-FEA70814DB01",
		"PackageFullName":"Microsoft.MixedReality.Portal_2000.19081.1301.0_x64__8wekyb3d8bbwe",
		"CurrentStatus":0,
		"DesiredStatus":32,
		"User":"S-1-5-21-1421159008-4270732973-2479707347-1000"
	},
	{
		"Rule level":"medium",
		"title":"Certificate Private Key Acquired",
		"sigma_yml":"win_capi2_acquire_certificate_private_key.yml",
		"description":"Detects when an application acquires a certificate private key",
		"row_id":7337,
		"Channel":"Microsoft-Windows-AppModel-Runtime/Admin",
		"Computer":"DESKTOP-47I4RLN",
		"EventID":70,
		"EventRecordID":397,
		"ProcessID":5516,
		"ThreadID":4960,
		"Keywords":"0x2000000000000001",
		"Level":4,
		"Opcode":0,
		"Guid":"F1EF270A-0D32-4352-BA52-DBAB41E1D859",
		"Provider_Name":"Microsoft-Windows-AppModel-Runtime",
		"UserID":"S-1-5-18",
		"Task":0,
		"SystemTime":"2024-10-01T15:55:10.641531Z",
		"Version":0,
		"OriginalLogfile":"Microsoft-Windows-AppModel-Runtime%4Admin.evtx-ENZVIVNQ.json",
		"ActivityID":"A7FD8A1E-1408-0001-0048-FEA70814DB01",
		"PackageFullName":"Microsoft.MSPaint_6.1907.29027.0_x64__8wekyb3d8bbwe",
		"CurrentStatus":0,
		"DesiredStatus":32,
		"User":"S-1-5-21-1421159008-4270732973-2479707347-1000"
	},
	{
		"Rule level":"medium",
		"title":"Certificate Private Key Acquired",
		"sigma_yml":"win_capi2_acquire_certificate_private_key.yml",
		"description":"Detects when an application acquires a certificate private key",
		"row_id":7338,
		"Channel":"Microsoft-Windows-AppModel-Runtime/Admin",
		"Computer":"DESKTOP-47I4RLN",
		"EventID":70,
		"EventRecordID":398,
		"ProcessID":5516,
		"ThreadID":4960,
		"Keywords":"0x2000000000000001",
		"Level":4,
		"Opcode":0,
		"Guid":"F1EF270A-0D32-4352-BA52-DBAB41E1D859",
		"Provider_Name":"Microsoft-Windows-AppModel-Runtime",
		"UserID":"S-1-5-18",
		"Task":0,
		"SystemTime":"2024-10-01T15:55:10.641684Z",
		"Version":0,
		"OriginalLogfile":"Microsoft-Windows-AppModel-Runtime%4Admin.evtx-ENZVIVNQ.json",
		"ActivityID":"A7FD8A1E-1408-0001-0048-FEA70814DB01",
		"PackageFullName":"Microsoft.Office.OneNote_16001.12026.20112.0_x64__8wekyb3d8bbwe",
		"CurrentStatus":0,
		"DesiredStatus":32,
		"User":"S-1-5-21-1421159008-4270732973-2479707347-1000"
	},
	{
		"Rule level":"medium",
		"title":"Certificate Private Key Acquired",
		"sigma_yml":"win_capi2_acquire_certificate_private_key.yml",
		"description":"Detects when an application acquires a certificate private key",
		"row_id":7339,
		"Channel":"Microsoft-Windows-AppModel-Runtime/Admin",
		"Computer":"DESKTOP-47I4RLN",
		"EventID":70,
		"EventRecordID":399,
		"ProcessID":5516,
		"ThreadID":4960,
		"Keywords":"0x2000000000000001",
		"Level":4,
		"Opcode":0,
		"Guid":"F1EF270A-0D32-4352-BA52-DBAB41E1D859",
		"Provider_Name":"Microsoft-Windows-AppModel-Runtime",
		"UserID":"S-1-5-18",
		"Task":0,
		"SystemTime":"2024-10-01T15:55:10.641844Z",
		"Version":0,
		"OriginalLogfile":"Microsoft-Windows-AppModel-Runtime%4Admin.evtx-ENZVIVNQ.json",
		"ActivityID":"A7FD8A1E-1408-0001-0048-FEA70814DB01",
		"PackageFullName":"Microsoft.People_10.1902.633.0_x64__8wekyb3d8bbwe",
		"CurrentStatus":0,
		"DesiredStatus":32,
		"User":"S-1-5-21-1421159008-4270732973-2479707347-1000"
	},
	{
		"Rule level":"medium",
		"title":"Certificate Private Key Acquired",
		"sigma_yml":"win_capi2_acquire_certificate_private_key.yml",
		"description":"Detects when an application acquires a certificate private key",
		"row_id":7340,
		"Channel":"Microsoft-Windows-AppModel-Runtime/Admin",
		"Computer":"DESKTOP-47I4RLN",
		"EventID":70,
		"EventRecordID":400,
		"ProcessID":5516,
		"ThreadID":4960,
		"Keywords":"0x2000000000000001",
		"Level":4,
		"Opcode":0,
		"Guid":"F1EF270A-0D32-4352-BA52-DBAB41E1D859",
		"Provider_Name":"Microsoft-Windows-AppModel-Runtime",
		"UserID":"S-1-5-18",
		"Task":0,
		"SystemTime":"2024-10-01T15:55:10.641998Z",
		"Version":0,
		"OriginalLogfile":"Microsoft-Windows-AppModel-Runtime%4Admin.evtx-ENZVIVNQ.json",
		"ActivityID":"A7FD8A1E-1408-0001-0048-FEA70814DB01",
		"PackageFullName":"Microsoft.ScreenSketch_10.1907.2471.0_x64__8wekyb3d8bbwe",
		"CurrentStatus":0,
		"DesiredStatus":32,
		"User":"S-1-5-21-1421159008-4270732973-2479707347-1000"
	},
	{
		"Rule level":"medium",
		"title":"Certificate Private Key Acquired",
		"sigma_yml":"win_capi2_acquire_certificate_private_key.yml",
		"description":"Detects when an application acquires a certificate private key",
		"row_id":7341,
		"Channel":"Microsoft-Windows-AppModel-Runtime/Admin",
		"Computer":"DESKTOP-47I4RLN",
		"EventID":70,
		"EventRecordID":401,
		"ProcessID":5516,
		"ThreadID":4960,
		"Keywords":"0x2000000000000001",
		"Level":4,
		"Opcode":0,
		"Guid":"F1EF270A-0D32-4352-BA52-DBAB41E1D859",
		"Provider_Name":"Microsoft-Windows-AppModel-Runtime",
		"UserID":"S-1-5-18",
		"Task":0,
		"SystemTime":"2024-10-01T15:55:10.642153Z",
		"Version":0,
		"OriginalLogfile":"Microsoft-Windows-AppModel-Runtime%4Admin.evtx-ENZVIVNQ.json",
		"ActivityID":"A7FD8A1E-1408-0001-0048-FEA70814DB01",
		"PackageFullName":"Microsoft.SkypeApp_14.53.77.0_x64__kzf8qxf38zg5c",
		"CurrentStatus":0,
		"DesiredStatus":32,
		"User":"S-1-5-21-1421159008-4270732973-2479707347-1000"
	},
	{
		"Rule level":"medium",
		"title":"Certificate Private Key Acquired",
		"sigma_yml":"win_capi2_acquire_certificate_private_key.yml",
		"description":"Detects when an application acquires a certificate private key",
		"row_id":7342,
		"Channel":"Microsoft-Windows-AppModel-Runtime/Admin",
		"Computer":"DESKTOP-47I4RLN",
		"EventID":70,
		"EventRecordID":402,
		"ProcessID":5516,
		"ThreadID":4960,
		"Keywords":"0x2000000000000001",
		"Level":4,
		"Opcode":0,
		"Guid":"F1EF270A-0D32-4352-BA52-DBAB41E1D859",
		"Provider_Name":"Microsoft-Windows-AppModel-Runtime",
		"UserID":"S-1-5-18",
		"Task":0,
		"SystemTime":"2024-10-01T15:55:10.642328Z",
		"Version":0,
		"OriginalLogfile":"Microsoft-Windows-AppModel-Runtime%4Admin.evtx-ENZVIVNQ.json",
		"ActivityID":"A7FD8A1E-1408-0001-0048-FEA70814DB01",
		"PackageFullName":"Microsoft.StorePurchaseApp_11811.1001.18.0_x64__8wekyb3d8bbwe",
		"CurrentStatus":0,
		"DesiredStatus":32,
		"User":"S-1-5-21-1421159008-4270732973-2479707347-1000"
	},
	{
		"Rule level":"medium",
		"title":"Certificate Private Key Acquired",
		"sigma_yml":"win_capi2_acquire_certificate_private_key.yml",
		"description":"Detects when an application acquires a certificate private key",
		"row_id":7343,
		"Channel":"Microsoft-Windows-AppModel-Runtime/Admin",
		"Computer":"DESKTOP-47I4RLN",
		"EventID":70,
		"EventRecordID":403,
		"ProcessID":5516,
		"ThreadID":4960,
		"Keywords":"0x2000000000000001",
		"Level":4,
		"Opcode":0,
		"Guid":"F1EF270A-0D32-4352-BA52-DBAB41E1D859",
		"Provider_Name":"Microsoft-Windows-AppModel-Runtime",
		"UserID":"S-1-5-18",
		"Task":0,
		"SystemTime":"2024-10-01T15:55:10.642483Z",
		"Version":0,
		"OriginalLogfile":"Microsoft-Windows-AppModel-Runtime%4Admin.evtx-ENZVIVNQ.json",
		"ActivityID":"A7FD8A1E-1408-0001-0048-FEA70814DB01",
		"PackageFullName":"Microsoft.VP9VideoExtensions_1.0.22681.0_x64__8wekyb3d8bbwe",
		"CurrentStatus":0,
		"DesiredStatus":32,
		"User":"S-1-5-21-1421159008-4270732973-2479707347-1000"
	},
	{
		"Rule level":"medium",
		"title":"Certificate Private Key Acquired",
		"sigma_yml":"win_capi2_acquire_certificate_private_key.yml",
		"description":"Detects when an application acquires a certificate private key",
		"row_id":7344,
		"Channel":"Microsoft-Windows-AppModel-Runtime/Admin",
		"Computer":"DESKTOP-47I4RLN",
		"EventID":70,
		"EventRecordID":404,
		"ProcessID":5516,
		"ThreadID":4960,
		"Keywords":"0x2000000000000001",
		"Level":4,
		"Opcode":0,
		"Guid":"F1EF270A-0D32-4352-BA52-DBAB41E1D859",
		"Provider_Name":"Microsoft-Windows-AppModel-Runtime",
		"UserID":"S-1-5-18",
		"Task":0,
		"SystemTime":"2024-10-01T15:55:10.642638Z",
		"Version":0,
		"OriginalLogfile":"Microsoft-Windows-AppModel-Runtime%4Admin.evtx-ENZVIVNQ.json",
		"ActivityID":"A7FD8A1E-1408-0001-0048-FEA70814DB01",
		"PackageFullName":"Microsoft.Wallet_2.4.18324.0_x64__8wekyb3d8bbwe",
		"CurrentStatus":0,
		"DesiredStatus":32,
		"User":"S-1-5-21-1421159008-4270732973-2479707347-1000"
	},
	{
		"Rule level":"medium",
		"title":"Certificate Private Key Acquired",
		"sigma_yml":"win_capi2_acquire_certificate_private_key.yml",
		"description":"Detects when an application acquires a certificate private key",
		"row_id":7345,
		"Channel":"Microsoft-Windows-AppModel-Runtime/Admin",
		"Computer":"DESKTOP-47I4RLN",
		"EventID":70,
		"EventRecordID":405,
		"ProcessID":5516,
		"ThreadID":4960,
		"Keywords":"0x2000000000000001",
		"Level":4,
		"Opcode":0,
		"Guid":"F1EF270A-0D32-4352-BA52-DBAB41E1D859",
		"Provider_Name":"Microsoft-Windows-AppModel-Runtime",
		"UserID":"S-1-5-18",
		"Task":0,
		"SystemTime":"2024-10-01T15:55:10.642797Z",
		"Version":0,
		"OriginalLogfile":"Microsoft-Windows-AppModel-Runtime%4Admin.evtx-ENZVIVNQ.json",
		"ActivityID":"A7FD8A1E-1408-0001-0048-FEA70814DB01",
		"PackageFullName":"Microsoft.WebMediaExtensions_1.0.20875.0_x64__8wekyb3d8bbwe",
		"CurrentStatus":0,
		"DesiredStatus":32,
		"User":"S-1-5-21-1421159008-4270732973-2479707347-1000"
	},
	{
		"Rule level":"medium",
		"title":"Certificate Private Key Acquired",
		"sigma_yml":"win_capi2_acquire_certificate_private_key.yml",
		"description":"Detects when an application acquires a certificate private key",
		"row_id":7346,
		"Channel":"Microsoft-Windows-AppModel-Runtime/Admin",
		"Computer":"DESKTOP-47I4RLN",
		"EventID":70,
		"EventRecordID":406,
		"ProcessID":5516,
		"ThreadID":4960,
		"Keywords":"0x2000000000000001",
		"Level":4,
		"Opcode":0,
		"Guid":"F1EF270A-0D32-4352-BA52-DBAB41E1D859",
		"Provider_Name":"Microsoft-Windows-AppModel-Runtime",
		"UserID":"S-1-5-18",
		"Task":0,
		"SystemTime":"2024-10-01T15:55:10.643019Z",
		"Version":0,
		"OriginalLogfile":"Microsoft-Windows-AppModel-Runtime%4Admin.evtx-ENZVIVNQ.json",
		"ActivityID":"A7FD8A1E-1408-0001-0048-FEA70814DB01",
		"PackageFullName":"Microsoft.WebpImageExtension_1.0.22753.0_x64__8wekyb3d8bbwe",
		"CurrentStatus":0,
		"DesiredStatus":32,
		"User":"S-1-5-21-1421159008-4270732973-2479707347-1000"
	},
	{
		"Rule level":"medium",
		"title":"Certificate Private Key Acquired",
		"sigma_yml":"win_capi2_acquire_certificate_private_key.yml",
		"description":"Detects when an application acquires a certificate private key",
		"row_id":7347,
		"Channel":"Microsoft-Windows-AppModel-Runtime/Admin",
		"Computer":"DESKTOP-47I4RLN",
		"EventID":70,
		"EventRecordID":407,
		"ProcessID":5516,
		"ThreadID":4960,
		"Keywords":"0x2000000000000001",
		"Level":4,
		"Opcode":0,
		"Guid":"F1EF270A-0D32-4352-BA52-DBAB41E1D859",
		"Provider_Name":"Microsoft-Windows-AppModel-Runtime",
		"UserID":"S-1-5-18",
		"Task":0,
		"SystemTime":"2024-10-01T15:55:10.643213Z",
		"Version":0,
		"OriginalLogfile":"Microsoft-Windows-AppModel-Runtime%4Admin.evtx-ENZVIVNQ.json",
		"ActivityID":"A7FD8A1E-1408-0001-0048-FEA70814DB01",
		"PackageFullName":"Microsoft.Windows.Photos_2019.19071.12548.0_x64__8wekyb3d8bbwe",
		"CurrentStatus":0,
		"DesiredStatus":32,
		"User":"S-1-5-21-1421159008-4270732973-2479707347-1000"
	},
	{
		"Rule level":"medium",
		"title":"Certificate Private Key Acquired",
		"sigma_yml":"win_capi2_acquire_certificate_private_key.yml",
		"description":"Detects when an application acquires a certificate private key",
		"row_id":7348,
		"Channel":"Microsoft-Windows-AppModel-Runtime/Admin",
		"Computer":"DESKTOP-47I4RLN",
		"EventID":70,
		"EventRecordID":408,
		"ProcessID":5516,
		"ThreadID":4960,
		"Keywords":"0x2000000000000001",
		"Level":4,
		"Opcode":0,
		"Guid":"F1EF270A-0D32-4352-BA52-DBAB41E1D859",
		"Provider_Name":"Microsoft-Windows-AppModel-Runtime",
		"UserID":"S-1-5-18",
		"Task":0,
		"SystemTime":"2024-10-01T15:55:10.643369Z",
		"Version":0,
		"OriginalLogfile":"Microsoft-Windows-AppModel-Runtime%4Admin.evtx-ENZVIVNQ.json",
		"ActivityID":"A7FD8A1E-1408-0001-0048-FEA70814DB01",
		"PackageFullName":"Microsoft.WindowsAlarms_10.1906.2182.0_x64__8wekyb3d8bbwe",
		"CurrentStatus":0,
		"DesiredStatus":32,
		"User":"S-1-5-21-1421159008-4270732973-2479707347-1000"
	},
	{
		"Rule level":"medium",
		"title":"Certificate Private Key Acquired",
		"sigma_yml":"win_capi2_acquire_certificate_private_key.yml",
		"description":"Detects when an application acquires a certificate private key",
		"row_id":7349,
		"Channel":"Microsoft-Windows-AppModel-Runtime/Admin",
		"Computer":"DESKTOP-47I4RLN",
		"EventID":70,
		"EventRecordID":409,
		"ProcessID":5516,
		"ThreadID":4960,
		"Keywords":"0x2000000000000001",
		"Level":4,
		"Opcode":0,
		"Guid":"F1EF270A-0D32-4352-BA52-DBAB41E1D859",
		"Provider_Name":"Microsoft-Windows-AppModel-Runtime",
		"UserID":"S-1-5-18",
		"Task":0,
		"SystemTime":"2024-10-01T15:55:10.643535Z",
		"Version":0,
		"OriginalLogfile":"Microsoft-Windows-AppModel-Runtime%4Admin.evtx-ENZVIVNQ.json",
		"ActivityID":"A7FD8A1E-1408-0001-0048-FEA70814DB01",
		"PackageFullName":"Microsoft.WindowsCalculator_10.1906.55.0_x64__8wekyb3d8bbwe",
		"CurrentStatus":0,
		"DesiredStatus":32,
		"User":"S-1-5-21-1421159008-4270732973-2479707347-1000"
	},
	{
		"Rule level":"medium",
		"title":"Certificate Private Key Acquired",
		"sigma_yml":"win_capi2_acquire_certificate_private_key.yml",
		"description":"Detects when an application acquires a certificate private key",
		"row_id":7350,
		"Channel":"Microsoft-Windows-AppModel-Runtime/Admin",
		"Computer":"DESKTOP-47I4RLN",
		"EventID":70,
		"EventRecordID":410,
		"ProcessID":5516,
		"ThreadID":4960,
		"Keywords":"0x2000000000000001",
		"Level":4,
		"Opcode":0,
		"Guid":"F1EF270A-0D32-4352-BA52-DBAB41E1D859",
		"Provider_Name":"Microsoft-Windows-AppModel-Runtime",
		"UserID":"S-1-5-18",
		"Task":0,
		"SystemTime":"2024-10-01T15:55:10.643703Z",
		"Version":0,
		"OriginalLogfile":"Microsoft-Windows-AppModel-Runtime%4Admin.evtx-ENZVIVNQ.json",
		"ActivityID":"A7FD8A1E-1408-0001-0048-FEA70814DB01",
		"PackageFullName":"Microsoft.WindowsCamera_2018.826.98.0_x64__8wekyb3d8bbwe",
		"CurrentStatus":0,
		"DesiredStatus":32,
		"User":"S-1-5-21-1421159008-4270732973-2479707347-1000"
	},
	{
		"Rule level":"medium",
		"title":"Certificate Private Key Acquired",
		"sigma_yml":"win_capi2_acquire_certificate_private_key.yml",
		"description":"Detects when an application acquires a certificate private key",
		"row_id":7351,
		"Channel":"Microsoft-Windows-AppModel-Runtime/Admin",
		"Computer":"DESKTOP-47I4RLN",
		"EventID":70,
		"EventRecordID":411,
		"ProcessID":5516,
		"ThreadID":4960,
		"Keywords":"0x2000000000000001",
		"Level":4,
		"Opcode":0,
		"Guid":"F1EF270A-0D32-4352-BA52-DBAB41E1D859",
		"Provider_Name":"Microsoft-Windows-AppModel-Runtime",
		"UserID":"S-1-5-18",
		"Task":0,
		"SystemTime":"2024-10-01T15:55:10.643886Z",
		"Version":0,
		"OriginalLogfile":"Microsoft-Windows-AppModel-Runtime%4Admin.evtx-ENZVIVNQ.json",
		"ActivityID":"A7FD8A1E-1408-0001-0048-FEA70814DB01",
		"PackageFullName":"microsoft.windowscommunicationsapps_16005.11629.20316.0_x64__8wekyb3d8bbwe",
		"CurrentStatus":0,
		"DesiredStatus":32,
		"User":"S-1-5-21-1421159008-4270732973-2479707347-1000"
	},
	{
		"Rule level":"medium",
		"title":"Certificate Private Key Acquired",
		"sigma_yml":"win_capi2_acquire_certificate_private_key.yml",
		"description":"Detects when an application acquires a certificate private key",
		"row_id":7352,
		"Channel":"Microsoft-Windows-AppModel-Runtime/Admin",
		"Computer":"DESKTOP-47I4RLN",
		"EventID":70,
		"EventRecordID":412,
		"ProcessID":5516,
		"ThreadID":4960,
		"Keywords":"0x2000000000000001",
		"Level":4,
		"Opcode":0,
		"Guid":"F1EF270A-0D32-4352-BA52-DBAB41E1D859",
		"Provider_Name":"Microsoft-Windows-AppModel-Runtime",
		"UserID":"S-1-5-18",
		"Task":0,
		"SystemTime":"2024-10-01T15:55:10.644053Z",
		"Version":0,
		"OriginalLogfile":"Microsoft-Windows-AppModel-Runtime%4Admin.evtx-ENZVIVNQ.json",
		"ActivityID":"A7FD8A1E-1408-0001-0048-FEA70814DB01",
		"PackageFullName":"Microsoft.WindowsFeedbackHub_1.1907.3152.0_x64__8wekyb3d8bbwe",
		"CurrentStatus":0,
		"DesiredStatus":32,
		"User":"S-1-5-21-1421159008-4270732973-2479707347-1000"
	},
