	{
		"Rule level":"low",
		"title":"Windows Firewall Settings Have Been Changed",
		"sigma_yml":"win_firewall_as_setting_change.yml",
		"description":"Detects activity when the settings of the Windows firewall have been changed",
		"row_id":6474,
		"Channel":"Microsoft-Windows-Windows Firewall With Advanced Security/Firewall",
		"Computer":"DESKTOP-47I4RLN",
		"EventID":2002,
		"EventRecordID":415,
		"ProcessID":2604,
		"ThreadID":7376,
		"Keywords":"0x8000000000000000",
		"Level":4,
		"Opcode":0,
		"Guid":"D1BC9AFF-2ABF-4D71-9146-ECB2A986EB85",
		"Provider_Name":"Microsoft-Windows-Windows Firewall With Advanced Security",
		"UserID":"S-1-5-19",
		"Task":0,
		"SystemTime":"2024-10-01T13:56:44.192220Z",
		"Version":0,
		"OriginalLogfile":"Microsoft-Windows-Windows Firewall With Advanced Security%4Firewall.evtx-C1M32OQS.json",
		"ModifyingUser":"S-1-5-80-3088073201-1464728630-1879813800-1107566885-823218052",
		"Origin":1,
		"SettingType":2,
		"SettingValue":"04000000",
		"SettingValueDisplay":"Public",
		"SettingValueSize":4
	},
	{
		"Rule level":"low",
		"title":"Windows Firewall Settings Have Been Changed",
		"sigma_yml":"win_firewall_as_setting_change.yml",
		"description":"Detects activity when the settings of the Windows firewall have been changed",
		"row_id":6476,
		"Channel":"Microsoft-Windows-Windows Firewall With Advanced Security/Firewall",
		"Computer":"DESKTOP-47I4RLN",
		"EventID":2002,
		"EventRecordID":417,
		"ProcessID":2604,
		"ThreadID":3360,
		"Keywords":"0x8000000000000000",
		"Level":4,
		"Opcode":0,
		"Guid":"D1BC9AFF-2ABF-4D71-9146-ECB2A986EB85",
		"Provider_Name":"Microsoft-Windows-Windows Firewall With Advanced Security",
		"UserID":"S-1-5-19",
		"Task":0,
		"SystemTime":"2024-10-01T13:56:44.464002Z",
		"Version":0,
		"OriginalLogfile":"Microsoft-Windows-Windows Firewall With Advanced Security%4Firewall.evtx-C1M32OQS.json",
		"ModifyingUser":"S-1-5-80-3088073201-1464728630-1879813800-1107566885-823218052",
		"Origin":1,
		"SettingType":2,
		"SettingValue":"02000000",
		"SettingValueDisplay":"Private",
		"SettingValueSize":4
	},
	{
		"Rule level":"low",
		"title":"Windows Firewall Settings Have Been Changed",
		"sigma_yml":"win_firewall_as_setting_change.yml",
		"description":"Detects activity when the settings of the Windows firewall have been changed",
		"row_id":6478,
		"Channel":"Microsoft-Windows-Windows Firewall With Advanced Security/Firewall",
		"Computer":"DESKTOP-47I4RLN",
		"EventID":2002,
		"EventRecordID":419,
		"ProcessID":2604,
		"ThreadID":8524,
		"Keywords":"0x8000000000000000",
		"Level":4,
		"Opcode":0,
		"Guid":"D1BC9AFF-2ABF-4D71-9146-ECB2A986EB85",
		"Provider_Name":"Microsoft-Windows-Windows Firewall With Advanced Security",
		"UserID":"S-1-5-19",
		"Task":0,
		"SystemTime":"2024-10-01T14:13:32.211795Z",
		"Version":0,
		"OriginalLogfile":"Microsoft-Windows-Windows Firewall With Advanced Security%4Firewall.evtx-C1M32OQS.json",
		"ModifyingUser":"S-1-5-80-3088073201-1464728630-1879813800-1107566885-823218052",
		"Origin":1,
		"SettingType":2,
		"SettingValue":"04000000",
		"SettingValueDisplay":"Public",
		"SettingValueSize":4
	},
	{
		"Rule level":"low",
		"title":"Windows Firewall Settings Have Been Changed",
		"sigma_yml":"win_firewall_as_setting_change.yml",
		"description":"Detects activity when the settings of the Windows firewall have been changed",
		"row_id":6481,
		"Channel":"Microsoft-Windows-Windows Firewall With Advanced Security/Firewall",
		"Computer":"DESKTOP-47I4RLN",
		"EventID":2002,
		"EventRecordID":422,
		"ProcessID":2604,
		"ThreadID":9100,
		"Keywords":"0x8000000000000000",
		"Level":4,
		"Opcode":0,
		"Guid":"D1BC9AFF-2ABF-4D71-9146-ECB2A986EB85",
		"Provider_Name":"Microsoft-Windows-Windows Firewall With Advanced Security",
		"UserID":"S-1-5-19",
		"Task":0,
		"SystemTime":"2024-10-01T14:13:37.405169Z",
		"Version":0,
		"OriginalLogfile":"Microsoft-Windows-Windows Firewall With Advanced Security%4Firewall.evtx-C1M32OQS.json",
		"ModifyingUser":"S-1-5-80-3088073201-1464728630-1879813800-1107566885-823218052",
		"Origin":1,
		"SettingType":2,
		"SettingValue":"02000000",
		"SettingValueDisplay":"Private",
		"SettingValueSize":4
	},
	{
		"Rule level":"low",
		"title":"Windows Firewall Settings Have Been Changed",
		"sigma_yml":"win_firewall_as_setting_change.yml",
		"description":"Detects activity when the settings of the Windows firewall have been changed",
		"row_id":6483,
		"Channel":"Microsoft-Windows-Windows Firewall With Advanced Security/Firewall",
		"Computer":"DESKTOP-47I4RLN",
		"EventID":2002,
		"EventRecordID":424,
		"ProcessID":2604,
		"ThreadID":8616,
		"Keywords":"0x8000000000000000",
		"Level":4,
		"Opcode":0,
		"Guid":"D1BC9AFF-2ABF-4D71-9146-ECB2A986EB85",
		"Provider_Name":"Microsoft-Windows-Windows Firewall With Advanced Security",
		"UserID":"S-1-5-19",
		"Task":0,
		"SystemTime":"2024-10-01T15:06:56.180464Z",
		"Version":0,
		"OriginalLogfile":"Microsoft-Windows-Windows Firewall With Advanced Security%4Firewall.evtx-C1M32OQS.json",
		"ModifyingUser":"S-1-5-80-3088073201-1464728630-1879813800-1107566885-823218052",
		"Origin":1,
		"SettingType":2,
		"SettingValue":"04000000",
		"SettingValueDisplay":"Public",
		"SettingValueSize":4
	},
	{
		"Rule level":"low",
		"title":"Windows Firewall Settings Have Been Changed",
		"sigma_yml":"win_firewall_as_setting_change.yml",
		"description":"Detects activity when the settings of the Windows firewall have been changed",
		"row_id":6486,
		"Channel":"Microsoft-Windows-Windows Firewall With Advanced Security/Firewall",
		"Computer":"DESKTOP-47I4RLN",
		"EventID":2002,
		"EventRecordID":427,
		"ProcessID":2604,
		"ThreadID":8616,
		"Keywords":"0x8000000000000000",
		"Level":4,
		"Opcode":0,
		"Guid":"D1BC9AFF-2ABF-4D71-9146-ECB2A986EB85",
		"Provider_Name":"Microsoft-Windows-Windows Firewall With Advanced Security",
		"UserID":"S-1-5-19",
		"Task":0,
		"SystemTime":"2024-10-01T15:07:01.367063Z",
		"Version":0,
		"OriginalLogfile":"Microsoft-Windows-Windows Firewall With Advanced Security%4Firewall.evtx-C1M32OQS.json",
		"ModifyingUser":"S-1-5-80-3088073201-1464728630-1879813800-1107566885-823218052",
		"Origin":1,
		"SettingType":2,
		"SettingValue":"02000000",
		"SettingValueDisplay":"Private",
		"SettingValueSize":4
	},
	{
		"Rule level":"low",
		"title":"Windows Firewall Settings Have Been Changed",
		"sigma_yml":"win_firewall_as_setting_change.yml",
		"description":"Detects activity when the settings of the Windows firewall have been changed",
		"row_id":6524,
		"Channel":"Microsoft-Windows-Windows Firewall With Advanced Security/Firewall",
		"Computer":"DESKTOP-47I4RLN",
		"EventID":2002,
		"EventRecordID":465,
		"ProcessID":2604,
		"ThreadID":9008,
		"Keywords":"0x8000000000000000",
		"Level":4,
		"Opcode":0,
		"Guid":"D1BC9AFF-2ABF-4D71-9146-ECB2A986EB85",
		"Provider_Name":"Microsoft-Windows-Windows Firewall With Advanced Security",
		"UserID":"S-1-5-19",
		"Task":0,
		"SystemTime":"2024-10-01T16:00:45.172796Z",
		"Version":0,
		"OriginalLogfile":"Microsoft-Windows-Windows Firewall With Advanced Security%4Firewall.evtx-C1M32OQS.json",
		"ModifyingUser":"S-1-5-80-3088073201-1464728630-1879813800-1107566885-823218052",
		"Origin":1,
		"SettingType":2,
		"SettingValue":"04000000",
		"SettingValueDisplay":"Public",
		"SettingValueSize":4
	},
	{
		"Rule level":"low",
		"title":"Windows Firewall Settings Have Been Changed",
		"sigma_yml":"win_firewall_as_setting_change.yml",
		"description":"Detects activity when the settings of the Windows firewall have been changed",
		"row_id":6527,
		"Channel":"Microsoft-Windows-Windows Firewall With Advanced Security/Firewall",
		"Computer":"DESKTOP-47I4RLN",
		"EventID":2002,
		"EventRecordID":468,
		"ProcessID":2604,
		"ThreadID":940,
		"Keywords":"0x8000000000000000",
		"Level":4,
		"Opcode":0,
		"Guid":"D1BC9AFF-2ABF-4D71-9146-ECB2A986EB85",
		"Provider_Name":"Microsoft-Windows-Windows Firewall With Advanced Security",
		"UserID":"S-1-5-19",
		"Task":0,
		"SystemTime":"2024-10-01T16:00:50.439596Z",
		"Version":0,
		"OriginalLogfile":"Microsoft-Windows-Windows Firewall With Advanced Security%4Firewall.evtx-C1M32OQS.json",
		"ModifyingUser":"S-1-5-80-3088073201-1464728630-1879813800-1107566885-823218052",
		"Origin":1,
		"SettingType":2,
		"SettingValue":"02000000",
		"SettingValueDisplay":"Private",
		"SettingValueSize":4
	},
	{
		"Rule level":"low",
		"title":"Windows Firewall Settings Have Been Changed",
		"sigma_yml":"win_firewall_as_setting_change.yml",
		"description":"Detects activity when the settings of the Windows firewall have been changed",
		"row_id":6757,
		"Channel":"Microsoft-Windows-Windows Firewall With Advanced Security/Firewall",
		"Computer":"DESKTOP-47I4RLN",
		"EventID":2002,
		"EventRecordID":698,
		"ProcessID":2604,
		"ThreadID":4788,
		"Keywords":"0x8000000000000000",
		"Level":4,
		"Opcode":0,
		"Guid":"D1BC9AFF-2ABF-4D71-9146-ECB2A986EB85",
		"Provider_Name":"Microsoft-Windows-Windows Firewall With Advanced Security",
		"UserID":"S-1-5-19",
		"Task":0,
		"SystemTime":"2024-10-01T16:27:19.752484Z",
		"Version":0,
		"OriginalLogfile":"Microsoft-Windows-Windows Firewall With Advanced Security%4Firewall.evtx-C1M32OQS.json",
		"ModifyingUser":"S-1-5-80-3088073201-1464728630-1879813800-1107566885-823218052",
		"Origin":1,
		"SettingType":2,
		"SettingValue":"04000000",
		"SettingValueDisplay":"Public",
		"SettingValueSize":4
	},
	{
		"Rule level":"low",
		"title":"Windows Firewall Settings Have Been Changed",
		"sigma_yml":"win_firewall_as_setting_change.yml",
		"description":"Detects activity when the settings of the Windows firewall have been changed",
		"row_id":6761,
		"Channel":"Microsoft-Windows-Windows Firewall With Advanced Security/Firewall",
		"Computer":"DESKTOP-47I4RLN",
		"EventID":2002,
		"EventRecordID":702,
		"ProcessID":2272,
		"ThreadID":3884,
		"Keywords":"0x8000000000000000",
		"Level":4,
		"Opcode":0,
		"Guid":"D1BC9AFF-2ABF-4D71-9146-ECB2A986EB85",
		"Provider_Name":"Microsoft-Windows-Windows Firewall With Advanced Security",
		"UserID":"S-1-5-19",
		"Task":0,
		"SystemTime":"2024-10-01T16:27:38.732423Z",
		"Version":0,
		"OriginalLogfile":"Microsoft-Windows-Windows Firewall With Advanced Security%4Firewall.evtx-C1M32OQS.json",
		"ModifyingUser":"S-1-5-80-3088073201-1464728630-1879813800-1107566885-823218052",
		"Origin":1,
		"SettingType":2,
		"SettingValue":"02000000",
		"SettingValueDisplay":"Private",
		"SettingValueSize":4
	},
	{
		"Rule level":"high",
		"title":"Windows Defender Real-time Protection Disabled",
		"sigma_yml":"win_defender_real_time_protection_disabled.yml",
		"description":"Detects disabling of Windows Defender Real-time Protection. As this event doesn\u0027t contain a lot of information on who initaited this action you might want to reduce it to a \"medium\" level if this occurs too many times in your environment\n",
		"row_id":28409,
		"Channel":"Microsoft-Windows-Windows Defender/Operational",
		"Computer":"DESKTOP-47I4RLN",
		"EventID":5001,
		"EventRecordID":139,
		"ProcessID":7196,
		"ThreadID":8892,
		"Keywords":"0x8000000000000000",
		"Level":4,
		"Opcode":0,
		"Guid":"11CD958A-C507-4EF3-B3F2-5FD9DFBD2C78",
		"Provider_Name":"Microsoft-Windows-Windows Defender",
		"UserID":"S-1-5-18",
		"Task":0,
		"SystemTime":"2024-10-01T18:37:04.124052Z",
		"Version":0,
		"OriginalLogfile":"Microsoft-Windows-Windows Defender%4Operational.evtx-BFUNGYVC.json",
		"ProductName":"Microsoft Defender Antivirus",
		"ProductVersion":"4.18.24080.9"
	},
	{
		"Rule level":"high",
		"title":"Windows Defender Real-time Protection Disabled",
		"sigma_yml":"win_defender_real_time_protection_disabled.yml",
		"description":"Detects disabling of Windows Defender Real-time Protection. As this event doesn\u0027t contain a lot of information on who initaited this action you might want to reduce it to a \"medium\" level if this occurs too many times in your environment\n",
		"row_id":28418,
		"Channel":"Microsoft-Windows-Windows Defender/Operational",
		"Computer":"DESKTOP-47I4RLN",
		"EventID":5001,
		"EventRecordID":148,
		"ProcessID":7196,
		"ThreadID":8932,
		"Keywords":"0x8000000000000000",
		"Level":4,
		"Opcode":0,
		"Guid":"11CD958A-C507-4EF3-B3F2-5FD9DFBD2C78",
		"Provider_Name":"Microsoft-Windows-Windows Defender",
		"UserID":"S-1-5-18",
		"Task":0,
		"SystemTime":"2024-10-01T18:37:59.416315Z",
		"Version":0,
		"OriginalLogfile":"Microsoft-Windows-Windows Defender%4Operational.evtx-BFUNGYVC.json",
		"ProductName":"Microsoft Defender Antivirus",
		"ProductVersion":"4.18.24080.9"
	},
	{
		"Rule level":"high",
		"title":"Windows Defender Real-time Protection Disabled",
		"sigma_yml":"win_defender_real_time_protection_disabled.yml",
		"description":"Detects disabling of Windows Defender Real-time Protection. As this event doesn\u0027t contain a lot of information on who initaited this action you might want to reduce it to a \"medium\" level if this occurs too many times in your environment\n",
		"row_id":28427,
		"Channel":"Microsoft-Windows-Windows Defender/Operational",
		"Computer":"DESKTOP-47I4RLN",
		"EventID":5001,
		"EventRecordID":157,
		"ProcessID":7196,
		"ThreadID":8116,
		"Keywords":"0x8000000000000000",
		"Level":4,
		"Opcode":0,
		"Guid":"11CD958A-C507-4EF3-B3F2-5FD9DFBD2C78",
		"Provider_Name":"Microsoft-Windows-Windows Defender",
		"UserID":"S-1-5-18",
		"Task":0,
		"SystemTime":"2024-10-01T18:39:07.444959Z",
		"Version":0,
		"OriginalLogfile":"Microsoft-Windows-Windows Defender%4Operational.evtx-BFUNGYVC.json",
		"ProductName":"Microsoft Defender Antivirus",
		"ProductVersion":"4.18.24080.9"
	},
	{
		"Rule level":"medium",
		"title":"Windows Defender Exclusions Added",
		"sigma_yml":"win_defender_config_change_exclusion_added.yml",
		"description":"Detects the Setting of Windows Defender Exclusions",
		"row_id":28387,
		"Channel":"Microsoft-Windows-Windows Defender/Operational",
		"Computer":"DESKTOP-47I4RLN",
		"EventID":5007,
		"EventRecordID":117,
		"ProcessID":7196,
		"ThreadID":4528,
		"Keywords":"0x8000000000000000",
		"Level":4,
		"Opcode":0,
		"Guid":"11CD958A-C507-4EF3-B3F2-5FD9DFBD2C78",
		"Provider_Name":"Microsoft-Windows-Windows Defender",
		"UserID":"S-1-5-18",
		"Task":0,
		"SystemTime":"2024-10-01T18:35:04.599418Z",
		"Version":0,
		"OriginalLogfile":"Microsoft-Windows-Windows Defender%4Operational.evtx-BFUNGYVC.json",
		"ProductName":"Microsoft Defender Antivirus",
		"NewValue":"HKLM\\SOFTWARE\\Microsoft\\Windows Defender\\Exclusions\\TemporaryPaths\\\\\\?\\C:\\Users\\dfir\\Downloads\\cobalt.exe = 0x4",
		"ProductVersion":"4.18.24080.9"
	},
	{
		"Rule level":"medium",
		"title":"Windows Defender Exclusions Added",
		"sigma_yml":"win_defender_config_change_exclusion_added.yml",
		"description":"Detects the Setting of Windows Defender Exclusions",
		"row_id":28400,
		"Channel":"Microsoft-Windows-Windows Defender/Operational",
		"Computer":"DESKTOP-47I4RLN",
		"EventID":5007,
		"EventRecordID":130,
		"ProcessID":7196,
		"ThreadID":6892,
		"Keywords":"0x8000000000000000",
		"Level":4,
		"Opcode":0,
		"Guid":"11CD958A-C507-4EF3-B3F2-5FD9DFBD2C78",
		"Provider_Name":"Microsoft-Windows-Windows Defender",
		"UserID":"S-1-5-18",
		"Task":0,
		"SystemTime":"2024-10-01T18:36:20.719484Z",
		"Version":0,
		"OriginalLogfile":"Microsoft-Windows-Windows Defender%4Operational.evtx-BFUNGYVC.json",
		"ProductName":"Microsoft Defender Antivirus",
		"NewValue":"HKLM\\SOFTWARE\\Microsoft\\Windows Defender\\Exclusions\\TemporaryPaths\\\\\\?\\C:\\Users\\dfir\\Downloads\\2c7aeac07ce7f03b74952e0e243bd52f2bfa60fadc92dd71a6a1fee2d14cdd77.exe = 0x4",
		"ProductVersion":"4.18.24080.9"
	},
	{
		"Rule level":"medium",
		"title":"Windows Defender Exclusions Added",
		"sigma_yml":"win_defender_config_change_exclusion_added.yml",
		"description":"Detects the Setting of Windows Defender Exclusions",
		"row_id":28420,
		"Channel":"Microsoft-Windows-Windows Defender/Operational",
		"Computer":"DESKTOP-47I4RLN",
		"EventID":5007,
		"EventRecordID":150,
		"ProcessID":7196,
		"ThreadID":8892,
		"Keywords":"0x8000000000000000",
		"Level":4,
		"Opcode":0,
		"Guid":"11CD958A-C507-4EF3-B3F2-5FD9DFBD2C78",
		"Provider_Name":"Microsoft-Windows-Windows Defender",
		"UserID":"S-1-5-18",
		"Task":0,
		"SystemTime":"2024-10-01T18:38:15.182054Z",
		"Version":0,
		"OriginalLogfile":"Microsoft-Windows-Windows Defender%4Operational.evtx-BFUNGYVC.json",
		"ProductName":"Microsoft Defender Antivirus",
		"NewValue":"HKLM\\SOFTWARE\\Microsoft\\Windows Defender\\Exclusions\\TemporaryPaths\\\\\\?\\C:\\Users\\dfir\\Downloads\\trickbot\\81c734c21b5e15837d01c9766094bc4ffce0e3dc6b04c15e0bc1286d61897dc7.exe = 0x4",
		"ProductVersion":"4.18.24080.9"
	},
	{
		"Rule level":"high",
		"title":"Win Defender Restored Quarantine File",
		"sigma_yml":"win_defender_restored_quarantine_file.yml",
		"description":"Detects the restoration of files from the defender quarantine",
		"row_id":28388,
		"Channel":"Microsoft-Windows-Windows Defender/Operational",
		"Computer":"DESKTOP-47I4RLN",
		"EventID":1009,
		"EventRecordID":118,
		"ProcessID":7196,
		"ThreadID":8932,
		"Keywords":"0x8000000000000000",
		"Level":4,
		"Opcode":0,
		"Guid":"11CD958A-C507-4EF3-B3F2-5FD9DFBD2C78",
		"Provider_Name":"Microsoft-Windows-Windows Defender",
		"UserID":"S-1-5-18",
		"Task":0,
		"SystemTime":"2024-10-01T18:35:05.171130Z",
		"Version":0,
		"OriginalLogfile":"Microsoft-Windows-Windows Defender%4Operational.evtx-BFUNGYVC.json",
		"ActivityID":"52AB6F59-049C-424A-9630-2126DB73C8F8",
		"Path":"file:_C:\\Users\\dfir\\Downloads\\cobalt.exe",
		"User":"dfir",
		"ProductName":"Microsoft Defender Antivirus",
		"ProductVersion":"4.18.24080.9",
		"Engineversion":"1.1.24080.9",
		"Securityintelligenceversion":"AV: 1.419.298.0, AS: 1.419.298.0",
		"Domain":"DESKTOP-47I4RLN",
		"SID":"S-1-5-21-1421159008-4270732973-2479707347-1000",
		"CategoryID":"6",
		"CategoryName":"Backdoor",
		"FWLink":"https://go.microsoft.com/fwlink/?linkid=37020\u0026name=Backdoor:Win64/CobaltStrike!pz\u0026threatid=2147894794\u0026enterprise=0",
		"SeverityID":"5",
		"SeverityName":"Severe",
		"ThreatID":"2147894794",
		"ThreatName":"Backdoor:Win64/CobaltStrike!pz"
	},
	{
		"Rule level":"high",
		"title":"Win Defender Restored Quarantine File",
		"sigma_yml":"win_defender_restored_quarantine_file.yml",
		"description":"Detects the restoration of files from the defender quarantine",
		"row_id":28401,
		"Channel":"Microsoft-Windows-Windows Defender/Operational",
		"Computer":"DESKTOP-47I4RLN",
		"EventID":1009,
		"EventRecordID":131,
		"ProcessID":7196,
		"ThreadID":1116,
		"Keywords":"0x8000000000000000",
		"Level":4,
		"Opcode":0,
		"Guid":"11CD958A-C507-4EF3-B3F2-5FD9DFBD2C78",
		"Provider_Name":"Microsoft-Windows-Windows Defender",
		"UserID":"S-1-5-18",
		"Task":0,
		"SystemTime":"2024-10-01T18:36:21.341031Z",
		"Version":0,
		"OriginalLogfile":"Microsoft-Windows-Windows Defender%4Operational.evtx-BFUNGYVC.json",
		"ActivityID":"0A2614F2-42AB-4206-9418-7E1624230A70",
		"Path":"file:_C:\\Users\\dfir\\Downloads\\2c7aeac07ce7f03b74952e0e243bd52f2bfa60fadc92dd71a6a1fee2d14cdd77.exe",
		"User":"dfir",
		"ProductName":"Microsoft Defender Antivirus",
		"ProductVersion":"4.18.24080.9",
		"Engineversion":"1.1.24080.9",
		"Securityintelligenceversion":"AV: 1.419.298.0, AS: 1.419.298.0",
		"Domain":"DESKTOP-47I4RLN",
		"SID":"S-1-5-21-1421159008-4270732973-2479707347-1000",
		"CategoryID":"50",
		"CategoryName":"Ransomware",
		"FWLink":"https://go.microsoft.com/fwlink/?linkid=37020\u0026name=Ransom:Win64/Akira.ZA!MTB\u0026threatid=2147904750\u0026enterprise=0",
		"SeverityID":"5",
		"SeverityName":"Severe",
		"ThreatID":"2147904750",
		"ThreatName":"Ransom:Win64/Akira.ZA!MTB"
	},
	{
		"Rule level":"high",
		"title":"Win Defender Restored Quarantine File",
		"sigma_yml":"win_defender_restored_quarantine_file.yml",
		"description":"Detects the restoration of files from the defender quarantine",
		"row_id":28421,
		"Channel":"Microsoft-Windows-Windows Defender/Operational",
		"Computer":"DESKTOP-47I4RLN",
		"EventID":1009,
		"EventRecordID":151,
		"ProcessID":7196,
		"ThreadID":6892,
		"Keywords":"0x8000000000000000",
		"Level":4,
		"Opcode":0,
		"Guid":"11CD958A-C507-4EF3-B3F2-5FD9DFBD2C78",
		"Provider_Name":"Microsoft-Windows-Windows Defender",
		"UserID":"S-1-5-18",
		"Task":0,
		"SystemTime":"2024-10-01T18:38:15.714131Z",
		"Version":0,
		"OriginalLogfile":"Microsoft-Windows-Windows Defender%4Operational.evtx-BFUNGYVC.json",
		"ActivityID":"93054DEB-C32B-4BE1-AD31-9D41C0B17F8B",
		"Path":"file:_C:\\Users\\dfir\\Downloads\\trickbot\\81c734c21b5e15837d01c9766094bc4ffce0e3dc6b04c15e0bc1286d61897dc7.exe",
		"User":"dfir",
		"ProductName":"Microsoft Defender Antivirus",
		"ProductVersion":"4.18.24080.9",
		"Engineversion":"1.1.24080.9",
		"Securityintelligenceversion":"AV: 1.419.298.0, AS: 1.419.298.0",
		"Domain":"DESKTOP-47I4RLN",
		"SID":"S-1-5-21-1421159008-4270732973-2479707347-1000",
		"CategoryID":"8",
		"CategoryName":"Trojan",
		"FWLink":"https://go.microsoft.com/fwlink/?linkid=37020\u0026name=Trojan:Win32/TrickBot.SB!MTB\u0026threatid=2147733505\u0026enterprise=0",
		"SeverityID":"5",
		"SeverityName":"Severe",
		"ThreatID":"2147733505",
		"ThreatName":"Trojan:Win32/TrickBot.SB!MTB"
	},
	{
		"Rule level":"low",
		"title":"Unauthorized System Time Modification",
		"sigma_yml":"win_security_susp_time_modification.yml",
		"description":"Detect scenarios where a potentially unauthorized application or user is modifying the system time.",
		"row_id":12918,
		"Channel":"Security",
		"Computer":"DESKTOP-47I4RLN",
		"EventID":4616,
		"EventRecordID":201,
		"ProcessID":4,
		"ThreadID":112,
		"Keywords":"0x8020000000000000",
		"Level":0,
		"Opcode":0,
		"Guid":"54849625-5478-4994-A5BA-3E3B0328C30D",
		"Provider_Name":"Microsoft-Windows-Security-Auditing",
		"Task":12288,
		"SystemTime":"2024-10-01T13:46:10.835290Z",
		"Version":1,
		"OriginalLogfile":"Security.evtx-86NAX47W.json",
		"ProcessName":"C:\\Windows\\System32\\rundll32.exe",
		"NewTime":"2024-10-01T13:46:10.835000Z",
		"SubjectDomainName":"WORKGROUP",
		"SubjectLogonId":"0x3e7",
		"SubjectUserName":"WIN-DCQ2TVDRU6N$",
		"SubjectUserSid":"S-1-5-18",
		"PreviousTime":"2024-10-02T06:46:10.835087Z"
	},
];

var CredentialAccessData = [
	{
		"Rule level":"medium",
		"title":"Certificate Private Key Acquired",
		"sigma_yml":"win_capi2_acquire_certificate_private_key.yml",
		"description":"Detects when an application acquires a certificate private key",
		"row_id":6950,
		"Channel":"Microsoft-Windows-AppModel-Runtime/Admin",
		"Computer":"DESKTOP-47I4RLN",
		"EventID":70,
		"EventRecordID":10,
		"ProcessID":1356,
		"ThreadID":508,
		"Keywords":"0x2000000000000001",
		"Level":4,
		"Opcode":0,
		"Guid":"F1EF270A-0D32-4352-BA52-DBAB41E1D859",
		"Provider_Name":"Microsoft-Windows-AppModel-Runtime",
		"UserID":"S-1-5-18",
		"Task":0,
		"SystemTime":"2024-10-01T13:47:29.487625Z",
		"Version":0,
		"OriginalLogfile":"Microsoft-Windows-AppModel-Runtime%4Admin.evtx-ENZVIVNQ.json",
		"ActivityID":"BD9CCF49-1496-0000-FBD3-9CBD9614DB01",
		"PackageFullName":"Microsoft.BioEnrollment_10.0.19041.1023_neutral__cw5n1h2txyewy",
		"CurrentStatus":32,
		"DesiredStatus":0,
		"User":"S-1-5-21-1421159008-4270732973-2479707347-1000"
	},
	{
		"Rule level":"medium",
		"title":"Certificate Private Key Acquired",
		"sigma_yml":"win_capi2_acquire_certificate_private_key.yml",
		"description":"Detects when an application acquires a certificate private key",
		"row_id":6951,
		"Channel":"Microsoft-Windows-AppModel-Runtime/Admin",
		"Computer":"DESKTOP-47I4RLN",
		"EventID":70,
		"EventRecordID":11,
		"ProcessID":1356,
		"ThreadID":2128,
		"Keywords":"0x2000000000000001",
		"Level":4,
		"Opcode":0,
		"Guid":"F1EF270A-0D32-4352-BA52-DBAB41E1D859",
		"Provider_Name":"Microsoft-Windows-AppModel-Runtime",
		"UserID":"S-1-5-18",
		"Task":0,
		"SystemTime":"2024-10-01T13:47:29.490474Z",
		"Version":0,
		"OriginalLogfile":"Microsoft-Windows-AppModel-Runtime%4Admin.evtx-ENZVIVNQ.json",
		"ActivityID":"BD9CCF49-1496-0001-81D4-9CBD9614DB01",
		"PackageFullName":"Microsoft.Windows.CloudExperienceHost_10.0.19041.1266_neutral_neutral_cw5n1h2txyewy",
		"CurrentStatus":32,
		"DesiredStatus":0,
		"User":"S-1-5-21-1421159008-4270732973-2479707347-1000"
	},
	{
		"Rule level":"medium",
		"title":"Certificate Private Key Acquired",
		"sigma_yml":"win_capi2_acquire_certificate_private_key.yml",
		"description":"Detects when an application acquires a certificate private key",
		"row_id":6955,
		"Channel":"Microsoft-Windows-AppModel-Runtime/Admin",
		"Computer":"DESKTOP-47I4RLN",
		"EventID":70,
		"EventRecordID":15,
		"ProcessID":1356,
		"ThreadID":508,
		"Keywords":"0x2000000000000001",
		"Level":4,
		"Opcode":0,
		"Guid":"F1EF270A-0D32-4352-BA52-DBAB41E1D859",
		"Provider_Name":"Microsoft-Windows-AppModel-Runtime",
		"UserID":"S-1-5-18",
		"Task":0,
		"SystemTime":"2024-10-01T13:47:29.890712Z",
		"Version":0,
		"OriginalLogfile":"Microsoft-Windows-AppModel-Runtime%4Admin.evtx-ENZVIVNQ.json",
		"ActivityID":"BD9CCF49-1496-0001-41D5-9CBD9614DB01",
		"PackageFullName":"Microsoft.Windows.OOBENetworkConnectionFlow_10.0.19041.1023_neutral__cw5n1h2txyewy",
		"CurrentStatus":32,
		"DesiredStatus":0,
		"User":"S-1-5-21-1421159008-4270732973-2479707347-1000"
	},
	{
		"Rule level":"medium",
		"title":"Certificate Private Key Acquired",
		"sigma_yml":"win_capi2_acquire_certificate_private_key.yml",
		"description":"Detects when an application acquires a certificate private key",
		"row_id":6960,
		"Channel":"Microsoft-Windows-AppModel-Runtime/Admin",
		"Computer":"DESKTOP-47I4RLN",
		"EventID":70,
		"EventRecordID":20,
		"ProcessID":1356,
		"ThreadID":1572,
		"Keywords":"0x2000000000000001",
		"Level":4,
		"Opcode":0,
		"Guid":"F1EF270A-0D32-4352-BA52-DBAB41E1D859",
		"Provider_Name":"Microsoft-Windows-AppModel-Runtime",
		"UserID":"S-1-5-18",
		"Task":0,
		"SystemTime":"2024-10-01T13:47:30.179632Z",
		"Version":0,
		"OriginalLogfile":"Microsoft-Windows-AppModel-Runtime%4Admin.evtx-ENZVIVNQ.json",
		"ActivityID":"BD9CCF49-1496-0001-37D5-9CBD9614DB01",
		"PackageFullName":"Microsoft.AAD.BrokerPlugin_1000.19041.1023.0_neutral_neutral_cw5n1h2txyewy",
		"CurrentStatus":32,
		"DesiredStatus":0,
		"User":"S-1-5-21-1421159008-4270732973-2479707347-1000"
	},
	{
		"Rule level":"medium",
		"title":"Certificate Private Key Acquired",
		"sigma_yml":"win_capi2_acquire_certificate_private_key.yml",
		"description":"Detects when an application acquires a certificate private key",
		"row_id":6961,
		"Channel":"Microsoft-Windows-AppModel-Runtime/Admin",
		"Computer":"DESKTOP-47I4RLN",
		"EventID":70,
		"EventRecordID":21,
		"ProcessID":1356,
		"ThreadID":508,
		"Keywords":"0x2000000000000001",
		"Level":4,
		"Opcode":0,
		"Guid":"F1EF270A-0D32-4352-BA52-DBAB41E1D859",
		"Provider_Name":"Microsoft-Windows-AppModel-Runtime",
		"UserID":"S-1-5-18",
		"Task":0,
		"SystemTime":"2024-10-01T13:47:30.254636Z",
		"Version":0,
		"OriginalLogfile":"Microsoft-Windows-AppModel-Runtime%4Admin.evtx-ENZVIVNQ.json",
		"ActivityID":"BD9CCF49-1496-0001-94D5-9CBD9614DB01",
		"PackageFullName":"Microsoft.Windows.OOBENetworkCaptivePortal_10.0.19041.1023_neutral__cw5n1h2txyewy",
		"CurrentStatus":32,
		"DesiredStatus":0,
		"User":"S-1-5-21-1421159008-4270732973-2479707347-1000"
	},
	{
		"Rule level":"medium",
		"title":"Certificate Private Key Acquired",
		"sigma_yml":"win_capi2_acquire_certificate_private_key.yml",
		"description":"Detects when an application acquires a certificate private key",
		"row_id":6964,
		"Channel":"Microsoft-Windows-AppModel-Runtime/Admin",
		"Computer":"DESKTOP-47I4RLN",
		"EventID":70,
		"EventRecordID":24,
		"ProcessID":1356,
		"ThreadID":508,
		"Keywords":"0x2000000000000001",
		"Level":4,
		"Opcode":0,
		"Guid":"F1EF270A-0D32-4352-BA52-DBAB41E1D859",
		"Provider_Name":"Microsoft-Windows-AppModel-Runtime",
		"UserID":"S-1-5-18",
		"Task":0,
		"SystemTime":"2024-10-01T13:47:30.843619Z",
		"Version":0,
		"OriginalLogfile":"Microsoft-Windows-AppModel-Runtime%4Admin.evtx-ENZVIVNQ.json",
		"ActivityID":"BD9CCF49-1496-0000-5AD5-9CBD9614DB01",
		"PackageFullName":"MicrosoftWindows.Client.CBS_1000.19041.1000.0_x64__cw5n1h2txyewy",
		"CurrentStatus":32,
		"DesiredStatus":0,
		"User":"S-1-5-21-1421159008-4270732973-2479707347-1000"
	},
	{
		"Rule level":"medium",
		"title":"Certificate Private Key Acquired",
		"sigma_yml":"win_capi2_acquire_certificate_private_key.yml",
		"description":"Detects when an application acquires a certificate private key",
		"row_id":6969,
		"Channel":"Microsoft-Windows-AppModel-Runtime/Admin",
		"Computer":"DESKTOP-47I4RLN",
		"EventID":70,
		"EventRecordID":29,
		"ProcessID":1356,
		"ThreadID":1572,
		"Keywords":"0x2000000000000001",
		"Level":4,
		"Opcode":0,
		"Guid":"F1EF270A-0D32-4352-BA52-DBAB41E1D859",
		"Provider_Name":"Microsoft-Windows-AppModel-Runtime",
		"UserID":"S-1-5-18",
		"Task":0,
		"SystemTime":"2024-10-01T13:47:34.747420Z",
		"Version":0,
		"OriginalLogfile":"Microsoft-Windows-AppModel-Runtime%4Admin.evtx-ENZVIVNQ.json",
		"ActivityID":"BD9CCF49-1496-0001-38D6-9CBD9614DB01",
		"PackageFullName":"MicrosoftWindows.UndockedDevKit_10.0.19041.1023_neutral_neutral_cw5n1h2txyewy",
		"CurrentStatus":32,
		"DesiredStatus":0,
		"User":"S-1-5-21-1421159008-4270732973-2479707347-1000"
	},
	{
		"Rule level":"medium",
		"title":"Certificate Private Key Acquired",
		"sigma_yml":"win_capi2_acquire_certificate_private_key.yml",
		"description":"Detects when an application acquires a certificate private key",
		"row_id":6971,
		"Channel":"Microsoft-Windows-AppModel-Runtime/Admin",
		"Computer":"DESKTOP-47I4RLN",
		"EventID":70,
		"EventRecordID":31,
		"ProcessID":1356,
		"ThreadID":508,
		"Keywords":"0x2000000000000001",
		"Level":4,
		"Opcode":0,
		"Guid":"F1EF270A-0D32-4352-BA52-DBAB41E1D859",
		"Provider_Name":"Microsoft-Windows-AppModel-Runtime",
		"UserID":"S-1-5-18",
		"Task":0,
		"SystemTime":"2024-10-01T13:47:34.992284Z",
		"Version":0,
		"OriginalLogfile":"Microsoft-Windows-AppModel-Runtime%4Admin.evtx-ENZVIVNQ.json",
		"ActivityID":"BD9CCF49-1496-0001-29D8-9CBD9614DB01",
		"PackageFullName":"Microsoft.Windows.StartMenuExperienceHost_10.0.19041.1023_neutral_neutral_cw5n1h2txyewy",
		"CurrentStatus":32,
		"DesiredStatus":0,
		"User":"S-1-5-21-1421159008-4270732973-2479707347-1000"
	},
	{
		"Rule level":"medium",
		"title":"Certificate Private Key Acquired",
		"sigma_yml":"win_capi2_acquire_certificate_private_key.yml",
		"description":"Detects when an application acquires a certificate private key",
		"row_id":6973,
		"Channel":"Microsoft-Windows-AppModel-Runtime/Admin",
		"Computer":"DESKTOP-47I4RLN",
		"EventID":70,
		"EventRecordID":33,
		"ProcessID":1356,
		"ThreadID":1572,
		"Keywords":"0x2000000000000001",
		"Level":4,
		"Opcode":0,
		"Guid":"F1EF270A-0D32-4352-BA52-DBAB41E1D859",
		"Provider_Name":"Microsoft-Windows-AppModel-Runtime",
		"UserID":"S-1-5-18",
		"Task":0,
		"SystemTime":"2024-10-01T13:47:35.250461Z",
		"Version":0,
		"OriginalLogfile":"Microsoft-Windows-AppModel-Runtime%4Admin.evtx-ENZVIVNQ.json",
		"ActivityID":"BD9CCF49-1496-0000-E8D7-9CBD9614DB01",
		"PackageFullName":"Microsoft.Windows.ShellExperienceHost_10.0.19041.1949_neutral_neutral_cw5n1h2txyewy",
		"CurrentStatus":32,
		"DesiredStatus":0,
		"User":"S-1-5-21-1421159008-4270732973-2479707347-1000"
	},
	{
		"Rule level":"medium",
		"title":"Certificate Private Key Acquired",
		"sigma_yml":"win_capi2_acquire_certificate_private_key.yml",
		"description":"Detects when an application acquires a certificate private key",
		"row_id":6987,
		"Channel":"Microsoft-Windows-AppModel-Runtime/Admin",
		"Computer":"DESKTOP-47I4RLN",
		"EventID":70,
		"EventRecordID":47,
		"ProcessID":1356,
		"ThreadID":1572,
		"Keywords":"0x2000000000000001",
		"Level":4,
		"Opcode":0,
		"Guid":"F1EF270A-0D32-4352-BA52-DBAB41E1D859",
		"Provider_Name":"Microsoft-Windows-AppModel-Runtime",
		"UserID":"S-1-5-18",
		"Task":0,
		"SystemTime":"2024-10-01T13:47:36.365028Z",
		"Version":0,
		"OriginalLogfile":"Microsoft-Windows-AppModel-Runtime%4Admin.evtx-ENZVIVNQ.json",
		"ActivityID":"BD9CCF49-1496-0001-B4D8-9CBD9614DB01",
		"PackageFullName":"Microsoft.Windows.Search_1.14.9.19041_neutral_neutral_cw5n1h2txyewy",
		"CurrentStatus":32,
		"DesiredStatus":0,
		"User":"S-1-5-21-1421159008-4270732973-2479707347-1000"
	},
	{
		"Rule level":"medium",
		"title":"Certificate Private Key Acquired",
		"sigma_yml":"win_capi2_acquire_certificate_private_key.yml",
		"description":"Detects when an application acquires a certificate private key",
		"row_id":6988,
		"Channel":"Microsoft-Windows-AppModel-Runtime/Admin",
		"Computer":"DESKTOP-47I4RLN",
		"EventID":70,
		"EventRecordID":48,
		"ProcessID":1356,
		"ThreadID":508,
		"Keywords":"0x2000000000000001",
		"Level":4,
		"Opcode":0,
		"Guid":"F1EF270A-0D32-4352-BA52-DBAB41E1D859",
		"Provider_Name":"Microsoft-Windows-AppModel-Runtime",
		"UserID":"S-1-5-18",
		"Task":0,
		"SystemTime":"2024-10-01T13:47:36.369844Z",
		"Version":0,
		"OriginalLogfile":"Microsoft-Windows-AppModel-Runtime%4Admin.evtx-ENZVIVNQ.json",
		"ActivityID":"BD9CCF49-1496-0001-E0D8-9CBD9614DB01",
		"PackageFullName":"Microsoft.VCLibs.140.00_14.0.27323.0_x64__8wekyb3d8bbwe",
		"CurrentStatus":32,
		"DesiredStatus":0,
		"User":"S-1-5-21-1421159008-4270732973-2479707347-1000"
	},
	{
		"Rule level":"medium",
		"title":"Certificate Private Key Acquired",
		"sigma_yml":"win_capi2_acquire_certificate_private_key.yml",
		"description":"Detects when an application acquires a certificate private key",
		"row_id":6989,
		"Channel":"Microsoft-Windows-AppModel-Runtime/Admin",
		"Computer":"DESKTOP-47I4RLN",
		"EventID":70,
		"EventRecordID":49,
		"ProcessID":1356,
		"ThreadID":508,
		"Keywords":"0x2000000000000001",
		"Level":4,
		"Opcode":0,
		"Guid":"F1EF270A-0D32-4352-BA52-DBAB41E1D859",
		"Provider_Name":"Microsoft-Windows-AppModel-Runtime",
		"UserID":"S-1-5-18",
		"Task":0,
		"SystemTime":"2024-10-01T13:47:36.370039Z",
		"Version":0,
		"OriginalLogfile":"Microsoft-Windows-AppModel-Runtime%4Admin.evtx-ENZVIVNQ.json",
		"ActivityID":"BD9CCF49-1496-0001-E0D8-9CBD9614DB01",
		"PackageFullName":"Microsoft.NET.Native.Runtime.2.2_2.2.27328.0_x64__8wekyb3d8bbwe",
		"CurrentStatus":32,
		"DesiredStatus":0,
		"User":"S-1-5-21-1421159008-4270732973-2479707347-1000"
	},
	{
		"Rule level":"medium",
		"title":"Certificate Private Key Acquired",
		"sigma_yml":"win_capi2_acquire_certificate_private_key.yml",
		"description":"Detects when an application acquires a certificate private key",
		"row_id":6990,
		"Channel":"Microsoft-Windows-AppModel-Runtime/Admin",
		"Computer":"DESKTOP-47I4RLN",
		"EventID":70,
		"EventRecordID":50,
		"ProcessID":1356,
		"ThreadID":508,
		"Keywords":"0x2000000000000001",
		"Level":4,
		"Opcode":0,
		"Guid":"F1EF270A-0D32-4352-BA52-DBAB41E1D859",
		"Provider_Name":"Microsoft-Windows-AppModel-Runtime",
		"UserID":"S-1-5-18",
		"Task":0,
		"SystemTime":"2024-10-01T13:47:36.370246Z",
		"Version":0,
		"OriginalLogfile":"Microsoft-Windows-AppModel-Runtime%4Admin.evtx-ENZVIVNQ.json",
		"ActivityID":"BD9CCF49-1496-0001-E0D8-9CBD9614DB01",
		"PackageFullName":"Microsoft.NET.Native.Framework.2.2_2.2.27405.0_x64__8wekyb3d8bbwe",
		"CurrentStatus":32,
		"DesiredStatus":0,
		"User":"S-1-5-21-1421159008-4270732973-2479707347-1000"
	},
	{
		"Rule level":"medium",
		"title":"Certificate Private Key Acquired",
		"sigma_yml":"win_capi2_acquire_certificate_private_key.yml",
		"description":"Detects when an application acquires a certificate private key",
		"row_id":6991,
		"Channel":"Microsoft-Windows-AppModel-Runtime/Admin",
		"Computer":"DESKTOP-47I4RLN",
		"EventID":70,
		"EventRecordID":51,
		"ProcessID":1356,
		"ThreadID":508,
		"Keywords":"0x2000000000000001",
		"Level":4,
		"Opcode":0,
		"Guid":"F1EF270A-0D32-4352-BA52-DBAB41E1D859",
		"Provider_Name":"Microsoft-Windows-AppModel-Runtime",
		"UserID":"S-1-5-18",
		"Task":0,
		"SystemTime":"2024-10-01T13:47:36.370443Z",
		"Version":0,
		"OriginalLogfile":"Microsoft-Windows-AppModel-Runtime%4Admin.evtx-ENZVIVNQ.json",
		"ActivityID":"BD9CCF49-1496-0001-E0D8-9CBD9614DB01",
		"PackageFullName":"Microsoft.VCLibs.140.00.UWPDesktop_14.0.27629.0_x64__8wekyb3d8bbwe",
		"CurrentStatus":32,
		"DesiredStatus":0,
		"User":"S-1-5-21-1421159008-4270732973-2479707347-1000"
	},
	{
		"Rule level":"medium",
		"title":"Certificate Private Key Acquired",
		"sigma_yml":"win_capi2_acquire_certificate_private_key.yml",
		"description":"Detects when an application acquires a certificate private key",
		"row_id":6992,
		"Channel":"Microsoft-Windows-AppModel-Runtime/Admin",
		"Computer":"DESKTOP-47I4RLN",
		"EventID":70,
		"EventRecordID":52,
		"ProcessID":1356,
		"ThreadID":508,
		"Keywords":"0x2000000000000001",
		"Level":4,
		"Opcode":0,
		"Guid":"F1EF270A-0D32-4352-BA52-DBAB41E1D859",
		"Provider_Name":"Microsoft-Windows-AppModel-Runtime",
		"UserID":"S-1-5-18",
		"Task":0,
		"SystemTime":"2024-10-01T13:47:36.370607Z",
		"Version":0,
		"OriginalLogfile":"Microsoft-Windows-AppModel-Runtime%4Admin.evtx-ENZVIVNQ.json",
		"ActivityID":"BD9CCF49-1496-0001-E0D8-9CBD9614DB01",
		"PackageFullName":"Microsoft.549981C3F5F10_1.1911.21713.0_x64__8wekyb3d8bbwe",
		"CurrentStatus":32,
		"DesiredStatus":0,
		"User":"S-1-5-21-1421159008-4270732973-2479707347-1000"
	},
	{
		"Rule level":"medium",
		"title":"Certificate Private Key Acquired",
		"sigma_yml":"win_capi2_acquire_certificate_private_key.yml",
		"description":"Detects when an application acquires a certificate private key",
		"row_id":6997,
		"Channel":"Microsoft-Windows-AppModel-Runtime/Admin",
		"Computer":"DESKTOP-47I4RLN",
		"EventID":70,
		"EventRecordID":57,
		"ProcessID":1356,
		"ThreadID":2128,
		"Keywords":"0x2000000000000001",
		"Level":4,
		"Opcode":0,
		"Guid":"F1EF270A-0D32-4352-BA52-DBAB41E1D859",
		"Provider_Name":"Microsoft-Windows-AppModel-Runtime",
		"UserID":"S-1-5-18",
		"Task":0,
		"SystemTime":"2024-10-01T13:47:36.794958Z",
		"Version":0,
		"OriginalLogfile":"Microsoft-Windows-AppModel-Runtime%4Admin.evtx-ENZVIVNQ.json",
		"ActivityID":"BD9CCF49-1496-0000-C2D9-9CBD9614DB01",
		"PackageFullName":"Microsoft.Windows.ContentDeliveryManager_10.0.19041.1023_neutral_neutral_cw5n1h2txyewy",
		"CurrentStatus":32,
		"DesiredStatus":0,
		"User":"S-1-5-21-1421159008-4270732973-2479707347-1000"
	},
	{
		"Rule level":"medium",
		"title":"Certificate Private Key Acquired",
		"sigma_yml":"win_capi2_acquire_certificate_private_key.yml",
		"description":"Detects when an application acquires a certificate private key",
		"row_id":6998,
		"Channel":"Microsoft-Windows-AppModel-Runtime/Admin",
		"Computer":"DESKTOP-47I4RLN",
		"EventID":70,
		"EventRecordID":58,
		"ProcessID":1356,
		"ThreadID":1572,
		"Keywords":"0x2000000000000001",
		"Level":4,
		"Opcode":0,
		"Guid":"F1EF270A-0D32-4352-BA52-DBAB41E1D859",
		"Provider_Name":"Microsoft-Windows-AppModel-Runtime",
		"UserID":"S-1-5-18",
		"Task":0,
		"SystemTime":"2024-10-01T13:47:37.052050Z",
		"Version":0,
		"OriginalLogfile":"Microsoft-Windows-AppModel-Runtime%4Admin.evtx-ENZVIVNQ.json",
		"ActivityID":"BD9CCF49-1496-0000-BED9-9CBD9614DB01",
		"PackageFullName":"Microsoft.MicrosoftEdge_44.19041.1266.0_neutral__8wekyb3d8bbwe",
		"CurrentStatus":32,
		"DesiredStatus":0,
		"User":"S-1-5-21-1421159008-4270732973-2479707347-1000"
	},
	{
		"Rule level":"medium",
		"title":"Certificate Private Key Acquired",
		"sigma_yml":"win_capi2_acquire_certificate_private_key.yml",
		"description":"Detects when an application acquires a certificate private key",
		"row_id":6999,
		"Channel":"Microsoft-Windows-AppModel-Runtime/Admin",
		"Computer":"DESKTOP-47I4RLN",
		"EventID":70,
		"EventRecordID":59,
		"ProcessID":1356,
		"ThreadID":1572,
		"Keywords":"0x2000000000000001",
		"Level":4,
		"Opcode":0,
		"Guid":"F1EF270A-0D32-4352-BA52-DBAB41E1D859",
		"Provider_Name":"Microsoft-Windows-AppModel-Runtime",
		"UserID":"S-1-5-18",
		"Task":0,
		"SystemTime":"2024-10-01T13:47:37.877365Z",
		"Version":0,
		"OriginalLogfile":"Microsoft-Windows-AppModel-Runtime%4Admin.evtx-ENZVIVNQ.json",
		"ActivityID":"BD9CCF49-1496-0001-A4DA-9CBD9614DB01",
		"PackageFullName":"1527c705-839a-4832-9118-54d4Bd6a0c89_10.0.19041.1023_neutral_neutral_cw5n1h2txyewy",
		"CurrentStatus":0,
		"DesiredStatus":2048,
		"User":"S-1-5-21-1421159008-4270732973-2479707347-1000"
	},
	{
		"Rule level":"medium",
		"title":"Certificate Private Key Acquired",
		"sigma_yml":"win_capi2_acquire_certificate_private_key.yml",
		"description":"Detects when an application acquires a certificate private key",
		"row_id":7000,
		"Channel":"Microsoft-Windows-AppModel-Runtime/Admin",
		"Computer":"DESKTOP-47I4RLN",
		"EventID":70,
		"EventRecordID":60,
		"ProcessID":1356,
		"ThreadID":1572,
		"Keywords":"0x2000000000000001",
		"Level":4,
		"Opcode":0,
		"Guid":"F1EF270A-0D32-4352-BA52-DBAB41E1D859",
		"Provider_Name":"Microsoft-Windows-AppModel-Runtime",
		"UserID":"S-1-5-18",
		"Task":0,
		"SystemTime":"2024-10-01T13:47:37.878834Z",
		"Version":0,
		"OriginalLogfile":"Microsoft-Windows-AppModel-Runtime%4Admin.evtx-ENZVIVNQ.json",
		"ActivityID":"BD9CCF49-1496-0001-A4DA-9CBD9614DB01",
		"PackageFullName":"c5e2524a-ea46-4f67-841f-6a9465d9d515_10.0.19041.1949_neutral_neutral_cw5n1h2txyewy",
		"CurrentStatus":0,
		"DesiredStatus":2048,
		"User":"S-1-5-21-1421159008-4270732973-2479707347-1000"
	},
	{
		"Rule level":"medium",
		"title":"Certificate Private Key Acquired",
		"sigma_yml":"win_capi2_acquire_certificate_private_key.yml",
		"description":"Detects when an application acquires a certificate private key",
		"row_id":7001,
		"Channel":"Microsoft-Windows-AppModel-Runtime/Admin",
		"Computer":"DESKTOP-47I4RLN",
		"EventID":70,
		"EventRecordID":61,
		"ProcessID":1356,
		"ThreadID":1572,
		"Keywords":"0x2000000000000001",
		"Level":4,
		"Opcode":0,
		"Guid":"F1EF270A-0D32-4352-BA52-DBAB41E1D859",
		"Provider_Name":"Microsoft-Windows-AppModel-Runtime",
		"UserID":"S-1-5-18",
		"Task":0,
		"SystemTime":"2024-10-01T13:47:37.880114Z",
		"Version":0,
		"OriginalLogfile":"Microsoft-Windows-AppModel-Runtime%4Admin.evtx-ENZVIVNQ.json",
		"ActivityID":"BD9CCF49-1496-0001-A4DA-9CBD9614DB01",
		"PackageFullName":"E2A4F912-2574-4A75-9BB0-0D023378592B_10.0.19041.1023_neutral_neutral_cw5n1h2txyewy",
		"CurrentStatus":0,
		"DesiredStatus":2048,
		"User":"S-1-5-21-1421159008-4270732973-2479707347-1000"
	},
	{
		"Rule level":"medium",
		"title":"Certificate Private Key Acquired",
		"sigma_yml":"win_capi2_acquire_certificate_private_key.yml",
		"description":"Detects when an application acquires a certificate private key",
		"row_id":7002,
		"Channel":"Microsoft-Windows-AppModel-Runtime/Admin",
		"Computer":"DESKTOP-47I4RLN",
		"EventID":70,
		"EventRecordID":62,
		"ProcessID":1356,
		"ThreadID":1572,
		"Keywords":"0x2000000000000001",
		"Level":4,
		"Opcode":0,
		"Guid":"F1EF270A-0D32-4352-BA52-DBAB41E1D859",
		"Provider_Name":"Microsoft-Windows-AppModel-Runtime",
		"UserID":"S-1-5-18",
		"Task":0,
		"SystemTime":"2024-10-01T13:47:37.881552Z",
		"Version":0,
		"OriginalLogfile":"Microsoft-Windows-AppModel-Runtime%4Admin.evtx-ENZVIVNQ.json",
		"ActivityID":"BD9CCF49-1496-0001-A4DA-9CBD9614DB01",
		"PackageFullName":"F46D4000-FD22-4DB4-AC8E-4E1DDDE828FE_10.0.19041.1023_neutral_neutral_cw5n1h2txyewy",
		"CurrentStatus":0,
		"DesiredStatus":2048,
		"User":"S-1-5-21-1421159008-4270732973-2479707347-1000"
	},
	{
		"Rule level":"medium",
		"title":"Certificate Private Key Acquired",
		"sigma_yml":"win_capi2_acquire_certificate_private_key.yml",
		"description":"Detects when an application acquires a certificate private key",
		"row_id":7003,
		"Channel":"Microsoft-Windows-AppModel-Runtime/Admin",
		"Computer":"DESKTOP-47I4RLN",
		"EventID":70,
		"EventRecordID":63,
		"ProcessID":1356,
		"ThreadID":1572,
		"Keywords":"0x2000000000000001",
		"Level":4,
		"Opcode":0,
		"Guid":"F1EF270A-0D32-4352-BA52-DBAB41E1D859",
		"Provider_Name":"Microsoft-Windows-AppModel-Runtime",
		"UserID":"S-1-5-18",
		"Task":0,
		"SystemTime":"2024-10-01T13:47:37.884231Z",
		"Version":0,
		"OriginalLogfile":"Microsoft-Windows-AppModel-Runtime%4Admin.evtx-ENZVIVNQ.json",
		"ActivityID":"BD9CCF49-1496-0001-A4DA-9CBD9614DB01",
		"PackageFullName":"Microsoft.AccountsControl_10.0.19041.1023_neutral__cw5n1h2txyewy",
		"CurrentStatus":0,
		"DesiredStatus":2048,
		"User":"S-1-5-21-1421159008-4270732973-2479707347-1000"
	},
	{
		"Rule level":"medium",
		"title":"Certificate Private Key Acquired",
		"sigma_yml":"win_capi2_acquire_certificate_private_key.yml",
		"description":"Detects when an application acquires a certificate private key",
		"row_id":7004,
		"Channel":"Microsoft-Windows-AppModel-Runtime/Admin",
		"Computer":"DESKTOP-47I4RLN",
		"EventID":70,
		"EventRecordID":64,
		"ProcessID":1356,
		"ThreadID":1572,
		"Keywords":"0x2000000000000001",
		"Level":4,
		"Opcode":0,
		"Guid":"F1EF270A-0D32-4352-BA52-DBAB41E1D859",
		"Provider_Name":"Microsoft-Windows-AppModel-Runtime",
		"UserID":"S-1-5-18",
		"Task":0,
		"SystemTime":"2024-10-01T13:47:37.896248Z",
		"Version":0,
		"OriginalLogfile":"Microsoft-Windows-AppModel-Runtime%4Admin.evtx-ENZVIVNQ.json",
		"ActivityID":"BD9CCF49-1496-0001-A4DA-9CBD9614DB01",
		"PackageFullName":"Microsoft.AsyncTextService_10.0.19041.1023_neutral__8wekyb3d8bbwe",
		"CurrentStatus":0,
		"DesiredStatus":2048,
		"User":"S-1-5-21-1421159008-4270732973-2479707347-1000"
	},
	{
		"Rule level":"medium",
		"title":"Certificate Private Key Acquired",
		"sigma_yml":"win_capi2_acquire_certificate_private_key.yml",
		"description":"Detects when an application acquires a certificate private key",
		"row_id":7005,
		"Channel":"Microsoft-Windows-AppModel-Runtime/Admin",
		"Computer":"DESKTOP-47I4RLN",
		"EventID":70,
		"EventRecordID":65,
		"ProcessID":1356,
		"ThreadID":1572,
		"Keywords":"0x2000000000000001",
		"Level":4,
		"Opcode":0,
		"Guid":"F1EF270A-0D32-4352-BA52-DBAB41E1D859",
		"Provider_Name":"Microsoft-Windows-AppModel-Runtime",
		"UserID":"S-1-5-18",
		"Task":0,
		"SystemTime":"2024-10-01T13:47:37.897556Z",
		"Version":0,
		"OriginalLogfile":"Microsoft-Windows-AppModel-Runtime%4Admin.evtx-ENZVIVNQ.json",
		"ActivityID":"BD9CCF49-1496-0001-A4DA-9CBD9614DB01",
		"PackageFullName":"Microsoft.CredDialogHost_10.0.19041.1023_neutral__cw5n1h2txyewy",
		"CurrentStatus":0,
		"DesiredStatus":2048,
		"User":"S-1-5-21-1421159008-4270732973-2479707347-1000"
	},
	{
		"Rule level":"medium",
		"title":"Certificate Private Key Acquired",
		"sigma_yml":"win_capi2_acquire_certificate_private_key.yml",
		"description":"Detects when an application acquires a certificate private key",
		"row_id":7006,
		"Channel":"Microsoft-Windows-AppModel-Runtime/Admin",
		"Computer":"DESKTOP-47I4RLN",
		"EventID":70,
		"EventRecordID":66,
		"ProcessID":1356,
		"ThreadID":1572,
		"Keywords":"0x2000000000000001",
		"Level":4,
		"Opcode":0,
		"Guid":"F1EF270A-0D32-4352-BA52-DBAB41E1D859",
		"Provider_Name":"Microsoft-Windows-AppModel-Runtime",
		"UserID":"S-1-5-18",
		"Task":0,
		"SystemTime":"2024-10-01T13:47:37.899463Z",
		"Version":0,
		"OriginalLogfile":"Microsoft-Windows-AppModel-Runtime%4Admin.evtx-ENZVIVNQ.json",
		"ActivityID":"BD9CCF49-1496-0001-A4DA-9CBD9614DB01",
		"PackageFullName":"Microsoft.ECApp_10.0.19041.1023_neutral__8wekyb3d8bbwe",
		"CurrentStatus":0,
		"DesiredStatus":2048,
		"User":"S-1-5-21-1421159008-4270732973-2479707347-1000"
	},
	{
		"Rule level":"medium",
		"title":"Certificate Private Key Acquired",
		"sigma_yml":"win_capi2_acquire_certificate_private_key.yml",
		"description":"Detects when an application acquires a certificate private key",
		"row_id":7007,
		"Channel":"Microsoft-Windows-AppModel-Runtime/Admin",
		"Computer":"DESKTOP-47I4RLN",
		"EventID":70,
		"EventRecordID":67,
		"ProcessID":1356,
		"ThreadID":1572,
		"Keywords":"0x2000000000000001",
		"Level":4,
		"Opcode":0,
		"Guid":"F1EF270A-0D32-4352-BA52-DBAB41E1D859",
		"Provider_Name":"Microsoft-Windows-AppModel-Runtime",
		"UserID":"S-1-5-18",
		"Task":0,
		"SystemTime":"2024-10-01T13:47:37.901023Z",
		"Version":0,
		"OriginalLogfile":"Microsoft-Windows-AppModel-Runtime%4Admin.evtx-ENZVIVNQ.json",
		"ActivityID":"BD9CCF49-1496-0001-A4DA-9CBD9614DB01",
		"PackageFullName":"Microsoft.LockApp_10.0.19041.1023_neutral__cw5n1h2txyewy",
		"CurrentStatus":0,
		"DesiredStatus":2048,
		"User":"S-1-5-21-1421159008-4270732973-2479707347-1000"
	},
	{
		"Rule level":"medium",
		"title":"Certificate Private Key Acquired",
		"sigma_yml":"win_capi2_acquire_certificate_private_key.yml",
		"description":"Detects when an application acquires a certificate private key",
		"row_id":7008,
		"Channel":"Microsoft-Windows-AppModel-Runtime/Admin",
		"Computer":"DESKTOP-47I4RLN",
		"EventID":70,
		"EventRecordID":68,
		"ProcessID":1356,
		"ThreadID":1572,
		"Keywords":"0x2000000000000001",
		"Level":4,
		"Opcode":0,
		"Guid":"F1EF270A-0D32-4352-BA52-DBAB41E1D859",
		"Provider_Name":"Microsoft-Windows-AppModel-Runtime",
		"UserID":"S-1-5-18",
		"Task":0,
		"SystemTime":"2024-10-01T13:47:37.902361Z",
		"Version":0,
		"OriginalLogfile":"Microsoft-Windows-AppModel-Runtime%4Admin.evtx-ENZVIVNQ.json",
		"ActivityID":"BD9CCF49-1496-0001-A4DA-9CBD9614DB01",
		"PackageFullName":"Microsoft.MicrosoftEdgeDevToolsClient_1000.19041.1023.0_neutral_neutral_8wekyb3d8bbwe",
		"CurrentStatus":0,
		"DesiredStatus":2048,
		"User":"S-1-5-21-1421159008-4270732973-2479707347-1000"
	},
