	{
		"Rule level":"medium",
		"title":"WMI Event Subscription",
		"sigma_yml":"sysmon_wmi_event_subscription.yml",
		"description":"Detects creation of WMI event subscription persistence method",
		"row_id":43383,
		"Channel":"Microsoft-Windows-Provisioning-Diagnostics-Provider/Admin",
		"Computer":"DESKTOP-47I4RLN",
		"EventID":20,
		"EventRecordID":11,
		"ProcessID":3056,
		"ThreadID":3060,
		"Keywords":"0x8000000000000000",
		"Level":4,
		"Opcode":0,
		"Guid":"ED8B9BD3-F66E-4FF2-B86B-75C7925F72A9",
		"Provider_Name":"Microsoft-Windows-Provisioning-Diagnostics-Provider",
		"UserID":"S-1-5-18",
		"Task":0,
		"SystemTime":"2024-10-01T13:46:17.943065Z",
		"Version":0,
		"OriginalLogfile":"Microsoft-Windows-Provisioning-Diagnostics-Provider%4Admin.evtx-7NZF8EZC.json",
		"Message1":"Power.Settings.Button.ppkg",
		"Message2":"{18dcffd4-37d6-4bc6-87e0-4266fdbb8e49}"
	},
	{
		"Rule level":"medium",
		"title":"WMI Event Subscription",
		"sigma_yml":"sysmon_wmi_event_subscription.yml",
		"description":"Detects creation of WMI event subscription persistence method",
		"row_id":43384,
		"Channel":"Microsoft-Windows-Provisioning-Diagnostics-Provider/Admin",
		"Computer":"DESKTOP-47I4RLN",
		"EventID":20,
		"EventRecordID":12,
		"ProcessID":3056,
		"ThreadID":3060,
		"Keywords":"0x8000000000000000",
		"Level":4,
		"Opcode":0,
		"Guid":"ED8B9BD3-F66E-4FF2-B86B-75C7925F72A9",
		"Provider_Name":"Microsoft-Windows-Provisioning-Diagnostics-Provider",
		"UserID":"S-1-5-18",
		"Task":0,
		"SystemTime":"2024-10-01T13:46:17.948404Z",
		"Version":0,
		"OriginalLogfile":"Microsoft-Windows-Provisioning-Diagnostics-Provider%4Admin.evtx-7NZF8EZC.json",
		"Message1":"Power.Settings.Control.ppkg",
		"Message2":"{5f568920-10ad-4dc0-a97e-b78a3255c351}"
	},
	{
		"Rule level":"medium",
		"title":"WMI Event Subscription",
		"sigma_yml":"sysmon_wmi_event_subscription.yml",
		"description":"Detects creation of WMI event subscription persistence method",
		"row_id":43385,
		"Channel":"Microsoft-Windows-Provisioning-Diagnostics-Provider/Admin",
		"Computer":"DESKTOP-47I4RLN",
		"EventID":20,
		"EventRecordID":13,
		"ProcessID":3056,
		"ThreadID":3060,
		"Keywords":"0x8000000000000000",
		"Level":4,
		"Opcode":0,
		"Guid":"ED8B9BD3-F66E-4FF2-B86B-75C7925F72A9",
		"Provider_Name":"Microsoft-Windows-Provisioning-Diagnostics-Provider",
		"UserID":"S-1-5-18",
		"Task":0,
		"SystemTime":"2024-10-01T13:46:17.954621Z",
		"Version":0,
		"OriginalLogfile":"Microsoft-Windows-Provisioning-Diagnostics-Provider%4Admin.evtx-7NZF8EZC.json",
		"Message1":"Power.Settings.Disk.ppkg",
		"Message2":"{9df6a4ed-fc16-48bf-8b24-6e2ad2bfcfea}"
	},
	{
		"Rule level":"medium",
		"title":"WMI Event Subscription",
		"sigma_yml":"sysmon_wmi_event_subscription.yml",
		"description":"Detects creation of WMI event subscription persistence method",
		"row_id":43386,
		"Channel":"Microsoft-Windows-Provisioning-Diagnostics-Provider/Admin",
		"Computer":"DESKTOP-47I4RLN",
		"EventID":20,
		"EventRecordID":14,
		"ProcessID":3056,
		"ThreadID":3060,
		"Keywords":"0x8000000000000000",
		"Level":4,
		"Opcode":0,
		"Guid":"ED8B9BD3-F66E-4FF2-B86B-75C7925F72A9",
		"Provider_Name":"Microsoft-Windows-Provisioning-Diagnostics-Provider",
		"UserID":"S-1-5-18",
		"Task":0,
		"SystemTime":"2024-10-01T13:46:17.959616Z",
		"Version":0,
		"OriginalLogfile":"Microsoft-Windows-Provisioning-Diagnostics-Provider%4Admin.evtx-7NZF8EZC.json",
		"Message1":"Power.Settings.Display.ppkg",
		"Message2":"{23cb517f-5073-4e96-a202-7fe6122a2271}"
	},
	{
		"Rule level":"medium",
		"title":"WMI Event Subscription",
		"sigma_yml":"sysmon_wmi_event_subscription.yml",
		"description":"Detects creation of WMI event subscription persistence method",
		"row_id":43387,
		"Channel":"Microsoft-Windows-Provisioning-Diagnostics-Provider/Admin",
		"Computer":"DESKTOP-47I4RLN",
		"EventID":20,
		"EventRecordID":15,
		"ProcessID":3056,
		"ThreadID":3060,
		"Keywords":"0x8000000000000000",
		"Level":4,
		"Opcode":0,
		"Guid":"ED8B9BD3-F66E-4FF2-B86B-75C7925F72A9",
		"Provider_Name":"Microsoft-Windows-Provisioning-Diagnostics-Provider",
		"UserID":"S-1-5-18",
		"Task":0,
		"SystemTime":"2024-10-01T13:46:17.965566Z",
		"Version":0,
		"OriginalLogfile":"Microsoft-Windows-Provisioning-Diagnostics-Provider%4Admin.evtx-7NZF8EZC.json",
		"Message1":"Power.Settings.Graphics.ppkg",
		"Message2":"{bf56ce5a-946b-45b5-858a-1794eb0125e2}"
	},
	{
		"Rule level":"medium",
		"title":"WMI Event Subscription",
		"sigma_yml":"sysmon_wmi_event_subscription.yml",
		"description":"Detects creation of WMI event subscription persistence method",
		"row_id":43388,
		"Channel":"Microsoft-Windows-Provisioning-Diagnostics-Provider/Admin",
		"Computer":"DESKTOP-47I4RLN",
		"EventID":20,
		"EventRecordID":16,
		"ProcessID":3056,
		"ThreadID":3060,
		"Keywords":"0x8000000000000000",
		"Level":4,
		"Opcode":0,
		"Guid":"ED8B9BD3-F66E-4FF2-B86B-75C7925F72A9",
		"Provider_Name":"Microsoft-Windows-Provisioning-Diagnostics-Provider",
		"UserID":"S-1-5-18",
		"Task":0,
		"SystemTime":"2024-10-01T13:46:17.970734Z",
		"Version":0,
		"OriginalLogfile":"Microsoft-Windows-Provisioning-Diagnostics-Provider%4Admin.evtx-7NZF8EZC.json",
		"Message1":"Power.Settings.IdleResiliency.ppkg",
		"Message2":"{f11899f2-71ec-4621-9997-e17ae2f6eb26}"
	},
	{
		"Rule level":"medium",
		"title":"WMI Event Subscription",
		"sigma_yml":"sysmon_wmi_event_subscription.yml",
		"description":"Detects creation of WMI event subscription persistence method",
		"row_id":43389,
		"Channel":"Microsoft-Windows-Provisioning-Diagnostics-Provider/Admin",
		"Computer":"DESKTOP-47I4RLN",
		"EventID":20,
		"EventRecordID":17,
		"ProcessID":3056,
		"ThreadID":3060,
		"Keywords":"0x8000000000000000",
		"Level":4,
		"Opcode":0,
		"Guid":"ED8B9BD3-F66E-4FF2-B86B-75C7925F72A9",
		"Provider_Name":"Microsoft-Windows-Provisioning-Diagnostics-Provider",
		"UserID":"S-1-5-18",
		"Task":0,
		"SystemTime":"2024-10-01T13:46:17.977426Z",
		"Version":0,
		"OriginalLogfile":"Microsoft-Windows-Provisioning-Diagnostics-Provider%4Admin.evtx-7NZF8EZC.json",
		"Message1":"Power.Settings.PCIExpress.ppkg",
		"Message2":"{268c43e1-aa2b-4036-86ef-8cda98a0c2fe}"
	},
	{
		"Rule level":"medium",
		"title":"WMI Event Subscription",
		"sigma_yml":"sysmon_wmi_event_subscription.yml",
		"description":"Detects creation of WMI event subscription persistence method",
		"row_id":43390,
		"Channel":"Microsoft-Windows-Provisioning-Diagnostics-Provider/Admin",
		"Computer":"DESKTOP-47I4RLN",
		"EventID":20,
		"EventRecordID":18,
		"ProcessID":3056,
		"ThreadID":3060,
		"Keywords":"0x8000000000000000",
		"Level":4,
		"Opcode":0,
		"Guid":"ED8B9BD3-F66E-4FF2-B86B-75C7925F72A9",
		"Provider_Name":"Microsoft-Windows-Provisioning-Diagnostics-Provider",
		"UserID":"S-1-5-18",
		"Task":0,
		"SystemTime":"2024-10-01T13:46:17.983475Z",
		"Version":0,
		"OriginalLogfile":"Microsoft-Windows-Provisioning-Diagnostics-Provider%4Admin.evtx-7NZF8EZC.json",
		"Message1":"Power.Settings.Processor.ppkg",
		"Message2":"{fc01e91f-914c-45af-9d7c-0b2e5fbedf62}"
	},
	{
		"Rule level":"medium",
		"title":"WMI Event Subscription",
		"sigma_yml":"sysmon_wmi_event_subscription.yml",
		"description":"Detects creation of WMI event subscription persistence method",
		"row_id":43391,
		"Channel":"Microsoft-Windows-Provisioning-Diagnostics-Provider/Admin",
		"Computer":"DESKTOP-47I4RLN",
		"EventID":20,
		"EventRecordID":19,
		"ProcessID":3056,
		"ThreadID":3060,
		"Keywords":"0x8000000000000000",
		"Level":4,
		"Opcode":0,
		"Guid":"ED8B9BD3-F66E-4FF2-B86B-75C7925F72A9",
		"Provider_Name":"Microsoft-Windows-Provisioning-Diagnostics-Provider",
		"UserID":"S-1-5-18",
		"Task":0,
		"SystemTime":"2024-10-01T13:46:17.988615Z",
		"Version":0,
		"OriginalLogfile":"Microsoft-Windows-Provisioning-Diagnostics-Provider%4Admin.evtx-7NZF8EZC.json",
		"Message1":"Power.Settings.Sleep.ppkg",
		"Message2":"{3742e5e8-6d9d-473b-99a6-8ecc0f43548a}"
	},
	{
		"Rule level":"medium",
		"title":"WMI Event Subscription",
		"sigma_yml":"sysmon_wmi_event_subscription.yml",
		"description":"Detects creation of WMI event subscription persistence method",
		"row_id":43392,
		"Channel":"Microsoft-Windows-Provisioning-Diagnostics-Provider/Admin",
		"Computer":"DESKTOP-47I4RLN",
		"EventID":20,
		"EventRecordID":20,
		"ProcessID":3056,
		"ThreadID":3060,
		"Keywords":"0x8000000000000000",
		"Level":4,
		"Opcode":0,
		"Guid":"ED8B9BD3-F66E-4FF2-B86B-75C7925F72A9",
		"Provider_Name":"Microsoft-Windows-Provisioning-Diagnostics-Provider",
		"UserID":"S-1-5-18",
		"Task":0,
		"SystemTime":"2024-10-01T13:46:17.998851Z",
		"Version":0,
		"OriginalLogfile":"Microsoft-Windows-Provisioning-Diagnostics-Provider%4Admin.evtx-7NZF8EZC.json",
		"Message1":"Microsoft.Windows.Cosa.Desktop.Client.ppkg",
		"Message2":"{c8a326e4-f518-4f14-b543-97a57e1a975e}"
	},
	{
		"Rule level":"medium",
		"title":"WMI Event Subscription",
		"sigma_yml":"sysmon_wmi_event_subscription.yml",
		"description":"Detects creation of WMI event subscription persistence method",
		"row_id":43395,
		"Channel":"Microsoft-Windows-Provisioning-Diagnostics-Provider/Admin",
		"Computer":"DESKTOP-47I4RLN",
		"EventID":20,
		"EventRecordID":23,
		"ProcessID":6520,
		"ThreadID":7624,
		"Keywords":"0x8000000000000000",
		"Level":4,
		"Opcode":0,
		"Guid":"ED8B9BD3-F66E-4FF2-B86B-75C7925F72A9",
		"Provider_Name":"Microsoft-Windows-Provisioning-Diagnostics-Provider",
		"UserID":"S-1-5-18",
		"Task":0,
		"SystemTime":"2024-10-01T14:08:39.891260Z",
		"Version":0,
		"OriginalLogfile":"Microsoft-Windows-Provisioning-Diagnostics-Provider%4Admin.evtx-7NZF8EZC.json",
		"Message1":"Power.EnergyEstimationEngine.Control.ppkg",
		"Message2":"{1e05dd5d-a022-46c5-963c-b20de341170f}"
	},
	{
		"Rule level":"medium",
		"title":"WMI Event Subscription",
		"sigma_yml":"sysmon_wmi_event_subscription.yml",
		"description":"Detects creation of WMI event subscription persistence method",
		"row_id":43396,
		"Channel":"Microsoft-Windows-Provisioning-Diagnostics-Provider/Admin",
		"Computer":"DESKTOP-47I4RLN",
		"EventID":20,
		"EventRecordID":24,
		"ProcessID":6520,
		"ThreadID":7624,
		"Keywords":"0x8000000000000000",
		"Level":4,
		"Opcode":0,
		"Guid":"ED8B9BD3-F66E-4FF2-B86B-75C7925F72A9",
		"Provider_Name":"Microsoft-Windows-Provisioning-Diagnostics-Provider",
		"UserID":"S-1-5-18",
		"Task":0,
		"SystemTime":"2024-10-01T14:08:39.907583Z",
		"Version":0,
		"OriginalLogfile":"Microsoft-Windows-Provisioning-Diagnostics-Provider%4Admin.evtx-7NZF8EZC.json",
		"Message1":"Power.EnergyEstimationEngine.CPU.ppkg",
		"Message2":"{c5dc3753-b6c8-4057-b396-bf13d769311c}"
	},
	{
		"Rule level":"medium",
		"title":"WMI Event Subscription",
		"sigma_yml":"sysmon_wmi_event_subscription.yml",
		"description":"Detects creation of WMI event subscription persistence method",
		"row_id":43397,
		"Channel":"Microsoft-Windows-Provisioning-Diagnostics-Provider/Admin",
		"Computer":"DESKTOP-47I4RLN",
		"EventID":20,
		"EventRecordID":25,
		"ProcessID":6520,
		"ThreadID":7624,
		"Keywords":"0x8000000000000000",
		"Level":4,
		"Opcode":0,
		"Guid":"ED8B9BD3-F66E-4FF2-B86B-75C7925F72A9",
		"Provider_Name":"Microsoft-Windows-Provisioning-Diagnostics-Provider",
		"UserID":"S-1-5-18",
		"Task":0,
		"SystemTime":"2024-10-01T14:08:39.928718Z",
		"Version":0,
		"OriginalLogfile":"Microsoft-Windows-Provisioning-Diagnostics-Provider%4Admin.evtx-7NZF8EZC.json",
		"Message1":"Power.EnergyEstimationEngine.Display.ppkg",
		"Message2":"{ee4aac98-c174-4941-82b1-d121e493e4fb}"
	},
	{
		"Rule level":"medium",
		"title":"WMI Event Subscription",
		"sigma_yml":"sysmon_wmi_event_subscription.yml",
		"description":"Detects creation of WMI event subscription persistence method",
		"row_id":43398,
		"Channel":"Microsoft-Windows-Provisioning-Diagnostics-Provider/Admin",
		"Computer":"DESKTOP-47I4RLN",
		"EventID":20,
		"EventRecordID":26,
		"ProcessID":6520,
		"ThreadID":7624,
		"Keywords":"0x8000000000000000",
		"Level":4,
		"Opcode":0,
		"Guid":"ED8B9BD3-F66E-4FF2-B86B-75C7925F72A9",
		"Provider_Name":"Microsoft-Windows-Provisioning-Diagnostics-Provider",
		"UserID":"S-1-5-18",
		"Task":0,
		"SystemTime":"2024-10-01T14:08:39.946236Z",
		"Version":0,
		"OriginalLogfile":"Microsoft-Windows-Provisioning-Diagnostics-Provider%4Admin.evtx-7NZF8EZC.json",
		"Message1":"Power.EnergyEstimationEngine.MBB.ppkg",
		"Message2":"{99b095d8-5959-4820-bea7-7448c8427b4e}"
	},
	{
		"Rule level":"medium",
		"title":"WMI Event Subscription",
		"sigma_yml":"sysmon_wmi_event_subscription.yml",
		"description":"Detects creation of WMI event subscription persistence method",
		"row_id":43399,
		"Channel":"Microsoft-Windows-Provisioning-Diagnostics-Provider/Admin",
		"Computer":"DESKTOP-47I4RLN",
		"EventID":20,
		"EventRecordID":27,
		"ProcessID":6520,
		"ThreadID":7624,
		"Keywords":"0x8000000000000000",
		"Level":4,
		"Opcode":0,
		"Guid":"ED8B9BD3-F66E-4FF2-B86B-75C7925F72A9",
		"Provider_Name":"Microsoft-Windows-Provisioning-Diagnostics-Provider",
		"UserID":"S-1-5-18",
		"Task":0,
		"SystemTime":"2024-10-01T14:08:39.966086Z",
		"Version":0,
		"OriginalLogfile":"Microsoft-Windows-Provisioning-Diagnostics-Provider%4Admin.evtx-7NZF8EZC.json",
		"Message1":"Power.EnergyEstimationEngine.StandbyActivation.ppkg",
		"Message2":"{8d196d7f-3eef-48ad-8bea-be749f12d3ad}"
	},
	{
		"Rule level":"medium",
		"title":"WMI Event Subscription",
		"sigma_yml":"sysmon_wmi_event_subscription.yml",
		"description":"Detects creation of WMI event subscription persistence method",
		"row_id":43400,
		"Channel":"Microsoft-Windows-Provisioning-Diagnostics-Provider/Admin",
		"Computer":"DESKTOP-47I4RLN",
		"EventID":20,
		"EventRecordID":28,
		"ProcessID":6520,
		"ThreadID":7624,
		"Keywords":"0x8000000000000000",
		"Level":4,
		"Opcode":0,
		"Guid":"ED8B9BD3-F66E-4FF2-B86B-75C7925F72A9",
		"Provider_Name":"Microsoft-Windows-Provisioning-Diagnostics-Provider",
		"UserID":"S-1-5-18",
		"Task":0,
		"SystemTime":"2024-10-01T14:08:39.981672Z",
		"Version":0,
		"OriginalLogfile":"Microsoft-Windows-Provisioning-Diagnostics-Provider%4Admin.evtx-7NZF8EZC.json",
		"Message1":"Power.EnergyEstimationEngine.Storage.ppkg",
		"Message2":"{9aec5bda-1e87-46b3-bb96-1a01c606555e}"
	},
	{
		"Rule level":"medium",
		"title":"WMI Event Subscription",
		"sigma_yml":"sysmon_wmi_event_subscription.yml",
		"description":"Detects creation of WMI event subscription persistence method",
		"row_id":43401,
		"Channel":"Microsoft-Windows-Provisioning-Diagnostics-Provider/Admin",
		"Computer":"DESKTOP-47I4RLN",
		"EventID":20,
		"EventRecordID":29,
		"ProcessID":6520,
		"ThreadID":7624,
		"Keywords":"0x8000000000000000",
		"Level":4,
		"Opcode":0,
		"Guid":"ED8B9BD3-F66E-4FF2-B86B-75C7925F72A9",
		"Provider_Name":"Microsoft-Windows-Provisioning-Diagnostics-Provider",
		"UserID":"S-1-5-18",
		"Task":0,
		"SystemTime":"2024-10-01T14:08:39.997304Z",
		"Version":0,
		"OriginalLogfile":"Microsoft-Windows-Provisioning-Diagnostics-Provider%4Admin.evtx-7NZF8EZC.json",
		"Message1":"Power.EnergyEstimationEngine.Telemetry.ppkg",
		"Message2":"{8fb7d64e-70fc-4f9d-89ee-d486817534df}"
	},
	{
		"Rule level":"medium",
		"title":"WMI Event Subscription",
		"sigma_yml":"sysmon_wmi_event_subscription.yml",
		"description":"Detects creation of WMI event subscription persistence method",
		"row_id":43402,
		"Channel":"Microsoft-Windows-Provisioning-Diagnostics-Provider/Admin",
		"Computer":"DESKTOP-47I4RLN",
		"EventID":20,
		"EventRecordID":30,
		"ProcessID":6520,
		"ThreadID":7624,
		"Keywords":"0x8000000000000000",
		"Level":4,
		"Opcode":0,
		"Guid":"ED8B9BD3-F66E-4FF2-B86B-75C7925F72A9",
		"Provider_Name":"Microsoft-Windows-Provisioning-Diagnostics-Provider",
		"UserID":"S-1-5-18",
		"Task":0,
		"SystemTime":"2024-10-01T14:08:40.012841Z",
		"Version":0,
		"OriginalLogfile":"Microsoft-Windows-Provisioning-Diagnostics-Provider%4Admin.evtx-7NZF8EZC.json",
		"Message1":"Power.EnergyEstimationEngine.Wifi.ppkg",
		"Message2":"{b0b9123d-7d7f-4c6b-9973-ceced46f2a09}"
	},
	{
		"Rule level":"medium",
		"title":"WMI Event Subscription",
		"sigma_yml":"sysmon_wmi_event_subscription.yml",
		"description":"Detects creation of WMI event subscription persistence method",
		"row_id":43403,
		"Channel":"Microsoft-Windows-Provisioning-Diagnostics-Provider/Admin",
		"Computer":"DESKTOP-47I4RLN",
		"EventID":20,
		"EventRecordID":31,
		"ProcessID":6520,
		"ThreadID":7624,
		"Keywords":"0x8000000000000000",
		"Level":4,
		"Opcode":0,
		"Guid":"ED8B9BD3-F66E-4FF2-B86B-75C7925F72A9",
		"Provider_Name":"Microsoft-Windows-Provisioning-Diagnostics-Provider",
		"UserID":"S-1-5-18",
		"Task":0,
		"SystemTime":"2024-10-01T14:08:40.030066Z",
		"Version":0,
		"OriginalLogfile":"Microsoft-Windows-Provisioning-Diagnostics-Provider%4Admin.evtx-7NZF8EZC.json",
		"Message1":"Power.Settings.Battery.ppkg",
		"Message2":"{7a30a9be-737f-47a1-a541-6e7b0761ed19}"
	},
	{
		"Rule level":"medium",
		"title":"WMI Event Subscription",
		"sigma_yml":"sysmon_wmi_event_subscription.yml",
		"description":"Detects creation of WMI event subscription persistence method",
		"row_id":43404,
		"Channel":"Microsoft-Windows-Provisioning-Diagnostics-Provider/Admin",
		"Computer":"DESKTOP-47I4RLN",
		"EventID":20,
		"EventRecordID":32,
		"ProcessID":6520,
		"ThreadID":7624,
		"Keywords":"0x8000000000000000",
		"Level":4,
		"Opcode":0,
		"Guid":"ED8B9BD3-F66E-4FF2-B86B-75C7925F72A9",
		"Provider_Name":"Microsoft-Windows-Provisioning-Diagnostics-Provider",
		"UserID":"S-1-5-18",
		"Task":0,
		"SystemTime":"2024-10-01T14:08:40.045757Z",
		"Version":0,
		"OriginalLogfile":"Microsoft-Windows-Provisioning-Diagnostics-Provider%4Admin.evtx-7NZF8EZC.json",
		"Message1":"Power.Settings.Button.ppkg",
		"Message2":"{18dcffd4-37d6-4bc6-87e0-4266fdbb8e49}"
	},
	{
		"Rule level":"medium",
		"title":"WMI Event Subscription",
		"sigma_yml":"sysmon_wmi_event_subscription.yml",
		"description":"Detects creation of WMI event subscription persistence method",
		"row_id":43405,
		"Channel":"Microsoft-Windows-Provisioning-Diagnostics-Provider/Admin",
		"Computer":"DESKTOP-47I4RLN",
		"EventID":20,
		"EventRecordID":33,
		"ProcessID":6520,
		"ThreadID":7624,
		"Keywords":"0x8000000000000000",
		"Level":4,
		"Opcode":0,
		"Guid":"ED8B9BD3-F66E-4FF2-B86B-75C7925F72A9",
		"Provider_Name":"Microsoft-Windows-Provisioning-Diagnostics-Provider",
		"UserID":"S-1-5-18",
		"Task":0,
		"SystemTime":"2024-10-01T14:08:40.061755Z",
		"Version":0,
		"OriginalLogfile":"Microsoft-Windows-Provisioning-Diagnostics-Provider%4Admin.evtx-7NZF8EZC.json",
		"Message1":"Power.Settings.Control.ppkg",
		"Message2":"{5f568920-10ad-4dc0-a97e-b78a3255c351}"
	},
	{
		"Rule level":"medium",
		"title":"WMI Event Subscription",
		"sigma_yml":"sysmon_wmi_event_subscription.yml",
		"description":"Detects creation of WMI event subscription persistence method",
		"row_id":43406,
		"Channel":"Microsoft-Windows-Provisioning-Diagnostics-Provider/Admin",
		"Computer":"DESKTOP-47I4RLN",
		"EventID":20,
		"EventRecordID":34,
		"ProcessID":6520,
		"ThreadID":7624,
		"Keywords":"0x8000000000000000",
		"Level":4,
		"Opcode":0,
		"Guid":"ED8B9BD3-F66E-4FF2-B86B-75C7925F72A9",
		"Provider_Name":"Microsoft-Windows-Provisioning-Diagnostics-Provider",
		"UserID":"S-1-5-18",
		"Task":0,
		"SystemTime":"2024-10-01T14:08:40.108316Z",
		"Version":0,
		"OriginalLogfile":"Microsoft-Windows-Provisioning-Diagnostics-Provider%4Admin.evtx-7NZF8EZC.json",
		"Message1":"Power.Settings.Disk.ppkg",
		"Message2":"{9df6a4ed-fc16-48bf-8b24-6e2ad2bfcfea}"
	},
	{
		"Rule level":"medium",
		"title":"WMI Event Subscription",
		"sigma_yml":"sysmon_wmi_event_subscription.yml",
		"description":"Detects creation of WMI event subscription persistence method",
		"row_id":43407,
		"Channel":"Microsoft-Windows-Provisioning-Diagnostics-Provider/Admin",
		"Computer":"DESKTOP-47I4RLN",
		"EventID":20,
		"EventRecordID":35,
		"ProcessID":6520,
		"ThreadID":7624,
		"Keywords":"0x8000000000000000",
		"Level":4,
		"Opcode":0,
		"Guid":"ED8B9BD3-F66E-4FF2-B86B-75C7925F72A9",
		"Provider_Name":"Microsoft-Windows-Provisioning-Diagnostics-Provider",
		"UserID":"S-1-5-18",
		"Task":0,
		"SystemTime":"2024-10-01T14:08:40.125798Z",
		"Version":0,
		"OriginalLogfile":"Microsoft-Windows-Provisioning-Diagnostics-Provider%4Admin.evtx-7NZF8EZC.json",
		"Message1":"Power.Settings.Display.ppkg",
		"Message2":"{23cb517f-5073-4e96-a202-7fe6122a2271}"
	},
	{
		"Rule level":"medium",
		"title":"WMI Event Subscription",
		"sigma_yml":"sysmon_wmi_event_subscription.yml",
		"description":"Detects creation of WMI event subscription persistence method",
		"row_id":43408,
		"Channel":"Microsoft-Windows-Provisioning-Diagnostics-Provider/Admin",
		"Computer":"DESKTOP-47I4RLN",
		"EventID":20,
		"EventRecordID":36,
		"ProcessID":6520,
		"ThreadID":7624,
		"Keywords":"0x8000000000000000",
		"Level":4,
		"Opcode":0,
		"Guid":"ED8B9BD3-F66E-4FF2-B86B-75C7925F72A9",
		"Provider_Name":"Microsoft-Windows-Provisioning-Diagnostics-Provider",
		"UserID":"S-1-5-18",
		"Task":0,
		"SystemTime":"2024-10-01T14:08:40.141102Z",
		"Version":0,
		"OriginalLogfile":"Microsoft-Windows-Provisioning-Diagnostics-Provider%4Admin.evtx-7NZF8EZC.json",
		"Message1":"Power.Settings.Graphics.ppkg",
		"Message2":"{bf56ce5a-946b-45b5-858a-1794eb0125e2}"
	},
	{
		"Rule level":"medium",
		"title":"WMI Event Subscription",
		"sigma_yml":"sysmon_wmi_event_subscription.yml",
		"description":"Detects creation of WMI event subscription persistence method",
		"row_id":43409,
		"Channel":"Microsoft-Windows-Provisioning-Diagnostics-Provider/Admin",
		"Computer":"DESKTOP-47I4RLN",
		"EventID":20,
		"EventRecordID":37,
		"ProcessID":6520,
		"ThreadID":7624,
		"Keywords":"0x8000000000000000",
		"Level":4,
		"Opcode":0,
		"Guid":"ED8B9BD3-F66E-4FF2-B86B-75C7925F72A9",
		"Provider_Name":"Microsoft-Windows-Provisioning-Diagnostics-Provider",
		"UserID":"S-1-5-18",
		"Task":0,
		"SystemTime":"2024-10-01T14:08:40.155823Z",
		"Version":0,
		"OriginalLogfile":"Microsoft-Windows-Provisioning-Diagnostics-Provider%4Admin.evtx-7NZF8EZC.json",
		"Message1":"Power.Settings.IdleResiliency.ppkg",
		"Message2":"{f11899f2-71ec-4621-9997-e17ae2f6eb26}"
	},
	{
		"Rule level":"medium",
		"title":"WMI Event Subscription",
		"sigma_yml":"sysmon_wmi_event_subscription.yml",
		"description":"Detects creation of WMI event subscription persistence method",
		"row_id":43410,
		"Channel":"Microsoft-Windows-Provisioning-Diagnostics-Provider/Admin",
		"Computer":"DESKTOP-47I4RLN",
		"EventID":20,
		"EventRecordID":38,
		"ProcessID":6520,
		"ThreadID":7624,
		"Keywords":"0x8000000000000000",
		"Level":4,
		"Opcode":0,
		"Guid":"ED8B9BD3-F66E-4FF2-B86B-75C7925F72A9",
		"Provider_Name":"Microsoft-Windows-Provisioning-Diagnostics-Provider",
		"UserID":"S-1-5-18",
		"Task":0,
		"SystemTime":"2024-10-01T14:08:40.171442Z",
		"Version":0,
		"OriginalLogfile":"Microsoft-Windows-Provisioning-Diagnostics-Provider%4Admin.evtx-7NZF8EZC.json",
		"Message1":"Power.Settings.PCIExpress.ppkg",
		"Message2":"{268c43e1-aa2b-4036-86ef-8cda98a0c2fe}"
	},
	{
		"Rule level":"medium",
		"title":"WMI Event Subscription",
		"sigma_yml":"sysmon_wmi_event_subscription.yml",
		"description":"Detects creation of WMI event subscription persistence method",
		"row_id":43411,
		"Channel":"Microsoft-Windows-Provisioning-Diagnostics-Provider/Admin",
		"Computer":"DESKTOP-47I4RLN",
		"EventID":20,
		"EventRecordID":39,
		"ProcessID":6520,
		"ThreadID":7624,
		"Keywords":"0x8000000000000000",
		"Level":4,
		"Opcode":0,
		"Guid":"ED8B9BD3-F66E-4FF2-B86B-75C7925F72A9",
		"Provider_Name":"Microsoft-Windows-Provisioning-Diagnostics-Provider",
		"UserID":"S-1-5-18",
		"Task":0,
		"SystemTime":"2024-10-01T14:08:40.189292Z",
		"Version":0,
		"OriginalLogfile":"Microsoft-Windows-Provisioning-Diagnostics-Provider%4Admin.evtx-7NZF8EZC.json",
		"Message1":"Power.Settings.Processor.ppkg",
		"Message2":"{fc01e91f-914c-45af-9d7c-0b2e5fbedf62}"
	},
	{
		"Rule level":"medium",
		"title":"WMI Event Subscription",
		"sigma_yml":"sysmon_wmi_event_subscription.yml",
		"description":"Detects creation of WMI event subscription persistence method",
		"row_id":43412,
		"Channel":"Microsoft-Windows-Provisioning-Diagnostics-Provider/Admin",
		"Computer":"DESKTOP-47I4RLN",
		"EventID":20,
		"EventRecordID":40,
		"ProcessID":6520,
		"ThreadID":7624,
		"Keywords":"0x8000000000000000",
		"Level":4,
		"Opcode":0,
		"Guid":"ED8B9BD3-F66E-4FF2-B86B-75C7925F72A9",
		"Provider_Name":"Microsoft-Windows-Provisioning-Diagnostics-Provider",
		"UserID":"S-1-5-18",
		"Task":0,
		"SystemTime":"2024-10-01T14:08:40.310872Z",
		"Version":0,
		"OriginalLogfile":"Microsoft-Windows-Provisioning-Diagnostics-Provider%4Admin.evtx-7NZF8EZC.json",
		"Message1":"Power.Settings.Sleep.ppkg",
		"Message2":"{3742e5e8-6d9d-473b-99a6-8ecc0f43548a}"
	},
	{
		"Rule level":"medium",
		"title":"WMI Event Subscription",
		"sigma_yml":"sysmon_wmi_event_subscription.yml",
		"description":"Detects creation of WMI event subscription persistence method",
		"row_id":43413,
		"Channel":"Microsoft-Windows-Provisioning-Diagnostics-Provider/Admin",
		"Computer":"DESKTOP-47I4RLN",
		"EventID":20,
		"EventRecordID":41,
		"ProcessID":6520,
		"ThreadID":7624,
		"Keywords":"0x8000000000000000",
		"Level":4,
		"Opcode":0,
		"Guid":"ED8B9BD3-F66E-4FF2-B86B-75C7925F72A9",
		"Provider_Name":"Microsoft-Windows-Provisioning-Diagnostics-Provider",
		"UserID":"S-1-5-18",
		"Task":0,
		"SystemTime":"2024-10-01T14:08:40.424782Z",
		"Version":0,
		"OriginalLogfile":"Microsoft-Windows-Provisioning-Diagnostics-Provider%4Admin.evtx-7NZF8EZC.json",
		"Message1":"Microsoft.Windows.Cosa.Desktop.Client.ppkg",
		"Message2":"{c8a326e4-f518-4f14-b543-97a57e1a975e}"
	},
	{
		"Rule level":"medium",
		"title":"WMI Event Subscription",
		"sigma_yml":"sysmon_wmi_event_subscription.yml",
		"description":"Detects creation of WMI event subscription persistence method",
		"row_id":43415,
		"Channel":"Microsoft-Windows-Provisioning-Diagnostics-Provider/Admin",
		"Computer":"DESKTOP-47I4RLN",
		"EventID":20,
		"EventRecordID":43,
		"ProcessID":2592,
		"ThreadID":4724,
		"Keywords":"0x8000000000000000",
		"Level":4,
		"Opcode":0,
		"Guid":"ED8B9BD3-F66E-4FF2-B86B-75C7925F72A9",
		"Provider_Name":"Microsoft-Windows-Provisioning-Diagnostics-Provider",
		"UserID":"S-1-5-18",
		"Task":0,
		"SystemTime":"2024-10-01T16:38:10.349456Z",
		"Version":0,
		"OriginalLogfile":"Microsoft-Windows-Provisioning-Diagnostics-Provider%4Admin.evtx-7NZF8EZC.json",
		"Message1":"Power.EnergyEstimationEngine.Control.ppkg",
		"Message2":"{1e05dd5d-a022-46c5-963c-b20de341170f}"
	},
	{
		"Rule level":"medium",
		"title":"WMI Event Subscription",
		"sigma_yml":"sysmon_wmi_event_subscription.yml",
		"description":"Detects creation of WMI event subscription persistence method",
		"row_id":43416,
		"Channel":"Microsoft-Windows-Provisioning-Diagnostics-Provider/Admin",
		"Computer":"DESKTOP-47I4RLN",
		"EventID":20,
		"EventRecordID":44,
		"ProcessID":2592,
		"ThreadID":4724,
		"Keywords":"0x8000000000000000",
		"Level":4,
		"Opcode":0,
		"Guid":"ED8B9BD3-F66E-4FF2-B86B-75C7925F72A9",
		"Provider_Name":"Microsoft-Windows-Provisioning-Diagnostics-Provider",
		"UserID":"S-1-5-18",
		"Task":0,
		"SystemTime":"2024-10-01T16:38:10.357217Z",
		"Version":0,
		"OriginalLogfile":"Microsoft-Windows-Provisioning-Diagnostics-Provider%4Admin.evtx-7NZF8EZC.json",
		"Message1":"Power.EnergyEstimationEngine.CPU.ppkg",
		"Message2":"{c5dc3753-b6c8-4057-b396-bf13d769311c}"
	},
	{
		"Rule level":"medium",
		"title":"WMI Event Subscription",
		"sigma_yml":"sysmon_wmi_event_subscription.yml",
		"description":"Detects creation of WMI event subscription persistence method",
		"row_id":43417,
		"Channel":"Microsoft-Windows-Provisioning-Diagnostics-Provider/Admin",
		"Computer":"DESKTOP-47I4RLN",
		"EventID":20,
		"EventRecordID":45,
		"ProcessID":2592,
		"ThreadID":4724,
		"Keywords":"0x8000000000000000",
		"Level":4,
		"Opcode":0,
		"Guid":"ED8B9BD3-F66E-4FF2-B86B-75C7925F72A9",
		"Provider_Name":"Microsoft-Windows-Provisioning-Diagnostics-Provider",
		"UserID":"S-1-5-18",
		"Task":0,
		"SystemTime":"2024-10-01T16:38:10.364506Z",
		"Version":0,
		"OriginalLogfile":"Microsoft-Windows-Provisioning-Diagnostics-Provider%4Admin.evtx-7NZF8EZC.json",
		"Message1":"Power.EnergyEstimationEngine.Display.ppkg",
		"Message2":"{ee4aac98-c174-4941-82b1-d121e493e4fb}"
	},
	{
		"Rule level":"medium",
		"title":"WMI Event Subscription",
		"sigma_yml":"sysmon_wmi_event_subscription.yml",
		"description":"Detects creation of WMI event subscription persistence method",
		"row_id":43418,
		"Channel":"Microsoft-Windows-Provisioning-Diagnostics-Provider/Admin",
		"Computer":"DESKTOP-47I4RLN",
		"EventID":20,
		"EventRecordID":46,
		"ProcessID":2592,
		"ThreadID":4724,
		"Keywords":"0x8000000000000000",
		"Level":4,
		"Opcode":0,
		"Guid":"ED8B9BD3-F66E-4FF2-B86B-75C7925F72A9",
		"Provider_Name":"Microsoft-Windows-Provisioning-Diagnostics-Provider",
		"UserID":"S-1-5-18",
		"Task":0,
		"SystemTime":"2024-10-01T16:38:10.372438Z",
		"Version":0,
		"OriginalLogfile":"Microsoft-Windows-Provisioning-Diagnostics-Provider%4Admin.evtx-7NZF8EZC.json",
		"Message1":"Power.EnergyEstimationEngine.MBB.ppkg",
		"Message2":"{99b095d8-5959-4820-bea7-7448c8427b4e}"
	},
	{
		"Rule level":"medium",
		"title":"WMI Event Subscription",
		"sigma_yml":"sysmon_wmi_event_subscription.yml",
		"description":"Detects creation of WMI event subscription persistence method",
		"row_id":43419,
		"Channel":"Microsoft-Windows-Provisioning-Diagnostics-Provider/Admin",
		"Computer":"DESKTOP-47I4RLN",
		"EventID":20,
		"EventRecordID":47,
		"ProcessID":2592,
		"ThreadID":4724,
		"Keywords":"0x8000000000000000",
		"Level":4,
		"Opcode":0,
		"Guid":"ED8B9BD3-F66E-4FF2-B86B-75C7925F72A9",
		"Provider_Name":"Microsoft-Windows-Provisioning-Diagnostics-Provider",
		"UserID":"S-1-5-18",
		"Task":0,
		"SystemTime":"2024-10-01T16:38:10.380290Z",
		"Version":0,
		"OriginalLogfile":"Microsoft-Windows-Provisioning-Diagnostics-Provider%4Admin.evtx-7NZF8EZC.json",
		"Message1":"Power.EnergyEstimationEngine.StandbyActivation.ppkg",
		"Message2":"{8d196d7f-3eef-48ad-8bea-be749f12d3ad}"
	},
	{
		"Rule level":"medium",
		"title":"WMI Event Subscription",
		"sigma_yml":"sysmon_wmi_event_subscription.yml",
		"description":"Detects creation of WMI event subscription persistence method",
		"row_id":43420,
		"Channel":"Microsoft-Windows-Provisioning-Diagnostics-Provider/Admin",
		"Computer":"DESKTOP-47I4RLN",
		"EventID":20,
		"EventRecordID":48,
		"ProcessID":2592,
		"ThreadID":4724,
		"Keywords":"0x8000000000000000",
		"Level":4,
		"Opcode":0,
		"Guid":"ED8B9BD3-F66E-4FF2-B86B-75C7925F72A9",
		"Provider_Name":"Microsoft-Windows-Provisioning-Diagnostics-Provider",
		"UserID":"S-1-5-18",
		"Task":0,
		"SystemTime":"2024-10-01T16:38:10.389208Z",
		"Version":0,
		"OriginalLogfile":"Microsoft-Windows-Provisioning-Diagnostics-Provider%4Admin.evtx-7NZF8EZC.json",
		"Message1":"Power.EnergyEstimationEngine.Storage.ppkg",
		"Message2":"{9aec5bda-1e87-46b3-bb96-1a01c606555e}"
	},
	{
		"Rule level":"medium",
		"title":"WMI Event Subscription",
		"sigma_yml":"sysmon_wmi_event_subscription.yml",
		"description":"Detects creation of WMI event subscription persistence method",
		"row_id":43421,
		"Channel":"Microsoft-Windows-Provisioning-Diagnostics-Provider/Admin",
		"Computer":"DESKTOP-47I4RLN",
		"EventID":20,
		"EventRecordID":49,
		"ProcessID":2592,
		"ThreadID":4724,
		"Keywords":"0x8000000000000000",
		"Level":4,
		"Opcode":0,
		"Guid":"ED8B9BD3-F66E-4FF2-B86B-75C7925F72A9",
		"Provider_Name":"Microsoft-Windows-Provisioning-Diagnostics-Provider",
		"UserID":"S-1-5-18",
		"Task":0,
		"SystemTime":"2024-10-01T16:38:10.402118Z",
		"Version":0,
		"OriginalLogfile":"Microsoft-Windows-Provisioning-Diagnostics-Provider%4Admin.evtx-7NZF8EZC.json",
		"Message1":"Power.EnergyEstimationEngine.Telemetry.ppkg",
		"Message2":"{8fb7d64e-70fc-4f9d-89ee-d486817534df}"
	},
	{
		"Rule level":"medium",
		"title":"WMI Event Subscription",
		"sigma_yml":"sysmon_wmi_event_subscription.yml",
		"description":"Detects creation of WMI event subscription persistence method",
		"row_id":43422,
		"Channel":"Microsoft-Windows-Provisioning-Diagnostics-Provider/Admin",
		"Computer":"DESKTOP-47I4RLN",
		"EventID":20,
		"EventRecordID":50,
		"ProcessID":2592,
		"ThreadID":4724,
		"Keywords":"0x8000000000000000",
		"Level":4,
		"Opcode":0,
		"Guid":"ED8B9BD3-F66E-4FF2-B86B-75C7925F72A9",
		"Provider_Name":"Microsoft-Windows-Provisioning-Diagnostics-Provider",
		"UserID":"S-1-5-18",
		"Task":0,
		"SystemTime":"2024-10-01T16:38:10.409152Z",
		"Version":0,
		"OriginalLogfile":"Microsoft-Windows-Provisioning-Diagnostics-Provider%4Admin.evtx-7NZF8EZC.json",
		"Message1":"Power.EnergyEstimationEngine.Wifi.ppkg",
		"Message2":"{b0b9123d-7d7f-4c6b-9973-ceced46f2a09}"
	},
	{
		"Rule level":"medium",
		"title":"WMI Event Subscription",
		"sigma_yml":"sysmon_wmi_event_subscription.yml",
		"description":"Detects creation of WMI event subscription persistence method",
		"row_id":43423,
		"Channel":"Microsoft-Windows-Provisioning-Diagnostics-Provider/Admin",
		"Computer":"DESKTOP-47I4RLN",
		"EventID":20,
		"EventRecordID":51,
		"ProcessID":2592,
		"ThreadID":4724,
		"Keywords":"0x8000000000000000",
		"Level":4,
		"Opcode":0,
		"Guid":"ED8B9BD3-F66E-4FF2-B86B-75C7925F72A9",
		"Provider_Name":"Microsoft-Windows-Provisioning-Diagnostics-Provider",
		"UserID":"S-1-5-18",
		"Task":0,
		"SystemTime":"2024-10-01T16:38:10.417959Z",
		"Version":0,
		"OriginalLogfile":"Microsoft-Windows-Provisioning-Diagnostics-Provider%4Admin.evtx-7NZF8EZC.json",
		"Message1":"Power.Settings.Battery.ppkg",
		"Message2":"{7a30a9be-737f-47a1-a541-6e7b0761ed19}"
	},
	{
		"Rule level":"medium",
		"title":"WMI Event Subscription",
		"sigma_yml":"sysmon_wmi_event_subscription.yml",
		"description":"Detects creation of WMI event subscription persistence method",
		"row_id":43424,
		"Channel":"Microsoft-Windows-Provisioning-Diagnostics-Provider/Admin",
		"Computer":"DESKTOP-47I4RLN",
		"EventID":20,
		"EventRecordID":52,
		"ProcessID":2592,
		"ThreadID":4724,
		"Keywords":"0x8000000000000000",
		"Level":4,
		"Opcode":0,
		"Guid":"ED8B9BD3-F66E-4FF2-B86B-75C7925F72A9",
		"Provider_Name":"Microsoft-Windows-Provisioning-Diagnostics-Provider",
		"UserID":"S-1-5-18",
		"Task":0,
		"SystemTime":"2024-10-01T16:38:10.424842Z",
		"Version":0,
		"OriginalLogfile":"Microsoft-Windows-Provisioning-Diagnostics-Provider%4Admin.evtx-7NZF8EZC.json",
		"Message1":"Power.Settings.Button.ppkg",
		"Message2":"{18dcffd4-37d6-4bc6-87e0-4266fdbb8e49}"
	},
	{
		"Rule level":"medium",
		"title":"WMI Event Subscription",
		"sigma_yml":"sysmon_wmi_event_subscription.yml",
		"description":"Detects creation of WMI event subscription persistence method",
		"row_id":43425,
		"Channel":"Microsoft-Windows-Provisioning-Diagnostics-Provider/Admin",
		"Computer":"DESKTOP-47I4RLN",
		"EventID":20,
		"EventRecordID":53,
		"ProcessID":2592,
		"ThreadID":4724,
		"Keywords":"0x8000000000000000",
		"Level":4,
		"Opcode":0,
		"Guid":"ED8B9BD3-F66E-4FF2-B86B-75C7925F72A9",
		"Provider_Name":"Microsoft-Windows-Provisioning-Diagnostics-Provider",
		"UserID":"S-1-5-18",
		"Task":0,
		"SystemTime":"2024-10-01T16:38:10.432196Z",
		"Version":0,
		"OriginalLogfile":"Microsoft-Windows-Provisioning-Diagnostics-Provider%4Admin.evtx-7NZF8EZC.json",
		"Message1":"Power.Settings.Control.ppkg",
		"Message2":"{5f568920-10ad-4dc0-a97e-b78a3255c351}"
	},
	{
		"Rule level":"medium",
		"title":"WMI Event Subscription",
		"sigma_yml":"sysmon_wmi_event_subscription.yml",
		"description":"Detects creation of WMI event subscription persistence method",
		"row_id":43426,
		"Channel":"Microsoft-Windows-Provisioning-Diagnostics-Provider/Admin",
		"Computer":"DESKTOP-47I4RLN",
		"EventID":20,
		"EventRecordID":54,
		"ProcessID":2592,
		"ThreadID":4724,
		"Keywords":"0x8000000000000000",
		"Level":4,
		"Opcode":0,
		"Guid":"ED8B9BD3-F66E-4FF2-B86B-75C7925F72A9",
		"Provider_Name":"Microsoft-Windows-Provisioning-Diagnostics-Provider",
		"UserID":"S-1-5-18",
		"Task":0,
		"SystemTime":"2024-10-01T16:38:10.439650Z",
		"Version":0,
		"OriginalLogfile":"Microsoft-Windows-Provisioning-Diagnostics-Provider%4Admin.evtx-7NZF8EZC.json",
		"Message1":"Power.Settings.Disk.ppkg",
		"Message2":"{9df6a4ed-fc16-48bf-8b24-6e2ad2bfcfea}"
	},
	{
		"Rule level":"medium",
		"title":"WMI Event Subscription",
		"sigma_yml":"sysmon_wmi_event_subscription.yml",
		"description":"Detects creation of WMI event subscription persistence method",
		"row_id":43427,
		"Channel":"Microsoft-Windows-Provisioning-Diagnostics-Provider/Admin",
		"Computer":"DESKTOP-47I4RLN",
		"EventID":20,
		"EventRecordID":55,
		"ProcessID":2592,
		"ThreadID":4724,
		"Keywords":"0x8000000000000000",
		"Level":4,
		"Opcode":0,
		"Guid":"ED8B9BD3-F66E-4FF2-B86B-75C7925F72A9",
		"Provider_Name":"Microsoft-Windows-Provisioning-Diagnostics-Provider",
		"UserID":"S-1-5-18",
		"Task":0,
		"SystemTime":"2024-10-01T16:38:10.447304Z",
		"Version":0,
		"OriginalLogfile":"Microsoft-Windows-Provisioning-Diagnostics-Provider%4Admin.evtx-7NZF8EZC.json",
		"Message1":"Power.Settings.Display.ppkg",
		"Message2":"{23cb517f-5073-4e96-a202-7fe6122a2271}"
	},
	{
		"Rule level":"medium",
		"title":"WMI Event Subscription",
		"sigma_yml":"sysmon_wmi_event_subscription.yml",
		"description":"Detects creation of WMI event subscription persistence method",
		"row_id":43428,
		"Channel":"Microsoft-Windows-Provisioning-Diagnostics-Provider/Admin",
		"Computer":"DESKTOP-47I4RLN",
		"EventID":20,
		"EventRecordID":56,
		"ProcessID":2592,
		"ThreadID":4724,
		"Keywords":"0x8000000000000000",
		"Level":4,
		"Opcode":0,
		"Guid":"ED8B9BD3-F66E-4FF2-B86B-75C7925F72A9",
		"Provider_Name":"Microsoft-Windows-Provisioning-Diagnostics-Provider",
		"UserID":"S-1-5-18",
		"Task":0,
		"SystemTime":"2024-10-01T16:38:10.454417Z",
		"Version":0,
		"OriginalLogfile":"Microsoft-Windows-Provisioning-Diagnostics-Provider%4Admin.evtx-7NZF8EZC.json",
		"Message1":"Power.Settings.Graphics.ppkg",
		"Message2":"{bf56ce5a-946b-45b5-858a-1794eb0125e2}"
	},
	{
		"Rule level":"medium",
		"title":"WMI Event Subscription",
		"sigma_yml":"sysmon_wmi_event_subscription.yml",
		"description":"Detects creation of WMI event subscription persistence method",
		"row_id":43429,
		"Channel":"Microsoft-Windows-Provisioning-Diagnostics-Provider/Admin",
		"Computer":"DESKTOP-47I4RLN",
		"EventID":20,
		"EventRecordID":57,
		"ProcessID":2592,
		"ThreadID":4724,
		"Keywords":"0x8000000000000000",
		"Level":4,
		"Opcode":0,
		"Guid":"ED8B9BD3-F66E-4FF2-B86B-75C7925F72A9",
		"Provider_Name":"Microsoft-Windows-Provisioning-Diagnostics-Provider",
		"UserID":"S-1-5-18",
		"Task":0,
		"SystemTime":"2024-10-01T16:38:10.461674Z",
		"Version":0,
		"OriginalLogfile":"Microsoft-Windows-Provisioning-Diagnostics-Provider%4Admin.evtx-7NZF8EZC.json",
		"Message1":"Power.Settings.IdleResiliency.ppkg",
		"Message2":"{f11899f2-71ec-4621-9997-e17ae2f6eb26}"
	},
	{
		"Rule level":"medium",
		"title":"WMI Event Subscription",
		"sigma_yml":"sysmon_wmi_event_subscription.yml",
		"description":"Detects creation of WMI event subscription persistence method",
		"row_id":43430,
		"Channel":"Microsoft-Windows-Provisioning-Diagnostics-Provider/Admin",
		"Computer":"DESKTOP-47I4RLN",
		"EventID":20,
		"EventRecordID":58,
		"ProcessID":2592,
		"ThreadID":4724,
		"Keywords":"0x8000000000000000",
		"Level":4,
		"Opcode":0,
		"Guid":"ED8B9BD3-F66E-4FF2-B86B-75C7925F72A9",
		"Provider_Name":"Microsoft-Windows-Provisioning-Diagnostics-Provider",
		"UserID":"S-1-5-18",
		"Task":0,
		"SystemTime":"2024-10-01T16:38:10.468897Z",
		"Version":0,
		"OriginalLogfile":"Microsoft-Windows-Provisioning-Diagnostics-Provider%4Admin.evtx-7NZF8EZC.json",
		"Message1":"Power.Settings.PCIExpress.ppkg",
		"Message2":"{268c43e1-aa2b-4036-86ef-8cda98a0c2fe}"
	},
	{
		"Rule level":"medium",
		"title":"WMI Event Subscription",
		"sigma_yml":"sysmon_wmi_event_subscription.yml",
		"description":"Detects creation of WMI event subscription persistence method",
		"row_id":43431,
		"Channel":"Microsoft-Windows-Provisioning-Diagnostics-Provider/Admin",
		"Computer":"DESKTOP-47I4RLN",
		"EventID":20,
		"EventRecordID":59,
		"ProcessID":2592,
		"ThreadID":4724,
		"Keywords":"0x8000000000000000",
		"Level":4,
		"Opcode":0,
		"Guid":"ED8B9BD3-F66E-4FF2-B86B-75C7925F72A9",
		"Provider_Name":"Microsoft-Windows-Provisioning-Diagnostics-Provider",
		"UserID":"S-1-5-18",
		"Task":0,
		"SystemTime":"2024-10-01T16:38:10.476528Z",
		"Version":0,
		"OriginalLogfile":"Microsoft-Windows-Provisioning-Diagnostics-Provider%4Admin.evtx-7NZF8EZC.json",
		"Message1":"Power.Settings.Processor.ppkg",
		"Message2":"{fc01e91f-914c-45af-9d7c-0b2e5fbedf62}"
	},
	{
		"Rule level":"medium",
		"title":"WMI Event Subscription",
		"sigma_yml":"sysmon_wmi_event_subscription.yml",
		"description":"Detects creation of WMI event subscription persistence method",
		"row_id":43432,
		"Channel":"Microsoft-Windows-Provisioning-Diagnostics-Provider/Admin",
		"Computer":"DESKTOP-47I4RLN",
		"EventID":20,
		"EventRecordID":60,
		"ProcessID":2592,
		"ThreadID":4724,
		"Keywords":"0x8000000000000000",
		"Level":4,
		"Opcode":0,
		"Guid":"ED8B9BD3-F66E-4FF2-B86B-75C7925F72A9",
		"Provider_Name":"Microsoft-Windows-Provisioning-Diagnostics-Provider",
		"UserID":"S-1-5-18",
		"Task":0,
		"SystemTime":"2024-10-01T16:38:10.483966Z",
		"Version":0,
		"OriginalLogfile":"Microsoft-Windows-Provisioning-Diagnostics-Provider%4Admin.evtx-7NZF8EZC.json",
		"Message1":"Power.Settings.Sleep.ppkg",
		"Message2":"{3742e5e8-6d9d-473b-99a6-8ecc0f43548a}"
	},
	{
		"Rule level":"medium",
		"title":"WMI Event Subscription",
		"sigma_yml":"sysmon_wmi_event_subscription.yml",
		"description":"Detects creation of WMI event subscription persistence method",
		"row_id":43433,
		"Channel":"Microsoft-Windows-Provisioning-Diagnostics-Provider/Admin",
		"Computer":"DESKTOP-47I4RLN",
		"EventID":20,
		"EventRecordID":61,
		"ProcessID":2592,
		"ThreadID":4724,
		"Keywords":"0x8000000000000000",
		"Level":4,
		"Opcode":0,
		"Guid":"ED8B9BD3-F66E-4FF2-B86B-75C7925F72A9",
		"Provider_Name":"Microsoft-Windows-Provisioning-Diagnostics-Provider",
		"UserID":"S-1-5-18",
		"Task":0,
		"SystemTime":"2024-10-01T16:38:10.532702Z",
		"Version":0,
		"OriginalLogfile":"Microsoft-Windows-Provisioning-Diagnostics-Provider%4Admin.evtx-7NZF8EZC.json",
		"Message1":"Microsoft.Windows.Cosa.Desktop.Client.ppkg",
		"Message2":"{c8a326e4-f518-4f14-b543-97a57e1a975e}"
	},
	{
		"Rule level":"medium",
		"title":"WMI Event Subscription",
		"sigma_yml":"sysmon_wmi_event_subscription.yml",
		"description":"Detects creation of WMI event subscription persistence method",
		"row_id":28097,
		"Channel":"Microsoft-Windows-BackgroundTaskInfrastructure/Operational",
		"Computer":"DESKTOP-47I4RLN",
		"EventID":21,
		"EventRecordID":1,
		"ProcessID":748,
		"ThreadID":1848,
		"Keywords":"0x4000000000000001",
		"Level":4,
		"Opcode":113,
		"Guid":"E6835967-E0D2-41FB-BCEC-58387404E25A",
		"Provider_Name":"Microsoft-Windows-BrokerInfrastructure",
		"UserID":"S-1-5-18",
		"Task":100,
		"SystemTime":"2024-10-01T13:48:19.922627Z",
		"Version":0,
		"OriginalLogfile":"Microsoft-Windows-BackgroundTaskInfrastructure%4Operational.evtx-H9SFXO9J.json",
		"ActivityID":"BD9CCF49-1496-0001-21F5-9CBD9614DB01",
		"Result":2150040155,
		"NameLength":43,
		"EntryPointLength":95,
		"TaskEntryPoint":"WindowsInternal.Shell.UnifiedTile.CuratedTileCollections.CollectionInitializationBackgroundTask",
		"TaskName":"Placeholder tile event based initialization"
	},
	{
		"Rule level":"medium",
		"title":"WMI Event Subscription",
		"sigma_yml":"sysmon_wmi_event_subscription.yml",
		"description":"Detects creation of WMI event subscription persistence method",
		"row_id":28098,
		"Channel":"Microsoft-Windows-BackgroundTaskInfrastructure/Operational",
		"Computer":"DESKTOP-47I4RLN",
		"EventID":21,
		"EventRecordID":2,
		"ProcessID":748,
		"ThreadID":4876,
		"Keywords":"0x4000000000000001",
		"Level":4,
		"Opcode":113,
		"Guid":"E6835967-E0D2-41FB-BCEC-58387404E25A",
		"Provider_Name":"Microsoft-Windows-BrokerInfrastructure",
		"UserID":"S-1-5-18",
		"Task":100,
		"SystemTime":"2024-10-01T13:48:20.129575Z",
		"Version":0,
		"OriginalLogfile":"Microsoft-Windows-BackgroundTaskInfrastructure%4Operational.evtx-H9SFXO9J.json",
		"ActivityID":"BD9CCF49-1496-0001-1FF5-9CBD9614DB01",
		"Result":2150040155,
		"NameLength":30,
		"EntryPointLength":43,
		"TaskEntryPoint":"WinStoreTasksWrapper.PreInstallRegisterTask",
		"TaskName":"windows.preInstalledConfigTask"
	},
	{
		"Rule level":"medium",
		"title":"WMI Event Subscription",
		"sigma_yml":"sysmon_wmi_event_subscription.yml",
		"description":"Detects creation of WMI event subscription persistence method",
		"row_id":28099,
		"Channel":"Microsoft-Windows-BackgroundTaskInfrastructure/Operational",
		"Computer":"DESKTOP-47I4RLN",
		"EventID":21,
		"EventRecordID":3,
		"ProcessID":748,
		"ThreadID":6816,
		"Keywords":"0x4000000000000001",
		"Level":4,
		"Opcode":113,
		"Guid":"E6835967-E0D2-41FB-BCEC-58387404E25A",
		"Provider_Name":"Microsoft-Windows-BrokerInfrastructure",
		"UserID":"S-1-5-18",
		"Task":100,
		"SystemTime":"2024-10-01T13:48:20.487394Z",
		"Version":0,
		"OriginalLogfile":"Microsoft-Windows-BackgroundTaskInfrastructure%4Operational.evtx-H9SFXO9J.json",
		"ActivityID":"BD9CCF49-1496-0000-1CF5-9CBD9614DB01",
		"Result":2150040155,
		"NameLength":30,
		"EntryPointLength":36,
		"TaskEntryPoint":"SpModel.Model.BookTileBackgroundTask",
		"TaskName":"windows.preInstalledConfigTask"
	},
	{
		"Rule level":"medium",
		"title":"WMI Event Subscription",
		"sigma_yml":"sysmon_wmi_event_subscription.yml",
		"description":"Detects creation of WMI event subscription persistence method",
		"row_id":28100,
		"Channel":"Microsoft-Windows-BackgroundTaskInfrastructure/Operational",
		"Computer":"DESKTOP-47I4RLN",
		"EventID":21,
		"EventRecordID":4,
		"ProcessID":748,
		"ThreadID":7828,
		"Keywords":"0x4000000000000001",
		"Level":4,
		"Opcode":113,
		"Guid":"E6835967-E0D2-41FB-BCEC-58387404E25A",
		"Provider_Name":"Microsoft-Windows-BrokerInfrastructure",
		"UserID":"S-1-5-18",
		"Task":100,
		"SystemTime":"2024-10-01T13:48:20.646636Z",
		"Version":0,
		"OriginalLogfile":"Microsoft-Windows-BackgroundTaskInfrastructure%4Operational.evtx-H9SFXO9J.json",
		"ActivityID":"BD9CCF49-1496-0001-1DF5-9CBD9614DB01",
		"Result":2150040155,
		"NameLength":30,
		"EntryPointLength":19,
		"TaskEntryPoint":"HxMail.FirstRunTask",
		"TaskName":"windows.preInstalledConfigTask"
	},
	{
		"Rule level":"medium",
		"title":"WMI Event Subscription",
		"sigma_yml":"sysmon_wmi_event_subscription.yml",
		"description":"Detects creation of WMI event subscription persistence method",
		"row_id":28101,
		"Channel":"Microsoft-Windows-BackgroundTaskInfrastructure/Operational",
		"Computer":"DESKTOP-47I4RLN",
		"EventID":21,
		"EventRecordID":5,
		"ProcessID":748,
		"ThreadID":6584,
		"Keywords":"0x4000000000000001",
		"Level":4,
		"Opcode":113,
		"Guid":"E6835967-E0D2-41FB-BCEC-58387404E25A",
		"Provider_Name":"Microsoft-Windows-BrokerInfrastructure",
		"UserID":"S-1-5-18",
		"Task":100,
		"SystemTime":"2024-10-01T13:48:20.688198Z",
		"Version":0,
		"OriginalLogfile":"Microsoft-Windows-BackgroundTaskInfrastructure%4Operational.evtx-H9SFXO9J.json",
		"ActivityID":"BD9CCF49-1496-0001-1BF5-9CBD9614DB01",
		"Result":2150040155,
		"NameLength":30,
		"EntryPointLength":51,
		"TaskEntryPoint":"PhotosApp.BackgroundTasks.OobeBackgroundTaskStarter",
		"TaskName":"windows.preInstalledConfigTask"
	},
	{
		"Rule level":"medium",
		"title":"WMI Event Subscription",
		"sigma_yml":"sysmon_wmi_event_subscription.yml",
		"description":"Detects creation of WMI event subscription persistence method",
		"row_id":28102,
		"Channel":"Microsoft-Windows-BackgroundTaskInfrastructure/Operational",
		"Computer":"DESKTOP-47I4RLN",
		"EventID":21,
		"EventRecordID":6,
		"ProcessID":748,
		"ThreadID":6584,
		"Keywords":"0x4000000000000001",
		"Level":4,
		"Opcode":113,
		"Guid":"E6835967-E0D2-41FB-BCEC-58387404E25A",
		"Provider_Name":"Microsoft-Windows-BrokerInfrastructure",
		"UserID":"S-1-5-18",
		"Task":100,
		"SystemTime":"2024-10-01T13:48:21.499919Z",
		"Version":0,
		"OriginalLogfile":"Microsoft-Windows-BackgroundTaskInfrastructure%4Operational.evtx-H9SFXO9J.json",
		"ActivityID":"BD9CCF49-1496-0000-5FF8-9CBD9614DB01",
		"Result":2150040155,
		"NameLength":0,
		"EntryPointLength":69,
		"TaskEntryPoint":"Windows.Networking.BackgroundTransfer.Internal.BackgroundTransferTask"
	},
	{
		"Rule level":"medium",
		"title":"WMI Event Subscription",
		"sigma_yml":"sysmon_wmi_event_subscription.yml",
		"description":"Detects creation of WMI event subscription persistence method",
		"row_id":28103,
		"Channel":"Microsoft-Windows-BackgroundTaskInfrastructure/Operational",
		"Computer":"DESKTOP-47I4RLN",
		"EventID":21,
		"EventRecordID":7,
		"ProcessID":748,
		"ThreadID":6584,
		"Keywords":"0x4000000000000001",
		"Level":4,
		"Opcode":113,
		"Guid":"E6835967-E0D2-41FB-BCEC-58387404E25A",
		"Provider_Name":"Microsoft-Windows-BrokerInfrastructure",
		"UserID":"S-1-5-18",
		"Task":100,
		"SystemTime":"2024-10-01T13:48:21.964807Z",
		"Version":0,
		"OriginalLogfile":"Microsoft-Windows-BackgroundTaskInfrastructure%4Operational.evtx-H9SFXO9J.json",
		"ActivityID":"BD9CCF49-1496-0000-6BF8-9CBD9614DB01",
		"Result":2150040155,
		"NameLength":0,
		"EntryPointLength":69,
		"TaskEntryPoint":"Windows.Networking.BackgroundTransfer.Internal.BackgroundTransferTask"
	},
