	{
		"Rule level":"medium",
		"title":"Certificate Private Key Acquired",
		"sigma_yml":"win_capi2_acquire_certificate_private_key.yml",
		"description":"Detects when an application acquires a certificate private key",
		"row_id":64,
		"Channel":"Microsoft-Windows-AppModel-Runtime/Admin",
		"Computer":"DESKTOP-GAIBSBB",
		"EventID":70,
		"EventRecordID":64,
		"ProcessID":3892,
		"ThreadID":1836,
		"Keywords":"0x2000000000000001",
		"Level":4,
		"Opcode":0,
		"Guid":"F1EF270A-0D32-4352-BA52-DBAB41E1D859",
		"Provider_Name":"Microsoft-Windows-AppModel-Runtime",
		"UserID":"S-1-5-18",
		"Task":0,
		"SystemTime":"2024-08-08T06:33:24.851503Z",
		"Version":0,
		"OriginalLogfile":"Microsoft-Windows-AppModel-Runtime%4Admin.evtx-CYJD6GG4.json",
		"CurrentStatus":0,
		"DesiredStatus":2048,
		"PackageFullName":"Microsoft.AsyncTextService_10.0.19041.1023_neutral__8wekyb3d8bbwe",
		"User":"S-1-5-21-2381387566-4172994561-1950376889-1000",
		"ActivityID":"9A18FAE2-E9EA-0003-5700-199AEAE9DA01"
	},
	{
		"Rule level":"medium",
		"title":"Certificate Private Key Acquired",
		"sigma_yml":"win_capi2_acquire_certificate_private_key.yml",
		"description":"Detects when an application acquires a certificate private key",
		"row_id":65,
		"Channel":"Microsoft-Windows-AppModel-Runtime/Admin",
		"Computer":"DESKTOP-GAIBSBB",
		"EventID":70,
		"EventRecordID":65,
		"ProcessID":3892,
		"ThreadID":1836,
		"Keywords":"0x2000000000000001",
		"Level":4,
		"Opcode":0,
		"Guid":"F1EF270A-0D32-4352-BA52-DBAB41E1D859",
		"Provider_Name":"Microsoft-Windows-AppModel-Runtime",
		"UserID":"S-1-5-18",
		"Task":0,
		"SystemTime":"2024-08-08T06:33:24.853311Z",
		"Version":0,
		"OriginalLogfile":"Microsoft-Windows-AppModel-Runtime%4Admin.evtx-CYJD6GG4.json",
		"CurrentStatus":0,
		"DesiredStatus":2048,
		"PackageFullName":"Microsoft.CredDialogHost_10.0.19041.1023_neutral__cw5n1h2txyewy",
		"User":"S-1-5-21-2381387566-4172994561-1950376889-1000",
		"ActivityID":"9A18FAE2-E9EA-0003-5700-199AEAE9DA01"
	},
	{
		"Rule level":"medium",
		"title":"Certificate Private Key Acquired",
		"sigma_yml":"win_capi2_acquire_certificate_private_key.yml",
		"description":"Detects when an application acquires a certificate private key",
		"row_id":66,
		"Channel":"Microsoft-Windows-AppModel-Runtime/Admin",
		"Computer":"DESKTOP-GAIBSBB",
		"EventID":70,
		"EventRecordID":66,
		"ProcessID":3892,
		"ThreadID":1836,
		"Keywords":"0x2000000000000001",
		"Level":4,
		"Opcode":0,
		"Guid":"F1EF270A-0D32-4352-BA52-DBAB41E1D859",
		"Provider_Name":"Microsoft-Windows-AppModel-Runtime",
		"UserID":"S-1-5-18",
		"Task":0,
		"SystemTime":"2024-08-08T06:33:24.854910Z",
		"Version":0,
		"OriginalLogfile":"Microsoft-Windows-AppModel-Runtime%4Admin.evtx-CYJD6GG4.json",
		"CurrentStatus":0,
		"DesiredStatus":2048,
		"PackageFullName":"Microsoft.ECApp_10.0.19041.1023_neutral__8wekyb3d8bbwe",
		"User":"S-1-5-21-2381387566-4172994561-1950376889-1000",
		"ActivityID":"9A18FAE2-E9EA-0003-5700-199AEAE9DA01"
	},
	{
		"Rule level":"medium",
		"title":"Certificate Private Key Acquired",
		"sigma_yml":"win_capi2_acquire_certificate_private_key.yml",
		"description":"Detects when an application acquires a certificate private key",
		"row_id":67,
		"Channel":"Microsoft-Windows-AppModel-Runtime/Admin",
		"Computer":"DESKTOP-GAIBSBB",
		"EventID":70,
		"EventRecordID":67,
		"ProcessID":3892,
		"ThreadID":1836,
		"Keywords":"0x2000000000000001",
		"Level":4,
		"Opcode":0,
		"Guid":"F1EF270A-0D32-4352-BA52-DBAB41E1D859",
		"Provider_Name":"Microsoft-Windows-AppModel-Runtime",
		"UserID":"S-1-5-18",
		"Task":0,
		"SystemTime":"2024-08-08T06:33:24.856479Z",
		"Version":0,
		"OriginalLogfile":"Microsoft-Windows-AppModel-Runtime%4Admin.evtx-CYJD6GG4.json",
		"CurrentStatus":0,
		"DesiredStatus":2048,
		"PackageFullName":"Microsoft.LockApp_10.0.19041.1023_neutral__cw5n1h2txyewy",
		"User":"S-1-5-21-2381387566-4172994561-1950376889-1000",
		"ActivityID":"9A18FAE2-E9EA-0003-5700-199AEAE9DA01"
	},
	{
		"Rule level":"medium",
		"title":"Certificate Private Key Acquired",
		"sigma_yml":"win_capi2_acquire_certificate_private_key.yml",
		"description":"Detects when an application acquires a certificate private key",
		"row_id":68,
		"Channel":"Microsoft-Windows-AppModel-Runtime/Admin",
		"Computer":"DESKTOP-GAIBSBB",
		"EventID":70,
		"EventRecordID":68,
		"ProcessID":3892,
		"ThreadID":1836,
		"Keywords":"0x2000000000000001",
		"Level":4,
		"Opcode":0,
		"Guid":"F1EF270A-0D32-4352-BA52-DBAB41E1D859",
		"Provider_Name":"Microsoft-Windows-AppModel-Runtime",
		"UserID":"S-1-5-18",
		"Task":0,
		"SystemTime":"2024-08-08T06:33:24.858601Z",
		"Version":0,
		"OriginalLogfile":"Microsoft-Windows-AppModel-Runtime%4Admin.evtx-CYJD6GG4.json",
		"CurrentStatus":0,
		"DesiredStatus":2048,
		"PackageFullName":"Microsoft.MicrosoftEdgeDevToolsClient_1000.19041.1023.0_neutral_neutral_8wekyb3d8bbwe",
		"User":"S-1-5-21-2381387566-4172994561-1950376889-1000",
		"ActivityID":"9A18FAE2-E9EA-0003-5700-199AEAE9DA01"
	},
	{
		"Rule level":"medium",
		"title":"Certificate Private Key Acquired",
		"sigma_yml":"win_capi2_acquire_certificate_private_key.yml",
		"description":"Detects when an application acquires a certificate private key",
		"row_id":69,
		"Channel":"Microsoft-Windows-AppModel-Runtime/Admin",
		"Computer":"DESKTOP-GAIBSBB",
		"EventID":70,
		"EventRecordID":69,
		"ProcessID":3892,
		"ThreadID":1836,
		"Keywords":"0x2000000000000001",
		"Level":4,
		"Opcode":0,
		"Guid":"F1EF270A-0D32-4352-BA52-DBAB41E1D859",
		"Provider_Name":"Microsoft-Windows-AppModel-Runtime",
		"UserID":"S-1-5-18",
		"Task":0,
		"SystemTime":"2024-08-08T06:33:24.860424Z",
		"Version":0,
		"OriginalLogfile":"Microsoft-Windows-AppModel-Runtime%4Admin.evtx-CYJD6GG4.json",
		"CurrentStatus":0,
		"DesiredStatus":2048,
		"PackageFullName":"Microsoft.Win32WebViewHost_10.0.19041.1023_neutral_neutral_cw5n1h2txyewy",
		"User":"S-1-5-21-2381387566-4172994561-1950376889-1000",
		"ActivityID":"9A18FAE2-E9EA-0003-5700-199AEAE9DA01"
	},
	{
		"Rule level":"medium",
		"title":"Certificate Private Key Acquired",
		"sigma_yml":"win_capi2_acquire_certificate_private_key.yml",
		"description":"Detects when an application acquires a certificate private key",
		"row_id":70,
		"Channel":"Microsoft-Windows-AppModel-Runtime/Admin",
		"Computer":"DESKTOP-GAIBSBB",
		"EventID":70,
		"EventRecordID":70,
		"ProcessID":3892,
		"ThreadID":1836,
		"Keywords":"0x2000000000000001",
		"Level":4,
		"Opcode":0,
		"Guid":"F1EF270A-0D32-4352-BA52-DBAB41E1D859",
		"Provider_Name":"Microsoft-Windows-AppModel-Runtime",
		"UserID":"S-1-5-18",
		"Task":0,
		"SystemTime":"2024-08-08T06:33:24.861997Z",
		"Version":0,
		"OriginalLogfile":"Microsoft-Windows-AppModel-Runtime%4Admin.evtx-CYJD6GG4.json",
		"CurrentStatus":0,
		"DesiredStatus":2048,
		"PackageFullName":"Microsoft.Windows.Apprep.ChxApp_1000.19041.1023.0_neutral_neutral_cw5n1h2txyewy",
		"User":"S-1-5-21-2381387566-4172994561-1950376889-1000",
		"ActivityID":"9A18FAE2-E9EA-0003-5700-199AEAE9DA01"
	},
	{
		"Rule level":"medium",
		"title":"Certificate Private Key Acquired",
		"sigma_yml":"win_capi2_acquire_certificate_private_key.yml",
		"description":"Detects when an application acquires a certificate private key",
		"row_id":71,
		"Channel":"Microsoft-Windows-AppModel-Runtime/Admin",
		"Computer":"DESKTOP-GAIBSBB",
		"EventID":70,
		"EventRecordID":71,
		"ProcessID":3892,
		"ThreadID":1836,
		"Keywords":"0x2000000000000001",
		"Level":4,
		"Opcode":0,
		"Guid":"F1EF270A-0D32-4352-BA52-DBAB41E1D859",
		"Provider_Name":"Microsoft-Windows-AppModel-Runtime",
		"UserID":"S-1-5-18",
		"Task":0,
		"SystemTime":"2024-08-08T06:33:24.863389Z",
		"Version":0,
		"OriginalLogfile":"Microsoft-Windows-AppModel-Runtime%4Admin.evtx-CYJD6GG4.json",
		"CurrentStatus":0,
		"DesiredStatus":2048,
		"PackageFullName":"Microsoft.Windows.AssignedAccessLockApp_1000.19041.1023.0_neutral_neutral_cw5n1h2txyewy",
		"User":"S-1-5-21-2381387566-4172994561-1950376889-1000",
		"ActivityID":"9A18FAE2-E9EA-0003-5700-199AEAE9DA01"
	},
	{
		"Rule level":"medium",
		"title":"Certificate Private Key Acquired",
		"sigma_yml":"win_capi2_acquire_certificate_private_key.yml",
		"description":"Detects when an application acquires a certificate private key",
		"row_id":72,
		"Channel":"Microsoft-Windows-AppModel-Runtime/Admin",
		"Computer":"DESKTOP-GAIBSBB",
		"EventID":70,
		"EventRecordID":72,
		"ProcessID":3892,
		"ThreadID":1836,
		"Keywords":"0x2000000000000001",
		"Level":4,
		"Opcode":0,
		"Guid":"F1EF270A-0D32-4352-BA52-DBAB41E1D859",
		"Provider_Name":"Microsoft-Windows-AppModel-Runtime",
		"UserID":"S-1-5-18",
		"Task":0,
		"SystemTime":"2024-08-08T06:33:24.864891Z",
		"Version":0,
		"OriginalLogfile":"Microsoft-Windows-AppModel-Runtime%4Admin.evtx-CYJD6GG4.json",
		"CurrentStatus":0,
		"DesiredStatus":2048,
		"PackageFullName":"Microsoft.Windows.CallingShellApp_1000.19041.1023.0_neutral_neutral_cw5n1h2txyewy",
		"User":"S-1-5-21-2381387566-4172994561-1950376889-1000",
		"ActivityID":"9A18FAE2-E9EA-0003-5700-199AEAE9DA01"
	},
	{
		"Rule level":"medium",
		"title":"Certificate Private Key Acquired",
		"sigma_yml":"win_capi2_acquire_certificate_private_key.yml",
		"description":"Detects when an application acquires a certificate private key",
		"row_id":73,
		"Channel":"Microsoft-Windows-AppModel-Runtime/Admin",
		"Computer":"DESKTOP-GAIBSBB",
		"EventID":70,
		"EventRecordID":73,
		"ProcessID":3892,
		"ThreadID":1836,
		"Keywords":"0x2000000000000001",
		"Level":4,
		"Opcode":0,
		"Guid":"F1EF270A-0D32-4352-BA52-DBAB41E1D859",
		"Provider_Name":"Microsoft-Windows-AppModel-Runtime",
		"UserID":"S-1-5-18",
		"Task":0,
		"SystemTime":"2024-08-08T06:33:24.866569Z",
		"Version":0,
		"OriginalLogfile":"Microsoft-Windows-AppModel-Runtime%4Admin.evtx-CYJD6GG4.json",
		"CurrentStatus":0,
		"DesiredStatus":2048,
		"PackageFullName":"Microsoft.Windows.CapturePicker_10.0.19041.1023_neutral__cw5n1h2txyewy",
		"User":"S-1-5-21-2381387566-4172994561-1950376889-1000",
		"ActivityID":"9A18FAE2-E9EA-0003-5700-199AEAE9DA01"
	},
	{
		"Rule level":"medium",
		"title":"Certificate Private Key Acquired",
		"sigma_yml":"win_capi2_acquire_certificate_private_key.yml",
		"description":"Detects when an application acquires a certificate private key",
		"row_id":74,
		"Channel":"Microsoft-Windows-AppModel-Runtime/Admin",
		"Computer":"DESKTOP-GAIBSBB",
		"EventID":70,
		"EventRecordID":74,
		"ProcessID":3892,
		"ThreadID":1836,
		"Keywords":"0x2000000000000001",
		"Level":4,
		"Opcode":0,
		"Guid":"F1EF270A-0D32-4352-BA52-DBAB41E1D859",
		"Provider_Name":"Microsoft-Windows-AppModel-Runtime",
		"UserID":"S-1-5-18",
		"Task":0,
		"SystemTime":"2024-08-08T06:33:24.868096Z",
		"Version":0,
		"OriginalLogfile":"Microsoft-Windows-AppModel-Runtime%4Admin.evtx-CYJD6GG4.json",
		"CurrentStatus":0,
		"DesiredStatus":2048,
		"PackageFullName":"Microsoft.Windows.NarratorQuickStart_10.0.19041.1023_neutral_neutral_8wekyb3d8bbwe",
		"User":"S-1-5-21-2381387566-4172994561-1950376889-1000",
		"ActivityID":"9A18FAE2-E9EA-0003-5700-199AEAE9DA01"
	},
	{
		"Rule level":"medium",
		"title":"Certificate Private Key Acquired",
		"sigma_yml":"win_capi2_acquire_certificate_private_key.yml",
		"description":"Detects when an application acquires a certificate private key",
		"row_id":75,
		"Channel":"Microsoft-Windows-AppModel-Runtime/Admin",
		"Computer":"DESKTOP-GAIBSBB",
		"EventID":70,
		"EventRecordID":75,
		"ProcessID":3892,
		"ThreadID":1836,
		"Keywords":"0x2000000000000001",
		"Level":4,
		"Opcode":0,
		"Guid":"F1EF270A-0D32-4352-BA52-DBAB41E1D859",
		"Provider_Name":"Microsoft-Windows-AppModel-Runtime",
		"UserID":"S-1-5-18",
		"Task":0,
		"SystemTime":"2024-08-08T06:33:24.869733Z",
		"Version":0,
		"OriginalLogfile":"Microsoft-Windows-AppModel-Runtime%4Admin.evtx-CYJD6GG4.json",
		"CurrentStatus":0,
		"DesiredStatus":2048,
		"PackageFullName":"Microsoft.Windows.ParentalControls_1000.19041.1023.0_neutral_neutral_cw5n1h2txyewy",
		"User":"S-1-5-21-2381387566-4172994561-1950376889-1000",
		"ActivityID":"9A18FAE2-E9EA-0003-5700-199AEAE9DA01"
	},
	{
		"Rule level":"medium",
		"title":"Certificate Private Key Acquired",
		"sigma_yml":"win_capi2_acquire_certificate_private_key.yml",
		"description":"Detects when an application acquires a certificate private key",
		"row_id":76,
		"Channel":"Microsoft-Windows-AppModel-Runtime/Admin",
		"Computer":"DESKTOP-GAIBSBB",
		"EventID":70,
		"EventRecordID":76,
		"ProcessID":3892,
		"ThreadID":1836,
		"Keywords":"0x2000000000000001",
		"Level":4,
		"Opcode":0,
		"Guid":"F1EF270A-0D32-4352-BA52-DBAB41E1D859",
		"Provider_Name":"Microsoft-Windows-AppModel-Runtime",
		"UserID":"S-1-5-18",
		"Task":0,
		"SystemTime":"2024-08-08T06:33:24.871313Z",
		"Version":0,
		"OriginalLogfile":"Microsoft-Windows-AppModel-Runtime%4Admin.evtx-CYJD6GG4.json",
		"CurrentStatus":0,
		"DesiredStatus":2048,
		"PackageFullName":"Microsoft.Windows.PeopleExperienceHost_10.0.19041.1023_neutral_neutral_cw5n1h2txyewy",
		"User":"S-1-5-21-2381387566-4172994561-1950376889-1000",
		"ActivityID":"9A18FAE2-E9EA-0003-5700-199AEAE9DA01"
	},
	{
		"Rule level":"medium",
		"title":"Certificate Private Key Acquired",
		"sigma_yml":"win_capi2_acquire_certificate_private_key.yml",
		"description":"Detects when an application acquires a certificate private key",
		"row_id":77,
		"Channel":"Microsoft-Windows-AppModel-Runtime/Admin",
		"Computer":"DESKTOP-GAIBSBB",
		"EventID":70,
		"EventRecordID":77,
		"ProcessID":3892,
		"ThreadID":1836,
		"Keywords":"0x2000000000000001",
		"Level":4,
		"Opcode":0,
		"Guid":"F1EF270A-0D32-4352-BA52-DBAB41E1D859",
		"Provider_Name":"Microsoft-Windows-AppModel-Runtime",
		"UserID":"S-1-5-18",
		"Task":0,
		"SystemTime":"2024-08-08T06:33:24.872910Z",
		"Version":0,
		"OriginalLogfile":"Microsoft-Windows-AppModel-Runtime%4Admin.evtx-CYJD6GG4.json",
		"CurrentStatus":0,
		"DesiredStatus":2048,
		"PackageFullName":"Microsoft.Windows.PinningConfirmationDialog_1000.19041.1023.0_neutral__cw5n1h2txyewy",
		"User":"S-1-5-21-2381387566-4172994561-1950376889-1000",
		"ActivityID":"9A18FAE2-E9EA-0003-5700-199AEAE9DA01"
	},
	{
		"Rule level":"medium",
		"title":"Certificate Private Key Acquired",
		"sigma_yml":"win_capi2_acquire_certificate_private_key.yml",
		"description":"Detects when an application acquires a certificate private key",
		"row_id":78,
		"Channel":"Microsoft-Windows-AppModel-Runtime/Admin",
		"Computer":"DESKTOP-GAIBSBB",
		"EventID":70,
		"EventRecordID":78,
		"ProcessID":3892,
		"ThreadID":1836,
		"Keywords":"0x2000000000000001",
		"Level":4,
		"Opcode":0,
		"Guid":"F1EF270A-0D32-4352-BA52-DBAB41E1D859",
		"Provider_Name":"Microsoft-Windows-AppModel-Runtime",
		"UserID":"S-1-5-18",
		"Task":0,
		"SystemTime":"2024-08-08T06:33:24.874605Z",
		"Version":0,
		"OriginalLogfile":"Microsoft-Windows-AppModel-Runtime%4Admin.evtx-CYJD6GG4.json",
		"CurrentStatus":0,
		"DesiredStatus":2048,
		"PackageFullName":"Microsoft.Windows.SecHealthUI_10.0.19041.1865_neutral__cw5n1h2txyewy",
		"User":"S-1-5-21-2381387566-4172994561-1950376889-1000",
		"ActivityID":"9A18FAE2-E9EA-0003-5700-199AEAE9DA01"
	},
	{
		"Rule level":"medium",
		"title":"Certificate Private Key Acquired",
		"sigma_yml":"win_capi2_acquire_certificate_private_key.yml",
		"description":"Detects when an application acquires a certificate private key",
		"row_id":79,
		"Channel":"Microsoft-Windows-AppModel-Runtime/Admin",
		"Computer":"DESKTOP-GAIBSBB",
		"EventID":70,
		"EventRecordID":79,
		"ProcessID":3892,
		"ThreadID":1836,
		"Keywords":"0x2000000000000001",
		"Level":4,
		"Opcode":0,
		"Guid":"F1EF270A-0D32-4352-BA52-DBAB41E1D859",
		"Provider_Name":"Microsoft-Windows-AppModel-Runtime",
		"UserID":"S-1-5-18",
		"Task":0,
		"SystemTime":"2024-08-08T06:33:24.876102Z",
		"Version":0,
		"OriginalLogfile":"Microsoft-Windows-AppModel-Runtime%4Admin.evtx-CYJD6GG4.json",
		"CurrentStatus":0,
		"DesiredStatus":2048,
		"PackageFullName":"Microsoft.Windows.SecureAssessmentBrowser_10.0.19041.2311_neutral_neutral_cw5n1h2txyewy",
		"User":"S-1-5-21-2381387566-4172994561-1950376889-1000",
		"ActivityID":"9A18FAE2-E9EA-0003-5700-199AEAE9DA01"
	},
	{
		"Rule level":"medium",
		"title":"Certificate Private Key Acquired",
		"sigma_yml":"win_capi2_acquire_certificate_private_key.yml",
		"description":"Detects when an application acquires a certificate private key",
		"row_id":80,
		"Channel":"Microsoft-Windows-AppModel-Runtime/Admin",
		"Computer":"DESKTOP-GAIBSBB",
		"EventID":70,
		"EventRecordID":80,
		"ProcessID":3892,
		"ThreadID":1836,
		"Keywords":"0x2000000000000001",
		"Level":4,
		"Opcode":0,
		"Guid":"F1EF270A-0D32-4352-BA52-DBAB41E1D859",
		"Provider_Name":"Microsoft-Windows-AppModel-Runtime",
		"UserID":"S-1-5-18",
		"Task":0,
		"SystemTime":"2024-08-08T06:33:24.877687Z",
		"Version":0,
		"OriginalLogfile":"Microsoft-Windows-AppModel-Runtime%4Admin.evtx-CYJD6GG4.json",
		"CurrentStatus":0,
		"DesiredStatus":2048,
		"PackageFullName":"Microsoft.Windows.XGpuEjectDialog_10.0.19041.1023_neutral_neutral_cw5n1h2txyewy",
		"User":"S-1-5-21-2381387566-4172994561-1950376889-1000",
		"ActivityID":"9A18FAE2-E9EA-0003-5700-199AEAE9DA01"
	},
	{
		"Rule level":"medium",
		"title":"Certificate Private Key Acquired",
		"sigma_yml":"win_capi2_acquire_certificate_private_key.yml",
		"description":"Detects when an application acquires a certificate private key",
		"row_id":81,
		"Channel":"Microsoft-Windows-AppModel-Runtime/Admin",
		"Computer":"DESKTOP-GAIBSBB",
		"EventID":70,
		"EventRecordID":81,
		"ProcessID":3892,
		"ThreadID":1836,
		"Keywords":"0x2000000000000001",
		"Level":4,
		"Opcode":0,
		"Guid":"F1EF270A-0D32-4352-BA52-DBAB41E1D859",
		"Provider_Name":"Microsoft-Windows-AppModel-Runtime",
		"UserID":"S-1-5-18",
		"Task":0,
		"SystemTime":"2024-08-08T06:33:24.879429Z",
		"Version":0,
		"OriginalLogfile":"Microsoft-Windows-AppModel-Runtime%4Admin.evtx-CYJD6GG4.json",
		"CurrentStatus":0,
		"DesiredStatus":2048,
		"PackageFullName":"Microsoft.XboxGameCallableUI_1000.19041.1023.0_neutral_neutral_cw5n1h2txyewy",
		"User":"S-1-5-21-2381387566-4172994561-1950376889-1000",
		"ActivityID":"9A18FAE2-E9EA-0003-5700-199AEAE9DA01"
	},
	{
		"Rule level":"medium",
		"title":"Certificate Private Key Acquired",
		"sigma_yml":"win_capi2_acquire_certificate_private_key.yml",
		"description":"Detects when an application acquires a certificate private key",
		"row_id":82,
		"Channel":"Microsoft-Windows-AppModel-Runtime/Admin",
		"Computer":"DESKTOP-GAIBSBB",
		"EventID":70,
		"EventRecordID":82,
		"ProcessID":3892,
		"ThreadID":1836,
		"Keywords":"0x2000000000000001",
		"Level":4,
		"Opcode":0,
		"Guid":"F1EF270A-0D32-4352-BA52-DBAB41E1D859",
		"Provider_Name":"Microsoft-Windows-AppModel-Runtime",
		"UserID":"S-1-5-18",
		"Task":0,
		"SystemTime":"2024-08-08T06:33:24.884689Z",
		"Version":0,
		"OriginalLogfile":"Microsoft-Windows-AppModel-Runtime%4Admin.evtx-CYJD6GG4.json",
		"CurrentStatus":0,
		"DesiredStatus":2048,
		"PackageFullName":"NcsiUwpApp_1000.19041.1023.0_neutral_neutral_8wekyb3d8bbwe",
		"User":"S-1-5-21-2381387566-4172994561-1950376889-1000",
		"ActivityID":"9A18FAE2-E9EA-0003-5700-199AEAE9DA01"
	},
	{
		"Rule level":"medium",
		"title":"Certificate Private Key Acquired",
		"sigma_yml":"win_capi2_acquire_certificate_private_key.yml",
		"description":"Detects when an application acquires a certificate private key",
		"row_id":83,
		"Channel":"Microsoft-Windows-AppModel-Runtime/Admin",
		"Computer":"DESKTOP-GAIBSBB",
		"EventID":70,
		"EventRecordID":83,
		"ProcessID":3892,
		"ThreadID":1836,
		"Keywords":"0x2000000000000001",
		"Level":4,
		"Opcode":0,
		"Guid":"F1EF270A-0D32-4352-BA52-DBAB41E1D859",
		"Provider_Name":"Microsoft-Windows-AppModel-Runtime",
		"UserID":"S-1-5-18",
		"Task":0,
		"SystemTime":"2024-08-08T06:33:24.887446Z",
		"Version":0,
		"OriginalLogfile":"Microsoft-Windows-AppModel-Runtime%4Admin.evtx-CYJD6GG4.json",
		"CurrentStatus":0,
		"DesiredStatus":2048,
		"PackageFullName":"Windows.CBSPreview_10.0.19041.1023_neutral_neutral_cw5n1h2txyewy",
		"User":"S-1-5-21-2381387566-4172994561-1950376889-1000",
		"ActivityID":"9A18FAE2-E9EA-0003-5700-199AEAE9DA01"
	},
	{
		"Rule level":"medium",
		"title":"Certificate Private Key Acquired",
		"sigma_yml":"win_capi2_acquire_certificate_private_key.yml",
		"description":"Detects when an application acquires a certificate private key",
		"row_id":84,
		"Channel":"Microsoft-Windows-AppModel-Runtime/Admin",
		"Computer":"DESKTOP-GAIBSBB",
		"EventID":70,
		"EventRecordID":84,
		"ProcessID":3892,
		"ThreadID":1836,
		"Keywords":"0x2000000000000001",
		"Level":4,
		"Opcode":0,
		"Guid":"F1EF270A-0D32-4352-BA52-DBAB41E1D859",
		"Provider_Name":"Microsoft-Windows-AppModel-Runtime",
		"UserID":"S-1-5-18",
		"Task":0,
		"SystemTime":"2024-08-08T06:33:24.890024Z",
		"Version":0,
		"OriginalLogfile":"Microsoft-Windows-AppModel-Runtime%4Admin.evtx-CYJD6GG4.json",
		"CurrentStatus":0,
		"DesiredStatus":2048,
		"PackageFullName":"Windows.PrintDialog_6.2.1.0_neutral_neutral_cw5n1h2txyewy",
		"User":"S-1-5-21-2381387566-4172994561-1950376889-1000",
		"ActivityID":"9A18FAE2-E9EA-0003-5700-199AEAE9DA01"
	},
	{
		"Rule level":"medium",
		"title":"Certificate Private Key Acquired",
		"sigma_yml":"win_capi2_acquire_certificate_private_key.yml",
		"description":"Detects when an application acquires a certificate private key",
		"row_id":85,
		"Channel":"Microsoft-Windows-AppModel-Runtime/Admin",
		"Computer":"DESKTOP-GAIBSBB",
		"EventID":70,
		"EventRecordID":85,
		"ProcessID":3892,
		"ThreadID":1836,
		"Keywords":"0x2000000000000001",
		"Level":4,
		"Opcode":0,
		"Guid":"F1EF270A-0D32-4352-BA52-DBAB41E1D859",
		"Provider_Name":"Microsoft-Windows-AppModel-Runtime",
		"UserID":"S-1-5-18",
		"Task":0,
		"SystemTime":"2024-08-08T06:33:24.892364Z",
		"Version":0,
		"OriginalLogfile":"Microsoft-Windows-AppModel-Runtime%4Admin.evtx-CYJD6GG4.json",
		"CurrentStatus":0,
		"DesiredStatus":2048,
		"PackageFullName":"Microsoft.BingWeather_4.25.20211.0_x64__8wekyb3d8bbwe",
		"User":"S-1-5-21-2381387566-4172994561-1950376889-1000",
		"ActivityID":"9A18FAE2-E9EA-0003-5700-199AEAE9DA01"
	},
	{
		"Rule level":"medium",
		"title":"Certificate Private Key Acquired",
		"sigma_yml":"win_capi2_acquire_certificate_private_key.yml",
		"description":"Detects when an application acquires a certificate private key",
		"row_id":86,
		"Channel":"Microsoft-Windows-AppModel-Runtime/Admin",
		"Computer":"DESKTOP-GAIBSBB",
		"EventID":70,
		"EventRecordID":86,
		"ProcessID":3892,
		"ThreadID":1836,
		"Keywords":"0x2000000000000001",
		"Level":4,
		"Opcode":0,
		"Guid":"F1EF270A-0D32-4352-BA52-DBAB41E1D859",
		"Provider_Name":"Microsoft-Windows-AppModel-Runtime",
		"UserID":"S-1-5-18",
		"Task":0,
		"SystemTime":"2024-08-08T06:33:24.894407Z",
		"Version":0,
		"OriginalLogfile":"Microsoft-Windows-AppModel-Runtime%4Admin.evtx-CYJD6GG4.json",
		"CurrentStatus":0,
		"DesiredStatus":2048,
		"PackageFullName":"Microsoft.DesktopAppInstaller_1.0.30251.0_x64__8wekyb3d8bbwe",
		"User":"S-1-5-21-2381387566-4172994561-1950376889-1000",
		"ActivityID":"9A18FAE2-E9EA-0003-5700-199AEAE9DA01"
	},
	{
		"Rule level":"medium",
		"title":"Certificate Private Key Acquired",
		"sigma_yml":"win_capi2_acquire_certificate_private_key.yml",
		"description":"Detects when an application acquires a certificate private key",
		"row_id":87,
		"Channel":"Microsoft-Windows-AppModel-Runtime/Admin",
		"Computer":"DESKTOP-GAIBSBB",
		"EventID":70,
		"EventRecordID":87,
		"ProcessID":3892,
		"ThreadID":1836,
		"Keywords":"0x2000000000000001",
		"Level":4,
		"Opcode":0,
		"Guid":"F1EF270A-0D32-4352-BA52-DBAB41E1D859",
		"Provider_Name":"Microsoft-Windows-AppModel-Runtime",
		"UserID":"S-1-5-18",
		"Task":0,
		"SystemTime":"2024-08-08T06:33:24.896118Z",
		"Version":0,
		"OriginalLogfile":"Microsoft-Windows-AppModel-Runtime%4Admin.evtx-CYJD6GG4.json",
		"CurrentStatus":0,
		"DesiredStatus":2048,
		"PackageFullName":"Microsoft.GetHelp_10.1706.13331.0_x64__8wekyb3d8bbwe",
		"User":"S-1-5-21-2381387566-4172994561-1950376889-1000",
		"ActivityID":"9A18FAE2-E9EA-0003-5700-199AEAE9DA01"
	},
	{
		"Rule level":"medium",
		"title":"Certificate Private Key Acquired",
		"sigma_yml":"win_capi2_acquire_certificate_private_key.yml",
		"description":"Detects when an application acquires a certificate private key",
		"row_id":88,
		"Channel":"Microsoft-Windows-AppModel-Runtime/Admin",
		"Computer":"DESKTOP-GAIBSBB",
		"EventID":70,
		"EventRecordID":88,
		"ProcessID":3892,
		"ThreadID":1836,
		"Keywords":"0x2000000000000001",
		"Level":4,
		"Opcode":0,
		"Guid":"F1EF270A-0D32-4352-BA52-DBAB41E1D859",
		"Provider_Name":"Microsoft-Windows-AppModel-Runtime",
		"UserID":"S-1-5-18",
		"Task":0,
		"SystemTime":"2024-08-08T06:33:24.897764Z",
		"Version":0,
		"OriginalLogfile":"Microsoft-Windows-AppModel-Runtime%4Admin.evtx-CYJD6GG4.json",
		"CurrentStatus":0,
		"DesiredStatus":2048,
		"PackageFullName":"Microsoft.Getstarted_8.2.22942.0_x64__8wekyb3d8bbwe",
		"User":"S-1-5-21-2381387566-4172994561-1950376889-1000",
		"ActivityID":"9A18FAE2-E9EA-0003-5700-199AEAE9DA01"
	},
	{
		"Rule level":"medium",
		"title":"Certificate Private Key Acquired",
		"sigma_yml":"win_capi2_acquire_certificate_private_key.yml",
		"description":"Detects when an application acquires a certificate private key",
		"row_id":89,
		"Channel":"Microsoft-Windows-AppModel-Runtime/Admin",
		"Computer":"DESKTOP-GAIBSBB",
		"EventID":70,
		"EventRecordID":89,
		"ProcessID":3892,
		"ThreadID":1836,
		"Keywords":"0x2000000000000001",
		"Level":4,
		"Opcode":0,
		"Guid":"F1EF270A-0D32-4352-BA52-DBAB41E1D859",
		"Provider_Name":"Microsoft-Windows-AppModel-Runtime",
		"UserID":"S-1-5-18",
		"Task":0,
		"SystemTime":"2024-08-08T06:33:24.899005Z",
		"Version":0,
		"OriginalLogfile":"Microsoft-Windows-AppModel-Runtime%4Admin.evtx-CYJD6GG4.json",
		"CurrentStatus":0,
		"DesiredStatus":2048,
		"PackageFullName":"Microsoft.HEIFImageExtension_1.0.22742.0_x64__8wekyb3d8bbwe",
		"User":"S-1-5-21-2381387566-4172994561-1950376889-1000",
		"ActivityID":"9A18FAE2-E9EA-0003-5700-199AEAE9DA01"
	},
	{
		"Rule level":"medium",
		"title":"Certificate Private Key Acquired",
		"sigma_yml":"win_capi2_acquire_certificate_private_key.yml",
		"description":"Detects when an application acquires a certificate private key",
		"row_id":90,
		"Channel":"Microsoft-Windows-AppModel-Runtime/Admin",
		"Computer":"DESKTOP-GAIBSBB",
		"EventID":70,
		"EventRecordID":90,
		"ProcessID":3892,
		"ThreadID":1836,
		"Keywords":"0x2000000000000001",
		"Level":4,
		"Opcode":0,
		"Guid":"F1EF270A-0D32-4352-BA52-DBAB41E1D859",
		"Provider_Name":"Microsoft-Windows-AppModel-Runtime",
		"UserID":"S-1-5-18",
		"Task":0,
		"SystemTime":"2024-08-08T06:33:24.900664Z",
		"Version":0,
		"OriginalLogfile":"Microsoft-Windows-AppModel-Runtime%4Admin.evtx-CYJD6GG4.json",
		"CurrentStatus":0,
		"DesiredStatus":2048,
		"PackageFullName":"Microsoft.Microsoft3DViewer_6.1908.2042.0_x64__8wekyb3d8bbwe",
		"User":"S-1-5-21-2381387566-4172994561-1950376889-1000",
		"ActivityID":"9A18FAE2-E9EA-0003-5700-199AEAE9DA01"
	},
	{
		"Rule level":"medium",
		"title":"Certificate Private Key Acquired",
		"sigma_yml":"win_capi2_acquire_certificate_private_key.yml",
		"description":"Detects when an application acquires a certificate private key",
		"row_id":91,
		"Channel":"Microsoft-Windows-AppModel-Runtime/Admin",
		"Computer":"DESKTOP-GAIBSBB",
		"EventID":70,
		"EventRecordID":91,
		"ProcessID":3892,
		"ThreadID":1836,
		"Keywords":"0x2000000000000001",
		"Level":4,
		"Opcode":0,
		"Guid":"F1EF270A-0D32-4352-BA52-DBAB41E1D859",
		"Provider_Name":"Microsoft-Windows-AppModel-Runtime",
		"UserID":"S-1-5-18",
		"Task":0,
		"SystemTime":"2024-08-08T06:33:24.902530Z",
		"Version":0,
		"OriginalLogfile":"Microsoft-Windows-AppModel-Runtime%4Admin.evtx-CYJD6GG4.json",
		"CurrentStatus":0,
		"DesiredStatus":2048,
		"PackageFullName":"Microsoft.MicrosoftOfficeHub_18.1903.1152.0_x64__8wekyb3d8bbwe",
		"User":"S-1-5-21-2381387566-4172994561-1950376889-1000",
		"ActivityID":"9A18FAE2-E9EA-0003-5700-199AEAE9DA01"
	},
	{
		"Rule level":"medium",
		"title":"Certificate Private Key Acquired",
		"sigma_yml":"win_capi2_acquire_certificate_private_key.yml",
		"description":"Detects when an application acquires a certificate private key",
		"row_id":92,
		"Channel":"Microsoft-Windows-AppModel-Runtime/Admin",
		"Computer":"DESKTOP-GAIBSBB",
		"EventID":70,
		"EventRecordID":92,
		"ProcessID":3892,
		"ThreadID":1836,
		"Keywords":"0x2000000000000001",
		"Level":4,
		"Opcode":0,
		"Guid":"F1EF270A-0D32-4352-BA52-DBAB41E1D859",
		"Provider_Name":"Microsoft-Windows-AppModel-Runtime",
		"UserID":"S-1-5-18",
		"Task":0,
		"SystemTime":"2024-08-08T06:33:24.905275Z",
		"Version":0,
		"OriginalLogfile":"Microsoft-Windows-AppModel-Runtime%4Admin.evtx-CYJD6GG4.json",
		"CurrentStatus":0,
		"DesiredStatus":2048,
		"PackageFullName":"Microsoft.MicrosoftSolitaireCollection_4.4.8204.0_x64__8wekyb3d8bbwe",
		"User":"S-1-5-21-2381387566-4172994561-1950376889-1000",
		"ActivityID":"9A18FAE2-E9EA-0003-5700-199AEAE9DA01"
	},
	{
		"Rule level":"medium",
		"title":"Certificate Private Key Acquired",
		"sigma_yml":"win_capi2_acquire_certificate_private_key.yml",
		"description":"Detects when an application acquires a certificate private key",
		"row_id":93,
		"Channel":"Microsoft-Windows-AppModel-Runtime/Admin",
		"Computer":"DESKTOP-GAIBSBB",
		"EventID":70,
		"EventRecordID":93,
		"ProcessID":3892,
		"ThreadID":1836,
		"Keywords":"0x2000000000000001",
		"Level":4,
		"Opcode":0,
		"Guid":"F1EF270A-0D32-4352-BA52-DBAB41E1D859",
		"Provider_Name":"Microsoft-Windows-AppModel-Runtime",
		"UserID":"S-1-5-18",
		"Task":0,
		"SystemTime":"2024-08-08T06:33:24.907295Z",
		"Version":0,
		"OriginalLogfile":"Microsoft-Windows-AppModel-Runtime%4Admin.evtx-CYJD6GG4.json",
		"CurrentStatus":0,
		"DesiredStatus":2048,
		"PackageFullName":"Microsoft.MicrosoftStickyNotes_3.6.73.0_x64__8wekyb3d8bbwe",
		"User":"S-1-5-21-2381387566-4172994561-1950376889-1000",
		"ActivityID":"9A18FAE2-E9EA-0003-5700-199AEAE9DA01"
	},
	{
		"Rule level":"medium",
		"title":"Certificate Private Key Acquired",
		"sigma_yml":"win_capi2_acquire_certificate_private_key.yml",
		"description":"Detects when an application acquires a certificate private key",
		"row_id":94,
		"Channel":"Microsoft-Windows-AppModel-Runtime/Admin",
		"Computer":"DESKTOP-GAIBSBB",
		"EventID":70,
		"EventRecordID":94,
		"ProcessID":3892,
		"ThreadID":1836,
		"Keywords":"0x2000000000000001",
		"Level":4,
		"Opcode":0,
		"Guid":"F1EF270A-0D32-4352-BA52-DBAB41E1D859",
		"Provider_Name":"Microsoft-Windows-AppModel-Runtime",
		"UserID":"S-1-5-18",
		"Task":0,
		"SystemTime":"2024-08-08T06:33:24.909296Z",
		"Version":0,
		"OriginalLogfile":"Microsoft-Windows-AppModel-Runtime%4Admin.evtx-CYJD6GG4.json",
		"CurrentStatus":0,
		"DesiredStatus":2048,
		"PackageFullName":"Microsoft.MixedReality.Portal_2000.19081.1301.0_x64__8wekyb3d8bbwe",
		"User":"S-1-5-21-2381387566-4172994561-1950376889-1000",
		"ActivityID":"9A18FAE2-E9EA-0003-5700-199AEAE9DA01"
	},
	{
		"Rule level":"medium",
		"title":"Certificate Private Key Acquired",
		"sigma_yml":"win_capi2_acquire_certificate_private_key.yml",
		"description":"Detects when an application acquires a certificate private key",
		"row_id":95,
		"Channel":"Microsoft-Windows-AppModel-Runtime/Admin",
		"Computer":"DESKTOP-GAIBSBB",
		"EventID":70,
		"EventRecordID":95,
		"ProcessID":3892,
		"ThreadID":1836,
		"Keywords":"0x2000000000000001",
		"Level":4,
		"Opcode":0,
		"Guid":"F1EF270A-0D32-4352-BA52-DBAB41E1D859",
		"Provider_Name":"Microsoft-Windows-AppModel-Runtime",
		"UserID":"S-1-5-18",
		"Task":0,
		"SystemTime":"2024-08-08T06:33:24.911413Z",
		"Version":0,
		"OriginalLogfile":"Microsoft-Windows-AppModel-Runtime%4Admin.evtx-CYJD6GG4.json",
		"CurrentStatus":0,
		"DesiredStatus":2048,
		"PackageFullName":"Microsoft.MSPaint_6.1907.29027.0_x64__8wekyb3d8bbwe",
		"User":"S-1-5-21-2381387566-4172994561-1950376889-1000",
		"ActivityID":"9A18FAE2-E9EA-0003-5700-199AEAE9DA01"
	},
	{
		"Rule level":"medium",
		"title":"Certificate Private Key Acquired",
		"sigma_yml":"win_capi2_acquire_certificate_private_key.yml",
		"description":"Detects when an application acquires a certificate private key",
		"row_id":96,
		"Channel":"Microsoft-Windows-AppModel-Runtime/Admin",
		"Computer":"DESKTOP-GAIBSBB",
		"EventID":70,
		"EventRecordID":96,
		"ProcessID":3892,
		"ThreadID":1836,
		"Keywords":"0x2000000000000001",
		"Level":4,
		"Opcode":0,
		"Guid":"F1EF270A-0D32-4352-BA52-DBAB41E1D859",
		"Provider_Name":"Microsoft-Windows-AppModel-Runtime",
		"UserID":"S-1-5-18",
		"Task":0,
		"SystemTime":"2024-08-08T06:33:24.913520Z",
		"Version":0,
		"OriginalLogfile":"Microsoft-Windows-AppModel-Runtime%4Admin.evtx-CYJD6GG4.json",
		"CurrentStatus":0,
		"DesiredStatus":2048,
		"PackageFullName":"Microsoft.Office.OneNote_16001.12026.20112.0_x64__8wekyb3d8bbwe",
		"User":"S-1-5-21-2381387566-4172994561-1950376889-1000",
		"ActivityID":"9A18FAE2-E9EA-0003-5700-199AEAE9DA01"
	},
	{
		"Rule level":"medium",
		"title":"Certificate Private Key Acquired",
		"sigma_yml":"win_capi2_acquire_certificate_private_key.yml",
		"description":"Detects when an application acquires a certificate private key",
		"row_id":97,
		"Channel":"Microsoft-Windows-AppModel-Runtime/Admin",
		"Computer":"DESKTOP-GAIBSBB",
		"EventID":70,
		"EventRecordID":97,
		"ProcessID":3892,
		"ThreadID":1836,
		"Keywords":"0x2000000000000001",
		"Level":4,
		"Opcode":0,
		"Guid":"F1EF270A-0D32-4352-BA52-DBAB41E1D859",
		"Provider_Name":"Microsoft-Windows-AppModel-Runtime",
		"UserID":"S-1-5-18",
		"Task":0,
		"SystemTime":"2024-08-08T06:33:24.915424Z",
		"Version":0,
		"OriginalLogfile":"Microsoft-Windows-AppModel-Runtime%4Admin.evtx-CYJD6GG4.json",
		"CurrentStatus":0,
		"DesiredStatus":2048,
		"PackageFullName":"Microsoft.People_10.1902.633.0_x64__8wekyb3d8bbwe",
		"User":"S-1-5-21-2381387566-4172994561-1950376889-1000",
		"ActivityID":"9A18FAE2-E9EA-0003-5700-199AEAE9DA01"
	},
	{
		"Rule level":"medium",
		"title":"Certificate Private Key Acquired",
		"sigma_yml":"win_capi2_acquire_certificate_private_key.yml",
		"description":"Detects when an application acquires a certificate private key",
		"row_id":98,
		"Channel":"Microsoft-Windows-AppModel-Runtime/Admin",
		"Computer":"DESKTOP-GAIBSBB",
		"EventID":70,
		"EventRecordID":98,
		"ProcessID":3892,
		"ThreadID":1836,
		"Keywords":"0x2000000000000001",
		"Level":4,
		"Opcode":0,
		"Guid":"F1EF270A-0D32-4352-BA52-DBAB41E1D859",
		"Provider_Name":"Microsoft-Windows-AppModel-Runtime",
		"UserID":"S-1-5-18",
		"Task":0,
		"SystemTime":"2024-08-08T06:33:24.918058Z",
		"Version":0,
		"OriginalLogfile":"Microsoft-Windows-AppModel-Runtime%4Admin.evtx-CYJD6GG4.json",
		"CurrentStatus":0,
		"DesiredStatus":2048,
		"PackageFullName":"Microsoft.ScreenSketch_10.1907.2471.0_x64__8wekyb3d8bbwe",
		"User":"S-1-5-21-2381387566-4172994561-1950376889-1000",
		"ActivityID":"9A18FAE2-E9EA-0003-5700-199AEAE9DA01"
	},
	{
		"Rule level":"medium",
		"title":"Certificate Private Key Acquired",
		"sigma_yml":"win_capi2_acquire_certificate_private_key.yml",
		"description":"Detects when an application acquires a certificate private key",
		"row_id":99,
		"Channel":"Microsoft-Windows-AppModel-Runtime/Admin",
		"Computer":"DESKTOP-GAIBSBB",
		"EventID":70,
		"EventRecordID":99,
		"ProcessID":3892,
		"ThreadID":1836,
		"Keywords":"0x2000000000000001",
		"Level":4,
		"Opcode":0,
		"Guid":"F1EF270A-0D32-4352-BA52-DBAB41E1D859",
		"Provider_Name":"Microsoft-Windows-AppModel-Runtime",
		"UserID":"S-1-5-18",
		"Task":0,
		"SystemTime":"2024-08-08T06:33:24.920846Z",
		"Version":0,
		"OriginalLogfile":"Microsoft-Windows-AppModel-Runtime%4Admin.evtx-CYJD6GG4.json",
		"CurrentStatus":0,
		"DesiredStatus":2048,
		"PackageFullName":"Microsoft.SkypeApp_14.53.77.0_x64__kzf8qxf38zg5c",
		"User":"S-1-5-21-2381387566-4172994561-1950376889-1000",
		"ActivityID":"9A18FAE2-E9EA-0003-5700-199AEAE9DA01"
	},
	{
		"Rule level":"medium",
		"title":"Certificate Private Key Acquired",
		"sigma_yml":"win_capi2_acquire_certificate_private_key.yml",
		"description":"Detects when an application acquires a certificate private key",
		"row_id":100,
		"Channel":"Microsoft-Windows-AppModel-Runtime/Admin",
		"Computer":"DESKTOP-GAIBSBB",
		"EventID":70,
		"EventRecordID":100,
		"ProcessID":3892,
		"ThreadID":1836,
		"Keywords":"0x2000000000000001",
		"Level":4,
		"Opcode":0,
		"Guid":"F1EF270A-0D32-4352-BA52-DBAB41E1D859",
		"Provider_Name":"Microsoft-Windows-AppModel-Runtime",
		"UserID":"S-1-5-18",
		"Task":0,
		"SystemTime":"2024-08-08T06:33:24.923549Z",
		"Version":0,
		"OriginalLogfile":"Microsoft-Windows-AppModel-Runtime%4Admin.evtx-CYJD6GG4.json",
		"CurrentStatus":0,
		"DesiredStatus":2048,
		"PackageFullName":"Microsoft.StorePurchaseApp_11811.1001.18.0_x64__8wekyb3d8bbwe",
		"User":"S-1-5-21-2381387566-4172994561-1950376889-1000",
		"ActivityID":"9A18FAE2-E9EA-0003-5700-199AEAE9DA01"
	},
	{
		"Rule level":"medium",
		"title":"Certificate Private Key Acquired",
		"sigma_yml":"win_capi2_acquire_certificate_private_key.yml",
		"description":"Detects when an application acquires a certificate private key",
		"row_id":101,
		"Channel":"Microsoft-Windows-AppModel-Runtime/Admin",
		"Computer":"DESKTOP-GAIBSBB",
		"EventID":70,
		"EventRecordID":101,
		"ProcessID":3892,
		"ThreadID":1836,
		"Keywords":"0x2000000000000001",
		"Level":4,
		"Opcode":0,
		"Guid":"F1EF270A-0D32-4352-BA52-DBAB41E1D859",
		"Provider_Name":"Microsoft-Windows-AppModel-Runtime",
		"UserID":"S-1-5-18",
		"Task":0,
		"SystemTime":"2024-08-08T06:33:24.924911Z",
		"Version":0,
		"OriginalLogfile":"Microsoft-Windows-AppModel-Runtime%4Admin.evtx-CYJD6GG4.json",
		"CurrentStatus":0,
		"DesiredStatus":2048,
		"PackageFullName":"Microsoft.VP9VideoExtensions_1.0.22681.0_x64__8wekyb3d8bbwe",
		"User":"S-1-5-21-2381387566-4172994561-1950376889-1000",
		"ActivityID":"9A18FAE2-E9EA-0003-5700-199AEAE9DA01"
	},
	{
		"Rule level":"medium",
		"title":"Certificate Private Key Acquired",
		"sigma_yml":"win_capi2_acquire_certificate_private_key.yml",
		"description":"Detects when an application acquires a certificate private key",
		"row_id":102,
		"Channel":"Microsoft-Windows-AppModel-Runtime/Admin",
		"Computer":"DESKTOP-GAIBSBB",
		"EventID":70,
		"EventRecordID":102,
		"ProcessID":3892,
		"ThreadID":1836,
		"Keywords":"0x2000000000000001",
		"Level":4,
		"Opcode":0,
		"Guid":"F1EF270A-0D32-4352-BA52-DBAB41E1D859",
		"Provider_Name":"Microsoft-Windows-AppModel-Runtime",
		"UserID":"S-1-5-18",
		"Task":0,
		"SystemTime":"2024-08-08T06:33:24.926530Z",
		"Version":0,
		"OriginalLogfile":"Microsoft-Windows-AppModel-Runtime%4Admin.evtx-CYJD6GG4.json",
		"CurrentStatus":0,
		"DesiredStatus":2048,
		"PackageFullName":"Microsoft.Wallet_2.4.18324.0_x64__8wekyb3d8bbwe",
		"User":"S-1-5-21-2381387566-4172994561-1950376889-1000",
		"ActivityID":"9A18FAE2-E9EA-0003-5700-199AEAE9DA01"
	},
	{
		"Rule level":"medium",
		"title":"Certificate Private Key Acquired",
		"sigma_yml":"win_capi2_acquire_certificate_private_key.yml",
		"description":"Detects when an application acquires a certificate private key",
		"row_id":103,
		"Channel":"Microsoft-Windows-AppModel-Runtime/Admin",
		"Computer":"DESKTOP-GAIBSBB",
		"EventID":70,
		"EventRecordID":103,
		"ProcessID":3892,
		"ThreadID":1836,
		"Keywords":"0x2000000000000001",
		"Level":4,
		"Opcode":0,
		"Guid":"F1EF270A-0D32-4352-BA52-DBAB41E1D859",
		"Provider_Name":"Microsoft-Windows-AppModel-Runtime",
		"UserID":"S-1-5-18",
		"Task":0,
		"SystemTime":"2024-08-08T06:33:24.928153Z",
		"Version":0,
		"OriginalLogfile":"Microsoft-Windows-AppModel-Runtime%4Admin.evtx-CYJD6GG4.json",
		"CurrentStatus":0,
		"DesiredStatus":2048,
		"PackageFullName":"Microsoft.WebMediaExtensions_1.0.20875.0_x64__8wekyb3d8bbwe",
		"User":"S-1-5-21-2381387566-4172994561-1950376889-1000",
		"ActivityID":"9A18FAE2-E9EA-0003-5700-199AEAE9DA01"
	},
	{
		"Rule level":"medium",
		"title":"Certificate Private Key Acquired",
		"sigma_yml":"win_capi2_acquire_certificate_private_key.yml",
		"description":"Detects when an application acquires a certificate private key",
		"row_id":104,
		"Channel":"Microsoft-Windows-AppModel-Runtime/Admin",
		"Computer":"DESKTOP-GAIBSBB",
		"EventID":70,
		"EventRecordID":104,
		"ProcessID":3892,
		"ThreadID":1836,
		"Keywords":"0x2000000000000001",
		"Level":4,
		"Opcode":0,
		"Guid":"F1EF270A-0D32-4352-BA52-DBAB41E1D859",
		"Provider_Name":"Microsoft-Windows-AppModel-Runtime",
		"UserID":"S-1-5-18",
		"Task":0,
		"SystemTime":"2024-08-08T06:33:24.929576Z",
		"Version":0,
		"OriginalLogfile":"Microsoft-Windows-AppModel-Runtime%4Admin.evtx-CYJD6GG4.json",
		"CurrentStatus":0,
		"DesiredStatus":2048,
		"PackageFullName":"Microsoft.WebpImageExtension_1.0.22753.0_x64__8wekyb3d8bbwe",
		"User":"S-1-5-21-2381387566-4172994561-1950376889-1000",
		"ActivityID":"9A18FAE2-E9EA-0003-5700-199AEAE9DA01"
	},
	{
		"Rule level":"medium",
		"title":"Certificate Private Key Acquired",
		"sigma_yml":"win_capi2_acquire_certificate_private_key.yml",
		"description":"Detects when an application acquires a certificate private key",
		"row_id":105,
		"Channel":"Microsoft-Windows-AppModel-Runtime/Admin",
		"Computer":"DESKTOP-GAIBSBB",
		"EventID":70,
		"EventRecordID":105,
		"ProcessID":3892,
		"ThreadID":1836,
		"Keywords":"0x2000000000000001",
		"Level":4,
		"Opcode":0,
		"Guid":"F1EF270A-0D32-4352-BA52-DBAB41E1D859",
		"Provider_Name":"Microsoft-Windows-AppModel-Runtime",
		"UserID":"S-1-5-18",
		"Task":0,
		"SystemTime":"2024-08-08T06:33:24.931388Z",
		"Version":0,
		"OriginalLogfile":"Microsoft-Windows-AppModel-Runtime%4Admin.evtx-CYJD6GG4.json",
		"CurrentStatus":0,
		"DesiredStatus":2048,
		"PackageFullName":"Microsoft.Windows.Photos_2019.19071.12548.0_x64__8wekyb3d8bbwe",
		"User":"S-1-5-21-2381387566-4172994561-1950376889-1000",
		"ActivityID":"9A18FAE2-E9EA-0003-5700-199AEAE9DA01"
	},
	{
		"Rule level":"medium",
		"title":"Certificate Private Key Acquired",
		"sigma_yml":"win_capi2_acquire_certificate_private_key.yml",
		"description":"Detects when an application acquires a certificate private key",
		"row_id":106,
		"Channel":"Microsoft-Windows-AppModel-Runtime/Admin",
		"Computer":"DESKTOP-GAIBSBB",
		"EventID":70,
		"EventRecordID":106,
		"ProcessID":3892,
		"ThreadID":1836,
		"Keywords":"0x2000000000000001",
		"Level":4,
		"Opcode":0,
		"Guid":"F1EF270A-0D32-4352-BA52-DBAB41E1D859",
		"Provider_Name":"Microsoft-Windows-AppModel-Runtime",
		"UserID":"S-1-5-18",
		"Task":0,
		"SystemTime":"2024-08-08T06:33:24.933116Z",
		"Version":0,
		"OriginalLogfile":"Microsoft-Windows-AppModel-Runtime%4Admin.evtx-CYJD6GG4.json",
		"CurrentStatus":0,
		"DesiredStatus":2048,
		"PackageFullName":"Microsoft.WindowsAlarms_10.1906.2182.0_x64__8wekyb3d8bbwe",
		"User":"S-1-5-21-2381387566-4172994561-1950376889-1000",
		"ActivityID":"9A18FAE2-E9EA-0003-5700-199AEAE9DA01"
	},
	{
		"Rule level":"medium",
		"title":"Certificate Private Key Acquired",
		"sigma_yml":"win_capi2_acquire_certificate_private_key.yml",
		"description":"Detects when an application acquires a certificate private key",
		"row_id":107,
		"Channel":"Microsoft-Windows-AppModel-Runtime/Admin",
		"Computer":"DESKTOP-GAIBSBB",
		"EventID":70,
		"EventRecordID":107,
		"ProcessID":3892,
		"ThreadID":1836,
		"Keywords":"0x2000000000000001",
		"Level":4,
		"Opcode":0,
		"Guid":"F1EF270A-0D32-4352-BA52-DBAB41E1D859",
		"Provider_Name":"Microsoft-Windows-AppModel-Runtime",
		"UserID":"S-1-5-18",
		"Task":0,
		"SystemTime":"2024-08-08T06:33:24.935011Z",
		"Version":0,
		"OriginalLogfile":"Microsoft-Windows-AppModel-Runtime%4Admin.evtx-CYJD6GG4.json",
		"CurrentStatus":0,
		"DesiredStatus":2048,
		"PackageFullName":"Microsoft.WindowsCalculator_10.1906.55.0_x64__8wekyb3d8bbwe",
		"User":"S-1-5-21-2381387566-4172994561-1950376889-1000",
		"ActivityID":"9A18FAE2-E9EA-0003-5700-199AEAE9DA01"
	},
	{
		"Rule level":"medium",
		"title":"Certificate Private Key Acquired",
		"sigma_yml":"win_capi2_acquire_certificate_private_key.yml",
		"description":"Detects when an application acquires a certificate private key",
		"row_id":108,
		"Channel":"Microsoft-Windows-AppModel-Runtime/Admin",
		"Computer":"DESKTOP-GAIBSBB",
		"EventID":70,
		"EventRecordID":108,
		"ProcessID":3892,
		"ThreadID":1836,
		"Keywords":"0x2000000000000001",
		"Level":4,
		"Opcode":0,
		"Guid":"F1EF270A-0D32-4352-BA52-DBAB41E1D859",
		"Provider_Name":"Microsoft-Windows-AppModel-Runtime",
		"UserID":"S-1-5-18",
		"Task":0,
		"SystemTime":"2024-08-08T06:33:24.936666Z",
		"Version":0,
		"OriginalLogfile":"Microsoft-Windows-AppModel-Runtime%4Admin.evtx-CYJD6GG4.json",
		"CurrentStatus":0,
		"DesiredStatus":2048,
		"PackageFullName":"Microsoft.WindowsCamera_2018.826.98.0_x64__8wekyb3d8bbwe",
		"User":"S-1-5-21-2381387566-4172994561-1950376889-1000",
		"ActivityID":"9A18FAE2-E9EA-0003-5700-199AEAE9DA01"
	},
	{
		"Rule level":"medium",
		"title":"Certificate Private Key Acquired",
		"sigma_yml":"win_capi2_acquire_certificate_private_key.yml",
		"description":"Detects when an application acquires a certificate private key",
		"row_id":109,
		"Channel":"Microsoft-Windows-AppModel-Runtime/Admin",
		"Computer":"DESKTOP-GAIBSBB",
		"EventID":70,
		"EventRecordID":109,
		"ProcessID":3892,
		"ThreadID":1836,
		"Keywords":"0x2000000000000001",
		"Level":4,
		"Opcode":0,
		"Guid":"F1EF270A-0D32-4352-BA52-DBAB41E1D859",
		"Provider_Name":"Microsoft-Windows-AppModel-Runtime",
		"UserID":"S-1-5-18",
		"Task":0,
		"SystemTime":"2024-08-08T06:33:24.938677Z",
		"Version":0,
		"OriginalLogfile":"Microsoft-Windows-AppModel-Runtime%4Admin.evtx-CYJD6GG4.json",
		"CurrentStatus":0,
		"DesiredStatus":2048,
		"PackageFullName":"microsoft.windowscommunicationsapps_16005.11629.20316.0_x64__8wekyb3d8bbwe",
		"User":"S-1-5-21-2381387566-4172994561-1950376889-1000",
		"ActivityID":"9A18FAE2-E9EA-0003-5700-199AEAE9DA01"
	},
	{
		"Rule level":"medium",
		"title":"Certificate Private Key Acquired",
		"sigma_yml":"win_capi2_acquire_certificate_private_key.yml",
		"description":"Detects when an application acquires a certificate private key",
		"row_id":110,
		"Channel":"Microsoft-Windows-AppModel-Runtime/Admin",
		"Computer":"DESKTOP-GAIBSBB",
		"EventID":70,
		"EventRecordID":110,
		"ProcessID":3892,
		"ThreadID":1836,
		"Keywords":"0x2000000000000001",
		"Level":4,
		"Opcode":0,
		"Guid":"F1EF270A-0D32-4352-BA52-DBAB41E1D859",
		"Provider_Name":"Microsoft-Windows-AppModel-Runtime",
		"UserID":"S-1-5-18",
		"Task":0,
		"SystemTime":"2024-08-08T06:33:24.940430Z",
		"Version":0,
		"OriginalLogfile":"Microsoft-Windows-AppModel-Runtime%4Admin.evtx-CYJD6GG4.json",
		"CurrentStatus":0,
		"DesiredStatus":2048,
		"PackageFullName":"Microsoft.WindowsFeedbackHub_1.1907.3152.0_x64__8wekyb3d8bbwe",
		"User":"S-1-5-21-2381387566-4172994561-1950376889-1000",
		"ActivityID":"9A18FAE2-E9EA-0003-5700-199AEAE9DA01"
	},
	{
		"Rule level":"medium",
		"title":"Certificate Private Key Acquired",
		"sigma_yml":"win_capi2_acquire_certificate_private_key.yml",
		"description":"Detects when an application acquires a certificate private key",
		"row_id":111,
		"Channel":"Microsoft-Windows-AppModel-Runtime/Admin",
		"Computer":"DESKTOP-GAIBSBB",
		"EventID":70,
		"EventRecordID":111,
		"ProcessID":3892,
		"ThreadID":1836,
		"Keywords":"0x2000000000000001",
		"Level":4,
		"Opcode":0,
		"Guid":"F1EF270A-0D32-4352-BA52-DBAB41E1D859",
		"Provider_Name":"Microsoft-Windows-AppModel-Runtime",
		"UserID":"S-1-5-18",
		"Task":0,
		"SystemTime":"2024-08-08T06:33:24.942255Z",
		"Version":0,
		"OriginalLogfile":"Microsoft-Windows-AppModel-Runtime%4Admin.evtx-CYJD6GG4.json",
		"CurrentStatus":0,
		"DesiredStatus":2048,
		"PackageFullName":"Microsoft.WindowsMaps_5.1906.1972.0_x64__8wekyb3d8bbwe",
		"User":"S-1-5-21-2381387566-4172994561-1950376889-1000",
		"ActivityID":"9A18FAE2-E9EA-0003-5700-199AEAE9DA01"
	},
	{
		"Rule level":"medium",
		"title":"Certificate Private Key Acquired",
		"sigma_yml":"win_capi2_acquire_certificate_private_key.yml",
		"description":"Detects when an application acquires a certificate private key",
		"row_id":112,
		"Channel":"Microsoft-Windows-AppModel-Runtime/Admin",
		"Computer":"DESKTOP-GAIBSBB",
		"EventID":70,
		"EventRecordID":112,
		"ProcessID":3892,
		"ThreadID":1836,
		"Keywords":"0x2000000000000001",
		"Level":4,
		"Opcode":0,
		"Guid":"F1EF270A-0D32-4352-BA52-DBAB41E1D859",
		"Provider_Name":"Microsoft-Windows-AppModel-Runtime",
		"UserID":"S-1-5-18",
		"Task":0,
		"SystemTime":"2024-08-08T06:33:24.944095Z",
		"Version":0,
		"OriginalLogfile":"Microsoft-Windows-AppModel-Runtime%4Admin.evtx-CYJD6GG4.json",
		"CurrentStatus":0,
		"DesiredStatus":2048,
		"PackageFullName":"Microsoft.WindowsSoundRecorder_10.1906.1972.0_x64__8wekyb3d8bbwe",
		"User":"S-1-5-21-2381387566-4172994561-1950376889-1000",
		"ActivityID":"9A18FAE2-E9EA-0003-5700-199AEAE9DA01"
	},
	{
		"Rule level":"medium",
		"title":"Certificate Private Key Acquired",
		"sigma_yml":"win_capi2_acquire_certificate_private_key.yml",
		"description":"Detects when an application acquires a certificate private key",
		"row_id":113,
		"Channel":"Microsoft-Windows-AppModel-Runtime/Admin",
		"Computer":"DESKTOP-GAIBSBB",
		"EventID":70,
		"EventRecordID":113,
		"ProcessID":3892,
		"ThreadID":1836,
		"Keywords":"0x2000000000000001",
		"Level":4,
		"Opcode":0,
		"Guid":"F1EF270A-0D32-4352-BA52-DBAB41E1D859",
		"Provider_Name":"Microsoft-Windows-AppModel-Runtime",
		"UserID":"S-1-5-18",
		"Task":0,
		"SystemTime":"2024-08-08T06:33:24.946060Z",
		"Version":0,
		"OriginalLogfile":"Microsoft-Windows-AppModel-Runtime%4Admin.evtx-CYJD6GG4.json",
		"CurrentStatus":0,
		"DesiredStatus":2048,
		"PackageFullName":"Microsoft.WindowsStore_11910.1002.5.0_x64__8wekyb3d8bbwe",
		"User":"S-1-5-21-2381387566-4172994561-1950376889-1000",
		"ActivityID":"9A18FAE2-E9EA-0003-5700-199AEAE9DA01"
	},
