	{
		"Rule level":"medium",
		"title":"WMI Event Subscription",
		"sigma_yml":"sysmon_wmi_event_subscription.yml",
		"description":"Detects creation of WMI event subscription persistence method",
		"row_id":43421,
		"Channel":"Microsoft-Windows-Provisioning-Diagnostics-Provider/Admin",
		"Computer":"DESKTOP-47I4RLN",
		"EventID":20,
		"EventRecordID":49,
		"ProcessID":2592,
		"ThreadID":4724,
		"Keywords":"0x8000000000000000",
		"Level":4,
		"Opcode":0,
		"Guid":"ED8B9BD3-F66E-4FF2-B86B-75C7925F72A9",
		"Provider_Name":"Microsoft-Windows-Provisioning-Diagnostics-Provider",
		"UserID":"S-1-5-18",
		"Task":0,
		"SystemTime":"2024-10-01T16:38:10.402118Z",
		"Version":0,
		"OriginalLogfile":"Microsoft-Windows-Provisioning-Diagnostics-Provider%4Admin.evtx-7NZF8EZC.json",
		"Message1":"Power.EnergyEstimationEngine.Telemetry.ppkg",
		"Message2":"{8fb7d64e-70fc-4f9d-89ee-d486817534df}"
	},
	{
		"Rule level":"medium",
		"title":"WMI Event Subscription",
		"sigma_yml":"sysmon_wmi_event_subscription.yml",
		"description":"Detects creation of WMI event subscription persistence method",
		"row_id":43422,
		"Channel":"Microsoft-Windows-Provisioning-Diagnostics-Provider/Admin",
		"Computer":"DESKTOP-47I4RLN",
		"EventID":20,
		"EventRecordID":50,
		"ProcessID":2592,
		"ThreadID":4724,
		"Keywords":"0x8000000000000000",
		"Level":4,
		"Opcode":0,
		"Guid":"ED8B9BD3-F66E-4FF2-B86B-75C7925F72A9",
		"Provider_Name":"Microsoft-Windows-Provisioning-Diagnostics-Provider",
		"UserID":"S-1-5-18",
		"Task":0,
		"SystemTime":"2024-10-01T16:38:10.409152Z",
		"Version":0,
		"OriginalLogfile":"Microsoft-Windows-Provisioning-Diagnostics-Provider%4Admin.evtx-7NZF8EZC.json",
		"Message1":"Power.EnergyEstimationEngine.Wifi.ppkg",
		"Message2":"{b0b9123d-7d7f-4c6b-9973-ceced46f2a09}"
	},
	{
		"Rule level":"medium",
		"title":"WMI Event Subscription",
		"sigma_yml":"sysmon_wmi_event_subscription.yml",
		"description":"Detects creation of WMI event subscription persistence method",
		"row_id":43423,
		"Channel":"Microsoft-Windows-Provisioning-Diagnostics-Provider/Admin",
		"Computer":"DESKTOP-47I4RLN",
		"EventID":20,
		"EventRecordID":51,
		"ProcessID":2592,
		"ThreadID":4724,
		"Keywords":"0x8000000000000000",
		"Level":4,
		"Opcode":0,
		"Guid":"ED8B9BD3-F66E-4FF2-B86B-75C7925F72A9",
		"Provider_Name":"Microsoft-Windows-Provisioning-Diagnostics-Provider",
		"UserID":"S-1-5-18",
		"Task":0,
		"SystemTime":"2024-10-01T16:38:10.417959Z",
		"Version":0,
		"OriginalLogfile":"Microsoft-Windows-Provisioning-Diagnostics-Provider%4Admin.evtx-7NZF8EZC.json",
		"Message1":"Power.Settings.Battery.ppkg",
		"Message2":"{7a30a9be-737f-47a1-a541-6e7b0761ed19}"
	},
	{
		"Rule level":"medium",
		"title":"WMI Event Subscription",
		"sigma_yml":"sysmon_wmi_event_subscription.yml",
		"description":"Detects creation of WMI event subscription persistence method",
		"row_id":43424,
		"Channel":"Microsoft-Windows-Provisioning-Diagnostics-Provider/Admin",
		"Computer":"DESKTOP-47I4RLN",
		"EventID":20,
		"EventRecordID":52,
		"ProcessID":2592,
		"ThreadID":4724,
		"Keywords":"0x8000000000000000",
		"Level":4,
		"Opcode":0,
		"Guid":"ED8B9BD3-F66E-4FF2-B86B-75C7925F72A9",
		"Provider_Name":"Microsoft-Windows-Provisioning-Diagnostics-Provider",
		"UserID":"S-1-5-18",
		"Task":0,
		"SystemTime":"2024-10-01T16:38:10.424842Z",
		"Version":0,
		"OriginalLogfile":"Microsoft-Windows-Provisioning-Diagnostics-Provider%4Admin.evtx-7NZF8EZC.json",
		"Message1":"Power.Settings.Button.ppkg",
		"Message2":"{18dcffd4-37d6-4bc6-87e0-4266fdbb8e49}"
	},
	{
		"Rule level":"medium",
		"title":"WMI Event Subscription",
		"sigma_yml":"sysmon_wmi_event_subscription.yml",
		"description":"Detects creation of WMI event subscription persistence method",
		"row_id":43425,
		"Channel":"Microsoft-Windows-Provisioning-Diagnostics-Provider/Admin",
		"Computer":"DESKTOP-47I4RLN",
		"EventID":20,
		"EventRecordID":53,
		"ProcessID":2592,
		"ThreadID":4724,
		"Keywords":"0x8000000000000000",
		"Level":4,
		"Opcode":0,
		"Guid":"ED8B9BD3-F66E-4FF2-B86B-75C7925F72A9",
		"Provider_Name":"Microsoft-Windows-Provisioning-Diagnostics-Provider",
		"UserID":"S-1-5-18",
		"Task":0,
		"SystemTime":"2024-10-01T16:38:10.432196Z",
		"Version":0,
		"OriginalLogfile":"Microsoft-Windows-Provisioning-Diagnostics-Provider%4Admin.evtx-7NZF8EZC.json",
		"Message1":"Power.Settings.Control.ppkg",
		"Message2":"{5f568920-10ad-4dc0-a97e-b78a3255c351}"
	},
	{
		"Rule level":"medium",
		"title":"WMI Event Subscription",
		"sigma_yml":"sysmon_wmi_event_subscription.yml",
		"description":"Detects creation of WMI event subscription persistence method",
		"row_id":43426,
		"Channel":"Microsoft-Windows-Provisioning-Diagnostics-Provider/Admin",
		"Computer":"DESKTOP-47I4RLN",
		"EventID":20,
		"EventRecordID":54,
		"ProcessID":2592,
		"ThreadID":4724,
		"Keywords":"0x8000000000000000",
		"Level":4,
		"Opcode":0,
		"Guid":"ED8B9BD3-F66E-4FF2-B86B-75C7925F72A9",
		"Provider_Name":"Microsoft-Windows-Provisioning-Diagnostics-Provider",
		"UserID":"S-1-5-18",
		"Task":0,
		"SystemTime":"2024-10-01T16:38:10.439650Z",
		"Version":0,
		"OriginalLogfile":"Microsoft-Windows-Provisioning-Diagnostics-Provider%4Admin.evtx-7NZF8EZC.json",
		"Message1":"Power.Settings.Disk.ppkg",
		"Message2":"{9df6a4ed-fc16-48bf-8b24-6e2ad2bfcfea}"
	},
	{
		"Rule level":"medium",
		"title":"WMI Event Subscription",
		"sigma_yml":"sysmon_wmi_event_subscription.yml",
		"description":"Detects creation of WMI event subscription persistence method",
		"row_id":43427,
		"Channel":"Microsoft-Windows-Provisioning-Diagnostics-Provider/Admin",
		"Computer":"DESKTOP-47I4RLN",
		"EventID":20,
		"EventRecordID":55,
		"ProcessID":2592,
		"ThreadID":4724,
		"Keywords":"0x8000000000000000",
		"Level":4,
		"Opcode":0,
		"Guid":"ED8B9BD3-F66E-4FF2-B86B-75C7925F72A9",
		"Provider_Name":"Microsoft-Windows-Provisioning-Diagnostics-Provider",
		"UserID":"S-1-5-18",
		"Task":0,
		"SystemTime":"2024-10-01T16:38:10.447304Z",
		"Version":0,
		"OriginalLogfile":"Microsoft-Windows-Provisioning-Diagnostics-Provider%4Admin.evtx-7NZF8EZC.json",
		"Message1":"Power.Settings.Display.ppkg",
		"Message2":"{23cb517f-5073-4e96-a202-7fe6122a2271}"
	},
	{
		"Rule level":"medium",
		"title":"WMI Event Subscription",
		"sigma_yml":"sysmon_wmi_event_subscription.yml",
		"description":"Detects creation of WMI event subscription persistence method",
		"row_id":43428,
		"Channel":"Microsoft-Windows-Provisioning-Diagnostics-Provider/Admin",
		"Computer":"DESKTOP-47I4RLN",
		"EventID":20,
		"EventRecordID":56,
		"ProcessID":2592,
		"ThreadID":4724,
		"Keywords":"0x8000000000000000",
		"Level":4,
		"Opcode":0,
		"Guid":"ED8B9BD3-F66E-4FF2-B86B-75C7925F72A9",
		"Provider_Name":"Microsoft-Windows-Provisioning-Diagnostics-Provider",
		"UserID":"S-1-5-18",
		"Task":0,
		"SystemTime":"2024-10-01T16:38:10.454417Z",
		"Version":0,
		"OriginalLogfile":"Microsoft-Windows-Provisioning-Diagnostics-Provider%4Admin.evtx-7NZF8EZC.json",
		"Message1":"Power.Settings.Graphics.ppkg",
		"Message2":"{bf56ce5a-946b-45b5-858a-1794eb0125e2}"
	},
	{
		"Rule level":"medium",
		"title":"WMI Event Subscription",
		"sigma_yml":"sysmon_wmi_event_subscription.yml",
		"description":"Detects creation of WMI event subscription persistence method",
		"row_id":43429,
		"Channel":"Microsoft-Windows-Provisioning-Diagnostics-Provider/Admin",
		"Computer":"DESKTOP-47I4RLN",
		"EventID":20,
		"EventRecordID":57,
		"ProcessID":2592,
		"ThreadID":4724,
		"Keywords":"0x8000000000000000",
		"Level":4,
		"Opcode":0,
		"Guid":"ED8B9BD3-F66E-4FF2-B86B-75C7925F72A9",
		"Provider_Name":"Microsoft-Windows-Provisioning-Diagnostics-Provider",
		"UserID":"S-1-5-18",
		"Task":0,
		"SystemTime":"2024-10-01T16:38:10.461674Z",
		"Version":0,
		"OriginalLogfile":"Microsoft-Windows-Provisioning-Diagnostics-Provider%4Admin.evtx-7NZF8EZC.json",
		"Message1":"Power.Settings.IdleResiliency.ppkg",
		"Message2":"{f11899f2-71ec-4621-9997-e17ae2f6eb26}"
	},
	{
		"Rule level":"medium",
		"title":"WMI Event Subscription",
		"sigma_yml":"sysmon_wmi_event_subscription.yml",
		"description":"Detects creation of WMI event subscription persistence method",
		"row_id":43430,
		"Channel":"Microsoft-Windows-Provisioning-Diagnostics-Provider/Admin",
		"Computer":"DESKTOP-47I4RLN",
		"EventID":20,
		"EventRecordID":58,
		"ProcessID":2592,
		"ThreadID":4724,
		"Keywords":"0x8000000000000000",
		"Level":4,
		"Opcode":0,
		"Guid":"ED8B9BD3-F66E-4FF2-B86B-75C7925F72A9",
		"Provider_Name":"Microsoft-Windows-Provisioning-Diagnostics-Provider",
		"UserID":"S-1-5-18",
		"Task":0,
		"SystemTime":"2024-10-01T16:38:10.468897Z",
		"Version":0,
		"OriginalLogfile":"Microsoft-Windows-Provisioning-Diagnostics-Provider%4Admin.evtx-7NZF8EZC.json",
		"Message1":"Power.Settings.PCIExpress.ppkg",
		"Message2":"{268c43e1-aa2b-4036-86ef-8cda98a0c2fe}"
	},
	{
		"Rule level":"medium",
		"title":"WMI Event Subscription",
		"sigma_yml":"sysmon_wmi_event_subscription.yml",
		"description":"Detects creation of WMI event subscription persistence method",
		"row_id":43431,
		"Channel":"Microsoft-Windows-Provisioning-Diagnostics-Provider/Admin",
		"Computer":"DESKTOP-47I4RLN",
		"EventID":20,
		"EventRecordID":59,
		"ProcessID":2592,
		"ThreadID":4724,
		"Keywords":"0x8000000000000000",
		"Level":4,
		"Opcode":0,
		"Guid":"ED8B9BD3-F66E-4FF2-B86B-75C7925F72A9",
		"Provider_Name":"Microsoft-Windows-Provisioning-Diagnostics-Provider",
		"UserID":"S-1-5-18",
		"Task":0,
		"SystemTime":"2024-10-01T16:38:10.476528Z",
		"Version":0,
		"OriginalLogfile":"Microsoft-Windows-Provisioning-Diagnostics-Provider%4Admin.evtx-7NZF8EZC.json",
		"Message1":"Power.Settings.Processor.ppkg",
		"Message2":"{fc01e91f-914c-45af-9d7c-0b2e5fbedf62}"
	},
	{
		"Rule level":"medium",
		"title":"WMI Event Subscription",
		"sigma_yml":"sysmon_wmi_event_subscription.yml",
		"description":"Detects creation of WMI event subscription persistence method",
		"row_id":43432,
		"Channel":"Microsoft-Windows-Provisioning-Diagnostics-Provider/Admin",
		"Computer":"DESKTOP-47I4RLN",
		"EventID":20,
		"EventRecordID":60,
		"ProcessID":2592,
		"ThreadID":4724,
		"Keywords":"0x8000000000000000",
		"Level":4,
		"Opcode":0,
		"Guid":"ED8B9BD3-F66E-4FF2-B86B-75C7925F72A9",
		"Provider_Name":"Microsoft-Windows-Provisioning-Diagnostics-Provider",
		"UserID":"S-1-5-18",
		"Task":0,
		"SystemTime":"2024-10-01T16:38:10.483966Z",
		"Version":0,
		"OriginalLogfile":"Microsoft-Windows-Provisioning-Diagnostics-Provider%4Admin.evtx-7NZF8EZC.json",
		"Message1":"Power.Settings.Sleep.ppkg",
		"Message2":"{3742e5e8-6d9d-473b-99a6-8ecc0f43548a}"
	},
	{
		"Rule level":"medium",
		"title":"WMI Event Subscription",
		"sigma_yml":"sysmon_wmi_event_subscription.yml",
		"description":"Detects creation of WMI event subscription persistence method",
		"row_id":43433,
		"Channel":"Microsoft-Windows-Provisioning-Diagnostics-Provider/Admin",
		"Computer":"DESKTOP-47I4RLN",
		"EventID":20,
		"EventRecordID":61,
		"ProcessID":2592,
		"ThreadID":4724,
		"Keywords":"0x8000000000000000",
		"Level":4,
		"Opcode":0,
		"Guid":"ED8B9BD3-F66E-4FF2-B86B-75C7925F72A9",
		"Provider_Name":"Microsoft-Windows-Provisioning-Diagnostics-Provider",
		"UserID":"S-1-5-18",
		"Task":0,
		"SystemTime":"2024-10-01T16:38:10.532702Z",
		"Version":0,
		"OriginalLogfile":"Microsoft-Windows-Provisioning-Diagnostics-Provider%4Admin.evtx-7NZF8EZC.json",
		"Message1":"Microsoft.Windows.Cosa.Desktop.Client.ppkg",
		"Message2":"{c8a326e4-f518-4f14-b543-97a57e1a975e}"
	},
	{
		"Rule level":"medium",
		"title":"WMI Event Subscription",
		"sigma_yml":"sysmon_wmi_event_subscription.yml",
		"description":"Detects creation of WMI event subscription persistence method",
		"row_id":28097,
		"Channel":"Microsoft-Windows-BackgroundTaskInfrastructure/Operational",
		"Computer":"DESKTOP-47I4RLN",
		"EventID":21,
		"EventRecordID":1,
		"ProcessID":748,
		"ThreadID":1848,
		"Keywords":"0x4000000000000001",
		"Level":4,
		"Opcode":113,
		"Guid":"E6835967-E0D2-41FB-BCEC-58387404E25A",
		"Provider_Name":"Microsoft-Windows-BrokerInfrastructure",
		"UserID":"S-1-5-18",
		"Task":100,
		"SystemTime":"2024-10-01T13:48:19.922627Z",
		"Version":0,
		"OriginalLogfile":"Microsoft-Windows-BackgroundTaskInfrastructure%4Operational.evtx-H9SFXO9J.json",
		"ActivityID":"BD9CCF49-1496-0001-21F5-9CBD9614DB01",
		"Result":2150040155,
		"NameLength":43,
		"EntryPointLength":95,
		"TaskEntryPoint":"WindowsInternal.Shell.UnifiedTile.CuratedTileCollections.CollectionInitializationBackgroundTask",
		"TaskName":"Placeholder tile event based initialization"
	},
	{
		"Rule level":"medium",
		"title":"WMI Event Subscription",
		"sigma_yml":"sysmon_wmi_event_subscription.yml",
		"description":"Detects creation of WMI event subscription persistence method",
		"row_id":28098,
		"Channel":"Microsoft-Windows-BackgroundTaskInfrastructure/Operational",
		"Computer":"DESKTOP-47I4RLN",
		"EventID":21,
		"EventRecordID":2,
		"ProcessID":748,
		"ThreadID":4876,
		"Keywords":"0x4000000000000001",
		"Level":4,
		"Opcode":113,
		"Guid":"E6835967-E0D2-41FB-BCEC-58387404E25A",
		"Provider_Name":"Microsoft-Windows-BrokerInfrastructure",
		"UserID":"S-1-5-18",
		"Task":100,
		"SystemTime":"2024-10-01T13:48:20.129575Z",
		"Version":0,
		"OriginalLogfile":"Microsoft-Windows-BackgroundTaskInfrastructure%4Operational.evtx-H9SFXO9J.json",
		"ActivityID":"BD9CCF49-1496-0001-1FF5-9CBD9614DB01",
		"Result":2150040155,
		"NameLength":30,
		"EntryPointLength":43,
		"TaskEntryPoint":"WinStoreTasksWrapper.PreInstallRegisterTask",
		"TaskName":"windows.preInstalledConfigTask"
	},
	{
		"Rule level":"medium",
		"title":"WMI Event Subscription",
		"sigma_yml":"sysmon_wmi_event_subscription.yml",
		"description":"Detects creation of WMI event subscription persistence method",
		"row_id":28099,
		"Channel":"Microsoft-Windows-BackgroundTaskInfrastructure/Operational",
		"Computer":"DESKTOP-47I4RLN",
		"EventID":21,
		"EventRecordID":3,
		"ProcessID":748,
		"ThreadID":6816,
		"Keywords":"0x4000000000000001",
		"Level":4,
		"Opcode":113,
		"Guid":"E6835967-E0D2-41FB-BCEC-58387404E25A",
		"Provider_Name":"Microsoft-Windows-BrokerInfrastructure",
		"UserID":"S-1-5-18",
		"Task":100,
		"SystemTime":"2024-10-01T13:48:20.487394Z",
		"Version":0,
		"OriginalLogfile":"Microsoft-Windows-BackgroundTaskInfrastructure%4Operational.evtx-H9SFXO9J.json",
		"ActivityID":"BD9CCF49-1496-0000-1CF5-9CBD9614DB01",
		"Result":2150040155,
		"NameLength":30,
		"EntryPointLength":36,
		"TaskEntryPoint":"SpModel.Model.BookTileBackgroundTask",
		"TaskName":"windows.preInstalledConfigTask"
	},
	{
		"Rule level":"medium",
		"title":"WMI Event Subscription",
		"sigma_yml":"sysmon_wmi_event_subscription.yml",
		"description":"Detects creation of WMI event subscription persistence method",
		"row_id":28100,
		"Channel":"Microsoft-Windows-BackgroundTaskInfrastructure/Operational",
		"Computer":"DESKTOP-47I4RLN",
		"EventID":21,
		"EventRecordID":4,
		"ProcessID":748,
		"ThreadID":7828,
		"Keywords":"0x4000000000000001",
		"Level":4,
		"Opcode":113,
		"Guid":"E6835967-E0D2-41FB-BCEC-58387404E25A",
		"Provider_Name":"Microsoft-Windows-BrokerInfrastructure",
		"UserID":"S-1-5-18",
		"Task":100,
		"SystemTime":"2024-10-01T13:48:20.646636Z",
		"Version":0,
		"OriginalLogfile":"Microsoft-Windows-BackgroundTaskInfrastructure%4Operational.evtx-H9SFXO9J.json",
		"ActivityID":"BD9CCF49-1496-0001-1DF5-9CBD9614DB01",
		"Result":2150040155,
		"NameLength":30,
		"EntryPointLength":19,
		"TaskEntryPoint":"HxMail.FirstRunTask",
		"TaskName":"windows.preInstalledConfigTask"
	},
	{
		"Rule level":"medium",
		"title":"WMI Event Subscription",
		"sigma_yml":"sysmon_wmi_event_subscription.yml",
		"description":"Detects creation of WMI event subscription persistence method",
		"row_id":28101,
		"Channel":"Microsoft-Windows-BackgroundTaskInfrastructure/Operational",
		"Computer":"DESKTOP-47I4RLN",
		"EventID":21,
		"EventRecordID":5,
		"ProcessID":748,
		"ThreadID":6584,
		"Keywords":"0x4000000000000001",
		"Level":4,
		"Opcode":113,
		"Guid":"E6835967-E0D2-41FB-BCEC-58387404E25A",
		"Provider_Name":"Microsoft-Windows-BrokerInfrastructure",
		"UserID":"S-1-5-18",
		"Task":100,
		"SystemTime":"2024-10-01T13:48:20.688198Z",
		"Version":0,
		"OriginalLogfile":"Microsoft-Windows-BackgroundTaskInfrastructure%4Operational.evtx-H9SFXO9J.json",
		"ActivityID":"BD9CCF49-1496-0001-1BF5-9CBD9614DB01",
		"Result":2150040155,
		"NameLength":30,
		"EntryPointLength":51,
		"TaskEntryPoint":"PhotosApp.BackgroundTasks.OobeBackgroundTaskStarter",
		"TaskName":"windows.preInstalledConfigTask"
	},
	{
		"Rule level":"medium",
		"title":"WMI Event Subscription",
		"sigma_yml":"sysmon_wmi_event_subscription.yml",
		"description":"Detects creation of WMI event subscription persistence method",
		"row_id":28102,
		"Channel":"Microsoft-Windows-BackgroundTaskInfrastructure/Operational",
		"Computer":"DESKTOP-47I4RLN",
		"EventID":21,
		"EventRecordID":6,
		"ProcessID":748,
		"ThreadID":6584,
		"Keywords":"0x4000000000000001",
		"Level":4,
		"Opcode":113,
		"Guid":"E6835967-E0D2-41FB-BCEC-58387404E25A",
		"Provider_Name":"Microsoft-Windows-BrokerInfrastructure",
		"UserID":"S-1-5-18",
		"Task":100,
		"SystemTime":"2024-10-01T13:48:21.499919Z",
		"Version":0,
		"OriginalLogfile":"Microsoft-Windows-BackgroundTaskInfrastructure%4Operational.evtx-H9SFXO9J.json",
		"ActivityID":"BD9CCF49-1496-0000-5FF8-9CBD9614DB01",
		"Result":2150040155,
		"NameLength":0,
		"EntryPointLength":69,
		"TaskEntryPoint":"Windows.Networking.BackgroundTransfer.Internal.BackgroundTransferTask"
	},
	{
		"Rule level":"medium",
		"title":"WMI Event Subscription",
		"sigma_yml":"sysmon_wmi_event_subscription.yml",
		"description":"Detects creation of WMI event subscription persistence method",
		"row_id":28103,
		"Channel":"Microsoft-Windows-BackgroundTaskInfrastructure/Operational",
		"Computer":"DESKTOP-47I4RLN",
		"EventID":21,
		"EventRecordID":7,
		"ProcessID":748,
		"ThreadID":6584,
		"Keywords":"0x4000000000000001",
		"Level":4,
		"Opcode":113,
		"Guid":"E6835967-E0D2-41FB-BCEC-58387404E25A",
		"Provider_Name":"Microsoft-Windows-BrokerInfrastructure",
		"UserID":"S-1-5-18",
		"Task":100,
		"SystemTime":"2024-10-01T13:48:21.964807Z",
		"Version":0,
		"OriginalLogfile":"Microsoft-Windows-BackgroundTaskInfrastructure%4Operational.evtx-H9SFXO9J.json",
		"ActivityID":"BD9CCF49-1496-0000-6BF8-9CBD9614DB01",
		"Result":2150040155,
		"NameLength":0,
		"EntryPointLength":69,
		"TaskEntryPoint":"Windows.Networking.BackgroundTransfer.Internal.BackgroundTransferTask"
	},
	{
		"Rule level":"medium",
		"title":"WMI Event Subscription",
		"sigma_yml":"sysmon_wmi_event_subscription.yml",
		"description":"Detects creation of WMI event subscription persistence method",
		"row_id":28104,
		"Channel":"Microsoft-Windows-BackgroundTaskInfrastructure/Operational",
		"Computer":"DESKTOP-47I4RLN",
		"EventID":21,
		"EventRecordID":8,
		"ProcessID":748,
		"ThreadID":4876,
		"Keywords":"0x4000000000000001",
		"Level":4,
		"Opcode":113,
		"Guid":"E6835967-E0D2-41FB-BCEC-58387404E25A",
		"Provider_Name":"Microsoft-Windows-BrokerInfrastructure",
		"UserID":"S-1-5-18",
		"Task":100,
		"SystemTime":"2024-10-01T13:48:21.988744Z",
		"Version":0,
		"OriginalLogfile":"Microsoft-Windows-BackgroundTaskInfrastructure%4Operational.evtx-H9SFXO9J.json",
		"ActivityID":"BD9CCF49-1496-0000-6CF8-9CBD9614DB01",
		"Result":2150040155,
		"NameLength":0,
		"EntryPointLength":69,
		"TaskEntryPoint":"Windows.Networking.BackgroundTransfer.Internal.BackgroundTransferTask"
	},
	{
		"Rule level":"medium",
		"title":"WMI Event Subscription",
		"sigma_yml":"sysmon_wmi_event_subscription.yml",
		"description":"Detects creation of WMI event subscription persistence method",
		"row_id":28105,
		"Channel":"Microsoft-Windows-BackgroundTaskInfrastructure/Operational",
		"Computer":"DESKTOP-47I4RLN",
		"EventID":21,
		"EventRecordID":9,
		"ProcessID":748,
		"ThreadID":7828,
		"Keywords":"0x4000000000000001",
		"Level":4,
		"Opcode":113,
		"Guid":"E6835967-E0D2-41FB-BCEC-58387404E25A",
		"Provider_Name":"Microsoft-Windows-BrokerInfrastructure",
		"UserID":"S-1-5-18",
		"Task":100,
		"SystemTime":"2024-10-01T13:48:22.009524Z",
		"Version":0,
		"OriginalLogfile":"Microsoft-Windows-BackgroundTaskInfrastructure%4Operational.evtx-H9SFXO9J.json",
		"ActivityID":"BD9CCF49-1496-0000-6CF8-9CBD9614DB01",
		"Result":2150040155,
		"NameLength":0,
		"EntryPointLength":69,
		"TaskEntryPoint":"Windows.Networking.BackgroundTransfer.Internal.BackgroundTransferTask"
	},
	{
		"Rule level":"medium",
		"title":"WMI Event Subscription",
		"sigma_yml":"sysmon_wmi_event_subscription.yml",
		"description":"Detects creation of WMI event subscription persistence method",
		"row_id":28106,
		"Channel":"Microsoft-Windows-BackgroundTaskInfrastructure/Operational",
		"Computer":"DESKTOP-47I4RLN",
		"EventID":21,
		"EventRecordID":10,
		"ProcessID":748,
		"ThreadID":6816,
		"Keywords":"0x4000000000000001",
		"Level":4,
		"Opcode":113,
		"Guid":"E6835967-E0D2-41FB-BCEC-58387404E25A",
		"Provider_Name":"Microsoft-Windows-BrokerInfrastructure",
		"UserID":"S-1-5-18",
		"Task":100,
		"SystemTime":"2024-10-01T13:48:22.032366Z",
		"Version":0,
		"OriginalLogfile":"Microsoft-Windows-BackgroundTaskInfrastructure%4Operational.evtx-H9SFXO9J.json",
		"ActivityID":"BD9CCF49-1496-0000-6CF8-9CBD9614DB01",
		"Result":2150040155,
		"NameLength":0,
		"EntryPointLength":69,
		"TaskEntryPoint":"Windows.Networking.BackgroundTransfer.Internal.BackgroundTransferTask"
	},
	{
		"Rule level":"medium",
		"title":"WMI Event Subscription",
		"sigma_yml":"sysmon_wmi_event_subscription.yml",
		"description":"Detects creation of WMI event subscription persistence method",
		"row_id":28107,
		"Channel":"Microsoft-Windows-BackgroundTaskInfrastructure/Operational",
		"Computer":"DESKTOP-47I4RLN",
		"EventID":21,
		"EventRecordID":11,
		"ProcessID":748,
		"ThreadID":1848,
		"Keywords":"0x4000000000000001",
		"Level":4,
		"Opcode":113,
		"Guid":"E6835967-E0D2-41FB-BCEC-58387404E25A",
		"Provider_Name":"Microsoft-Windows-BrokerInfrastructure",
		"UserID":"S-1-5-18",
		"Task":100,
		"SystemTime":"2024-10-01T13:48:22.056208Z",
		"Version":0,
		"OriginalLogfile":"Microsoft-Windows-BackgroundTaskInfrastructure%4Operational.evtx-H9SFXO9J.json",
		"ActivityID":"BD9CCF49-1496-0000-6CF8-9CBD9614DB01",
		"Result":2150040155,
		"NameLength":0,
		"EntryPointLength":69,
		"TaskEntryPoint":"Windows.Networking.BackgroundTransfer.Internal.BackgroundTransferTask"
	},
	{
		"Rule level":"medium",
		"title":"WMI Event Subscription",
		"sigma_yml":"sysmon_wmi_event_subscription.yml",
		"description":"Detects creation of WMI event subscription persistence method",
		"row_id":28108,
		"Channel":"Microsoft-Windows-BackgroundTaskInfrastructure/Operational",
		"Computer":"DESKTOP-47I4RLN",
		"EventID":21,
		"EventRecordID":12,
		"ProcessID":748,
		"ThreadID":6924,
		"Keywords":"0x4000000000000001",
		"Level":4,
		"Opcode":113,
		"Guid":"E6835967-E0D2-41FB-BCEC-58387404E25A",
		"Provider_Name":"Microsoft-Windows-BrokerInfrastructure",
		"UserID":"S-1-5-18",
		"Task":100,
		"SystemTime":"2024-10-01T13:48:22.078832Z",
		"Version":0,
		"OriginalLogfile":"Microsoft-Windows-BackgroundTaskInfrastructure%4Operational.evtx-H9SFXO9J.json",
		"ActivityID":"BD9CCF49-1496-0000-6CF8-9CBD9614DB01",
		"Result":2150040155,
		"NameLength":0,
		"EntryPointLength":69,
		"TaskEntryPoint":"Windows.Networking.BackgroundTransfer.Internal.BackgroundTransferTask"
	},
	{
		"Rule level":"medium",
		"title":"WMI Event Subscription",
		"sigma_yml":"sysmon_wmi_event_subscription.yml",
		"description":"Detects creation of WMI event subscription persistence method",
		"row_id":28109,
		"Channel":"Microsoft-Windows-BackgroundTaskInfrastructure/Operational",
		"Computer":"DESKTOP-47I4RLN",
		"EventID":21,
		"EventRecordID":13,
		"ProcessID":748,
		"ThreadID":6984,
		"Keywords":"0x4000000000000001",
		"Level":4,
		"Opcode":113,
		"Guid":"E6835967-E0D2-41FB-BCEC-58387404E25A",
		"Provider_Name":"Microsoft-Windows-BrokerInfrastructure",
		"UserID":"S-1-5-18",
		"Task":100,
		"SystemTime":"2024-10-01T13:48:22.107538Z",
		"Version":0,
		"OriginalLogfile":"Microsoft-Windows-BackgroundTaskInfrastructure%4Operational.evtx-H9SFXO9J.json",
		"ActivityID":"BD9CCF49-1496-0000-6CF8-9CBD9614DB01",
		"Result":2150040155,
		"NameLength":0,
		"EntryPointLength":69,
		"TaskEntryPoint":"Windows.Networking.BackgroundTransfer.Internal.BackgroundTransferTask"
	},
	{
		"Rule level":"medium",
		"title":"WMI Event Subscription",
		"sigma_yml":"sysmon_wmi_event_subscription.yml",
		"description":"Detects creation of WMI event subscription persistence method",
		"row_id":28110,
		"Channel":"Microsoft-Windows-BackgroundTaskInfrastructure/Operational",
		"Computer":"DESKTOP-47I4RLN",
		"EventID":21,
		"EventRecordID":14,
		"ProcessID":748,
		"ThreadID":6840,
		"Keywords":"0x4000000000000001",
		"Level":4,
		"Opcode":113,
		"Guid":"E6835967-E0D2-41FB-BCEC-58387404E25A",
		"Provider_Name":"Microsoft-Windows-BrokerInfrastructure",
		"UserID":"S-1-5-18",
		"Task":100,
		"SystemTime":"2024-10-01T13:48:22.156678Z",
		"Version":0,
		"OriginalLogfile":"Microsoft-Windows-BackgroundTaskInfrastructure%4Operational.evtx-H9SFXO9J.json",
		"ActivityID":"BD9CCF49-1496-0000-6CF8-9CBD9614DB01",
		"Result":2150040155,
		"NameLength":0,
		"EntryPointLength":69,
		"TaskEntryPoint":"Windows.Networking.BackgroundTransfer.Internal.BackgroundTransferTask"
	},
	{
		"Rule level":"medium",
		"title":"WMI Event Subscription",
		"sigma_yml":"sysmon_wmi_event_subscription.yml",
		"description":"Detects creation of WMI event subscription persistence method",
		"row_id":28111,
		"Channel":"Microsoft-Windows-BackgroundTaskInfrastructure/Operational",
		"Computer":"DESKTOP-47I4RLN",
		"EventID":21,
		"EventRecordID":15,
		"ProcessID":748,
		"ThreadID":6584,
		"Keywords":"0x4000000000000001",
		"Level":4,
		"Opcode":113,
		"Guid":"E6835967-E0D2-41FB-BCEC-58387404E25A",
		"Provider_Name":"Microsoft-Windows-BrokerInfrastructure",
		"UserID":"S-1-5-18",
		"Task":100,
		"SystemTime":"2024-10-01T13:48:22.179774Z",
		"Version":0,
		"OriginalLogfile":"Microsoft-Windows-BackgroundTaskInfrastructure%4Operational.evtx-H9SFXO9J.json",
		"ActivityID":"BD9CCF49-1496-0000-6CF8-9CBD9614DB01",
		"Result":2150040155,
		"NameLength":0,
		"EntryPointLength":69,
		"TaskEntryPoint":"Windows.Networking.BackgroundTransfer.Internal.BackgroundTransferTask"
	},
	{
		"Rule level":"medium",
		"title":"WMI Event Subscription",
		"sigma_yml":"sysmon_wmi_event_subscription.yml",
		"description":"Detects creation of WMI event subscription persistence method",
		"row_id":28112,
		"Channel":"Microsoft-Windows-BackgroundTaskInfrastructure/Operational",
		"Computer":"DESKTOP-47I4RLN",
		"EventID":21,
		"EventRecordID":16,
		"ProcessID":748,
		"ThreadID":4876,
		"Keywords":"0x4000000000000001",
		"Level":4,
		"Opcode":113,
		"Guid":"E6835967-E0D2-41FB-BCEC-58387404E25A",
		"Provider_Name":"Microsoft-Windows-BrokerInfrastructure",
		"UserID":"S-1-5-18",
		"Task":100,
		"SystemTime":"2024-10-01T13:48:22.203913Z",
		"Version":0,
		"OriginalLogfile":"Microsoft-Windows-BackgroundTaskInfrastructure%4Operational.evtx-H9SFXO9J.json",
		"ActivityID":"BD9CCF49-1496-0000-6CF8-9CBD9614DB01",
		"Result":2150040155,
		"NameLength":0,
		"EntryPointLength":69,
		"TaskEntryPoint":"Windows.Networking.BackgroundTransfer.Internal.BackgroundTransferTask"
	},
	{
		"Rule level":"medium",
		"title":"WMI Event Subscription",
		"sigma_yml":"sysmon_wmi_event_subscription.yml",
		"description":"Detects creation of WMI event subscription persistence method",
		"row_id":28113,
		"Channel":"Microsoft-Windows-BackgroundTaskInfrastructure/Operational",
		"Computer":"DESKTOP-47I4RLN",
		"EventID":21,
		"EventRecordID":17,
		"ProcessID":748,
		"ThreadID":7828,
		"Keywords":"0x4000000000000001",
		"Level":4,
		"Opcode":113,
		"Guid":"E6835967-E0D2-41FB-BCEC-58387404E25A",
		"Provider_Name":"Microsoft-Windows-BrokerInfrastructure",
		"UserID":"S-1-5-18",
		"Task":100,
		"SystemTime":"2024-10-01T13:48:22.227017Z",
		"Version":0,
		"OriginalLogfile":"Microsoft-Windows-BackgroundTaskInfrastructure%4Operational.evtx-H9SFXO9J.json",
		"ActivityID":"BD9CCF49-1496-0000-6CF8-9CBD9614DB01",
		"Result":2150040155,
		"NameLength":0,
		"EntryPointLength":69,
		"TaskEntryPoint":"Windows.Networking.BackgroundTransfer.Internal.BackgroundTransferTask"
	},
	{
		"Rule level":"medium",
		"title":"WMI Event Subscription",
		"sigma_yml":"sysmon_wmi_event_subscription.yml",
		"description":"Detects creation of WMI event subscription persistence method",
		"row_id":28114,
		"Channel":"Microsoft-Windows-BackgroundTaskInfrastructure/Operational",
		"Computer":"DESKTOP-47I4RLN",
		"EventID":21,
		"EventRecordID":18,
		"ProcessID":756,
		"ThreadID":6248,
		"Keywords":"0x4000000000000001",
		"Level":4,
		"Opcode":113,
		"Guid":"E6835967-E0D2-41FB-BCEC-58387404E25A",
		"Provider_Name":"Microsoft-Windows-BrokerInfrastructure",
		"UserID":"S-1-5-18",
		"Task":100,
		"SystemTime":"2024-10-01T13:49:18.870760Z",
		"Version":0,
		"OriginalLogfile":"Microsoft-Windows-BackgroundTaskInfrastructure%4Operational.evtx-H9SFXO9J.json",
		"ActivityID":"A7FD8A1E-1408-0000-2594-FDA70814DB01",
		"Result":2147942526,
		"NameLength":0,
		"EntryPointLength":36,
		"TaskEntryPoint":"SpModel.Model.BookTileBackgroundTask"
	},
	{
		"Rule level":"medium",
		"title":"WMI Event Subscription",
		"sigma_yml":"sysmon_wmi_event_subscription.yml",
		"description":"Detects creation of WMI event subscription persistence method",
		"row_id":28115,
		"Channel":"Microsoft-Windows-BackgroundTaskInfrastructure/Operational",
		"Computer":"DESKTOP-47I4RLN",
		"EventID":21,
		"EventRecordID":19,
		"ProcessID":756,
		"ThreadID":3160,
		"Keywords":"0x4000000000000001",
		"Level":4,
		"Opcode":113,
		"Guid":"E6835967-E0D2-41FB-BCEC-58387404E25A",
		"Provider_Name":"Microsoft-Windows-BrokerInfrastructure",
		"UserID":"S-1-5-18",
		"Task":100,
		"SystemTime":"2024-10-01T14:35:16.673095Z",
		"Version":0,
		"OriginalLogfile":"Microsoft-Windows-BackgroundTaskInfrastructure%4Operational.evtx-H9SFXO9J.json",
		"ActivityID":"A7FD8A1E-1408-0001-2439-FEA70814DB01",
		"Result":2147942526,
		"NameLength":0,
		"EntryPointLength":36,
		"TaskEntryPoint":"SpModel.Model.BookTileBackgroundTask"
	},
	{
		"Rule level":"medium",
		"title":"WMI Event Subscription",
		"sigma_yml":"sysmon_wmi_event_subscription.yml",
		"description":"Detects creation of WMI event subscription persistence method",
		"row_id":28882,
		"Channel":"Microsoft-Windows-TerminalServices-LocalSessionManager/Operational",
		"Computer":"DESKTOP-47I4RLN",
		"EventID":21,
		"EventRecordID":25,
		"ProcessID":920,
		"ThreadID":1088,
		"Keywords":"0x1000000000000000",
		"Level":4,
		"Opcode":0,
		"Guid":"5D896912-022D-40AA-A3A8-4FA5515C76D7",
		"Provider_Name":"Microsoft-Windows-TerminalServices-LocalSessionManager",
		"UserID":"S-1-5-18",
		"Task":0,
		"SystemTime":"2024-10-01T13:47:26.375085Z",
		"Version":0,
		"OriginalLogfile":"Microsoft-Windows-TerminalServices-LocalSessionManager%4Operational.evtx-FNYO4E95.json",
		"ActivityID":"61A55000-55E5-1017-0000-000000000000",
		"User":"DESKTOP-47I4RLN\\dfir",
		"Address":"LOCAL",
		"SessionId":1
	},
	{
		"Rule level":"medium",
		"title":"WMI Event Subscription",
		"sigma_yml":"sysmon_wmi_event_subscription.yml",
		"description":"Detects creation of WMI event subscription persistence method",
		"row_id":28889,
		"Channel":"Microsoft-Windows-TerminalServices-LocalSessionManager/Operational",
		"Computer":"DESKTOP-47I4RLN",
		"EventID":21,
		"EventRecordID":32,
		"ProcessID":928,
		"ThreadID":984,
		"Keywords":"0x1000000000000000",
		"Level":4,
		"Opcode":0,
		"Guid":"5D896912-022D-40AA-A3A8-4FA5515C76D7",
		"Provider_Name":"Microsoft-Windows-TerminalServices-LocalSessionManager",
		"UserID":"S-1-5-18",
		"Task":0,
		"SystemTime":"2024-10-01T13:49:03.801090Z",
		"Version":0,
		"OriginalLogfile":"Microsoft-Windows-TerminalServices-LocalSessionManager%4Operational.evtx-FNYO4E95.json",
		"ActivityID":"61A55000-55E5-1017-0000-000000000000",
		"User":"DESKTOP-47I4RLN\\dfir",
		"Address":"LOCAL",
		"SessionId":1
	},
	{
		"Rule level":"medium",
		"title":"WMI Event Subscription",
		"sigma_yml":"sysmon_wmi_event_subscription.yml",
		"description":"Detects creation of WMI event subscription persistence method",
		"row_id":28896,
		"Channel":"Microsoft-Windows-TerminalServices-LocalSessionManager/Operational",
		"Computer":"DESKTOP-47I4RLN",
		"EventID":21,
		"EventRecordID":39,
		"ProcessID":920,
		"ThreadID":948,
		"Keywords":"0x1000000000000000",
		"Level":4,
		"Opcode":0,
		"Guid":"5D896912-022D-40AA-A3A8-4FA5515C76D7",
		"Provider_Name":"Microsoft-Windows-TerminalServices-LocalSessionManager",
		"UserID":"S-1-5-18",
		"Task":0,
		"SystemTime":"2024-10-01T16:29:54.177614Z",
		"Version":0,
		"OriginalLogfile":"Microsoft-Windows-TerminalServices-LocalSessionManager%4Operational.evtx-FNYO4E95.json",
		"ActivityID":"61A55000-55E5-1017-0000-000000000000",
		"User":"DESKTOP-47I4RLN\\dfir",
		"Address":"LOCAL",
		"SessionId":1
	},
	{
		"Rule level":"medium",
		"title":"WMI Event Subscription",
		"sigma_yml":"sysmon_wmi_event_subscription.yml",
		"description":"Detects creation of WMI event subscription persistence method",
		"row_id":28904,
		"Channel":"Microsoft-Windows-TerminalServices-LocalSessionManager/Operational",
		"Computer":"DESKTOP-47I4RLN",
		"EventID":21,
		"EventRecordID":47,
		"ProcessID":920,
		"ThreadID":5136,
		"Keywords":"0x1000000000000000",
		"Level":4,
		"Opcode":0,
		"Guid":"5D896912-022D-40AA-A3A8-4FA5515C76D7",
		"Provider_Name":"Microsoft-Windows-TerminalServices-LocalSessionManager",
		"UserID":"S-1-5-18",
		"Task":0,
		"SystemTime":"2024-10-01T17:32:19.301463Z",
		"Version":0,
		"OriginalLogfile":"Microsoft-Windows-TerminalServices-LocalSessionManager%4Operational.evtx-FNYO4E95.json",
		"ActivityID":"61A55000-55E5-1017-0000-000000000000",
		"User":"DESKTOP-47I4RLN\\dfir",
		"Address":"LOCAL",
		"SessionId":2
	},
	{
		"Rule level":"low",
		"title":"A Member Was Added to a Security-Enabled Global Group",
		"sigma_yml":"win_security_member_added_security_enabled_global_group.yml",
		"description":"Detects activity when a member is added to a security-enabled global group",
		"row_id":12759,
		"Channel":"Security",
		"Computer":"WIN-DCQ2TVDRU6N",
		"EventID":4728,
		"EventRecordID":42,
		"ProcessID":664,
		"ThreadID":668,
		"Keywords":"0x8020000000000000",
		"Level":0,
		"Opcode":0,
		"Guid":"54849625-5478-4994-A5BA-3E3B0328C30D",
		"Provider_Name":"Microsoft-Windows-Security-Auditing",
		"Task":13826,
		"SystemTime":"2024-10-02T06:44:28.839451Z",
		"Version":0,
		"OriginalLogfile":"Security.evtx-86NAX47W.json",
		"ActivityID":"831F1CFE-1496-0000-CB1D-1F839614DB01",
		"SubjectLogonId":"0x3e7",
		"SubjectUserName":"MINWINPC$",
		"SubjectUserSid":"S-1-5-18",
		"TargetDomainName":"MINWINPC",
		"TargetUserName":"None",
		"TargetSid":"S-1-5-21-1421159008-4270732973-2479707347-513",
		"PrivilegeList":"-",
		"MemberName":"-",
		"MemberSid":"S-1-5-21-1421159008-4270732973-2479707347-504"
	},
	{
		"Rule level":"low",
		"title":"A Member Was Added to a Security-Enabled Global Group",
		"sigma_yml":"win_security_member_added_security_enabled_global_group.yml",
		"description":"Detects activity when a member is added to a security-enabled global group",
		"row_id":12919,
		"Channel":"Security",
		"Computer":"DESKTOP-47I4RLN",
		"EventID":4728,
		"EventRecordID":202,
		"ProcessID":640,
		"ThreadID":700,
		"Keywords":"0x8020000000000000",
		"Level":0,
		"Opcode":0,
		"Guid":"54849625-5478-4994-A5BA-3E3B0328C30D",
		"Provider_Name":"Microsoft-Windows-Security-Auditing",
		"Task":13826,
		"SystemTime":"2024-10-01T13:46:10.841228Z",
		"Version":0,
		"OriginalLogfile":"Security.evtx-86NAX47W.json",
		"ActivityID":"BD9CCF49-1496-0001-0ED0-9CBD9614DB01",
		"SubjectDomainName":"WORKGROUP",
		"SubjectLogonId":"0x3e7",
		"SubjectUserName":"WIN-DCQ2TVDRU6N$",
		"SubjectUserSid":"S-1-5-18",
		"TargetDomainName":"WIN-DCQ2TVDRU6N",
		"TargetUserName":"None",
		"TargetSid":"S-1-5-21-1421159008-4270732973-2479707347-513",
		"PrivilegeList":"-",
		"MemberName":"-",
		"MemberSid":"S-1-5-21-1421159008-4270732973-2479707347-1000"
	},
	{
		"Rule level":"low",
		"title":"Local User Creation",
		"sigma_yml":"win_security_user_creation.yml",
		"description":"Detects local user creation on Windows servers, which shouldn\u0027t happen in an Active Directory environment. Apply this Sigma Use Case on your Windows server logs and not on your DC logs.\n",
		"row_id":12760,
		"Channel":"Security",
		"Computer":"WIN-DCQ2TVDRU6N",
		"EventID":4720,
		"EventRecordID":43,
		"ProcessID":664,
		"ThreadID":668,
		"Keywords":"0x8020000000000000",
		"Level":0,
		"Opcode":0,
		"Guid":"54849625-5478-4994-A5BA-3E3B0328C30D",
		"Provider_Name":"Microsoft-Windows-Security-Auditing",
		"Task":13824,
		"SystemTime":"2024-10-02T06:44:28.839776Z",
		"Version":0,
		"OriginalLogfile":"Security.evtx-86NAX47W.json",
		"ActivityID":"831F1CFE-1496-0000-CB1D-1F839614DB01",
		"SubjectLogonId":"0x3e7",
		"SubjectUserName":"MINWINPC$",
		"SubjectUserSid":"S-1-5-18",
		"TargetDomainName":"MINWINPC",
		"TargetUserName":"WDAGUtilityAccount",
		"TargetSid":"S-1-5-21-1421159008-4270732973-2479707347-504",
		"PrivilegeList":"-",
		"SAMAccountName":"WDAGUtilityAccount",
		"SidHistory":"-",
		"AccountExpires":"%%1794",
		"AllowedToDelegateTo":"-",
		"DisplayName":"%%1793",
		"HomeDirectory":"%%1793",
		"HomePath":"%%1793",
		"LogonHours":"%%1797",
		"NewUacValue":"0x15",
		"OldUacValue":"0x0",
		"PasswordLastSet":"%%1794",
		"PrimaryGroupId":"513",
		"ProfilePath":"%%1793",
		"ScriptPath":"%%1793",
		"UserAccountControl":"\r\n\t\t%%2080\r\n\t\t%%2082\r\n\t\t%%2084",
		"UserParameters":"%%1793",
		"UserPrincipalName":"-",
		"UserWorkstations":"%%1793"
	},
	{
		"Rule level":"low",
		"title":"Local User Creation",
		"sigma_yml":"win_security_user_creation.yml",
		"description":"Detects local user creation on Windows servers, which shouldn\u0027t happen in an Active Directory environment. Apply this Sigma Use Case on your Windows server logs and not on your DC logs.\n",
		"row_id":12920,
		"Channel":"Security",
		"Computer":"DESKTOP-47I4RLN",
		"EventID":4720,
		"EventRecordID":203,
		"ProcessID":640,
		"ThreadID":700,
		"Keywords":"0x8020000000000000",
		"Level":0,
		"Opcode":0,
		"Guid":"54849625-5478-4994-A5BA-3E3B0328C30D",
		"Provider_Name":"Microsoft-Windows-Security-Auditing",
		"Task":13824,
		"SystemTime":"2024-10-01T13:46:10.842740Z",
		"Version":0,
		"OriginalLogfile":"Security.evtx-86NAX47W.json",
		"ActivityID":"BD9CCF49-1496-0001-0ED0-9CBD9614DB01",
		"SubjectDomainName":"WORKGROUP",
		"SubjectLogonId":"0x3e7",
		"SubjectUserName":"WIN-DCQ2TVDRU6N$",
		"SubjectUserSid":"S-1-5-18",
		"TargetDomainName":"WIN-DCQ2TVDRU6N",
		"TargetUserName":"dfir",
		"TargetSid":"S-1-5-21-1421159008-4270732973-2479707347-1000",
		"PrivilegeList":"-",
		"SAMAccountName":"dfir",
		"SidHistory":"-",
		"AccountExpires":"%%1794",
		"AllowedToDelegateTo":"-",
		"DisplayName":"%%1793",
		"HomeDirectory":"%%1793",
		"HomePath":"%%1793",
		"LogonHours":"%%1797",
		"NewUacValue":"0x15",
		"OldUacValue":"0x0",
		"PasswordLastSet":"%%1794",
		"PrimaryGroupId":"513",
		"ProfilePath":"%%1793",
		"ScriptPath":"%%1793",
		"UserAccountControl":"\r\n\t\t%%2080\r\n\t\t%%2082\r\n\t\t%%2084",
		"UserParameters":"%%1793",
		"UserPrincipalName":"-",
		"UserWorkstations":"%%1793"
	},
];

var PrivilegeEscalationData = [
];

var DefenseEvasionData = [
	{
		"Rule level":"low",
		"title":"Windows Service Terminated With Error",
		"sigma_yml":"win_system_service_terminated_error_generic.yml",
		"description":"Detects Windows services that got terminated for whatever reason",
		"row_id":26691,
		"Channel":"System",
		"Computer":"WIN-DCQ2TVDRU6N",
		"EventID":7023,
		"EventRecordID":46,
		"ProcessID":644,
		"ThreadID":728,
		"Keywords":"0x8080000000000000",
		"Level":2,
		"Opcode":0,
		"Guid":"{555908d1-a6d7-4695-8e1e-26931d2012f4}",
		"Provider_Name":"Service Control Manager",
		"Task":0,
		"SystemTime":"2024-10-02T06:44:36.254719Z",
		"Version":0,
		"OriginalLogfile":"System.evtx-VO3HDEOC.json",
		"Qualifiers":49152,
		"EventSourceName":"Service Control Manager",
		"param1":"netprofm",
		"param2":"%%21",
		"Binary":"6E0065007400700072006F0066006D000000"
	},
	{
		"Rule level":"low",
		"title":"Windows Firewall Settings Have Been Changed",
		"sigma_yml":"win_firewall_as_setting_change.yml",
		"description":"Detects activity when the settings of the Windows firewall have been changed",
		"row_id":6233,
		"Channel":"Microsoft-Windows-Windows Firewall With Advanced Security/Firewall",
		"Computer":"DESKTOP-47I4RLN",
		"EventID":2002,
		"EventRecordID":1054,
		"ProcessID":2272,
		"ThreadID":6032,
		"Keywords":"0x8000000000000000",
		"Level":4,
		"Opcode":0,
		"Guid":"D1BC9AFF-2ABF-4D71-9146-ECB2A986EB85",
		"Provider_Name":"Microsoft-Windows-Windows Firewall With Advanced Security",
		"UserID":"S-1-5-19",
		"Task":0,
		"SystemTime":"2024-10-01T16:56:20.388042Z",
		"Version":0,
		"OriginalLogfile":"Microsoft-Windows-Windows Firewall With Advanced Security%4Firewall.evtx-C1M32OQS.json",
		"ModifyingUser":"S-1-5-80-3088073201-1464728630-1879813800-1107566885-823218052",
		"Origin":1,
		"SettingType":2,
		"SettingValue":"04000000",
		"SettingValueDisplay":"Public",
		"SettingValueSize":4
	},
	{
		"Rule level":"low",
		"title":"Windows Firewall Settings Have Been Changed",
		"sigma_yml":"win_firewall_as_setting_change.yml",
		"description":"Detects activity when the settings of the Windows firewall have been changed",
		"row_id":6235,
		"Channel":"Microsoft-Windows-Windows Firewall With Advanced Security/Firewall",
		"Computer":"DESKTOP-47I4RLN",
		"EventID":2002,
		"EventRecordID":1056,
		"ProcessID":2272,
		"ThreadID":4896,
		"Keywords":"0x8000000000000000",
		"Level":4,
		"Opcode":0,
		"Guid":"D1BC9AFF-2ABF-4D71-9146-ECB2A986EB85",
		"Provider_Name":"Microsoft-Windows-Windows Firewall With Advanced Security",
		"UserID":"S-1-5-19",
		"Task":0,
		"SystemTime":"2024-10-01T16:56:25.576015Z",
		"Version":0,
		"OriginalLogfile":"Microsoft-Windows-Windows Firewall With Advanced Security%4Firewall.evtx-C1M32OQS.json",
		"ModifyingUser":"S-1-5-80-3088073201-1464728630-1879813800-1107566885-823218052",
		"Origin":1,
		"SettingType":2,
		"SettingValue":"02000000",
		"SettingValueDisplay":"Private",
		"SettingValueSize":4
	},
	{
		"Rule level":"low",
		"title":"Windows Firewall Settings Have Been Changed",
		"sigma_yml":"win_firewall_as_setting_change.yml",
		"description":"Detects activity when the settings of the Windows firewall have been changed",
		"row_id":6239,
		"Channel":"Microsoft-Windows-Windows Firewall With Advanced Security/Firewall",
		"Computer":"DESKTOP-47I4RLN",
		"EventID":2002,
		"EventRecordID":1060,
		"ProcessID":2272,
		"ThreadID":9944,
		"Keywords":"0x8000000000000000",
		"Level":4,
		"Opcode":0,
		"Guid":"D1BC9AFF-2ABF-4D71-9146-ECB2A986EB85",
		"Provider_Name":"Microsoft-Windows-Windows Firewall With Advanced Security",
		"UserID":"S-1-5-19",
		"Task":0,
		"SystemTime":"2024-10-01T17:45:19.693282Z",
		"Version":0,
		"OriginalLogfile":"Microsoft-Windows-Windows Firewall With Advanced Security%4Firewall.evtx-C1M32OQS.json",
		"ModifyingUser":"S-1-5-80-3088073201-1464728630-1879813800-1107566885-823218052",
		"Origin":1,
		"SettingType":2,
		"SettingValue":"04000000",
		"SettingValueDisplay":"Public",
		"SettingValueSize":4
	},
	{
		"Rule level":"low",
		"title":"Windows Firewall Settings Have Been Changed",
		"sigma_yml":"win_firewall_as_setting_change.yml",
		"description":"Detects activity when the settings of the Windows firewall have been changed",
		"row_id":6242,
		"Channel":"Microsoft-Windows-Windows Firewall With Advanced Security/Firewall",
		"Computer":"DESKTOP-47I4RLN",
		"EventID":2002,
		"EventRecordID":1063,
		"ProcessID":2272,
		"ThreadID":5744,
		"Keywords":"0x8000000000000000",
		"Level":4,
		"Opcode":0,
		"Guid":"D1BC9AFF-2ABF-4D71-9146-ECB2A986EB85",
		"Provider_Name":"Microsoft-Windows-Windows Firewall With Advanced Security",
		"UserID":"S-1-5-19",
		"Task":0,
		"SystemTime":"2024-10-01T17:45:20.445338Z",
		"Version":0,
		"OriginalLogfile":"Microsoft-Windows-Windows Firewall With Advanced Security%4Firewall.evtx-C1M32OQS.json",
		"ModifyingUser":"S-1-5-80-3088073201-1464728630-1879813800-1107566885-823218052",
		"Origin":1,
		"SettingType":2,
		"SettingValue":"02000000",
		"SettingValueDisplay":"Private",
		"SettingValueSize":4
	},
	{
		"Rule level":"low",
		"title":"Windows Firewall Settings Have Been Changed",
		"sigma_yml":"win_firewall_as_setting_change.yml",
		"description":"Detects activity when the settings of the Windows firewall have been changed",
		"row_id":6244,
		"Channel":"Microsoft-Windows-Windows Firewall With Advanced Security/Firewall",
		"Computer":"DESKTOP-47I4RLN",
		"EventID":2002,
		"EventRecordID":1065,
		"ProcessID":2272,
		"ThreadID":6532,
		"Keywords":"0x8000000000000000",
		"Level":4,
		"Opcode":0,
		"Guid":"D1BC9AFF-2ABF-4D71-9146-ECB2A986EB85",
		"Provider_Name":"Microsoft-Windows-Windows Firewall With Advanced Security",
		"UserID":"S-1-5-19",
		"Task":0,
		"SystemTime":"2024-10-01T17:51:06.509968Z",
		"Version":0,
		"OriginalLogfile":"Microsoft-Windows-Windows Firewall With Advanced Security%4Firewall.evtx-C1M32OQS.json",
		"ModifyingUser":"S-1-5-80-3088073201-1464728630-1879813800-1107566885-823218052",
		"Origin":1,
		"SettingType":2,
		"SettingValue":"04000000",
		"SettingValueDisplay":"Public",
		"SettingValueSize":4
	},
	{
		"Rule level":"low",
		"title":"Windows Firewall Settings Have Been Changed",
		"sigma_yml":"win_firewall_as_setting_change.yml",
		"description":"Detects activity when the settings of the Windows firewall have been changed",
		"row_id":6247,
		"Channel":"Microsoft-Windows-Windows Firewall With Advanced Security/Firewall",
		"Computer":"DESKTOP-47I4RLN",
		"EventID":2002,
		"EventRecordID":1068,
		"ProcessID":2272,
		"ThreadID":10128,
		"Keywords":"0x8000000000000000",
		"Level":4,
		"Opcode":0,
		"Guid":"D1BC9AFF-2ABF-4D71-9146-ECB2A986EB85",
		"Provider_Name":"Microsoft-Windows-Windows Firewall With Advanced Security",
		"UserID":"S-1-5-19",
		"Task":0,
		"SystemTime":"2024-10-01T17:51:11.690925Z",
		"Version":0,
		"OriginalLogfile":"Microsoft-Windows-Windows Firewall With Advanced Security%4Firewall.evtx-C1M32OQS.json",
		"ModifyingUser":"S-1-5-80-3088073201-1464728630-1879813800-1107566885-823218052",
		"Origin":1,
		"SettingType":2,
		"SettingValue":"02000000",
		"SettingValueDisplay":"Private",
		"SettingValueSize":4
	},
	{
		"Rule level":"low",
		"title":"Windows Firewall Settings Have Been Changed",
		"sigma_yml":"win_firewall_as_setting_change.yml",
		"description":"Detects activity when the settings of the Windows firewall have been changed",
		"row_id":6249,
		"Channel":"Microsoft-Windows-Windows Firewall With Advanced Security/Firewall",
		"Computer":"DESKTOP-47I4RLN",
		"EventID":2002,
		"EventRecordID":1070,
		"ProcessID":2272,
		"ThreadID":9296,
		"Keywords":"0x8000000000000000",
		"Level":4,
		"Opcode":0,
		"Guid":"D1BC9AFF-2ABF-4D71-9146-ECB2A986EB85",
		"Provider_Name":"Microsoft-Windows-Windows Firewall With Advanced Security",
		"UserID":"S-1-5-19",
		"Task":0,
		"SystemTime":"2024-10-01T18:42:16.871349Z",
		"Version":0,
		"OriginalLogfile":"Microsoft-Windows-Windows Firewall With Advanced Security%4Firewall.evtx-C1M32OQS.json",
		"ModifyingUser":"S-1-5-80-3088073201-1464728630-1879813800-1107566885-823218052",
		"Origin":1,
		"SettingType":2,
		"SettingValue":"04000000",
		"SettingValueDisplay":"Public",
		"SettingValueSize":4
	},
	{
		"Rule level":"low",
		"title":"Windows Firewall Settings Have Been Changed",
		"sigma_yml":"win_firewall_as_setting_change.yml",
		"description":"Detects activity when the settings of the Windows firewall have been changed",
		"row_id":6252,
		"Channel":"Microsoft-Windows-Windows Firewall With Advanced Security/Firewall",
		"Computer":"DESKTOP-47I4RLN",
		"EventID":2002,
		"EventRecordID":1073,
		"ProcessID":2272,
		"ThreadID":8224,
		"Keywords":"0x8000000000000000",
		"Level":4,
		"Opcode":0,
		"Guid":"D1BC9AFF-2ABF-4D71-9146-ECB2A986EB85",
		"Provider_Name":"Microsoft-Windows-Windows Firewall With Advanced Security",
		"UserID":"S-1-5-19",
		"Task":0,
		"SystemTime":"2024-10-01T18:42:17.022716Z",
		"Version":0,
		"OriginalLogfile":"Microsoft-Windows-Windows Firewall With Advanced Security%4Firewall.evtx-C1M32OQS.json",
		"ModifyingUser":"S-1-5-80-3088073201-1464728630-1879813800-1107566885-823218052",
		"Origin":1,
		"SettingType":2,
		"SettingValue":"02000000",
		"SettingValueDisplay":"Private",
		"SettingValueSize":4
	},
	{
		"Rule level":"low",
		"title":"Windows Firewall Settings Have Been Changed",
		"sigma_yml":"win_firewall_as_setting_change.yml",
		"description":"Detects activity when the settings of the Windows firewall have been changed",
		"row_id":6472,
		"Channel":"Microsoft-Windows-Windows Firewall With Advanced Security/Firewall",
		"Computer":"DESKTOP-47I4RLN",
		"EventID":2002,
		"EventRecordID":413,
		"ProcessID":2604,
		"ThreadID":3360,
		"Keywords":"0x8000000000000000",
		"Level":4,
		"Opcode":0,
		"Guid":"D1BC9AFF-2ABF-4D71-9146-ECB2A986EB85",
		"Provider_Name":"Microsoft-Windows-Windows Firewall With Advanced Security",
		"UserID":"S-1-5-19",
		"Task":0,
		"SystemTime":"2024-10-01T13:56:39.172974Z",
		"Version":0,
		"OriginalLogfile":"Microsoft-Windows-Windows Firewall With Advanced Security%4Firewall.evtx-C1M32OQS.json",
		"ModifyingUser":"S-1-5-80-3088073201-1464728630-1879813800-1107566885-823218052",
		"Origin":1,
		"SettingType":2,
		"SettingValue":"02000000",
		"SettingValueDisplay":"Private",
		"SettingValueSize":4
	},
