	{
		"Rule level":"medium",
		"title":"Certificate Private Key Acquired",
		"sigma_yml":"win_capi2_acquire_certificate_private_key.yml",
		"description":"Detects when an application acquires a certificate private key",
		"row_id":374,
		"Channel":"Microsoft-Windows-AppModel-Runtime/Admin",
		"Computer":"DESKTOP-GAIBSBB",
		"EventID":70,
		"EventRecordID":374,
		"ProcessID":4972,
		"ThreadID":5160,
		"Keywords":"0x2000000000000001",
		"Level":4,
		"Opcode":0,
		"Guid":"F1EF270A-0D32-4352-BA52-DBAB41E1D859",
		"Provider_Name":"Microsoft-Windows-AppModel-Runtime",
		"UserID":"S-1-5-18",
		"Task":0,
		"SystemTime":"2024-08-08T06:35:45.425639Z",
		"Version":0,
		"OriginalLogfile":"Microsoft-Windows-AppModel-Runtime%4Admin.evtx-CYJD6GG4.json",
		"CurrentStatus":32,
		"DesiredStatus":0,
		"PackageFullName":"Microsoft.BingWeather_4.25.20211.0_x64__8wekyb3d8bbwe",
		"User":"S-1-5-21-2381387566-4172994561-1950376889-1000",
		"ActivityID":"041A760C-E95D-0001-C680-1A045DE9DA01"
	},
	{
		"Rule level":"medium",
		"title":"Certificate Private Key Acquired",
		"sigma_yml":"win_capi2_acquire_certificate_private_key.yml",
		"description":"Detects when an application acquires a certificate private key",
		"row_id":378,
		"Channel":"Microsoft-Windows-AppModel-Runtime/Admin",
		"Computer":"DESKTOP-GAIBSBB",
		"EventID":70,
		"EventRecordID":378,
		"ProcessID":4328,
		"ThreadID":7116,
		"Keywords":"0x2000000000000001",
		"Level":4,
		"Opcode":0,
		"Guid":"F1EF270A-0D32-4352-BA52-DBAB41E1D859",
		"Provider_Name":"Microsoft-Windows-AppModel-Runtime",
		"UserID":"S-1-5-18",
		"Task":0,
		"SystemTime":"2024-09-03T09:12:40.960303Z",
		"Version":0,
		"OriginalLogfile":"Microsoft-Windows-AppModel-Runtime%4Admin.evtx-CYJD6GG4.json",
		"CurrentStatus":0,
		"DesiredStatus":32,
		"PackageFullName":"Microsoft.MicrosoftEdge.Stable_127.0.2651.86_neutral__8wekyb3d8bbwe",
		"User":"S-1-5-21-2381387566-4172994561-1950376889-1000",
		"ActivityID":"609C806B-FDE1-0003-D982-9C60E1FDDA01"
	},
	{
		"Rule level":"medium",
		"title":"Certificate Private Key Acquired",
		"sigma_yml":"win_capi2_acquire_certificate_private_key.yml",
		"description":"Detects when an application acquires a certificate private key",
		"row_id":379,
		"Channel":"Microsoft-Windows-AppModel-Runtime/Admin",
		"Computer":"DESKTOP-GAIBSBB",
		"EventID":70,
		"EventRecordID":379,
		"ProcessID":4328,
		"ThreadID":7076,
		"Keywords":"0x2000000000000001",
		"Level":4,
		"Opcode":0,
		"Guid":"F1EF270A-0D32-4352-BA52-DBAB41E1D859",
		"Provider_Name":"Microsoft-Windows-AppModel-Runtime",
		"UserID":"S-1-5-18",
		"Task":0,
		"SystemTime":"2024-09-03T09:12:41.411340Z",
		"Version":0,
		"OriginalLogfile":"Microsoft-Windows-AppModel-Runtime%4Admin.evtx-CYJD6GG4.json",
		"CurrentStatus":0,
		"DesiredStatus":32,
		"PackageFullName":"Microsoft.Windows.CallingShellApp_1000.19041.1023.0_neutral_neutral_cw5n1h2txyewy",
		"User":"S-1-5-21-2381387566-4172994561-1950376889-1000",
		"ActivityID":"609C806B-FDE1-0001-D982-9C60E1FDDA01"
	},
	{
		"Rule level":"medium",
		"title":"Certificate Private Key Acquired",
		"sigma_yml":"win_capi2_acquire_certificate_private_key.yml",
		"description":"Detects when an application acquires a certificate private key",
		"row_id":380,
		"Channel":"Microsoft-Windows-AppModel-Runtime/Admin",
		"Computer":"DESKTOP-GAIBSBB",
		"EventID":70,
		"EventRecordID":380,
		"ProcessID":4328,
		"ThreadID":7112,
		"Keywords":"0x2000000000000001",
		"Level":4,
		"Opcode":0,
		"Guid":"F1EF270A-0D32-4352-BA52-DBAB41E1D859",
		"Provider_Name":"Microsoft-Windows-AppModel-Runtime",
		"UserID":"S-1-5-18",
		"Task":0,
		"SystemTime":"2024-09-03T09:12:41.447991Z",
		"Version":0,
		"OriginalLogfile":"Microsoft-Windows-AppModel-Runtime%4Admin.evtx-CYJD6GG4.json",
		"CurrentStatus":0,
		"DesiredStatus":32,
		"PackageFullName":"Microsoft.Windows.XGpuEjectDialog_10.0.19041.1023_neutral_neutral_cw5n1h2txyewy",
		"User":"S-1-5-21-2381387566-4172994561-1950376889-1000",
		"ActivityID":"609C806B-FDE1-0002-5682-9C60E1FDDA01"
	},
	{
		"Rule level":"medium",
		"title":"Certificate Private Key Acquired",
		"sigma_yml":"win_capi2_acquire_certificate_private_key.yml",
		"description":"Detects when an application acquires a certificate private key",
		"row_id":381,
		"Channel":"Microsoft-Windows-AppModel-Runtime/Admin",
		"Computer":"DESKTOP-GAIBSBB",
		"EventID":70,
		"EventRecordID":381,
		"ProcessID":4328,
		"ThreadID":7124,
		"Keywords":"0x2000000000000001",
		"Level":4,
		"Opcode":0,
		"Guid":"F1EF270A-0D32-4352-BA52-DBAB41E1D859",
		"Provider_Name":"Microsoft-Windows-AppModel-Runtime",
		"UserID":"S-1-5-18",
		"Task":0,
		"SystemTime":"2024-09-03T09:12:41.454910Z",
		"Version":0,
		"OriginalLogfile":"Microsoft-Windows-AppModel-Runtime%4Admin.evtx-CYJD6GG4.json",
		"CurrentStatus":0,
		"DesiredStatus":32,
		"PackageFullName":"Windows.PrintDialog_6.2.1.0_neutral_neutral_cw5n1h2txyewy",
		"User":"S-1-5-21-2381387566-4172994561-1950376889-1000",
		"ActivityID":"609C806B-FDE1-0002-5C82-9C60E1FDDA01"
	},
	{
		"Rule level":"medium",
		"title":"Certificate Private Key Acquired",
		"sigma_yml":"win_capi2_acquire_certificate_private_key.yml",
		"description":"Detects when an application acquires a certificate private key",
		"row_id":383,
		"Channel":"Microsoft-Windows-AppModel-Runtime/Admin",
		"Computer":"DESKTOP-GAIBSBB",
		"EventID":70,
		"EventRecordID":383,
		"ProcessID":4328,
		"ThreadID":7116,
		"Keywords":"0x2000000000000001",
		"Level":4,
		"Opcode":0,
		"Guid":"F1EF270A-0D32-4352-BA52-DBAB41E1D859",
		"Provider_Name":"Microsoft-Windows-AppModel-Runtime",
		"UserID":"S-1-5-18",
		"Task":0,
		"SystemTime":"2024-09-03T09:12:41.917347Z",
		"Version":0,
		"OriginalLogfile":"Microsoft-Windows-AppModel-Runtime%4Admin.evtx-CYJD6GG4.json",
		"CurrentStatus":32,
		"DesiredStatus":0,
		"PackageFullName":"Microsoft.MicrosoftEdge.Stable_127.0.2651.86_neutral__8wekyb3d8bbwe",
		"User":"S-1-5-21-2381387566-4172994561-1950376889-1000",
		"ActivityID":"609C806B-FDE1-0003-D982-9C60E1FDDA01"
	},
	{
		"Rule level":"medium",
		"title":"Certificate Private Key Acquired",
		"sigma_yml":"win_capi2_acquire_certificate_private_key.yml",
		"description":"Detects when an application acquires a certificate private key",
		"row_id":387,
		"Channel":"Microsoft-Windows-AppModel-Runtime/Admin",
		"Computer":"DESKTOP-GAIBSBB",
		"EventID":70,
		"EventRecordID":387,
		"ProcessID":4328,
		"ThreadID":7116,
		"Keywords":"0x2000000000000001",
		"Level":4,
		"Opcode":0,
		"Guid":"F1EF270A-0D32-4352-BA52-DBAB41E1D859",
		"Provider_Name":"Microsoft-Windows-AppModel-Runtime",
		"UserID":"S-1-5-18",
		"Task":0,
		"SystemTime":"2024-09-03T09:12:42.481206Z",
		"Version":0,
		"OriginalLogfile":"Microsoft-Windows-AppModel-Runtime%4Admin.evtx-CYJD6GG4.json",
		"CurrentStatus":0,
		"DesiredStatus":32,
		"PackageFullName":"Microsoft.BingWeather_4.25.20211.0_x64__8wekyb3d8bbwe",
		"User":"S-1-5-21-2381387566-4172994561-1950376889-1000",
		"ActivityID":"609C806B-FDE1-0000-4983-9C60E1FDDA01"
	},
	{
		"Rule level":"medium",
		"title":"Certificate Private Key Acquired",
		"sigma_yml":"win_capi2_acquire_certificate_private_key.yml",
		"description":"Detects when an application acquires a certificate private key",
		"row_id":389,
		"Channel":"Microsoft-Windows-AppModel-Runtime/Admin",
		"Computer":"DESKTOP-GAIBSBB",
		"EventID":70,
		"EventRecordID":389,
		"ProcessID":4328,
		"ThreadID":7124,
		"Keywords":"0x2000000000000001",
		"Level":4,
		"Opcode":0,
		"Guid":"F1EF270A-0D32-4352-BA52-DBAB41E1D859",
		"Provider_Name":"Microsoft-Windows-AppModel-Runtime",
		"UserID":"S-1-5-18",
		"Task":0,
		"SystemTime":"2024-09-03T09:12:43.257584Z",
		"Version":0,
		"OriginalLogfile":"Microsoft-Windows-AppModel-Runtime%4Admin.evtx-CYJD6GG4.json",
		"CurrentStatus":32,
		"DesiredStatus":0,
		"PackageFullName":"Windows.PrintDialog_6.2.1.0_neutral_neutral_cw5n1h2txyewy",
		"User":"S-1-5-21-2381387566-4172994561-1950376889-1000",
		"ActivityID":"609C806B-FDE1-0002-5C82-9C60E1FDDA01"
	},
	{
		"Rule level":"medium",
		"title":"Certificate Private Key Acquired",
		"sigma_yml":"win_capi2_acquire_certificate_private_key.yml",
		"description":"Detects when an application acquires a certificate private key",
		"row_id":390,
		"Channel":"Microsoft-Windows-AppModel-Runtime/Admin",
		"Computer":"DESKTOP-GAIBSBB",
		"EventID":70,
		"EventRecordID":390,
		"ProcessID":4328,
		"ThreadID":7112,
		"Keywords":"0x2000000000000001",
		"Level":4,
		"Opcode":0,
		"Guid":"F1EF270A-0D32-4352-BA52-DBAB41E1D859",
		"Provider_Name":"Microsoft-Windows-AppModel-Runtime",
		"UserID":"S-1-5-18",
		"Task":0,
		"SystemTime":"2024-09-03T09:12:43.598635Z",
		"Version":0,
		"OriginalLogfile":"Microsoft-Windows-AppModel-Runtime%4Admin.evtx-CYJD6GG4.json",
		"CurrentStatus":32,
		"DesiredStatus":0,
		"PackageFullName":"Microsoft.Windows.XGpuEjectDialog_10.0.19041.1023_neutral_neutral_cw5n1h2txyewy",
		"User":"S-1-5-21-2381387566-4172994561-1950376889-1000",
		"ActivityID":"609C806B-FDE1-0002-5682-9C60E1FDDA01"
	},
	{
		"Rule level":"medium",
		"title":"Certificate Private Key Acquired",
		"sigma_yml":"win_capi2_acquire_certificate_private_key.yml",
		"description":"Detects when an application acquires a certificate private key",
		"row_id":391,
		"Channel":"Microsoft-Windows-AppModel-Runtime/Admin",
		"Computer":"DESKTOP-GAIBSBB",
		"EventID":70,
		"EventRecordID":391,
		"ProcessID":4328,
		"ThreadID":7076,
		"Keywords":"0x2000000000000001",
		"Level":4,
		"Opcode":0,
		"Guid":"F1EF270A-0D32-4352-BA52-DBAB41E1D859",
		"Provider_Name":"Microsoft-Windows-AppModel-Runtime",
		"UserID":"S-1-5-18",
		"Task":0,
		"SystemTime":"2024-09-03T09:12:45.511714Z",
		"Version":0,
		"OriginalLogfile":"Microsoft-Windows-AppModel-Runtime%4Admin.evtx-CYJD6GG4.json",
		"CurrentStatus":32,
		"DesiredStatus":0,
		"PackageFullName":"Microsoft.Windows.CallingShellApp_1000.19041.1023.0_neutral_neutral_cw5n1h2txyewy",
		"User":"S-1-5-21-2381387566-4172994561-1950376889-1000",
		"ActivityID":"609C806B-FDE1-0001-D982-9C60E1FDDA01"
	},
	{
		"Rule level":"medium",
		"title":"Certificate Private Key Acquired",
		"sigma_yml":"win_capi2_acquire_certificate_private_key.yml",
		"description":"Detects when an application acquires a certificate private key",
		"row_id":392,
		"Channel":"Microsoft-Windows-AppModel-Runtime/Admin",
		"Computer":"DESKTOP-GAIBSBB",
		"EventID":70,
		"EventRecordID":392,
		"ProcessID":4328,
		"ThreadID":7124,
		"Keywords":"0x2000000000000001",
		"Level":4,
		"Opcode":0,
		"Guid":"F1EF270A-0D32-4352-BA52-DBAB41E1D859",
		"Provider_Name":"Microsoft-Windows-AppModel-Runtime",
		"UserID":"S-1-5-18",
		"Task":0,
		"SystemTime":"2024-09-03T09:12:45.886067Z",
		"Version":0,
		"OriginalLogfile":"Microsoft-Windows-AppModel-Runtime%4Admin.evtx-CYJD6GG4.json",
		"CurrentStatus":0,
		"DesiredStatus":32,
		"PackageFullName":"Microsoft.GetHelp_10.1706.13331.0_x64__8wekyb3d8bbwe",
		"User":"S-1-5-21-2381387566-4172994561-1950376889-1000",
		"ActivityID":"609C806B-FDE1-0002-1483-9C60E1FDDA01"
	},
	{
		"Rule level":"medium",
		"title":"Certificate Private Key Acquired",
		"sigma_yml":"win_capi2_acquire_certificate_private_key.yml",
		"description":"Detects when an application acquires a certificate private key",
		"row_id":393,
		"Channel":"Microsoft-Windows-AppModel-Runtime/Admin",
		"Computer":"DESKTOP-GAIBSBB",
		"EventID":70,
		"EventRecordID":393,
		"ProcessID":4328,
		"ThreadID":7076,
		"Keywords":"0x2000000000000001",
		"Level":4,
		"Opcode":0,
		"Guid":"F1EF270A-0D32-4352-BA52-DBAB41E1D859",
		"Provider_Name":"Microsoft-Windows-AppModel-Runtime",
		"UserID":"S-1-5-18",
		"Task":0,
		"SystemTime":"2024-09-03T09:12:45.926980Z",
		"Version":0,
		"OriginalLogfile":"Microsoft-Windows-AppModel-Runtime%4Admin.evtx-CYJD6GG4.json",
		"CurrentStatus":0,
		"DesiredStatus":32,
		"PackageFullName":"Microsoft.HEIFImageExtension_1.0.22742.0_x64__8wekyb3d8bbwe",
		"User":"S-1-5-21-2381387566-4172994561-1950376889-1000",
		"ActivityID":"609C806B-FDE1-0001-9C83-9C60E1FDDA01"
	},
	{
		"Rule level":"medium",
		"title":"Certificate Private Key Acquired",
		"sigma_yml":"win_capi2_acquire_certificate_private_key.yml",
		"description":"Detects when an application acquires a certificate private key",
		"row_id":394,
		"Channel":"Microsoft-Windows-AppModel-Runtime/Admin",
		"Computer":"DESKTOP-GAIBSBB",
		"EventID":70,
		"EventRecordID":394,
		"ProcessID":4328,
		"ThreadID":7112,
		"Keywords":"0x2000000000000001",
		"Level":4,
		"Opcode":0,
		"Guid":"F1EF270A-0D32-4352-BA52-DBAB41E1D859",
		"Provider_Name":"Microsoft-Windows-AppModel-Runtime",
		"UserID":"S-1-5-18",
		"Task":0,
		"SystemTime":"2024-09-03T09:12:46.071766Z",
		"Version":0,
		"OriginalLogfile":"Microsoft-Windows-AppModel-Runtime%4Admin.evtx-CYJD6GG4.json",
		"CurrentStatus":0,
		"DesiredStatus":32,
		"PackageFullName":"Microsoft.Getstarted_8.2.22942.0_x64__8wekyb3d8bbwe",
		"User":"S-1-5-21-2381387566-4172994561-1950376889-1000",
		"ActivityID":"609C806B-FDE1-0000-4683-9C60E1FDDA01"
	},
	{
		"Rule level":"medium",
		"title":"Certificate Private Key Acquired",
		"sigma_yml":"win_capi2_acquire_certificate_private_key.yml",
		"description":"Detects when an application acquires a certificate private key",
		"row_id":398,
		"Channel":"Microsoft-Windows-AppModel-Runtime/Admin",
		"Computer":"DESKTOP-GAIBSBB",
		"EventID":70,
		"EventRecordID":398,
		"ProcessID":4328,
		"ThreadID":7112,
		"Keywords":"0x2000000000000001",
		"Level":4,
		"Opcode":0,
		"Guid":"F1EF270A-0D32-4352-BA52-DBAB41E1D859",
		"Provider_Name":"Microsoft-Windows-AppModel-Runtime",
		"UserID":"S-1-5-18",
		"Task":0,
		"SystemTime":"2024-09-03T09:12:46.531109Z",
		"Version":0,
		"OriginalLogfile":"Microsoft-Windows-AppModel-Runtime%4Admin.evtx-CYJD6GG4.json",
		"CurrentStatus":32,
		"DesiredStatus":0,
		"PackageFullName":"Microsoft.Getstarted_8.2.22942.0_x64__8wekyb3d8bbwe",
		"User":"S-1-5-21-2381387566-4172994561-1950376889-1000",
		"ActivityID":"609C806B-FDE1-0000-4683-9C60E1FDDA01"
	},
	{
		"Rule level":"medium",
		"title":"Certificate Private Key Acquired",
		"sigma_yml":"win_capi2_acquire_certificate_private_key.yml",
		"description":"Detects when an application acquires a certificate private key",
		"row_id":399,
		"Channel":"Microsoft-Windows-AppModel-Runtime/Admin",
		"Computer":"DESKTOP-GAIBSBB",
		"EventID":70,
		"EventRecordID":399,
		"ProcessID":4328,
		"ThreadID":7116,
		"Keywords":"0x2000000000000001",
		"Level":4,
		"Opcode":0,
		"Guid":"F1EF270A-0D32-4352-BA52-DBAB41E1D859",
		"Provider_Name":"Microsoft-Windows-AppModel-Runtime",
		"UserID":"S-1-5-18",
		"Task":0,
		"SystemTime":"2024-09-03T09:12:46.617529Z",
		"Version":0,
		"OriginalLogfile":"Microsoft-Windows-AppModel-Runtime%4Admin.evtx-CYJD6GG4.json",
		"CurrentStatus":32,
		"DesiredStatus":0,
		"PackageFullName":"Microsoft.BingWeather_4.25.20211.0_x64__8wekyb3d8bbwe",
		"User":"S-1-5-21-2381387566-4172994561-1950376889-1000",
		"ActivityID":"609C806B-FDE1-0000-4983-9C60E1FDDA01"
	},
	{
		"Rule level":"medium",
		"title":"Certificate Private Key Acquired",
		"sigma_yml":"win_capi2_acquire_certificate_private_key.yml",
		"description":"Detects when an application acquires a certificate private key",
		"row_id":400,
		"Channel":"Microsoft-Windows-AppModel-Runtime/Admin",
		"Computer":"DESKTOP-GAIBSBB",
		"EventID":70,
		"EventRecordID":400,
		"ProcessID":4328,
		"ThreadID":7112,
		"Keywords":"0x2000000000000001",
		"Level":4,
		"Opcode":0,
		"Guid":"F1EF270A-0D32-4352-BA52-DBAB41E1D859",
		"Provider_Name":"Microsoft-Windows-AppModel-Runtime",
		"UserID":"S-1-5-18",
		"Task":0,
		"SystemTime":"2024-09-03T09:12:46.804184Z",
		"Version":0,
		"OriginalLogfile":"Microsoft-Windows-AppModel-Runtime%4Admin.evtx-CYJD6GG4.json",
		"CurrentStatus":0,
		"DesiredStatus":32,
		"PackageFullName":"Microsoft.Microsoft3DViewer_6.1908.2042.0_x64__8wekyb3d8bbwe",
		"User":"S-1-5-21-2381387566-4172994561-1950376889-1000",
		"ActivityID":"609C806B-FDE1-0002-1283-9C60E1FDDA01"
	},
	{
		"Rule level":"medium",
		"title":"Certificate Private Key Acquired",
		"sigma_yml":"win_capi2_acquire_certificate_private_key.yml",
		"description":"Detects when an application acquires a certificate private key",
		"row_id":401,
		"Channel":"Microsoft-Windows-AppModel-Runtime/Admin",
		"Computer":"DESKTOP-GAIBSBB",
		"EventID":70,
		"EventRecordID":401,
		"ProcessID":4328,
		"ThreadID":7116,
		"Keywords":"0x2000000000000001",
		"Level":4,
		"Opcode":0,
		"Guid":"F1EF270A-0D32-4352-BA52-DBAB41E1D859",
		"Provider_Name":"Microsoft-Windows-AppModel-Runtime",
		"UserID":"S-1-5-18",
		"Task":0,
		"SystemTime":"2024-09-03T09:12:46.905527Z",
		"Version":0,
		"OriginalLogfile":"Microsoft-Windows-AppModel-Runtime%4Admin.evtx-CYJD6GG4.json",
		"CurrentStatus":0,
		"DesiredStatus":32,
		"PackageFullName":"Microsoft.MicrosoftOfficeHub_18.1903.1152.0_x64__8wekyb3d8bbwe",
		"User":"S-1-5-21-2381387566-4172994561-1950376889-1000",
		"ActivityID":"609C806B-FDE1-0003-9B83-9C60E1FDDA01"
	},
	{
		"Rule level":"medium",
		"title":"Certificate Private Key Acquired",
		"sigma_yml":"win_capi2_acquire_certificate_private_key.yml",
		"description":"Detects when an application acquires a certificate private key",
		"row_id":403,
		"Channel":"Microsoft-Windows-AppModel-Runtime/Admin",
		"Computer":"DESKTOP-GAIBSBB",
		"EventID":70,
		"EventRecordID":403,
		"ProcessID":4328,
		"ThreadID":7124,
		"Keywords":"0x2000000000000001",
		"Level":4,
		"Opcode":0,
		"Guid":"F1EF270A-0D32-4352-BA52-DBAB41E1D859",
		"Provider_Name":"Microsoft-Windows-AppModel-Runtime",
		"UserID":"S-1-5-18",
		"Task":0,
		"SystemTime":"2024-09-03T09:12:47.073942Z",
		"Version":0,
		"OriginalLogfile":"Microsoft-Windows-AppModel-Runtime%4Admin.evtx-CYJD6GG4.json",
		"CurrentStatus":32,
		"DesiredStatus":0,
		"PackageFullName":"Microsoft.GetHelp_10.1706.13331.0_x64__8wekyb3d8bbwe",
		"User":"S-1-5-21-2381387566-4172994561-1950376889-1000",
		"ActivityID":"609C806B-FDE1-0002-1483-9C60E1FDDA01"
	},
	{
		"Rule level":"medium",
		"title":"Certificate Private Key Acquired",
		"sigma_yml":"win_capi2_acquire_certificate_private_key.yml",
		"description":"Detects when an application acquires a certificate private key",
		"row_id":404,
		"Channel":"Microsoft-Windows-AppModel-Runtime/Admin",
		"Computer":"DESKTOP-GAIBSBB",
		"EventID":70,
		"EventRecordID":404,
		"ProcessID":4328,
		"ThreadID":7076,
		"Keywords":"0x2000000000000001",
		"Level":4,
		"Opcode":0,
		"Guid":"F1EF270A-0D32-4352-BA52-DBAB41E1D859",
		"Provider_Name":"Microsoft-Windows-AppModel-Runtime",
		"UserID":"S-1-5-18",
		"Task":0,
		"SystemTime":"2024-09-03T09:12:47.373305Z",
		"Version":0,
		"OriginalLogfile":"Microsoft-Windows-AppModel-Runtime%4Admin.evtx-CYJD6GG4.json",
		"CurrentStatus":32,
		"DesiredStatus":0,
		"PackageFullName":"Microsoft.HEIFImageExtension_1.0.22742.0_x64__8wekyb3d8bbwe",
		"User":"S-1-5-21-2381387566-4172994561-1950376889-1000",
		"ActivityID":"609C806B-FDE1-0001-9C83-9C60E1FDDA01"
	},
	{
		"Rule level":"medium",
		"title":"Certificate Private Key Acquired",
		"sigma_yml":"win_capi2_acquire_certificate_private_key.yml",
		"description":"Detects when an application acquires a certificate private key",
		"row_id":405,
		"Channel":"Microsoft-Windows-AppModel-Runtime/Admin",
		"Computer":"DESKTOP-GAIBSBB",
		"EventID":70,
		"EventRecordID":405,
		"ProcessID":4328,
		"ThreadID":7124,
		"Keywords":"0x2000000000000001",
		"Level":4,
		"Opcode":0,
		"Guid":"F1EF270A-0D32-4352-BA52-DBAB41E1D859",
		"Provider_Name":"Microsoft-Windows-AppModel-Runtime",
		"UserID":"S-1-5-18",
		"Task":0,
		"SystemTime":"2024-09-03T09:12:47.601443Z",
		"Version":0,
		"OriginalLogfile":"Microsoft-Windows-AppModel-Runtime%4Admin.evtx-CYJD6GG4.json",
		"CurrentStatus":0,
		"DesiredStatus":32,
		"PackageFullName":"Microsoft.MicrosoftSolitaireCollection_4.4.8204.0_x64__8wekyb3d8bbwe",
		"User":"S-1-5-21-2381387566-4172994561-1950376889-1000",
		"ActivityID":"609C806B-FDE1-0000-3F83-9C60E1FDDA01"
	},
	{
		"Rule level":"medium",
		"title":"Certificate Private Key Acquired",
		"sigma_yml":"win_capi2_acquire_certificate_private_key.yml",
		"description":"Detects when an application acquires a certificate private key",
		"row_id":407,
		"Channel":"Microsoft-Windows-AppModel-Runtime/Admin",
		"Computer":"DESKTOP-GAIBSBB",
		"EventID":70,
		"EventRecordID":407,
		"ProcessID":4328,
		"ThreadID":7076,
		"Keywords":"0x2000000000000001",
		"Level":4,
		"Opcode":0,
		"Guid":"F1EF270A-0D32-4352-BA52-DBAB41E1D859",
		"Provider_Name":"Microsoft-Windows-AppModel-Runtime",
		"UserID":"S-1-5-18",
		"Task":0,
		"SystemTime":"2024-09-03T09:12:47.736702Z",
		"Version":0,
		"OriginalLogfile":"Microsoft-Windows-AppModel-Runtime%4Admin.evtx-CYJD6GG4.json",
		"CurrentStatus":0,
		"DesiredStatus":32,
		"PackageFullName":"Microsoft.MicrosoftStickyNotes_3.6.73.0_x64__8wekyb3d8bbwe",
		"User":"S-1-5-21-2381387566-4172994561-1950376889-1000",
		"ActivityID":"609C806B-FDE1-0000-3E83-9C60E1FDDA01"
	},
	{
		"Rule level":"medium",
		"title":"Certificate Private Key Acquired",
		"sigma_yml":"win_capi2_acquire_certificate_private_key.yml",
		"description":"Detects when an application acquires a certificate private key",
		"row_id":410,
		"Channel":"Microsoft-Windows-AppModel-Runtime/Admin",
		"Computer":"DESKTOP-GAIBSBB",
		"EventID":70,
		"EventRecordID":410,
		"ProcessID":4328,
		"ThreadID":7112,
		"Keywords":"0x2000000000000001",
		"Level":4,
		"Opcode":0,
		"Guid":"F1EF270A-0D32-4352-BA52-DBAB41E1D859",
		"Provider_Name":"Microsoft-Windows-AppModel-Runtime",
		"UserID":"S-1-5-18",
		"Task":0,
		"SystemTime":"2024-09-03T09:12:47.991116Z",
		"Version":0,
		"OriginalLogfile":"Microsoft-Windows-AppModel-Runtime%4Admin.evtx-CYJD6GG4.json",
		"CurrentStatus":32,
		"DesiredStatus":0,
		"PackageFullName":"Microsoft.Microsoft3DViewer_6.1908.2042.0_x64__8wekyb3d8bbwe",
		"User":"S-1-5-21-2381387566-4172994561-1950376889-1000",
		"ActivityID":"609C806B-FDE1-0002-1283-9C60E1FDDA01"
	},
	{
		"Rule level":"medium",
		"title":"Certificate Private Key Acquired",
		"sigma_yml":"win_capi2_acquire_certificate_private_key.yml",
		"description":"Detects when an application acquires a certificate private key",
		"row_id":411,
		"Channel":"Microsoft-Windows-AppModel-Runtime/Admin",
		"Computer":"DESKTOP-GAIBSBB",
		"EventID":70,
		"EventRecordID":411,
		"ProcessID":4328,
		"ThreadID":7112,
		"Keywords":"0x2000000000000001",
		"Level":4,
		"Opcode":0,
		"Guid":"F1EF270A-0D32-4352-BA52-DBAB41E1D859",
		"Provider_Name":"Microsoft-Windows-AppModel-Runtime",
		"UserID":"S-1-5-18",
		"Task":0,
		"SystemTime":"2024-09-03T09:12:48.259339Z",
		"Version":0,
		"OriginalLogfile":"Microsoft-Windows-AppModel-Runtime%4Admin.evtx-CYJD6GG4.json",
		"CurrentStatus":0,
		"DesiredStatus":32,
		"PackageFullName":"Microsoft.MixedReality.Portal_2000.19081.1301.0_x64__8wekyb3d8bbwe",
		"User":"S-1-5-21-2381387566-4172994561-1950376889-1000",
		"ActivityID":"609C806B-FDE1-0000-3C83-9C60E1FDDA01"
	},
	{
		"Rule level":"medium",
		"title":"Certificate Private Key Acquired",
		"sigma_yml":"win_capi2_acquire_certificate_private_key.yml",
		"description":"Detects when an application acquires a certificate private key",
		"row_id":412,
		"Channel":"Microsoft-Windows-AppModel-Runtime/Admin",
		"Computer":"DESKTOP-GAIBSBB",
		"EventID":70,
		"EventRecordID":412,
		"ProcessID":4328,
		"ThreadID":7124,
		"Keywords":"0x2000000000000001",
		"Level":4,
		"Opcode":0,
		"Guid":"F1EF270A-0D32-4352-BA52-DBAB41E1D859",
		"Provider_Name":"Microsoft-Windows-AppModel-Runtime",
		"UserID":"S-1-5-18",
		"Task":0,
		"SystemTime":"2024-09-03T09:12:48.421254Z",
		"Version":0,
		"OriginalLogfile":"Microsoft-Windows-AppModel-Runtime%4Admin.evtx-CYJD6GG4.json",
		"CurrentStatus":32,
		"DesiredStatus":0,
		"PackageFullName":"Microsoft.MicrosoftSolitaireCollection_4.4.8204.0_x64__8wekyb3d8bbwe",
		"User":"S-1-5-21-2381387566-4172994561-1950376889-1000",
		"ActivityID":"609C806B-FDE1-0000-3F83-9C60E1FDDA01"
	},
	{
		"Rule level":"medium",
		"title":"Certificate Private Key Acquired",
		"sigma_yml":"win_capi2_acquire_certificate_private_key.yml",
		"description":"Detects when an application acquires a certificate private key",
		"row_id":413,
		"Channel":"Microsoft-Windows-AppModel-Runtime/Admin",
		"Computer":"DESKTOP-GAIBSBB",
		"EventID":70,
		"EventRecordID":413,
		"ProcessID":4328,
		"ThreadID":7124,
		"Keywords":"0x2000000000000001",
		"Level":4,
		"Opcode":0,
		"Guid":"F1EF270A-0D32-4352-BA52-DBAB41E1D859",
		"Provider_Name":"Microsoft-Windows-AppModel-Runtime",
		"UserID":"S-1-5-18",
		"Task":0,
		"SystemTime":"2024-09-03T09:12:48.666857Z",
		"Version":0,
		"OriginalLogfile":"Microsoft-Windows-AppModel-Runtime%4Admin.evtx-CYJD6GG4.json",
		"CurrentStatus":0,
		"DesiredStatus":32,
		"PackageFullName":"Microsoft.MSPaint_6.1907.29027.0_x64__8wekyb3d8bbwe",
		"User":"S-1-5-21-2381387566-4172994561-1950376889-1000",
		"ActivityID":"609C806B-FDE1-0000-3A83-9C60E1FDDA01"
	},
	{
		"Rule level":"medium",
		"title":"Certificate Private Key Acquired",
		"sigma_yml":"win_capi2_acquire_certificate_private_key.yml",
		"description":"Detects when an application acquires a certificate private key",
		"row_id":415,
		"Channel":"Microsoft-Windows-AppModel-Runtime/Admin",
		"Computer":"DESKTOP-GAIBSBB",
		"EventID":70,
		"EventRecordID":415,
		"ProcessID":4328,
		"ThreadID":7076,
		"Keywords":"0x2000000000000001",
		"Level":4,
		"Opcode":0,
		"Guid":"F1EF270A-0D32-4352-BA52-DBAB41E1D859",
		"Provider_Name":"Microsoft-Windows-AppModel-Runtime",
		"UserID":"S-1-5-18",
		"Task":0,
		"SystemTime":"2024-09-03T09:12:48.729926Z",
		"Version":0,
		"OriginalLogfile":"Microsoft-Windows-AppModel-Runtime%4Admin.evtx-CYJD6GG4.json",
		"CurrentStatus":32,
		"DesiredStatus":0,
		"PackageFullName":"Microsoft.MicrosoftStickyNotes_3.6.73.0_x64__8wekyb3d8bbwe",
		"User":"S-1-5-21-2381387566-4172994561-1950376889-1000",
		"ActivityID":"609C806B-FDE1-0000-3E83-9C60E1FDDA01"
	},
	{
		"Rule level":"medium",
		"title":"Certificate Private Key Acquired",
		"sigma_yml":"win_capi2_acquire_certificate_private_key.yml",
		"description":"Detects when an application acquires a certificate private key",
		"row_id":416,
		"Channel":"Microsoft-Windows-AppModel-Runtime/Admin",
		"Computer":"DESKTOP-GAIBSBB",
		"EventID":70,
		"EventRecordID":416,
		"ProcessID":4328,
		"ThreadID":7076,
		"Keywords":"0x2000000000000001",
		"Level":4,
		"Opcode":0,
		"Guid":"F1EF270A-0D32-4352-BA52-DBAB41E1D859",
		"Provider_Name":"Microsoft-Windows-AppModel-Runtime",
		"UserID":"S-1-5-18",
		"Task":0,
		"SystemTime":"2024-09-03T09:12:48.950115Z",
		"Version":0,
		"OriginalLogfile":"Microsoft-Windows-AppModel-Runtime%4Admin.evtx-CYJD6GG4.json",
		"CurrentStatus":0,
		"DesiredStatus":32,
		"PackageFullName":"Microsoft.Office.OneNote_16001.12026.20112.0_x64__8wekyb3d8bbwe",
		"User":"S-1-5-21-2381387566-4172994561-1950376889-1000",
		"ActivityID":"609C806B-FDE1-0000-3883-9C60E1FDDA01"
	},
	{
		"Rule level":"medium",
		"title":"Certificate Private Key Acquired",
		"sigma_yml":"win_capi2_acquire_certificate_private_key.yml",
		"description":"Detects when an application acquires a certificate private key",
		"row_id":417,
		"Channel":"Microsoft-Windows-AppModel-Runtime/Admin",
		"Computer":"DESKTOP-GAIBSBB",
		"EventID":70,
		"EventRecordID":417,
		"ProcessID":4328,
		"ThreadID":7116,
		"Keywords":"0x2000000000000001",
		"Level":4,
		"Opcode":0,
		"Guid":"F1EF270A-0D32-4352-BA52-DBAB41E1D859",
		"Provider_Name":"Microsoft-Windows-AppModel-Runtime",
		"UserID":"S-1-5-18",
		"Task":0,
		"SystemTime":"2024-09-03T09:12:49.180943Z",
		"Version":0,
		"OriginalLogfile":"Microsoft-Windows-AppModel-Runtime%4Admin.evtx-CYJD6GG4.json",
		"CurrentStatus":32,
		"DesiredStatus":0,
		"PackageFullName":"Microsoft.MicrosoftOfficeHub_18.1903.1152.0_x64__8wekyb3d8bbwe",
		"User":"S-1-5-21-2381387566-4172994561-1950376889-1000",
		"ActivityID":"609C806B-FDE1-0003-9B83-9C60E1FDDA01"
	},
	{
		"Rule level":"medium",
		"title":"Certificate Private Key Acquired",
		"sigma_yml":"win_capi2_acquire_certificate_private_key.yml",
		"description":"Detects when an application acquires a certificate private key",
		"row_id":418,
		"Channel":"Microsoft-Windows-AppModel-Runtime/Admin",
		"Computer":"DESKTOP-GAIBSBB",
		"EventID":70,
		"EventRecordID":418,
		"ProcessID":4328,
		"ThreadID":7116,
		"Keywords":"0x2000000000000001",
		"Level":4,
		"Opcode":0,
		"Guid":"F1EF270A-0D32-4352-BA52-DBAB41E1D859",
		"Provider_Name":"Microsoft-Windows-AppModel-Runtime",
		"UserID":"S-1-5-18",
		"Task":0,
		"SystemTime":"2024-09-03T09:12:49.447586Z",
		"Version":0,
		"OriginalLogfile":"Microsoft-Windows-AppModel-Runtime%4Admin.evtx-CYJD6GG4.json",
		"CurrentStatus":0,
		"DesiredStatus":32,
		"PackageFullName":"Microsoft.AsyncTextService_10.0.19041.1023_neutral__8wekyb3d8bbwe",
		"User":"S-1-5-21-2381387566-4172994561-1950376889-1000",
		"ActivityID":"609C806B-FDE1-0000-0583-9C60E1FDDA01"
	},
	{
		"Rule level":"medium",
		"title":"Certificate Private Key Acquired",
		"sigma_yml":"win_capi2_acquire_certificate_private_key.yml",
		"description":"Detects when an application acquires a certificate private key",
		"row_id":422,
		"Channel":"Microsoft-Windows-AppModel-Runtime/Admin",
		"Computer":"DESKTOP-GAIBSBB",
		"EventID":70,
		"EventRecordID":422,
		"ProcessID":4328,
		"ThreadID":7124,
		"Keywords":"0x2000000000000001",
		"Level":4,
		"Opcode":0,
		"Guid":"F1EF270A-0D32-4352-BA52-DBAB41E1D859",
		"Provider_Name":"Microsoft-Windows-AppModel-Runtime",
		"UserID":"S-1-5-18",
		"Task":0,
		"SystemTime":"2024-09-03T09:12:49.867159Z",
		"Version":0,
		"OriginalLogfile":"Microsoft-Windows-AppModel-Runtime%4Admin.evtx-CYJD6GG4.json",
		"CurrentStatus":32,
		"DesiredStatus":0,
		"PackageFullName":"Microsoft.MSPaint_6.1907.29027.0_x64__8wekyb3d8bbwe",
		"User":"S-1-5-21-2381387566-4172994561-1950376889-1000",
		"ActivityID":"609C806B-FDE1-0000-3A83-9C60E1FDDA01"
	},
	{
		"Rule level":"medium",
		"title":"Certificate Private Key Acquired",
		"sigma_yml":"win_capi2_acquire_certificate_private_key.yml",
		"description":"Detects when an application acquires a certificate private key",
		"row_id":423,
		"Channel":"Microsoft-Windows-AppModel-Runtime/Admin",
		"Computer":"DESKTOP-GAIBSBB",
		"EventID":70,
		"EventRecordID":423,
		"ProcessID":4328,
		"ThreadID":7116,
		"Keywords":"0x2000000000000001",
		"Level":4,
		"Opcode":0,
		"Guid":"F1EF270A-0D32-4352-BA52-DBAB41E1D859",
		"Provider_Name":"Microsoft-Windows-AppModel-Runtime",
		"UserID":"S-1-5-18",
		"Task":0,
		"SystemTime":"2024-09-03T09:12:49.942339Z",
		"Version":0,
		"OriginalLogfile":"Microsoft-Windows-AppModel-Runtime%4Admin.evtx-CYJD6GG4.json",
		"CurrentStatus":32,
		"DesiredStatus":0,
		"PackageFullName":"Microsoft.AsyncTextService_10.0.19041.1023_neutral__8wekyb3d8bbwe",
		"User":"S-1-5-21-2381387566-4172994561-1950376889-1000",
		"ActivityID":"609C806B-FDE1-0000-0583-9C60E1FDDA01"
	},
	{
		"Rule level":"medium",
		"title":"Certificate Private Key Acquired",
		"sigma_yml":"win_capi2_acquire_certificate_private_key.yml",
		"description":"Detects when an application acquires a certificate private key",
		"row_id":424,
		"Channel":"Microsoft-Windows-AppModel-Runtime/Admin",
		"Computer":"DESKTOP-GAIBSBB",
		"EventID":70,
		"EventRecordID":424,
		"ProcessID":4328,
		"ThreadID":7124,
		"Keywords":"0x2000000000000001",
		"Level":4,
		"Opcode":0,
		"Guid":"F1EF270A-0D32-4352-BA52-DBAB41E1D859",
		"Provider_Name":"Microsoft-Windows-AppModel-Runtime",
		"UserID":"S-1-5-18",
		"Task":0,
		"SystemTime":"2024-09-03T09:12:50.400563Z",
		"Version":0,
		"OriginalLogfile":"Microsoft-Windows-AppModel-Runtime%4Admin.evtx-CYJD6GG4.json",
		"CurrentStatus":0,
		"DesiredStatus":32,
		"PackageFullName":"Microsoft.People_10.1902.633.0_x64__8wekyb3d8bbwe",
		"User":"S-1-5-21-2381387566-4172994561-1950376889-1000",
		"ActivityID":"609C806B-FDE1-0003-9983-9C60E1FDDA01"
	},
	{
		"Rule level":"medium",
		"title":"Certificate Private Key Acquired",
		"sigma_yml":"win_capi2_acquire_certificate_private_key.yml",
		"description":"Detects when an application acquires a certificate private key",
		"row_id":425,
		"Channel":"Microsoft-Windows-AppModel-Runtime/Admin",
		"Computer":"DESKTOP-GAIBSBB",
		"EventID":70,
		"EventRecordID":425,
		"ProcessID":4328,
		"ThreadID":7076,
		"Keywords":"0x2000000000000001",
		"Level":4,
		"Opcode":0,
		"Guid":"F1EF270A-0D32-4352-BA52-DBAB41E1D859",
		"Provider_Name":"Microsoft-Windows-AppModel-Runtime",
		"UserID":"S-1-5-18",
		"Task":0,
		"SystemTime":"2024-09-03T09:12:50.420525Z",
		"Version":0,
		"OriginalLogfile":"Microsoft-Windows-AppModel-Runtime%4Admin.evtx-CYJD6GG4.json",
		"CurrentStatus":32,
		"DesiredStatus":0,
		"PackageFullName":"Microsoft.Office.OneNote_16001.12026.20112.0_x64__8wekyb3d8bbwe",
		"User":"S-1-5-21-2381387566-4172994561-1950376889-1000",
		"ActivityID":"609C806B-FDE1-0000-3883-9C60E1FDDA01"
	},
	{
		"Rule level":"medium",
		"title":"Certificate Private Key Acquired",
		"sigma_yml":"win_capi2_acquire_certificate_private_key.yml",
		"description":"Detects when an application acquires a certificate private key",
		"row_id":426,
		"Channel":"Microsoft-Windows-AppModel-Runtime/Admin",
		"Computer":"DESKTOP-GAIBSBB",
		"EventID":70,
		"EventRecordID":426,
		"ProcessID":4328,
		"ThreadID":7116,
		"Keywords":"0x2000000000000001",
		"Level":4,
		"Opcode":0,
		"Guid":"F1EF270A-0D32-4352-BA52-DBAB41E1D859",
		"Provider_Name":"Microsoft-Windows-AppModel-Runtime",
		"UserID":"S-1-5-18",
		"Task":0,
		"SystemTime":"2024-09-03T09:12:50.504765Z",
		"Version":0,
		"OriginalLogfile":"Microsoft-Windows-AppModel-Runtime%4Admin.evtx-CYJD6GG4.json",
		"CurrentStatus":0,
		"DesiredStatus":32,
		"PackageFullName":"Microsoft.ScreenSketch_10.1907.2471.0_x64__8wekyb3d8bbwe",
		"User":"S-1-5-21-2381387566-4172994561-1950376889-1000",
		"ActivityID":"609C806B-FDE1-0000-3783-9C60E1FDDA01"
	},
	{
		"Rule level":"medium",
		"title":"Certificate Private Key Acquired",
		"sigma_yml":"win_capi2_acquire_certificate_private_key.yml",
		"description":"Detects when an application acquires a certificate private key",
		"row_id":427,
		"Channel":"Microsoft-Windows-AppModel-Runtime/Admin",
		"Computer":"DESKTOP-GAIBSBB",
		"EventID":70,
		"EventRecordID":427,
		"ProcessID":4328,
		"ThreadID":7112,
		"Keywords":"0x2000000000000001",
		"Level":4,
		"Opcode":0,
		"Guid":"F1EF270A-0D32-4352-BA52-DBAB41E1D859",
		"Provider_Name":"Microsoft-Windows-AppModel-Runtime",
		"UserID":"S-1-5-18",
		"Task":0,
		"SystemTime":"2024-09-03T09:12:50.524830Z",
		"Version":0,
		"OriginalLogfile":"Microsoft-Windows-AppModel-Runtime%4Admin.evtx-CYJD6GG4.json",
		"CurrentStatus":32,
		"DesiredStatus":0,
		"PackageFullName":"Microsoft.MixedReality.Portal_2000.19081.1301.0_x64__8wekyb3d8bbwe",
		"User":"S-1-5-21-2381387566-4172994561-1950376889-1000",
		"ActivityID":"609C806B-FDE1-0000-3C83-9C60E1FDDA01"
	},
	{
		"Rule level":"medium",
		"title":"Certificate Private Key Acquired",
		"sigma_yml":"win_capi2_acquire_certificate_private_key.yml",
		"description":"Detects when an application acquires a certificate private key",
		"row_id":428,
		"Channel":"Microsoft-Windows-AppModel-Runtime/Admin",
		"Computer":"DESKTOP-GAIBSBB",
		"EventID":70,
		"EventRecordID":428,
		"ProcessID":4328,
		"ThreadID":7076,
		"Keywords":"0x2000000000000001",
		"Level":4,
		"Opcode":0,
		"Guid":"F1EF270A-0D32-4352-BA52-DBAB41E1D859",
		"Provider_Name":"Microsoft-Windows-AppModel-Runtime",
		"UserID":"S-1-5-18",
		"Task":0,
		"SystemTime":"2024-09-03T09:12:50.650131Z",
		"Version":0,
		"OriginalLogfile":"Microsoft-Windows-AppModel-Runtime%4Admin.evtx-CYJD6GG4.json",
		"CurrentStatus":0,
		"DesiredStatus":32,
		"PackageFullName":"Microsoft.VP9VideoExtensions_1.0.22681.0_x64__8wekyb3d8bbwe",
		"User":"S-1-5-21-2381387566-4172994561-1950376889-1000",
		"ActivityID":"609C806B-FDE1-0002-0883-9C60E1FDDA01"
	},
	{
		"Rule level":"medium",
		"title":"Certificate Private Key Acquired",
		"sigma_yml":"win_capi2_acquire_certificate_private_key.yml",
		"description":"Detects when an application acquires a certificate private key",
		"row_id":429,
		"Channel":"Microsoft-Windows-AppModel-Runtime/Admin",
		"Computer":"DESKTOP-GAIBSBB",
		"EventID":70,
		"EventRecordID":429,
		"ProcessID":4328,
		"ThreadID":7112,
		"Keywords":"0x2000000000000001",
		"Level":4,
		"Opcode":0,
		"Guid":"F1EF270A-0D32-4352-BA52-DBAB41E1D859",
		"Provider_Name":"Microsoft-Windows-AppModel-Runtime",
		"UserID":"S-1-5-18",
		"Task":0,
		"SystemTime":"2024-09-03T09:12:50.777063Z",
		"Version":0,
		"OriginalLogfile":"Microsoft-Windows-AppModel-Runtime%4Admin.evtx-CYJD6GG4.json",
		"CurrentStatus":0,
		"DesiredStatus":32,
		"PackageFullName":"Microsoft.StorePurchaseApp_11811.1001.18.0_x64__8wekyb3d8bbwe",
		"User":"S-1-5-21-2381387566-4172994561-1950376889-1000",
		"ActivityID":"609C806B-FDE1-0002-0A83-9C60E1FDDA01"
	},
	{
		"Rule level":"medium",
		"title":"Certificate Private Key Acquired",
		"sigma_yml":"win_capi2_acquire_certificate_private_key.yml",
		"description":"Detects when an application acquires a certificate private key",
		"row_id":434,
		"Channel":"Microsoft-Windows-AppModel-Runtime/Admin",
		"Computer":"DESKTOP-GAIBSBB",
		"EventID":70,
		"EventRecordID":434,
		"ProcessID":4328,
		"ThreadID":7124,
		"Keywords":"0x2000000000000001",
		"Level":4,
		"Opcode":0,
		"Guid":"F1EF270A-0D32-4352-BA52-DBAB41E1D859",
		"Provider_Name":"Microsoft-Windows-AppModel-Runtime",
		"UserID":"S-1-5-18",
		"Task":0,
		"SystemTime":"2024-09-03T09:12:51.332976Z",
		"Version":0,
		"OriginalLogfile":"Microsoft-Windows-AppModel-Runtime%4Admin.evtx-CYJD6GG4.json",
		"CurrentStatus":32,
		"DesiredStatus":0,
		"PackageFullName":"Microsoft.People_10.1902.633.0_x64__8wekyb3d8bbwe",
		"User":"S-1-5-21-2381387566-4172994561-1950376889-1000",
		"ActivityID":"609C806B-FDE1-0003-9983-9C60E1FDDA01"
	},
	{
		"Rule level":"medium",
		"title":"Certificate Private Key Acquired",
		"sigma_yml":"win_capi2_acquire_certificate_private_key.yml",
		"description":"Detects when an application acquires a certificate private key",
		"row_id":435,
		"Channel":"Microsoft-Windows-AppModel-Runtime/Admin",
		"Computer":"DESKTOP-GAIBSBB",
		"EventID":70,
		"EventRecordID":435,
		"ProcessID":4328,
		"ThreadID":7124,
		"Keywords":"0x2000000000000001",
		"Level":4,
		"Opcode":0,
		"Guid":"F1EF270A-0D32-4352-BA52-DBAB41E1D859",
		"Provider_Name":"Microsoft-Windows-AppModel-Runtime",
		"UserID":"S-1-5-18",
		"Task":0,
		"SystemTime":"2024-09-03T09:12:51.838447Z",
		"Version":0,
		"OriginalLogfile":"Microsoft-Windows-AppModel-Runtime%4Admin.evtx-CYJD6GG4.json",
		"CurrentStatus":0,
		"DesiredStatus":32,
		"PackageFullName":"Microsoft.WebMediaExtensions_1.0.20875.0_x64__8wekyb3d8bbwe",
		"User":"S-1-5-21-2381387566-4172994561-1950376889-1000",
		"ActivityID":"609C806B-FDE1-0002-0583-9C60E1FDDA01"
	},
	{
		"Rule level":"medium",
		"title":"Certificate Private Key Acquired",
		"sigma_yml":"win_capi2_acquire_certificate_private_key.yml",
		"description":"Detects when an application acquires a certificate private key",
		"row_id":436,
		"Channel":"Microsoft-Windows-AppModel-Runtime/Admin",
		"Computer":"DESKTOP-GAIBSBB",
		"EventID":70,
		"EventRecordID":436,
		"ProcessID":4328,
		"ThreadID":7116,
		"Keywords":"0x2000000000000001",
		"Level":4,
		"Opcode":0,
		"Guid":"F1EF270A-0D32-4352-BA52-DBAB41E1D859",
		"Provider_Name":"Microsoft-Windows-AppModel-Runtime",
		"UserID":"S-1-5-18",
		"Task":0,
		"SystemTime":"2024-09-03T09:12:52.598566Z",
		"Version":0,
		"OriginalLogfile":"Microsoft-Windows-AppModel-Runtime%4Admin.evtx-CYJD6GG4.json",
		"CurrentStatus":32,
		"DesiredStatus":0,
		"PackageFullName":"Microsoft.ScreenSketch_10.1907.2471.0_x64__8wekyb3d8bbwe",
		"User":"S-1-5-21-2381387566-4172994561-1950376889-1000",
		"ActivityID":"609C806B-FDE1-0000-3783-9C60E1FDDA01"
	},
	{
		"Rule level":"medium",
		"title":"Certificate Private Key Acquired",
		"sigma_yml":"win_capi2_acquire_certificate_private_key.yml",
		"description":"Detects when an application acquires a certificate private key",
		"row_id":437,
		"Channel":"Microsoft-Windows-AppModel-Runtime/Admin",
		"Computer":"DESKTOP-GAIBSBB",
		"EventID":70,
		"EventRecordID":437,
		"ProcessID":4328,
		"ThreadID":7112,
		"Keywords":"0x2000000000000001",
		"Level":4,
		"Opcode":0,
		"Guid":"F1EF270A-0D32-4352-BA52-DBAB41E1D859",
		"Provider_Name":"Microsoft-Windows-AppModel-Runtime",
		"UserID":"S-1-5-18",
		"Task":0,
		"SystemTime":"2024-09-03T09:12:52.947175Z",
		"Version":0,
		"OriginalLogfile":"Microsoft-Windows-AppModel-Runtime%4Admin.evtx-CYJD6GG4.json",
		"CurrentStatus":32,
		"DesiredStatus":0,
		"PackageFullName":"Microsoft.StorePurchaseApp_11811.1001.18.0_x64__8wekyb3d8bbwe",
		"User":"S-1-5-21-2381387566-4172994561-1950376889-1000",
		"ActivityID":"609C806B-FDE1-0002-0A83-9C60E1FDDA01"
	},
	{
		"Rule level":"medium",
		"title":"Certificate Private Key Acquired",
		"sigma_yml":"win_capi2_acquire_certificate_private_key.yml",
		"description":"Detects when an application acquires a certificate private key",
		"row_id":438,
		"Channel":"Microsoft-Windows-AppModel-Runtime/Admin",
		"Computer":"DESKTOP-GAIBSBB",
		"EventID":70,
		"EventRecordID":438,
		"ProcessID":4328,
		"ThreadID":7076,
		"Keywords":"0x2000000000000001",
		"Level":4,
		"Opcode":0,
		"Guid":"F1EF270A-0D32-4352-BA52-DBAB41E1D859",
		"Provider_Name":"Microsoft-Windows-AppModel-Runtime",
		"UserID":"S-1-5-18",
		"Task":0,
		"SystemTime":"2024-09-03T09:12:53.221471Z",
		"Version":0,
		"OriginalLogfile":"Microsoft-Windows-AppModel-Runtime%4Admin.evtx-CYJD6GG4.json",
		"CurrentStatus":32,
		"DesiredStatus":0,
		"PackageFullName":"Microsoft.VP9VideoExtensions_1.0.22681.0_x64__8wekyb3d8bbwe",
		"User":"S-1-5-21-2381387566-4172994561-1950376889-1000",
		"ActivityID":"609C806B-FDE1-0002-0883-9C60E1FDDA01"
	},
	{
		"Rule level":"medium",
		"title":"Certificate Private Key Acquired",
		"sigma_yml":"win_capi2_acquire_certificate_private_key.yml",
		"description":"Detects when an application acquires a certificate private key",
		"row_id":439,
		"Channel":"Microsoft-Windows-AppModel-Runtime/Admin",
		"Computer":"DESKTOP-GAIBSBB",
		"EventID":70,
		"EventRecordID":439,
		"ProcessID":4328,
		"ThreadID":7116,
		"Keywords":"0x2000000000000001",
		"Level":4,
		"Opcode":0,
		"Guid":"F1EF270A-0D32-4352-BA52-DBAB41E1D859",
		"Provider_Name":"Microsoft-Windows-AppModel-Runtime",
		"UserID":"S-1-5-18",
		"Task":0,
		"SystemTime":"2024-09-03T09:12:53.331555Z",
		"Version":0,
		"OriginalLogfile":"Microsoft-Windows-AppModel-Runtime%4Admin.evtx-CYJD6GG4.json",
		"CurrentStatus":0,
		"DesiredStatus":32,
		"PackageFullName":"Microsoft.WebpImageExtension_1.0.22753.0_x64__8wekyb3d8bbwe",
		"User":"S-1-5-21-2381387566-4172994561-1950376889-1000",
		"ActivityID":"609C806B-FDE1-0001-9983-9C60E1FDDA01"
	},
	{
		"Rule level":"medium",
		"title":"Certificate Private Key Acquired",
		"sigma_yml":"win_capi2_acquire_certificate_private_key.yml",
		"description":"Detects when an application acquires a certificate private key",
		"row_id":440,
		"Channel":"Microsoft-Windows-AppModel-Runtime/Admin",
		"Computer":"DESKTOP-GAIBSBB",
		"EventID":70,
		"EventRecordID":440,
		"ProcessID":4328,
		"ThreadID":7076,
		"Keywords":"0x2000000000000001",
		"Level":4,
		"Opcode":0,
		"Guid":"F1EF270A-0D32-4352-BA52-DBAB41E1D859",
		"Provider_Name":"Microsoft-Windows-AppModel-Runtime",
		"UserID":"S-1-5-18",
		"Task":0,
		"SystemTime":"2024-09-03T09:12:53.523097Z",
		"Version":0,
		"OriginalLogfile":"Microsoft-Windows-AppModel-Runtime%4Admin.evtx-CYJD6GG4.json",
		"CurrentStatus":0,
		"DesiredStatus":32,
		"PackageFullName":"Microsoft.WindowsCalculator_10.1906.55.0_x64__8wekyb3d8bbwe",
		"User":"S-1-5-21-2381387566-4172994561-1950376889-1000",
		"ActivityID":"609C806B-FDE1-0001-8B83-9C60E1FDDA01"
	},
	{
		"Rule level":"medium",
		"title":"Certificate Private Key Acquired",
		"sigma_yml":"win_capi2_acquire_certificate_private_key.yml",
		"description":"Detects when an application acquires a certificate private key",
		"row_id":441,
		"Channel":"Microsoft-Windows-AppModel-Runtime/Admin",
		"Computer":"DESKTOP-GAIBSBB",
		"EventID":70,
		"EventRecordID":441,
		"ProcessID":4328,
		"ThreadID":7112,
		"Keywords":"0x2000000000000001",
		"Level":4,
		"Opcode":0,
		"Guid":"F1EF270A-0D32-4352-BA52-DBAB41E1D859",
		"Provider_Name":"Microsoft-Windows-AppModel-Runtime",
		"UserID":"S-1-5-18",
		"Task":0,
		"SystemTime":"2024-09-03T09:12:53.542724Z",
		"Version":0,
		"OriginalLogfile":"Microsoft-Windows-AppModel-Runtime%4Admin.evtx-CYJD6GG4.json",
		"CurrentStatus":0,
		"DesiredStatus":32,
		"PackageFullName":"Microsoft.WindowsFeedbackHub_1.1907.3152.0_x64__8wekyb3d8bbwe",
		"User":"S-1-5-21-2381387566-4172994561-1950376889-1000",
		"ActivityID":"609C806B-FDE1-0002-E482-9C60E1FDDA01"
	},
	{
		"Rule level":"medium",
		"title":"Certificate Private Key Acquired",
		"sigma_yml":"win_capi2_acquire_certificate_private_key.yml",
		"description":"Detects when an application acquires a certificate private key",
		"row_id":446,
		"Channel":"Microsoft-Windows-AppModel-Runtime/Admin",
		"Computer":"DESKTOP-GAIBSBB",
		"EventID":70,
		"EventRecordID":446,
		"ProcessID":4328,
		"ThreadID":7076,
		"Keywords":"0x2000000000000001",
		"Level":4,
		"Opcode":0,
		"Guid":"F1EF270A-0D32-4352-BA52-DBAB41E1D859",
		"Provider_Name":"Microsoft-Windows-AppModel-Runtime",
		"UserID":"S-1-5-18",
		"Task":0,
		"SystemTime":"2024-09-03T09:12:54.804010Z",
		"Version":0,
		"OriginalLogfile":"Microsoft-Windows-AppModel-Runtime%4Admin.evtx-CYJD6GG4.json",
		"CurrentStatus":32,
		"DesiredStatus":0,
		"PackageFullName":"Microsoft.WindowsCalculator_10.1906.55.0_x64__8wekyb3d8bbwe",
		"User":"S-1-5-21-2381387566-4172994561-1950376889-1000",
		"ActivityID":"609C806B-FDE1-0001-8B83-9C60E1FDDA01"
	},
	{
		"Rule level":"medium",
		"title":"Certificate Private Key Acquired",
		"sigma_yml":"win_capi2_acquire_certificate_private_key.yml",
		"description":"Detects when an application acquires a certificate private key",
		"row_id":447,
		"Channel":"Microsoft-Windows-AppModel-Runtime/Admin",
		"Computer":"DESKTOP-GAIBSBB",
		"EventID":70,
		"EventRecordID":447,
		"ProcessID":4328,
		"ThreadID":7116,
		"Keywords":"0x2000000000000001",
		"Level":4,
		"Opcode":0,
		"Guid":"F1EF270A-0D32-4352-BA52-DBAB41E1D859",
		"Provider_Name":"Microsoft-Windows-AppModel-Runtime",
		"UserID":"S-1-5-18",
		"Task":0,
		"SystemTime":"2024-09-03T09:12:55.104220Z",
		"Version":0,
		"OriginalLogfile":"Microsoft-Windows-AppModel-Runtime%4Admin.evtx-CYJD6GG4.json",
		"CurrentStatus":32,
		"DesiredStatus":0,
		"PackageFullName":"Microsoft.WebpImageExtension_1.0.22753.0_x64__8wekyb3d8bbwe",
		"User":"S-1-5-21-2381387566-4172994561-1950376889-1000",
		"ActivityID":"609C806B-FDE1-0001-9983-9C60E1FDDA01"
	},
	{
		"Rule level":"medium",
		"title":"Certificate Private Key Acquired",
		"sigma_yml":"win_capi2_acquire_certificate_private_key.yml",
		"description":"Detects when an application acquires a certificate private key",
		"row_id":448,
		"Channel":"Microsoft-Windows-AppModel-Runtime/Admin",
		"Computer":"DESKTOP-GAIBSBB",
		"EventID":70,
		"EventRecordID":448,
		"ProcessID":4328,
		"ThreadID":7112,
		"Keywords":"0x2000000000000001",
		"Level":4,
		"Opcode":0,
		"Guid":"F1EF270A-0D32-4352-BA52-DBAB41E1D859",
		"Provider_Name":"Microsoft-Windows-AppModel-Runtime",
		"UserID":"S-1-5-18",
		"Task":0,
		"SystemTime":"2024-09-03T09:12:55.277033Z",
		"Version":0,
		"OriginalLogfile":"Microsoft-Windows-AppModel-Runtime%4Admin.evtx-CYJD6GG4.json",
		"CurrentStatus":32,
		"DesiredStatus":0,
		"PackageFullName":"Microsoft.WindowsFeedbackHub_1.1907.3152.0_x64__8wekyb3d8bbwe",
		"User":"S-1-5-21-2381387566-4172994561-1950376889-1000",
		"ActivityID":"609C806B-FDE1-0002-E482-9C60E1FDDA01"
	},
	{
		"Rule level":"medium",
		"title":"Certificate Private Key Acquired",
		"sigma_yml":"win_capi2_acquire_certificate_private_key.yml",
		"description":"Detects when an application acquires a certificate private key",
		"row_id":449,
		"Channel":"Microsoft-Windows-AppModel-Runtime/Admin",
		"Computer":"DESKTOP-GAIBSBB",
		"EventID":70,
		"EventRecordID":449,
		"ProcessID":4328,
		"ThreadID":7116,
		"Keywords":"0x2000000000000001",
		"Level":4,
		"Opcode":0,
		"Guid":"F1EF270A-0D32-4352-BA52-DBAB41E1D859",
		"Provider_Name":"Microsoft-Windows-AppModel-Runtime",
		"UserID":"S-1-5-18",
		"Task":0,
		"SystemTime":"2024-09-03T09:12:55.627623Z",
		"Version":0,
		"OriginalLogfile":"Microsoft-Windows-AppModel-Runtime%4Admin.evtx-CYJD6GG4.json",
		"CurrentStatus":0,
		"DesiredStatus":32,
		"PackageFullName":"Microsoft.WindowsSoundRecorder_10.1906.1972.0_x64__8wekyb3d8bbwe",
		"User":"S-1-5-21-2381387566-4172994561-1950376889-1000",
		"ActivityID":"609C806B-FDE1-0002-E182-9C60E1FDDA01"
	},
	{
		"Rule level":"medium",
		"title":"Certificate Private Key Acquired",
		"sigma_yml":"win_capi2_acquire_certificate_private_key.yml",
		"description":"Detects when an application acquires a certificate private key",
		"row_id":450,
		"Channel":"Microsoft-Windows-AppModel-Runtime/Admin",
		"Computer":"DESKTOP-GAIBSBB",
		"EventID":70,
		"EventRecordID":450,
		"ProcessID":4328,
		"ThreadID":7076,
		"Keywords":"0x2000000000000001",
		"Level":4,
		"Opcode":0,
		"Guid":"F1EF270A-0D32-4352-BA52-DBAB41E1D859",
		"Provider_Name":"Microsoft-Windows-AppModel-Runtime",
		"UserID":"S-1-5-18",
		"Task":0,
		"SystemTime":"2024-09-03T09:12:55.644866Z",
		"Version":0,
		"OriginalLogfile":"Microsoft-Windows-AppModel-Runtime%4Admin.evtx-CYJD6GG4.json",
		"CurrentStatus":0,
		"DesiredStatus":32,
		"PackageFullName":"Microsoft.WindowsMaps_5.1906.1972.0_x64__8wekyb3d8bbwe",
		"User":"S-1-5-21-2381387566-4172994561-1950376889-1000",
		"ActivityID":"609C806B-FDE1-0002-E382-9C60E1FDDA01"
	},
