	{
		"Rule level":"informational",
		"title":"User Logoff Event",
		"sigma_yml":"win_security_user_logoff.yml",
		"description":"Detects a user log-off activity. Could be used for example to correlate information during forensic investigations",
		"row_id":24585,
		"Channel":"Security",
		"Computer":"DESKTOP-47I4RLN",
		"EventID":4634,
		"EventRecordID":11868,
		"ProcessID":576,
		"ThreadID":612,
		"Keywords":"0x8020000000000000",
		"Level":0,
		"Opcode":0,
		"Guid":"54849625-5478-4994-A5BA-3E3B0328C30D",
		"Provider_Name":"Microsoft-Windows-Security-Auditing",
		"Task":12545,
		"SystemTime":"2024-10-01T17:32:16.982788Z",
		"Version":0,
		"OriginalLogfile":"Security.evtx-86NAX47W.json",
		"LogonType":"2",
		"TargetDomainName":"Font Driver Host",
		"TargetLogonId":"0xd060",
		"TargetUserName":"UMFD-1",
		"TargetUserSid":"S-1-5-96-0-1"
	},
	{
		"Rule level":"informational",
		"title":"User Logoff Event",
		"sigma_yml":"win_security_user_logoff.yml",
		"description":"Detects a user log-off activity. Could be used for example to correlate information during forensic investigations",
		"row_id":24587,
		"Channel":"Security",
		"Computer":"DESKTOP-47I4RLN",
		"EventID":4634,
		"EventRecordID":11870,
		"ProcessID":576,
		"ThreadID":980,
		"Keywords":"0x8020000000000000",
		"Level":0,
		"Opcode":0,
		"Guid":"54849625-5478-4994-A5BA-3E3B0328C30D",
		"Provider_Name":"Microsoft-Windows-Security-Auditing",
		"Task":12545,
		"SystemTime":"2024-10-01T17:32:18.210596Z",
		"Version":0,
		"OriginalLogfile":"Security.evtx-86NAX47W.json",
		"LogonType":"2",
		"TargetDomainName":"Window Manager",
		"TargetLogonId":"0x12fcc",
		"TargetUserName":"DWM-1",
		"TargetUserSid":"S-1-5-90-0-1"
	},
	{
		"Rule level":"informational",
		"title":"User Logoff Event",
		"sigma_yml":"win_security_user_logoff.yml",
		"description":"Detects a user log-off activity. Could be used for example to correlate information during forensic investigations",
		"row_id":24588,
		"Channel":"Security",
		"Computer":"DESKTOP-47I4RLN",
		"EventID":4634,
		"EventRecordID":11871,
		"ProcessID":576,
		"ThreadID":980,
		"Keywords":"0x8020000000000000",
		"Level":0,
		"Opcode":0,
		"Guid":"54849625-5478-4994-A5BA-3E3B0328C30D",
		"Provider_Name":"Microsoft-Windows-Security-Auditing",
		"Task":12545,
		"SystemTime":"2024-10-01T17:32:18.210646Z",
		"Version":0,
		"OriginalLogfile":"Security.evtx-86NAX47W.json",
		"LogonType":"2",
		"TargetDomainName":"Window Manager",
		"TargetLogonId":"0x12ef1",
		"TargetUserName":"DWM-1",
		"TargetUserSid":"S-1-5-90-0-1"
	},
	{
		"Rule level":"informational",
		"title":"User Logoff Event",
		"sigma_yml":"win_security_user_logoff.yml",
		"description":"Detects a user log-off activity. Could be used for example to correlate information during forensic investigations",
		"row_id":13297,
		"Channel":"Security",
		"Computer":"DESKTOP-47I4RLN",
		"EventID":4647,
		"EventRecordID":580,
		"ProcessID":640,
		"ThreadID":700,
		"Keywords":"0x8020000000000000",
		"Level":0,
		"Opcode":0,
		"Guid":"54849625-5478-4994-A5BA-3E3B0328C30D",
		"Provider_Name":"Microsoft-Windows-Security-Auditing",
		"Task":12545,
		"SystemTime":"2024-10-01T13:48:26.823666Z",
		"Version":0,
		"OriginalLogfile":"Security.evtx-86NAX47W.json",
		"ActivityID":"BD9CCF49-1496-0001-0ED0-9CBD9614DB01",
		"TargetDomainName":"DESKTOP-47I4RLN",
		"TargetLogonId":"0xaf556",
		"TargetUserName":"dfir",
		"TargetUserSid":"S-1-5-21-1421159008-4270732973-2479707347-1000"
	},
	{
		"Rule level":"informational",
		"title":"User Logoff Event",
		"sigma_yml":"win_security_user_logoff.yml",
		"description":"Detects a user log-off activity. Could be used for example to correlate information during forensic investigations",
		"row_id":14543,
		"Channel":"Security",
		"Computer":"DESKTOP-47I4RLN",
		"EventID":4647,
		"EventRecordID":1826,
		"ProcessID":592,
		"ThreadID":8976,
		"Keywords":"0x8020000000000000",
		"Level":0,
		"Opcode":0,
		"Guid":"54849625-5478-4994-A5BA-3E3B0328C30D",
		"Provider_Name":"Microsoft-Windows-Security-Auditing",
		"Task":12545,
		"SystemTime":"2024-10-01T16:18:02.772130Z",
		"Version":0,
		"OriginalLogfile":"Security.evtx-86NAX47W.json",
		"ActivityID":"A7FD8A1E-1408-0001-E88A-FDA70814DB01",
		"TargetDomainName":"DESKTOP-47I4RLN",
		"TargetLogonId":"0x21bbd",
		"TargetUserName":"dfir",
		"TargetUserSid":"S-1-5-21-1421159008-4270732973-2479707347-1000"
	},
	{
		"Rule level":"informational",
		"title":"User Logoff Event",
		"sigma_yml":"win_security_user_logoff.yml",
		"description":"Detects a user log-off activity. Could be used for example to correlate information during forensic investigations",
		"row_id":24570,
		"Channel":"Security",
		"Computer":"DESKTOP-47I4RLN",
		"EventID":4647,
		"EventRecordID":11853,
		"ProcessID":576,
		"ThreadID":880,
		"Keywords":"0x8020000000000000",
		"Level":0,
		"Opcode":0,
		"Guid":"54849625-5478-4994-A5BA-3E3B0328C30D",
		"Provider_Name":"Microsoft-Windows-Security-Auditing",
		"Task":12545,
		"SystemTime":"2024-10-01T17:32:16.454574Z",
		"Version":0,
		"OriginalLogfile":"Security.evtx-86NAX47W.json",
		"ActivityID":"CE0F1977-141E-0001-9B1A-0FCE1E14DB01",
		"TargetDomainName":"DESKTOP-47I4RLN",
		"TargetLogonId":"0x16cfad",
		"TargetUserName":"dfir",
		"TargetUserSid":"S-1-5-21-1421159008-4270732973-2479707347-1000"
	},
];

var OtherData = [
];

var UnknownData = [
];

var InformationalData = [
	{
		"Rule level":"informational",
		"title":"User Logoff Event",
		"sigma_yml":"win_security_user_logoff.yml",
		"description":"Detects a user log-off activity. Could be used for example to correlate information during forensic investigations",
		"row_id":24585,
		"Channel":"Security",
		"Computer":"DESKTOP-47I4RLN",
		"EventID":4634,
		"EventRecordID":11868,
		"ProcessID":576,
		"ThreadID":612,
		"Keywords":"0x8020000000000000",
		"Level":0,
		"Opcode":0,
		"Guid":"54849625-5478-4994-A5BA-3E3B0328C30D",
		"Provider_Name":"Microsoft-Windows-Security-Auditing",
		"Task":12545,
		"SystemTime":"2024-10-01T17:32:16.982788Z",
		"Version":0,
		"OriginalLogfile":"Security.evtx-86NAX47W.json",
		"LogonType":"2",
		"TargetDomainName":"Font Driver Host",
		"TargetLogonId":"0xd060",
		"TargetUserName":"UMFD-1",
		"TargetUserSid":"S-1-5-96-0-1"
	},
	{
		"Rule level":"informational",
		"title":"User Logoff Event",
		"sigma_yml":"win_security_user_logoff.yml",
		"description":"Detects a user log-off activity. Could be used for example to correlate information during forensic investigations",
		"row_id":24587,
		"Channel":"Security",
		"Computer":"DESKTOP-47I4RLN",
		"EventID":4634,
		"EventRecordID":11870,
		"ProcessID":576,
		"ThreadID":980,
		"Keywords":"0x8020000000000000",
		"Level":0,
		"Opcode":0,
		"Guid":"54849625-5478-4994-A5BA-3E3B0328C30D",
		"Provider_Name":"Microsoft-Windows-Security-Auditing",
		"Task":12545,
		"SystemTime":"2024-10-01T17:32:18.210596Z",
		"Version":0,
		"OriginalLogfile":"Security.evtx-86NAX47W.json",
		"LogonType":"2",
		"TargetDomainName":"Window Manager",
		"TargetLogonId":"0x12fcc",
		"TargetUserName":"DWM-1",
		"TargetUserSid":"S-1-5-90-0-1"
	},
	{
		"Rule level":"informational",
		"title":"User Logoff Event",
		"sigma_yml":"win_security_user_logoff.yml",
		"description":"Detects a user log-off activity. Could be used for example to correlate information during forensic investigations",
		"row_id":24588,
		"Channel":"Security",
		"Computer":"DESKTOP-47I4RLN",
		"EventID":4634,
		"EventRecordID":11871,
		"ProcessID":576,
		"ThreadID":980,
		"Keywords":"0x8020000000000000",
		"Level":0,
		"Opcode":0,
		"Guid":"54849625-5478-4994-A5BA-3E3B0328C30D",
		"Provider_Name":"Microsoft-Windows-Security-Auditing",
		"Task":12545,
		"SystemTime":"2024-10-01T17:32:18.210646Z",
		"Version":0,
		"OriginalLogfile":"Security.evtx-86NAX47W.json",
		"LogonType":"2",
		"TargetDomainName":"Window Manager",
		"TargetLogonId":"0x12ef1",
		"TargetUserName":"DWM-1",
		"TargetUserSid":"S-1-5-90-0-1"
	},
	{
		"Rule level":"informational",
		"title":"User Logoff Event",
		"sigma_yml":"win_security_user_logoff.yml",
		"description":"Detects a user log-off activity. Could be used for example to correlate information during forensic investigations",
		"row_id":13297,
		"Channel":"Security",
		"Computer":"DESKTOP-47I4RLN",
		"EventID":4647,
		"EventRecordID":580,
		"ProcessID":640,
		"ThreadID":700,
		"Keywords":"0x8020000000000000",
		"Level":0,
		"Opcode":0,
		"Guid":"54849625-5478-4994-A5BA-3E3B0328C30D",
		"Provider_Name":"Microsoft-Windows-Security-Auditing",
		"Task":12545,
		"SystemTime":"2024-10-01T13:48:26.823666Z",
		"Version":0,
		"OriginalLogfile":"Security.evtx-86NAX47W.json",
		"ActivityID":"BD9CCF49-1496-0001-0ED0-9CBD9614DB01",
		"TargetDomainName":"DESKTOP-47I4RLN",
		"TargetLogonId":"0xaf556",
		"TargetUserName":"dfir",
		"TargetUserSid":"S-1-5-21-1421159008-4270732973-2479707347-1000"
	},
	{
		"Rule level":"informational",
		"title":"User Logoff Event",
		"sigma_yml":"win_security_user_logoff.yml",
		"description":"Detects a user log-off activity. Could be used for example to correlate information during forensic investigations",
		"row_id":14543,
		"Channel":"Security",
		"Computer":"DESKTOP-47I4RLN",
		"EventID":4647,
		"EventRecordID":1826,
		"ProcessID":592,
		"ThreadID":8976,
		"Keywords":"0x8020000000000000",
		"Level":0,
		"Opcode":0,
		"Guid":"54849625-5478-4994-A5BA-3E3B0328C30D",
		"Provider_Name":"Microsoft-Windows-Security-Auditing",
		"Task":12545,
		"SystemTime":"2024-10-01T16:18:02.772130Z",
		"Version":0,
		"OriginalLogfile":"Security.evtx-86NAX47W.json",
		"ActivityID":"A7FD8A1E-1408-0001-E88A-FDA70814DB01",
		"TargetDomainName":"DESKTOP-47I4RLN",
		"TargetLogonId":"0x21bbd",
		"TargetUserName":"dfir",
		"TargetUserSid":"S-1-5-21-1421159008-4270732973-2479707347-1000"
	},
	{
		"Rule level":"informational",
		"title":"User Logoff Event",
		"sigma_yml":"win_security_user_logoff.yml",
		"description":"Detects a user log-off activity. Could be used for example to correlate information during forensic investigations",
		"row_id":24570,
		"Channel":"Security",
		"Computer":"DESKTOP-47I4RLN",
		"EventID":4647,
		"EventRecordID":11853,
		"ProcessID":576,
		"ThreadID":880,
		"Keywords":"0x8020000000000000",
		"Level":0,
		"Opcode":0,
		"Guid":"54849625-5478-4994-A5BA-3E3B0328C30D",
		"Provider_Name":"Microsoft-Windows-Security-Auditing",
		"Task":12545,
		"SystemTime":"2024-10-01T17:32:16.454574Z",
		"Version":0,
		"OriginalLogfile":"Security.evtx-86NAX47W.json",
		"ActivityID":"CE0F1977-141E-0001-9B1A-0FCE1E14DB01",
		"TargetDomainName":"DESKTOP-47I4RLN",
		"TargetLogonId":"0x16cfad",
		"TargetUserName":"dfir",
		"TargetUserSid":"S-1-5-21-1421159008-4270732973-2479707347-1000"
	},
];

var LowData = [
	{
		"Rule level":"low",
		"title":"Windows Service Terminated With Error",
		"sigma_yml":"win_system_service_terminated_error_generic.yml",
		"description":"Detects Windows services that got terminated for whatever reason",
		"row_id":26691,
		"Channel":"System",
		"Computer":"WIN-DCQ2TVDRU6N",
		"EventID":7023,
		"EventRecordID":46,
		"ProcessID":644,
		"ThreadID":728,
		"Keywords":"0x8080000000000000",
		"Level":2,
		"Opcode":0,
		"Guid":"{555908d1-a6d7-4695-8e1e-26931d2012f4}",
		"Provider_Name":"Service Control Manager",
		"Task":0,
		"SystemTime":"2024-10-02T06:44:36.254719Z",
		"Version":0,
		"OriginalLogfile":"System.evtx-VO3HDEOC.json",
		"Qualifiers":49152,
		"EventSourceName":"Service Control Manager",
		"param1":"netprofm",
		"param2":"%%21",
		"Binary":"6E0065007400700072006F0066006D000000"
	},
	{
		"Rule level":"low",
		"title":"Windows Firewall Settings Have Been Changed",
		"sigma_yml":"win_firewall_as_setting_change.yml",
		"description":"Detects activity when the settings of the Windows firewall have been changed",
		"row_id":6233,
		"Channel":"Microsoft-Windows-Windows Firewall With Advanced Security/Firewall",
		"Computer":"DESKTOP-47I4RLN",
		"EventID":2002,
		"EventRecordID":1054,
		"ProcessID":2272,
		"ThreadID":6032,
		"Keywords":"0x8000000000000000",
		"Level":4,
		"Opcode":0,
		"Guid":"D1BC9AFF-2ABF-4D71-9146-ECB2A986EB85",
		"Provider_Name":"Microsoft-Windows-Windows Firewall With Advanced Security",
		"UserID":"S-1-5-19",
		"Task":0,
		"SystemTime":"2024-10-01T16:56:20.388042Z",
		"Version":0,
		"OriginalLogfile":"Microsoft-Windows-Windows Firewall With Advanced Security%4Firewall.evtx-C1M32OQS.json",
		"ModifyingUser":"S-1-5-80-3088073201-1464728630-1879813800-1107566885-823218052",
		"Origin":1,
		"SettingType":2,
		"SettingValue":"04000000",
		"SettingValueDisplay":"Public",
		"SettingValueSize":4
	},
	{
		"Rule level":"low",
		"title":"Windows Firewall Settings Have Been Changed",
		"sigma_yml":"win_firewall_as_setting_change.yml",
		"description":"Detects activity when the settings of the Windows firewall have been changed",
		"row_id":6235,
		"Channel":"Microsoft-Windows-Windows Firewall With Advanced Security/Firewall",
		"Computer":"DESKTOP-47I4RLN",
		"EventID":2002,
		"EventRecordID":1056,
		"ProcessID":2272,
		"ThreadID":4896,
		"Keywords":"0x8000000000000000",
		"Level":4,
		"Opcode":0,
		"Guid":"D1BC9AFF-2ABF-4D71-9146-ECB2A986EB85",
		"Provider_Name":"Microsoft-Windows-Windows Firewall With Advanced Security",
		"UserID":"S-1-5-19",
		"Task":0,
		"SystemTime":"2024-10-01T16:56:25.576015Z",
		"Version":0,
		"OriginalLogfile":"Microsoft-Windows-Windows Firewall With Advanced Security%4Firewall.evtx-C1M32OQS.json",
		"ModifyingUser":"S-1-5-80-3088073201-1464728630-1879813800-1107566885-823218052",
		"Origin":1,
		"SettingType":2,
		"SettingValue":"02000000",
		"SettingValueDisplay":"Private",
		"SettingValueSize":4
	},
	{
		"Rule level":"low",
		"title":"Windows Firewall Settings Have Been Changed",
		"sigma_yml":"win_firewall_as_setting_change.yml",
		"description":"Detects activity when the settings of the Windows firewall have been changed",
		"row_id":6239,
		"Channel":"Microsoft-Windows-Windows Firewall With Advanced Security/Firewall",
		"Computer":"DESKTOP-47I4RLN",
		"EventID":2002,
		"EventRecordID":1060,
		"ProcessID":2272,
		"ThreadID":9944,
		"Keywords":"0x8000000000000000",
		"Level":4,
		"Opcode":0,
		"Guid":"D1BC9AFF-2ABF-4D71-9146-ECB2A986EB85",
		"Provider_Name":"Microsoft-Windows-Windows Firewall With Advanced Security",
		"UserID":"S-1-5-19",
		"Task":0,
		"SystemTime":"2024-10-01T17:45:19.693282Z",
		"Version":0,
		"OriginalLogfile":"Microsoft-Windows-Windows Firewall With Advanced Security%4Firewall.evtx-C1M32OQS.json",
		"ModifyingUser":"S-1-5-80-3088073201-1464728630-1879813800-1107566885-823218052",
		"Origin":1,
		"SettingType":2,
		"SettingValue":"04000000",
		"SettingValueDisplay":"Public",
		"SettingValueSize":4
	},
	{
		"Rule level":"low",
		"title":"Windows Firewall Settings Have Been Changed",
		"sigma_yml":"win_firewall_as_setting_change.yml",
		"description":"Detects activity when the settings of the Windows firewall have been changed",
		"row_id":6242,
		"Channel":"Microsoft-Windows-Windows Firewall With Advanced Security/Firewall",
		"Computer":"DESKTOP-47I4RLN",
		"EventID":2002,
		"EventRecordID":1063,
		"ProcessID":2272,
		"ThreadID":5744,
		"Keywords":"0x8000000000000000",
		"Level":4,
		"Opcode":0,
		"Guid":"D1BC9AFF-2ABF-4D71-9146-ECB2A986EB85",
		"Provider_Name":"Microsoft-Windows-Windows Firewall With Advanced Security",
		"UserID":"S-1-5-19",
		"Task":0,
		"SystemTime":"2024-10-01T17:45:20.445338Z",
		"Version":0,
		"OriginalLogfile":"Microsoft-Windows-Windows Firewall With Advanced Security%4Firewall.evtx-C1M32OQS.json",
		"ModifyingUser":"S-1-5-80-3088073201-1464728630-1879813800-1107566885-823218052",
		"Origin":1,
		"SettingType":2,
		"SettingValue":"02000000",
		"SettingValueDisplay":"Private",
		"SettingValueSize":4
	},
	{
		"Rule level":"low",
		"title":"Windows Firewall Settings Have Been Changed",
		"sigma_yml":"win_firewall_as_setting_change.yml",
		"description":"Detects activity when the settings of the Windows firewall have been changed",
		"row_id":6244,
		"Channel":"Microsoft-Windows-Windows Firewall With Advanced Security/Firewall",
		"Computer":"DESKTOP-47I4RLN",
		"EventID":2002,
		"EventRecordID":1065,
		"ProcessID":2272,
		"ThreadID":6532,
		"Keywords":"0x8000000000000000",
		"Level":4,
		"Opcode":0,
		"Guid":"D1BC9AFF-2ABF-4D71-9146-ECB2A986EB85",
		"Provider_Name":"Microsoft-Windows-Windows Firewall With Advanced Security",
		"UserID":"S-1-5-19",
		"Task":0,
		"SystemTime":"2024-10-01T17:51:06.509968Z",
		"Version":0,
		"OriginalLogfile":"Microsoft-Windows-Windows Firewall With Advanced Security%4Firewall.evtx-C1M32OQS.json",
		"ModifyingUser":"S-1-5-80-3088073201-1464728630-1879813800-1107566885-823218052",
		"Origin":1,
		"SettingType":2,
		"SettingValue":"04000000",
		"SettingValueDisplay":"Public",
		"SettingValueSize":4
	},
	{
		"Rule level":"low",
		"title":"Windows Firewall Settings Have Been Changed",
		"sigma_yml":"win_firewall_as_setting_change.yml",
		"description":"Detects activity when the settings of the Windows firewall have been changed",
		"row_id":6247,
		"Channel":"Microsoft-Windows-Windows Firewall With Advanced Security/Firewall",
		"Computer":"DESKTOP-47I4RLN",
		"EventID":2002,
		"EventRecordID":1068,
		"ProcessID":2272,
		"ThreadID":10128,
		"Keywords":"0x8000000000000000",
		"Level":4,
		"Opcode":0,
		"Guid":"D1BC9AFF-2ABF-4D71-9146-ECB2A986EB85",
		"Provider_Name":"Microsoft-Windows-Windows Firewall With Advanced Security",
		"UserID":"S-1-5-19",
		"Task":0,
		"SystemTime":"2024-10-01T17:51:11.690925Z",
		"Version":0,
		"OriginalLogfile":"Microsoft-Windows-Windows Firewall With Advanced Security%4Firewall.evtx-C1M32OQS.json",
		"ModifyingUser":"S-1-5-80-3088073201-1464728630-1879813800-1107566885-823218052",
		"Origin":1,
		"SettingType":2,
		"SettingValue":"02000000",
		"SettingValueDisplay":"Private",
		"SettingValueSize":4
	},
	{
		"Rule level":"low",
		"title":"Windows Firewall Settings Have Been Changed",
		"sigma_yml":"win_firewall_as_setting_change.yml",
		"description":"Detects activity when the settings of the Windows firewall have been changed",
		"row_id":6249,
		"Channel":"Microsoft-Windows-Windows Firewall With Advanced Security/Firewall",
		"Computer":"DESKTOP-47I4RLN",
		"EventID":2002,
		"EventRecordID":1070,
		"ProcessID":2272,
		"ThreadID":9296,
		"Keywords":"0x8000000000000000",
		"Level":4,
		"Opcode":0,
		"Guid":"D1BC9AFF-2ABF-4D71-9146-ECB2A986EB85",
		"Provider_Name":"Microsoft-Windows-Windows Firewall With Advanced Security",
		"UserID":"S-1-5-19",
		"Task":0,
		"SystemTime":"2024-10-01T18:42:16.871349Z",
		"Version":0,
		"OriginalLogfile":"Microsoft-Windows-Windows Firewall With Advanced Security%4Firewall.evtx-C1M32OQS.json",
		"ModifyingUser":"S-1-5-80-3088073201-1464728630-1879813800-1107566885-823218052",
		"Origin":1,
		"SettingType":2,
		"SettingValue":"04000000",
		"SettingValueDisplay":"Public",
		"SettingValueSize":4
	},
	{
		"Rule level":"low",
		"title":"Windows Firewall Settings Have Been Changed",
		"sigma_yml":"win_firewall_as_setting_change.yml",
		"description":"Detects activity when the settings of the Windows firewall have been changed",
		"row_id":6252,
		"Channel":"Microsoft-Windows-Windows Firewall With Advanced Security/Firewall",
		"Computer":"DESKTOP-47I4RLN",
		"EventID":2002,
		"EventRecordID":1073,
		"ProcessID":2272,
		"ThreadID":8224,
		"Keywords":"0x8000000000000000",
		"Level":4,
		"Opcode":0,
		"Guid":"D1BC9AFF-2ABF-4D71-9146-ECB2A986EB85",
		"Provider_Name":"Microsoft-Windows-Windows Firewall With Advanced Security",
		"UserID":"S-1-5-19",
		"Task":0,
		"SystemTime":"2024-10-01T18:42:17.022716Z",
		"Version":0,
		"OriginalLogfile":"Microsoft-Windows-Windows Firewall With Advanced Security%4Firewall.evtx-C1M32OQS.json",
		"ModifyingUser":"S-1-5-80-3088073201-1464728630-1879813800-1107566885-823218052",
		"Origin":1,
		"SettingType":2,
		"SettingValue":"02000000",
		"SettingValueDisplay":"Private",
		"SettingValueSize":4
	},
	{
		"Rule level":"low",
		"title":"Windows Firewall Settings Have Been Changed",
		"sigma_yml":"win_firewall_as_setting_change.yml",
		"description":"Detects activity when the settings of the Windows firewall have been changed",
		"row_id":6472,
		"Channel":"Microsoft-Windows-Windows Firewall With Advanced Security/Firewall",
		"Computer":"DESKTOP-47I4RLN",
		"EventID":2002,
		"EventRecordID":413,
		"ProcessID":2604,
		"ThreadID":3360,
		"Keywords":"0x8000000000000000",
		"Level":4,
		"Opcode":0,
		"Guid":"D1BC9AFF-2ABF-4D71-9146-ECB2A986EB85",
		"Provider_Name":"Microsoft-Windows-Windows Firewall With Advanced Security",
		"UserID":"S-1-5-19",
		"Task":0,
		"SystemTime":"2024-10-01T13:56:39.172974Z",
		"Version":0,
		"OriginalLogfile":"Microsoft-Windows-Windows Firewall With Advanced Security%4Firewall.evtx-C1M32OQS.json",
		"ModifyingUser":"S-1-5-80-3088073201-1464728630-1879813800-1107566885-823218052",
		"Origin":1,
		"SettingType":2,
		"SettingValue":"02000000",
		"SettingValueDisplay":"Private",
		"SettingValueSize":4
	},
	{
		"Rule level":"low",
		"title":"Windows Firewall Settings Have Been Changed",
		"sigma_yml":"win_firewall_as_setting_change.yml",
		"description":"Detects activity when the settings of the Windows firewall have been changed",
		"row_id":6474,
		"Channel":"Microsoft-Windows-Windows Firewall With Advanced Security/Firewall",
		"Computer":"DESKTOP-47I4RLN",
		"EventID":2002,
		"EventRecordID":415,
		"ProcessID":2604,
		"ThreadID":7376,
		"Keywords":"0x8000000000000000",
		"Level":4,
		"Opcode":0,
		"Guid":"D1BC9AFF-2ABF-4D71-9146-ECB2A986EB85",
		"Provider_Name":"Microsoft-Windows-Windows Firewall With Advanced Security",
		"UserID":"S-1-5-19",
		"Task":0,
		"SystemTime":"2024-10-01T13:56:44.192220Z",
		"Version":0,
		"OriginalLogfile":"Microsoft-Windows-Windows Firewall With Advanced Security%4Firewall.evtx-C1M32OQS.json",
		"ModifyingUser":"S-1-5-80-3088073201-1464728630-1879813800-1107566885-823218052",
		"Origin":1,
		"SettingType":2,
		"SettingValue":"04000000",
		"SettingValueDisplay":"Public",
		"SettingValueSize":4
	},
	{
		"Rule level":"low",
		"title":"Windows Firewall Settings Have Been Changed",
		"sigma_yml":"win_firewall_as_setting_change.yml",
		"description":"Detects activity when the settings of the Windows firewall have been changed",
		"row_id":6476,
		"Channel":"Microsoft-Windows-Windows Firewall With Advanced Security/Firewall",
		"Computer":"DESKTOP-47I4RLN",
		"EventID":2002,
		"EventRecordID":417,
		"ProcessID":2604,
		"ThreadID":3360,
		"Keywords":"0x8000000000000000",
		"Level":4,
		"Opcode":0,
		"Guid":"D1BC9AFF-2ABF-4D71-9146-ECB2A986EB85",
		"Provider_Name":"Microsoft-Windows-Windows Firewall With Advanced Security",
		"UserID":"S-1-5-19",
		"Task":0,
		"SystemTime":"2024-10-01T13:56:44.464002Z",
		"Version":0,
		"OriginalLogfile":"Microsoft-Windows-Windows Firewall With Advanced Security%4Firewall.evtx-C1M32OQS.json",
		"ModifyingUser":"S-1-5-80-3088073201-1464728630-1879813800-1107566885-823218052",
		"Origin":1,
		"SettingType":2,
		"SettingValue":"02000000",
		"SettingValueDisplay":"Private",
		"SettingValueSize":4
	},
	{
		"Rule level":"low",
		"title":"Windows Firewall Settings Have Been Changed",
		"sigma_yml":"win_firewall_as_setting_change.yml",
		"description":"Detects activity when the settings of the Windows firewall have been changed",
		"row_id":6478,
		"Channel":"Microsoft-Windows-Windows Firewall With Advanced Security/Firewall",
		"Computer":"DESKTOP-47I4RLN",
		"EventID":2002,
		"EventRecordID":419,
		"ProcessID":2604,
		"ThreadID":8524,
		"Keywords":"0x8000000000000000",
		"Level":4,
		"Opcode":0,
		"Guid":"D1BC9AFF-2ABF-4D71-9146-ECB2A986EB85",
		"Provider_Name":"Microsoft-Windows-Windows Firewall With Advanced Security",
		"UserID":"S-1-5-19",
		"Task":0,
		"SystemTime":"2024-10-01T14:13:32.211795Z",
		"Version":0,
		"OriginalLogfile":"Microsoft-Windows-Windows Firewall With Advanced Security%4Firewall.evtx-C1M32OQS.json",
		"ModifyingUser":"S-1-5-80-3088073201-1464728630-1879813800-1107566885-823218052",
		"Origin":1,
		"SettingType":2,
		"SettingValue":"04000000",
		"SettingValueDisplay":"Public",
		"SettingValueSize":4
	},
	{
		"Rule level":"low",
		"title":"Windows Firewall Settings Have Been Changed",
		"sigma_yml":"win_firewall_as_setting_change.yml",
		"description":"Detects activity when the settings of the Windows firewall have been changed",
		"row_id":6481,
		"Channel":"Microsoft-Windows-Windows Firewall With Advanced Security/Firewall",
		"Computer":"DESKTOP-47I4RLN",
		"EventID":2002,
		"EventRecordID":422,
		"ProcessID":2604,
		"ThreadID":9100,
		"Keywords":"0x8000000000000000",
		"Level":4,
		"Opcode":0,
		"Guid":"D1BC9AFF-2ABF-4D71-9146-ECB2A986EB85",
		"Provider_Name":"Microsoft-Windows-Windows Firewall With Advanced Security",
		"UserID":"S-1-5-19",
		"Task":0,
		"SystemTime":"2024-10-01T14:13:37.405169Z",
		"Version":0,
		"OriginalLogfile":"Microsoft-Windows-Windows Firewall With Advanced Security%4Firewall.evtx-C1M32OQS.json",
		"ModifyingUser":"S-1-5-80-3088073201-1464728630-1879813800-1107566885-823218052",
		"Origin":1,
		"SettingType":2,
		"SettingValue":"02000000",
		"SettingValueDisplay":"Private",
		"SettingValueSize":4
	},
	{
		"Rule level":"low",
		"title":"Windows Firewall Settings Have Been Changed",
		"sigma_yml":"win_firewall_as_setting_change.yml",
		"description":"Detects activity when the settings of the Windows firewall have been changed",
		"row_id":6483,
		"Channel":"Microsoft-Windows-Windows Firewall With Advanced Security/Firewall",
		"Computer":"DESKTOP-47I4RLN",
		"EventID":2002,
		"EventRecordID":424,
		"ProcessID":2604,
		"ThreadID":8616,
		"Keywords":"0x8000000000000000",
		"Level":4,
		"Opcode":0,
		"Guid":"D1BC9AFF-2ABF-4D71-9146-ECB2A986EB85",
		"Provider_Name":"Microsoft-Windows-Windows Firewall With Advanced Security",
		"UserID":"S-1-5-19",
		"Task":0,
		"SystemTime":"2024-10-01T15:06:56.180464Z",
		"Version":0,
		"OriginalLogfile":"Microsoft-Windows-Windows Firewall With Advanced Security%4Firewall.evtx-C1M32OQS.json",
		"ModifyingUser":"S-1-5-80-3088073201-1464728630-1879813800-1107566885-823218052",
		"Origin":1,
		"SettingType":2,
		"SettingValue":"04000000",
		"SettingValueDisplay":"Public",
		"SettingValueSize":4
	},
	{
		"Rule level":"low",
		"title":"Windows Firewall Settings Have Been Changed",
		"sigma_yml":"win_firewall_as_setting_change.yml",
		"description":"Detects activity when the settings of the Windows firewall have been changed",
		"row_id":6486,
		"Channel":"Microsoft-Windows-Windows Firewall With Advanced Security/Firewall",
		"Computer":"DESKTOP-47I4RLN",
		"EventID":2002,
		"EventRecordID":427,
		"ProcessID":2604,
		"ThreadID":8616,
		"Keywords":"0x8000000000000000",
		"Level":4,
		"Opcode":0,
		"Guid":"D1BC9AFF-2ABF-4D71-9146-ECB2A986EB85",
		"Provider_Name":"Microsoft-Windows-Windows Firewall With Advanced Security",
		"UserID":"S-1-5-19",
		"Task":0,
		"SystemTime":"2024-10-01T15:07:01.367063Z",
		"Version":0,
		"OriginalLogfile":"Microsoft-Windows-Windows Firewall With Advanced Security%4Firewall.evtx-C1M32OQS.json",
		"ModifyingUser":"S-1-5-80-3088073201-1464728630-1879813800-1107566885-823218052",
		"Origin":1,
		"SettingType":2,
		"SettingValue":"02000000",
		"SettingValueDisplay":"Private",
		"SettingValueSize":4
	},
	{
		"Rule level":"low",
		"title":"Windows Firewall Settings Have Been Changed",
		"sigma_yml":"win_firewall_as_setting_change.yml",
		"description":"Detects activity when the settings of the Windows firewall have been changed",
		"row_id":6524,
		"Channel":"Microsoft-Windows-Windows Firewall With Advanced Security/Firewall",
		"Computer":"DESKTOP-47I4RLN",
		"EventID":2002,
		"EventRecordID":465,
		"ProcessID":2604,
		"ThreadID":9008,
		"Keywords":"0x8000000000000000",
		"Level":4,
		"Opcode":0,
		"Guid":"D1BC9AFF-2ABF-4D71-9146-ECB2A986EB85",
		"Provider_Name":"Microsoft-Windows-Windows Firewall With Advanced Security",
		"UserID":"S-1-5-19",
		"Task":0,
		"SystemTime":"2024-10-01T16:00:45.172796Z",
		"Version":0,
		"OriginalLogfile":"Microsoft-Windows-Windows Firewall With Advanced Security%4Firewall.evtx-C1M32OQS.json",
		"ModifyingUser":"S-1-5-80-3088073201-1464728630-1879813800-1107566885-823218052",
		"Origin":1,
		"SettingType":2,
		"SettingValue":"04000000",
		"SettingValueDisplay":"Public",
		"SettingValueSize":4
	},
	{
		"Rule level":"low",
		"title":"Windows Firewall Settings Have Been Changed",
		"sigma_yml":"win_firewall_as_setting_change.yml",
		"description":"Detects activity when the settings of the Windows firewall have been changed",
		"row_id":6527,
		"Channel":"Microsoft-Windows-Windows Firewall With Advanced Security/Firewall",
		"Computer":"DESKTOP-47I4RLN",
		"EventID":2002,
		"EventRecordID":468,
		"ProcessID":2604,
		"ThreadID":940,
		"Keywords":"0x8000000000000000",
		"Level":4,
		"Opcode":0,
		"Guid":"D1BC9AFF-2ABF-4D71-9146-ECB2A986EB85",
		"Provider_Name":"Microsoft-Windows-Windows Firewall With Advanced Security",
		"UserID":"S-1-5-19",
		"Task":0,
		"SystemTime":"2024-10-01T16:00:50.439596Z",
		"Version":0,
		"OriginalLogfile":"Microsoft-Windows-Windows Firewall With Advanced Security%4Firewall.evtx-C1M32OQS.json",
		"ModifyingUser":"S-1-5-80-3088073201-1464728630-1879813800-1107566885-823218052",
		"Origin":1,
		"SettingType":2,
		"SettingValue":"02000000",
		"SettingValueDisplay":"Private",
		"SettingValueSize":4
	},
	{
		"Rule level":"low",
		"title":"Windows Firewall Settings Have Been Changed",
		"sigma_yml":"win_firewall_as_setting_change.yml",
		"description":"Detects activity when the settings of the Windows firewall have been changed",
		"row_id":6757,
		"Channel":"Microsoft-Windows-Windows Firewall With Advanced Security/Firewall",
		"Computer":"DESKTOP-47I4RLN",
		"EventID":2002,
		"EventRecordID":698,
		"ProcessID":2604,
		"ThreadID":4788,
		"Keywords":"0x8000000000000000",
		"Level":4,
		"Opcode":0,
		"Guid":"D1BC9AFF-2ABF-4D71-9146-ECB2A986EB85",
		"Provider_Name":"Microsoft-Windows-Windows Firewall With Advanced Security",
		"UserID":"S-1-5-19",
		"Task":0,
		"SystemTime":"2024-10-01T16:27:19.752484Z",
		"Version":0,
		"OriginalLogfile":"Microsoft-Windows-Windows Firewall With Advanced Security%4Firewall.evtx-C1M32OQS.json",
		"ModifyingUser":"S-1-5-80-3088073201-1464728630-1879813800-1107566885-823218052",
		"Origin":1,
		"SettingType":2,
		"SettingValue":"04000000",
		"SettingValueDisplay":"Public",
		"SettingValueSize":4
	},
	{
		"Rule level":"low",
		"title":"Windows Firewall Settings Have Been Changed",
		"sigma_yml":"win_firewall_as_setting_change.yml",
		"description":"Detects activity when the settings of the Windows firewall have been changed",
		"row_id":6761,
		"Channel":"Microsoft-Windows-Windows Firewall With Advanced Security/Firewall",
		"Computer":"DESKTOP-47I4RLN",
		"EventID":2002,
		"EventRecordID":702,
		"ProcessID":2272,
		"ThreadID":3884,
		"Keywords":"0x8000000000000000",
		"Level":4,
		"Opcode":0,
		"Guid":"D1BC9AFF-2ABF-4D71-9146-ECB2A986EB85",
		"Provider_Name":"Microsoft-Windows-Windows Firewall With Advanced Security",
		"UserID":"S-1-5-19",
		"Task":0,
		"SystemTime":"2024-10-01T16:27:38.732423Z",
		"Version":0,
		"OriginalLogfile":"Microsoft-Windows-Windows Firewall With Advanced Security%4Firewall.evtx-C1M32OQS.json",
		"ModifyingUser":"S-1-5-80-3088073201-1464728630-1879813800-1107566885-823218052",
		"Origin":1,
		"SettingType":2,
		"SettingValue":"02000000",
		"SettingValueDisplay":"Private",
		"SettingValueSize":4
	},
	{
		"Rule level":"low",
		"title":"A Member Was Added to a Security-Enabled Global Group",
		"sigma_yml":"win_security_member_added_security_enabled_global_group.yml",
		"description":"Detects activity when a member is added to a security-enabled global group",
		"row_id":12759,
		"Channel":"Security",
		"Computer":"WIN-DCQ2TVDRU6N",
		"EventID":4728,
		"EventRecordID":42,
		"ProcessID":664,
		"ThreadID":668,
		"Keywords":"0x8020000000000000",
		"Level":0,
		"Opcode":0,
		"Guid":"54849625-5478-4994-A5BA-3E3B0328C30D",
		"Provider_Name":"Microsoft-Windows-Security-Auditing",
		"Task":13826,
		"SystemTime":"2024-10-02T06:44:28.839451Z",
		"Version":0,
		"OriginalLogfile":"Security.evtx-86NAX47W.json",
		"ActivityID":"831F1CFE-1496-0000-CB1D-1F839614DB01",
		"SubjectLogonId":"0x3e7",
		"SubjectUserName":"MINWINPC$",
		"SubjectUserSid":"S-1-5-18",
		"TargetDomainName":"MINWINPC",
		"TargetUserName":"None",
		"TargetSid":"S-1-5-21-1421159008-4270732973-2479707347-513",
		"PrivilegeList":"-",
		"MemberName":"-",
		"MemberSid":"S-1-5-21-1421159008-4270732973-2479707347-504"
	},
	{
		"Rule level":"low",
		"title":"A Member Was Added to a Security-Enabled Global Group",
		"sigma_yml":"win_security_member_added_security_enabled_global_group.yml",
		"description":"Detects activity when a member is added to a security-enabled global group",
		"row_id":12919,
		"Channel":"Security",
		"Computer":"DESKTOP-47I4RLN",
		"EventID":4728,
		"EventRecordID":202,
		"ProcessID":640,
		"ThreadID":700,
		"Keywords":"0x8020000000000000",
		"Level":0,
		"Opcode":0,
		"Guid":"54849625-5478-4994-A5BA-3E3B0328C30D",
		"Provider_Name":"Microsoft-Windows-Security-Auditing",
		"Task":13826,
		"SystemTime":"2024-10-01T13:46:10.841228Z",
		"Version":0,
		"OriginalLogfile":"Security.evtx-86NAX47W.json",
		"ActivityID":"BD9CCF49-1496-0001-0ED0-9CBD9614DB01",
		"SubjectDomainName":"WORKGROUP",
		"SubjectLogonId":"0x3e7",
		"SubjectUserName":"WIN-DCQ2TVDRU6N$",
		"SubjectUserSid":"S-1-5-18",
		"TargetDomainName":"WIN-DCQ2TVDRU6N",
		"TargetUserName":"None",
		"TargetSid":"S-1-5-21-1421159008-4270732973-2479707347-513",
		"PrivilegeList":"-",
		"MemberName":"-",
		"MemberSid":"S-1-5-21-1421159008-4270732973-2479707347-1000"
	},
	{
		"Rule level":"low",
		"title":"Unauthorized System Time Modification",
		"sigma_yml":"win_security_susp_time_modification.yml",
		"description":"Detect scenarios where a potentially unauthorized application or user is modifying the system time.",
		"row_id":12918,
		"Channel":"Security",
		"Computer":"DESKTOP-47I4RLN",
		"EventID":4616,
		"EventRecordID":201,
		"ProcessID":4,
		"ThreadID":112,
		"Keywords":"0x8020000000000000",
		"Level":0,
		"Opcode":0,
		"Guid":"54849625-5478-4994-A5BA-3E3B0328C30D",
		"Provider_Name":"Microsoft-Windows-Security-Auditing",
		"Task":12288,
		"SystemTime":"2024-10-01T13:46:10.835290Z",
		"Version":1,
		"OriginalLogfile":"Security.evtx-86NAX47W.json",
		"ProcessName":"C:\\Windows\\System32\\rundll32.exe",
		"NewTime":"2024-10-01T13:46:10.835000Z",
		"SubjectDomainName":"WORKGROUP",
		"SubjectLogonId":"0x3e7",
		"SubjectUserName":"WIN-DCQ2TVDRU6N$",
		"SubjectUserSid":"S-1-5-18",
		"PreviousTime":"2024-10-02T06:46:10.835087Z"
	},
	{
		"Rule level":"low",
		"title":"Local User Creation",
		"sigma_yml":"win_security_user_creation.yml",
		"description":"Detects local user creation on Windows servers, which shouldn\u0027t happen in an Active Directory environment. Apply this Sigma Use Case on your Windows server logs and not on your DC logs.\n",
		"row_id":12760,
		"Channel":"Security",
		"Computer":"WIN-DCQ2TVDRU6N",
		"EventID":4720,
		"EventRecordID":43,
		"ProcessID":664,
		"ThreadID":668,
		"Keywords":"0x8020000000000000",
		"Level":0,
		"Opcode":0,
		"Guid":"54849625-5478-4994-A5BA-3E3B0328C30D",
		"Provider_Name":"Microsoft-Windows-Security-Auditing",
		"Task":13824,
		"SystemTime":"2024-10-02T06:44:28.839776Z",
		"Version":0,
		"OriginalLogfile":"Security.evtx-86NAX47W.json",
		"ActivityID":"831F1CFE-1496-0000-CB1D-1F839614DB01",
		"SubjectLogonId":"0x3e7",
		"SubjectUserName":"MINWINPC$",
		"SubjectUserSid":"S-1-5-18",
		"TargetDomainName":"MINWINPC",
		"TargetUserName":"WDAGUtilityAccount",
		"TargetSid":"S-1-5-21-1421159008-4270732973-2479707347-504",
		"PrivilegeList":"-",
		"SAMAccountName":"WDAGUtilityAccount",
		"SidHistory":"-",
		"AccountExpires":"%%1794",
		"AllowedToDelegateTo":"-",
		"DisplayName":"%%1793",
		"HomeDirectory":"%%1793",
		"HomePath":"%%1793",
		"LogonHours":"%%1797",
		"NewUacValue":"0x15",
		"OldUacValue":"0x0",
		"PasswordLastSet":"%%1794",
		"PrimaryGroupId":"513",
		"ProfilePath":"%%1793",
		"ScriptPath":"%%1793",
		"UserAccountControl":"\r\n\t\t%%2080\r\n\t\t%%2082\r\n\t\t%%2084",
		"UserParameters":"%%1793",
		"UserPrincipalName":"-",
		"UserWorkstations":"%%1793"
	},
	{
		"Rule level":"low",
		"title":"Local User Creation",
		"sigma_yml":"win_security_user_creation.yml",
		"description":"Detects local user creation on Windows servers, which shouldn\u0027t happen in an Active Directory environment. Apply this Sigma Use Case on your Windows server logs and not on your DC logs.\n",
		"row_id":12920,
		"Channel":"Security",
		"Computer":"DESKTOP-47I4RLN",
		"EventID":4720,
		"EventRecordID":203,
		"ProcessID":640,
		"ThreadID":700,
		"Keywords":"0x8020000000000000",
		"Level":0,
		"Opcode":0,
		"Guid":"54849625-5478-4994-A5BA-3E3B0328C30D",
		"Provider_Name":"Microsoft-Windows-Security-Auditing",
		"Task":13824,
		"SystemTime":"2024-10-01T13:46:10.842740Z",
		"Version":0,
		"OriginalLogfile":"Security.evtx-86NAX47W.json",
		"ActivityID":"BD9CCF49-1496-0001-0ED0-9CBD9614DB01",
		"SubjectDomainName":"WORKGROUP",
		"SubjectLogonId":"0x3e7",
		"SubjectUserName":"WIN-DCQ2TVDRU6N$",
		"SubjectUserSid":"S-1-5-18",
		"TargetDomainName":"WIN-DCQ2TVDRU6N",
		"TargetUserName":"dfir",
		"TargetSid":"S-1-5-21-1421159008-4270732973-2479707347-1000",
		"PrivilegeList":"-",
		"SAMAccountName":"dfir",
		"SidHistory":"-",
		"AccountExpires":"%%1794",
		"AllowedToDelegateTo":"-",
		"DisplayName":"%%1793",
		"HomeDirectory":"%%1793",
		"HomePath":"%%1793",
		"LogonHours":"%%1797",
		"NewUacValue":"0x15",
		"OldUacValue":"0x0",
		"PasswordLastSet":"%%1794",
		"PrimaryGroupId":"513",
		"ProfilePath":"%%1793",
		"ScriptPath":"%%1793",
		"UserAccountControl":"\r\n\t\t%%2080\r\n\t\t%%2082\r\n\t\t%%2084",
		"UserParameters":"%%1793",
		"UserPrincipalName":"-",
		"UserWorkstations":"%%1793"
	},
];

var MediumData = [
	{
		"Rule level":"medium",
		"title":"WMI Event Subscription",
		"sigma_yml":"sysmon_wmi_event_subscription.yml",
		"description":"Detects creation of WMI event subscription persistence method",
		"row_id":8056,
		"Channel":"Microsoft-Windows-ShellCommon-StartLayoutPopulation/Operational",
		"Computer":"DESKTOP-47I4RLN",
		"EventID":19,
		"EventRecordID":18,
		"ProcessID":6716,
		"ThreadID":4020,
		"Keywords":"0x4000000000000000",
		"Level":4,
		"Opcode":1,
		"Guid":"97CA8142-10B1-4BAA-9FBB-70A7D11231C3",
		"Provider_Name":"Microsoft-Windows-ShellCommon-StartLayoutPopulation",
		"UserID":"S-1-5-21-1421159008-4270732973-2479707347-1000",
		"Task":9,
		"SystemTime":"2024-10-01T13:47:45.160265Z",
		"Version":0,
		"OriginalLogfile":"Microsoft-Windows-ShellCommon-StartLayoutPopulation%4Operational.evtx-AW7Z3LQ6.json",
		"tileData":"Tile:\nIdentifier: P~Microsoft.MicrosoftEdge_8wekyb3d8bbwe!MicrosoftEdge:7603651830\n"
	},
	{
		"Rule level":"medium",
		"title":"WMI Event Subscription",
		"sigma_yml":"sysmon_wmi_event_subscription.yml",
		"description":"Detects creation of WMI event subscription persistence method",
		"row_id":8067,
		"Channel":"Microsoft-Windows-ShellCommon-StartLayoutPopulation/Operational",
		"Computer":"DESKTOP-47I4RLN",
		"EventID":19,
		"EventRecordID":29,
		"ProcessID":6716,
		"ThreadID":4020,
		"Keywords":"0x4000000000000000",
		"Level":4,
		"Opcode":1,
		"Guid":"97CA8142-10B1-4BAA-9FBB-70A7D11231C3",
		"Provider_Name":"Microsoft-Windows-ShellCommon-StartLayoutPopulation",
		"UserID":"S-1-5-21-1421159008-4270732973-2479707347-1000",
		"Task":9,
		"SystemTime":"2024-10-01T13:47:45.675021Z",
		"Version":0,
		"OriginalLogfile":"Microsoft-Windows-ShellCommon-StartLayoutPopulation%4Operational.evtx-AW7Z3LQ6.json",
		"tileData":"Tile:\nIdentifier: P~Microsoft.MicrosoftEdge_8wekyb3d8bbwe!MicrosoftEdge:26310719480\n"
	},
	{
		"Rule level":"medium",
		"title":"WMI Event Subscription",
		"sigma_yml":"sysmon_wmi_event_subscription.yml",
		"description":"Detects creation of WMI event subscription persistence method",
		"row_id":8071,
		"Channel":"Microsoft-Windows-ShellCommon-StartLayoutPopulation/Operational",
		"Computer":"DESKTOP-47I4RLN",
		"EventID":19,
		"EventRecordID":33,
		"ProcessID":6716,
		"ThreadID":4020,
		"Keywords":"0x4000000000000000",
		"Level":4,
		"Opcode":1,
		"Guid":"97CA8142-10B1-4BAA-9FBB-70A7D11231C3",
		"Provider_Name":"Microsoft-Windows-ShellCommon-StartLayoutPopulation",
		"UserID":"S-1-5-21-1421159008-4270732973-2479707347-1000",
		"Task":9,
		"SystemTime":"2024-10-01T13:47:46.360090Z",
		"Version":0,
		"OriginalLogfile":"Microsoft-Windows-ShellCommon-StartLayoutPopulation%4Operational.evtx-AW7Z3LQ6.json",
		"tileData":"Tile:\nIdentifier: P~Microsoft.MicrosoftEdge_8wekyb3d8bbwe!MicrosoftEdge:38975140460\n"
	},
	{
		"Rule level":"medium",
		"title":"WMI Event Subscription",
		"sigma_yml":"sysmon_wmi_event_subscription.yml",
		"description":"Detects creation of WMI event subscription persistence method",
		"row_id":8075,
		"Channel":"Microsoft-Windows-ShellCommon-StartLayoutPopulation/Operational",
		"Computer":"DESKTOP-47I4RLN",
		"EventID":19,
		"EventRecordID":37,
		"ProcessID":6716,
		"ThreadID":4020,
		"Keywords":"0x4000000000000000",
		"Level":4,
		"Opcode":1,
		"Guid":"97CA8142-10B1-4BAA-9FBB-70A7D11231C3",
		"Provider_Name":"Microsoft-Windows-ShellCommon-StartLayoutPopulation",
		"UserID":"S-1-5-21-1421159008-4270732973-2479707347-1000",
		"Task":9,
		"SystemTime":"2024-10-01T13:47:46.808411Z",
		"Version":0,
		"OriginalLogfile":"Microsoft-Windows-ShellCommon-StartLayoutPopulation%4Operational.evtx-AW7Z3LQ6.json",
		"tileData":"Tile:\nIdentifier: P~Microsoft.MicrosoftEdge_8wekyb3d8bbwe!MicrosoftEdge:6501008900\n"
	},
	{
		"Rule level":"medium",
		"title":"WMI Event Subscription",
		"sigma_yml":"sysmon_wmi_event_subscription.yml",
		"description":"Detects creation of WMI event subscription persistence method",
		"row_id":26845,
		"Channel":"System",
		"Computer":"DESKTOP-47I4RLN",
		"EventID":19,
		"EventRecordID":200,
		"ProcessID":2952,
		"ThreadID":928,
		"Keywords":"0x8000000000000018",
		"Level":4,
		"Opcode":13,
		"Guid":"945A8954-C147-4ACD-923F-40C45405A658",
		"Provider_Name":"Microsoft-Windows-WindowsUpdateClient",
		"UserID":"S-1-5-18",
		"Task":1,
		"SystemTime":"2024-10-01T13:47:24.286408Z",
		"Version":1,
		"OriginalLogfile":"System.evtx-VO3HDEOC.json",
		"updateGuid":"C19C45E0-21D6-4C12-9093-E17518D14B49",
		"updateRevisionNumber":203,
		"updateTitle":"2022-11 Update for Windows 10 Version 22H2 for x64-based Systems (KB5020683)",
		"serviceGuid":"9482F4B4-E343-43B6-B170-9A65BC822C77"
	},
	{
		"Rule level":"medium",
		"title":"WMI Event Subscription",
		"sigma_yml":"sysmon_wmi_event_subscription.yml",
		"description":"Detects creation of WMI event subscription persistence method",
		"row_id":27023,
		"Channel":"System",
		"Computer":"DESKTOP-47I4RLN",
		"EventID":19,
		"EventRecordID":378,
		"ProcessID":8892,
		"ThreadID":6640,
		"Keywords":"0x8000000000000018",
		"Level":4,
		"Opcode":13,
		"Guid":"945A8954-C147-4ACD-923F-40C45405A658",
		"Provider_Name":"Microsoft-Windows-WindowsUpdateClient",
		"UserID":"S-1-5-18",
		"Task":1,
		"SystemTime":"2024-10-01T15:54:41.642295Z",
		"Version":1,
		"OriginalLogfile":"System.evtx-VO3HDEOC.json",
		"updateGuid":"478E0FE9-52E9-4EBD-B70A-BBB0462A2E54",
		"updateRevisionNumber":200,
		"updateTitle":"2024-05 Update for Windows 10 Version 22H2 for x64-based Systems (KB5001716)",
		"serviceGuid":"9482F4B4-E343-43B6-B170-9A65BC822C77"
	},
	{
		"Rule level":"medium",
		"title":"WMI Event Subscription",
		"sigma_yml":"sysmon_wmi_event_subscription.yml",
		"description":"Detects creation of WMI event subscription persistence method",
		"row_id":27033,
		"Channel":"System",
		"Computer":"DESKTOP-47I4RLN",
		"EventID":19,
		"EventRecordID":388,
		"ProcessID":8892,
		"ThreadID":9056,
		"Keywords":"0x8000000000000018",
		"Level":4,
		"Opcode":13,
		"Guid":"945A8954-C147-4ACD-923F-40C45405A658",
		"Provider_Name":"Microsoft-Windows-WindowsUpdateClient",
		"UserID":"S-1-5-18",
		"Task":1,
		"SystemTime":"2024-10-01T15:55:11.859252Z",
		"Version":1,
		"OriginalLogfile":"System.evtx-VO3HDEOC.json",
		"ActivityID":"A7FD8A1E-1408-0001-0048-FEA70814DB01",
		"updateGuid":"7C4B0956-B3F1-40AC-A633-668ABC5D6AF2",
		"updateRevisionNumber":1,
		"updateTitle":"9NBLGGH537C2-Microsoft.XboxGameOverlay",
		"serviceGuid":"855E8A7C-ECB4-4CA3-B045-1DFA50104289"
	},
	{
		"Rule level":"medium",
		"title":"WMI Event Subscription",
		"sigma_yml":"sysmon_wmi_event_subscription.yml",
		"description":"Detects creation of WMI event subscription persistence method",
		"row_id":27038,
		"Channel":"System",
		"Computer":"DESKTOP-47I4RLN",
		"EventID":19,
		"EventRecordID":393,
		"ProcessID":8892,
		"ThreadID":9056,
		"Keywords":"0x8000000000000018",
		"Level":4,
		"Opcode":13,
		"Guid":"945A8954-C147-4ACD-923F-40C45405A658",
		"Provider_Name":"Microsoft-Windows-WindowsUpdateClient",
		"UserID":"S-1-5-18",
		"Task":1,
		"SystemTime":"2024-10-01T15:55:13.664059Z",
		"Version":1,
		"OriginalLogfile":"System.evtx-VO3HDEOC.json",
		"ActivityID":"A7FD8A1E-1408-0000-0F3F-FEA70814DB01",
		"updateGuid":"075A4121-DB52-4709-91F0-1A3DBD9BEB30",
		"updateRevisionNumber":1,
		"updateTitle":"9NBLGGH3FRZM-Microsoft.VCLibs.140.00",
		"serviceGuid":"855E8A7C-ECB4-4CA3-B045-1DFA50104289"
	},
	{
		"Rule level":"medium",
		"title":"WMI Event Subscription",
		"sigma_yml":"sysmon_wmi_event_subscription.yml",
		"description":"Detects creation of WMI event subscription persistence method",
		"row_id":27039,
		"Channel":"System",
		"Computer":"DESKTOP-47I4RLN",
		"EventID":19,
		"EventRecordID":394,
		"ProcessID":8892,
		"ThreadID":7664,
		"Keywords":"0x8000000000000018",
		"Level":4,
		"Opcode":13,
		"Guid":"945A8954-C147-4ACD-923F-40C45405A658",
		"Provider_Name":"Microsoft-Windows-WindowsUpdateClient",
		"UserID":"S-1-5-18",
		"Task":1,
		"SystemTime":"2024-10-01T15:55:13.692816Z",
		"Version":1,
		"OriginalLogfile":"System.evtx-VO3HDEOC.json",
		"updateGuid":"657943F1-1EFB-430A-A6C8-F77993103709",
		"updateRevisionNumber":1,
		"updateTitle":"2023-10 Update for Windows 10 Version 22H2 for x64-based Systems (KB4023057)",
		"serviceGuid":"8B24B027-1DEE-BABB-9A95-3517DFB9C552"
	},
	{
		"Rule level":"medium",
		"title":"WMI Event Subscription",
		"sigma_yml":"sysmon_wmi_event_subscription.yml",
		"description":"Detects creation of WMI event subscription persistence method",
		"row_id":27046,
		"Channel":"System",
		"Computer":"DESKTOP-47I4RLN",
		"EventID":19,
		"EventRecordID":401,
		"ProcessID":8892,
		"ThreadID":5452,
		"Keywords":"0x8000000000000018",
		"Level":4,
		"Opcode":13,
		"Guid":"945A8954-C147-4ACD-923F-40C45405A658",
		"Provider_Name":"Microsoft-Windows-WindowsUpdateClient",
		"UserID":"S-1-5-18",
		"Task":1,
		"SystemTime":"2024-10-01T15:56:52.893814Z",
		"Version":1,
		"OriginalLogfile":"System.evtx-VO3HDEOC.json",
		"ActivityID":"A7FD8A1E-1408-0001-294E-FEA70814DB01",
		"updateGuid":"9C137291-4059-4CB8-B650-12B07BBE1DA1",
		"updateRevisionNumber":1,
		"updateTitle":"9NBLGGH10PG8-MICROSOFT.PEOPLE",
		"serviceGuid":"855E8A7C-ECB4-4CA3-B045-1DFA50104289"
	},
	{
		"Rule level":"medium",
		"title":"WMI Event Subscription",
		"sigma_yml":"sysmon_wmi_event_subscription.yml",
		"description":"Detects creation of WMI event subscription persistence method",
		"row_id":27048,
		"Channel":"System",
		"Computer":"DESKTOP-47I4RLN",
		"EventID":19,
		"EventRecordID":403,
		"ProcessID":8892,
		"ThreadID":5452,
		"Keywords":"0x8000000000000018",
		"Level":4,
		"Opcode":13,
		"Guid":"945A8954-C147-4ACD-923F-40C45405A658",
		"Provider_Name":"Microsoft-Windows-WindowsUpdateClient",
		"UserID":"S-1-5-18",
		"Task":1,
		"SystemTime":"2024-10-01T15:56:57.507971Z",
		"Version":1,
		"OriginalLogfile":"System.evtx-VO3HDEOC.json",
		"ActivityID":"A7FD8A1E-1408-0000-3746-FEA70814DB01",
		"updateGuid":"BFA7D40D-2CDF-4C15-98CF-85C847517DA3",
		"updateRevisionNumber":1,
		"updateTitle":"9PLL735RFDSM-Microsoft.NET.Native.Runtime.2.2",
		"serviceGuid":"855E8A7C-ECB4-4CA3-B045-1DFA50104289"
	},
	{
		"Rule level":"medium",
		"title":"WMI Event Subscription",
		"sigma_yml":"sysmon_wmi_event_subscription.yml",
		"description":"Detects creation of WMI event subscription persistence method",
		"row_id":27051,
		"Channel":"System",
		"Computer":"DESKTOP-47I4RLN",
		"EventID":19,
		"EventRecordID":406,
		"ProcessID":8892,
		"ThreadID":5452,
		"Keywords":"0x8000000000000018",
		"Level":4,
		"Opcode":13,
		"Guid":"945A8954-C147-4ACD-923F-40C45405A658",
		"Provider_Name":"Microsoft-Windows-WindowsUpdateClient",
		"UserID":"S-1-5-18",
		"Task":1,
		"SystemTime":"2024-10-01T15:56:59.116359Z",
		"Version":1,
		"OriginalLogfile":"System.evtx-VO3HDEOC.json",
		"ActivityID":"A7FD8A1E-1408-0001-3350-FEA70814DB01",
		"updateGuid":"6FE32951-178D-43C0-8CE6-43DCE9051C58",
		"updateRevisionNumber":1,
		"updateTitle":"9MW2LKJ0TPJF-Microsoft.NET.Native.Framework.2.2",
		"serviceGuid":"855E8A7C-ECB4-4CA3-B045-1DFA50104289"
	},
	{
		"Rule level":"medium",
		"title":"WMI Event Subscription",
		"sigma_yml":"sysmon_wmi_event_subscription.yml",
		"description":"Detects creation of WMI event subscription persistence method",
		"row_id":27064,
		"Channel":"System",
		"Computer":"DESKTOP-47I4RLN",
		"EventID":19,
		"EventRecordID":419,
		"ProcessID":8892,
		"ThreadID":7372,
		"Keywords":"0x8000000000000018",
		"Level":4,
		"Opcode":13,
		"Guid":"945A8954-C147-4ACD-923F-40C45405A658",
		"Provider_Name":"Microsoft-Windows-WindowsUpdateClient",
		"UserID":"S-1-5-18",
		"Task":1,
		"SystemTime":"2024-10-01T15:57:36.103414Z",
		"Version":1,
		"OriginalLogfile":"System.evtx-VO3HDEOC.json",
		"ActivityID":"A7FD8A1E-1408-0001-B953-FEA70814DB01",
		"updateGuid":"BB9AE06E-3D3E-4960-8A66-4DC3AED699DE",
		"updateRevisionNumber":1,
		"updateTitle":"9N4D0MSMP0PT-Microsoft.VP9VideoExtensions",
		"serviceGuid":"855E8A7C-ECB4-4CA3-B045-1DFA50104289"
	},
