	{
		"Rule level":"medium",
		"title":"Certificate Private Key Acquired",
		"sigma_yml":"win_capi2_acquire_certificate_private_key.yml",
		"description":"Detects when an application acquires a certificate private key",
		"row_id":7202,
		"Channel":"Microsoft-Windows-AppModel-Runtime/Admin",
		"Computer":"DESKTOP-47I4RLN",
		"EventID":70,
		"EventRecordID":262,
		"ProcessID":3156,
		"ThreadID":5360,
		"Keywords":"0x2000000000000001",
		"Level":4,
		"Opcode":0,
		"Guid":"F1EF270A-0D32-4352-BA52-DBAB41E1D859",
		"Provider_Name":"Microsoft-Windows-AppModel-Runtime",
		"UserID":"S-1-5-18",
		"Task":0,
		"SystemTime":"2024-10-01T13:49:50.311299Z",
		"Version":0,
		"OriginalLogfile":"Microsoft-Windows-AppModel-Runtime%4Admin.evtx-ENZVIVNQ.json",
		"ActivityID":"A7FD8A1E-1408-0000-24B5-FDA70814DB01",
		"PackageFullName":"Microsoft.CredDialogHost_10.0.19041.1023_neutral__cw5n1h2txyewy",
		"CurrentStatus":32,
		"DesiredStatus":0,
		"User":"S-1-5-21-1421159008-4270732973-2479707347-1000"
	},
	{
		"Rule level":"medium",
		"title":"Certificate Private Key Acquired",
		"sigma_yml":"win_capi2_acquire_certificate_private_key.yml",
		"description":"Detects when an application acquires a certificate private key",
		"row_id":7203,
		"Channel":"Microsoft-Windows-AppModel-Runtime/Admin",
		"Computer":"DESKTOP-47I4RLN",
		"EventID":70,
		"EventRecordID":263,
		"ProcessID":3156,
		"ThreadID":5360,
		"Keywords":"0x2000000000000001",
		"Level":4,
		"Opcode":0,
		"Guid":"F1EF270A-0D32-4352-BA52-DBAB41E1D859",
		"Provider_Name":"Microsoft-Windows-AppModel-Runtime",
		"UserID":"S-1-5-18",
		"Task":0,
		"SystemTime":"2024-10-01T13:49:50.648290Z",
		"Version":0,
		"OriginalLogfile":"Microsoft-Windows-AppModel-Runtime%4Admin.evtx-ENZVIVNQ.json",
		"ActivityID":"A7FD8A1E-1408-0001-4DB7-FDA70814DB01",
		"PackageFullName":"Microsoft.WindowsAlarms_10.1906.2182.0_x64__8wekyb3d8bbwe",
		"CurrentStatus":2048,
		"DesiredStatus":2080,
		"User":"S-1-5-21-1421159008-4270732973-2479707347-1000"
	},
	{
		"Rule level":"medium",
		"title":"Certificate Private Key Acquired",
		"sigma_yml":"win_capi2_acquire_certificate_private_key.yml",
		"description":"Detects when an application acquires a certificate private key",
		"row_id":7205,
		"Channel":"Microsoft-Windows-AppModel-Runtime/Admin",
		"Computer":"DESKTOP-47I4RLN",
		"EventID":70,
		"EventRecordID":265,
		"ProcessID":3156,
		"ThreadID":5360,
		"Keywords":"0x2000000000000001",
		"Level":4,
		"Opcode":0,
		"Guid":"F1EF270A-0D32-4352-BA52-DBAB41E1D859",
		"Provider_Name":"Microsoft-Windows-AppModel-Runtime",
		"UserID":"S-1-5-18",
		"Task":0,
		"SystemTime":"2024-10-01T13:49:50.861214Z",
		"Version":0,
		"OriginalLogfile":"Microsoft-Windows-AppModel-Runtime%4Admin.evtx-ENZVIVNQ.json",
		"ActivityID":"A7FD8A1E-1408-0001-4DB7-FDA70814DB01",
		"PackageFullName":"Microsoft.WindowsAlarms_10.1906.2182.0_x64__8wekyb3d8bbwe",
		"CurrentStatus":32,
		"DesiredStatus":0,
		"User":"S-1-5-21-1421159008-4270732973-2479707347-1000"
	},
	{
		"Rule level":"medium",
		"title":"Certificate Private Key Acquired",
		"sigma_yml":"win_capi2_acquire_certificate_private_key.yml",
		"description":"Detects when an application acquires a certificate private key",
		"row_id":7206,
		"Channel":"Microsoft-Windows-AppModel-Runtime/Admin",
		"Computer":"DESKTOP-47I4RLN",
		"EventID":70,
		"EventRecordID":266,
		"ProcessID":3156,
		"ThreadID":5360,
		"Keywords":"0x2000000000000001",
		"Level":4,
		"Opcode":0,
		"Guid":"F1EF270A-0D32-4352-BA52-DBAB41E1D859",
		"Provider_Name":"Microsoft-Windows-AppModel-Runtime",
		"UserID":"S-1-5-18",
		"Task":0,
		"SystemTime":"2024-10-01T13:49:51.327245Z",
		"Version":0,
		"OriginalLogfile":"Microsoft-Windows-AppModel-Runtime%4Admin.evtx-ENZVIVNQ.json",
		"ActivityID":"A7FD8A1E-1408-0001-F0B7-FDA70814DB01",
		"PackageFullName":"Microsoft.SkypeApp_14.53.77.0_x64__kzf8qxf38zg5c",
		"CurrentStatus":2048,
		"DesiredStatus":2080,
		"User":"S-1-5-21-1421159008-4270732973-2479707347-1000"
	},
	{
		"Rule level":"medium",
		"title":"Certificate Private Key Acquired",
		"sigma_yml":"win_capi2_acquire_certificate_private_key.yml",
		"description":"Detects when an application acquires a certificate private key",
		"row_id":7208,
		"Channel":"Microsoft-Windows-AppModel-Runtime/Admin",
		"Computer":"DESKTOP-47I4RLN",
		"EventID":70,
		"EventRecordID":268,
		"ProcessID":3156,
		"ThreadID":5360,
		"Keywords":"0x2000000000000001",
		"Level":4,
		"Opcode":0,
		"Guid":"F1EF270A-0D32-4352-BA52-DBAB41E1D859",
		"Provider_Name":"Microsoft-Windows-AppModel-Runtime",
		"UserID":"S-1-5-18",
		"Task":0,
		"SystemTime":"2024-10-01T13:49:51.586078Z",
		"Version":0,
		"OriginalLogfile":"Microsoft-Windows-AppModel-Runtime%4Admin.evtx-ENZVIVNQ.json",
		"ActivityID":"A7FD8A1E-1408-0001-F0B7-FDA70814DB01",
		"PackageFullName":"Microsoft.SkypeApp_14.53.77.0_x64__kzf8qxf38zg5c",
		"CurrentStatus":32,
		"DesiredStatus":0,
		"User":"S-1-5-21-1421159008-4270732973-2479707347-1000"
	},
	{
		"Rule level":"medium",
		"title":"Certificate Private Key Acquired",
		"sigma_yml":"win_capi2_acquire_certificate_private_key.yml",
		"description":"Detects when an application acquires a certificate private key",
		"row_id":7209,
		"Channel":"Microsoft-Windows-AppModel-Runtime/Admin",
		"Computer":"DESKTOP-47I4RLN",
		"EventID":70,
		"EventRecordID":269,
		"ProcessID":3156,
		"ThreadID":5348,
		"Keywords":"0x2000000000000001",
		"Level":4,
		"Opcode":0,
		"Guid":"F1EF270A-0D32-4352-BA52-DBAB41E1D859",
		"Provider_Name":"Microsoft-Windows-AppModel-Runtime",
		"UserID":"S-1-5-18",
		"Task":0,
		"SystemTime":"2024-10-01T13:49:52.035695Z",
		"Version":0,
		"OriginalLogfile":"Microsoft-Windows-AppModel-Runtime%4Admin.evtx-ENZVIVNQ.json",
		"ActivityID":"A7FD8A1E-1408-0001-4BB9-FDA70814DB01",
		"PackageFullName":"Microsoft.ZuneVideo_10.19071.19011.0_x64__8wekyb3d8bbwe",
		"CurrentStatus":2048,
		"DesiredStatus":2080,
		"User":"S-1-5-21-1421159008-4270732973-2479707347-1000"
	},
	{
		"Rule level":"medium",
		"title":"Certificate Private Key Acquired",
		"sigma_yml":"win_capi2_acquire_certificate_private_key.yml",
		"description":"Detects when an application acquires a certificate private key",
		"row_id":7211,
		"Channel":"Microsoft-Windows-AppModel-Runtime/Admin",
		"Computer":"DESKTOP-47I4RLN",
		"EventID":70,
		"EventRecordID":271,
		"ProcessID":3156,
		"ThreadID":5348,
		"Keywords":"0x2000000000000001",
		"Level":4,
		"Opcode":0,
		"Guid":"F1EF270A-0D32-4352-BA52-DBAB41E1D859",
		"Provider_Name":"Microsoft-Windows-AppModel-Runtime",
		"UserID":"S-1-5-18",
		"Task":0,
		"SystemTime":"2024-10-01T13:49:52.321692Z",
		"Version":0,
		"OriginalLogfile":"Microsoft-Windows-AppModel-Runtime%4Admin.evtx-ENZVIVNQ.json",
		"ActivityID":"A7FD8A1E-1408-0001-4BB9-FDA70814DB01",
		"PackageFullName":"Microsoft.ZuneVideo_10.19071.19011.0_x64__8wekyb3d8bbwe",
		"CurrentStatus":32,
		"DesiredStatus":0,
		"User":"S-1-5-21-1421159008-4270732973-2479707347-1000"
	},
	{
		"Rule level":"medium",
		"title":"Certificate Private Key Acquired",
		"sigma_yml":"win_capi2_acquire_certificate_private_key.yml",
		"description":"Detects when an application acquires a certificate private key",
		"row_id":7212,
		"Channel":"Microsoft-Windows-AppModel-Runtime/Admin",
		"Computer":"DESKTOP-47I4RLN",
		"EventID":70,
		"EventRecordID":272,
		"ProcessID":3156,
		"ThreadID":5348,
		"Keywords":"0x2000000000000001",
		"Level":4,
		"Opcode":0,
		"Guid":"F1EF270A-0D32-4352-BA52-DBAB41E1D859",
		"Provider_Name":"Microsoft-Windows-AppModel-Runtime",
		"UserID":"S-1-5-18",
		"Task":0,
		"SystemTime":"2024-10-01T13:49:52.748209Z",
		"Version":0,
		"OriginalLogfile":"Microsoft-Windows-AppModel-Runtime%4Admin.evtx-ENZVIVNQ.json",
		"ActivityID":"A7FD8A1E-1408-0001-80BA-FDA70814DB01",
		"PackageFullName":"Microsoft.ZuneMusic_10.19071.19011.0_x64__8wekyb3d8bbwe",
		"CurrentStatus":2048,
		"DesiredStatus":2080,
		"User":"S-1-5-21-1421159008-4270732973-2479707347-1000"
	},
	{
		"Rule level":"medium",
		"title":"Certificate Private Key Acquired",
		"sigma_yml":"win_capi2_acquire_certificate_private_key.yml",
		"description":"Detects when an application acquires a certificate private key",
		"row_id":7214,
		"Channel":"Microsoft-Windows-AppModel-Runtime/Admin",
		"Computer":"DESKTOP-47I4RLN",
		"EventID":70,
		"EventRecordID":274,
		"ProcessID":3156,
		"ThreadID":5348,
		"Keywords":"0x2000000000000001",
		"Level":4,
		"Opcode":0,
		"Guid":"F1EF270A-0D32-4352-BA52-DBAB41E1D859",
		"Provider_Name":"Microsoft-Windows-AppModel-Runtime",
		"UserID":"S-1-5-18",
		"Task":0,
		"SystemTime":"2024-10-01T13:49:53.089613Z",
		"Version":0,
		"OriginalLogfile":"Microsoft-Windows-AppModel-Runtime%4Admin.evtx-ENZVIVNQ.json",
		"ActivityID":"A7FD8A1E-1408-0001-80BA-FDA70814DB01",
		"PackageFullName":"Microsoft.ZuneMusic_10.19071.19011.0_x64__8wekyb3d8bbwe",
		"CurrentStatus":32,
		"DesiredStatus":0,
		"User":"S-1-5-21-1421159008-4270732973-2479707347-1000"
	},
	{
		"Rule level":"medium",
		"title":"Certificate Private Key Acquired",
		"sigma_yml":"win_capi2_acquire_certificate_private_key.yml",
		"description":"Detects when an application acquires a certificate private key",
		"row_id":7215,
		"Channel":"Microsoft-Windows-AppModel-Runtime/Admin",
		"Computer":"DESKTOP-47I4RLN",
		"EventID":70,
		"EventRecordID":275,
		"ProcessID":3156,
		"ThreadID":5348,
		"Keywords":"0x2000000000000001",
		"Level":4,
		"Opcode":0,
		"Guid":"F1EF270A-0D32-4352-BA52-DBAB41E1D859",
		"Provider_Name":"Microsoft-Windows-AppModel-Runtime",
		"UserID":"S-1-5-18",
		"Task":0,
		"SystemTime":"2024-10-01T13:49:53.650481Z",
		"Version":0,
		"OriginalLogfile":"Microsoft-Windows-AppModel-Runtime%4Admin.evtx-ENZVIVNQ.json",
		"ActivityID":"A7FD8A1E-1408-0001-D1BB-FDA70814DB01",
		"PackageFullName":"Microsoft.YourPhone_0.19051.7.0_x64__8wekyb3d8bbwe",
		"CurrentStatus":2048,
		"DesiredStatus":2080,
		"User":"S-1-5-21-1421159008-4270732973-2479707347-1000"
	},
	{
		"Rule level":"medium",
		"title":"Certificate Private Key Acquired",
		"sigma_yml":"win_capi2_acquire_certificate_private_key.yml",
		"description":"Detects when an application acquires a certificate private key",
		"row_id":7217,
		"Channel":"Microsoft-Windows-AppModel-Runtime/Admin",
		"Computer":"DESKTOP-47I4RLN",
		"EventID":70,
		"EventRecordID":277,
		"ProcessID":3156,
		"ThreadID":5348,
		"Keywords":"0x2000000000000001",
		"Level":4,
		"Opcode":0,
		"Guid":"F1EF270A-0D32-4352-BA52-DBAB41E1D859",
		"Provider_Name":"Microsoft-Windows-AppModel-Runtime",
		"UserID":"S-1-5-18",
		"Task":0,
		"SystemTime":"2024-10-01T13:49:53.936692Z",
		"Version":0,
		"OriginalLogfile":"Microsoft-Windows-AppModel-Runtime%4Admin.evtx-ENZVIVNQ.json",
		"ActivityID":"A7FD8A1E-1408-0001-D1BB-FDA70814DB01",
		"PackageFullName":"Microsoft.YourPhone_0.19051.7.0_x64__8wekyb3d8bbwe",
		"CurrentStatus":32,
		"DesiredStatus":0,
		"User":"S-1-5-21-1421159008-4270732973-2479707347-1000"
	},
	{
		"Rule level":"medium",
		"title":"Certificate Private Key Acquired",
		"sigma_yml":"win_capi2_acquire_certificate_private_key.yml",
		"description":"Detects when an application acquires a certificate private key",
		"row_id":7218,
		"Channel":"Microsoft-Windows-AppModel-Runtime/Admin",
		"Computer":"DESKTOP-47I4RLN",
		"EventID":70,
		"EventRecordID":278,
		"ProcessID":3156,
		"ThreadID":5348,
		"Keywords":"0x2000000000000001",
		"Level":4,
		"Opcode":0,
		"Guid":"F1EF270A-0D32-4352-BA52-DBAB41E1D859",
		"Provider_Name":"Microsoft-Windows-AppModel-Runtime",
		"UserID":"S-1-5-18",
		"Task":0,
		"SystemTime":"2024-10-01T13:49:54.351882Z",
		"Version":0,
		"OriginalLogfile":"Microsoft-Windows-AppModel-Runtime%4Admin.evtx-ENZVIVNQ.json",
		"ActivityID":"A7FD8A1E-1408-0001-D8BC-FDA70814DB01",
		"PackageFullName":"Microsoft.XboxSpeechToTextOverlay_1.17.29001.0_x64__8wekyb3d8bbwe",
		"CurrentStatus":2048,
		"DesiredStatus":2080,
		"User":"S-1-5-21-1421159008-4270732973-2479707347-1000"
	},
	{
		"Rule level":"medium",
		"title":"Certificate Private Key Acquired",
		"sigma_yml":"win_capi2_acquire_certificate_private_key.yml",
		"description":"Detects when an application acquires a certificate private key",
		"row_id":7220,
		"Channel":"Microsoft-Windows-AppModel-Runtime/Admin",
		"Computer":"DESKTOP-47I4RLN",
		"EventID":70,
		"EventRecordID":280,
		"ProcessID":3156,
		"ThreadID":5348,
		"Keywords":"0x2000000000000001",
		"Level":4,
		"Opcode":0,
		"Guid":"F1EF270A-0D32-4352-BA52-DBAB41E1D859",
		"Provider_Name":"Microsoft-Windows-AppModel-Runtime",
		"UserID":"S-1-5-18",
		"Task":0,
		"SystemTime":"2024-10-01T13:49:54.560727Z",
		"Version":0,
		"OriginalLogfile":"Microsoft-Windows-AppModel-Runtime%4Admin.evtx-ENZVIVNQ.json",
		"ActivityID":"A7FD8A1E-1408-0001-D8BC-FDA70814DB01",
		"PackageFullName":"Microsoft.XboxSpeechToTextOverlay_1.17.29001.0_x64__8wekyb3d8bbwe",
		"CurrentStatus":32,
		"DesiredStatus":0,
		"User":"S-1-5-21-1421159008-4270732973-2479707347-1000"
	},
	{
		"Rule level":"medium",
		"title":"Certificate Private Key Acquired",
		"sigma_yml":"win_capi2_acquire_certificate_private_key.yml",
		"description":"Detects when an application acquires a certificate private key",
		"row_id":7221,
		"Channel":"Microsoft-Windows-AppModel-Runtime/Admin",
		"Computer":"DESKTOP-47I4RLN",
		"EventID":70,
		"EventRecordID":281,
		"ProcessID":3156,
		"ThreadID":5348,
		"Keywords":"0x2000000000000001",
		"Level":4,
		"Opcode":0,
		"Guid":"F1EF270A-0D32-4352-BA52-DBAB41E1D859",
		"Provider_Name":"Microsoft-Windows-AppModel-Runtime",
		"UserID":"S-1-5-18",
		"Task":0,
		"SystemTime":"2024-10-01T13:49:54.944158Z",
		"Version":0,
		"OriginalLogfile":"Microsoft-Windows-AppModel-Runtime%4Admin.evtx-ENZVIVNQ.json",
		"ActivityID":"A7FD8A1E-1408-0001-66BD-FDA70814DB01",
		"PackageFullName":"Microsoft.XboxGamingOverlay_2.34.28001.0_x64__8wekyb3d8bbwe",
		"CurrentStatus":2048,
		"DesiredStatus":2080,
		"User":"S-1-5-21-1421159008-4270732973-2479707347-1000"
	},
	{
		"Rule level":"medium",
		"title":"Certificate Private Key Acquired",
		"sigma_yml":"win_capi2_acquire_certificate_private_key.yml",
		"description":"Detects when an application acquires a certificate private key",
		"row_id":7223,
		"Channel":"Microsoft-Windows-AppModel-Runtime/Admin",
		"Computer":"DESKTOP-47I4RLN",
		"EventID":70,
		"EventRecordID":283,
		"ProcessID":3156,
		"ThreadID":5348,
		"Keywords":"0x2000000000000001",
		"Level":4,
		"Opcode":0,
		"Guid":"F1EF270A-0D32-4352-BA52-DBAB41E1D859",
		"Provider_Name":"Microsoft-Windows-AppModel-Runtime",
		"UserID":"S-1-5-18",
		"Task":0,
		"SystemTime":"2024-10-01T13:49:55.256487Z",
		"Version":0,
		"OriginalLogfile":"Microsoft-Windows-AppModel-Runtime%4Admin.evtx-ENZVIVNQ.json",
		"ActivityID":"A7FD8A1E-1408-0001-66BD-FDA70814DB01",
		"PackageFullName":"Microsoft.XboxGamingOverlay_2.34.28001.0_x64__8wekyb3d8bbwe",
		"CurrentStatus":32,
		"DesiredStatus":0,
		"User":"S-1-5-21-1421159008-4270732973-2479707347-1000"
	},
	{
		"Rule level":"medium",
		"title":"Certificate Private Key Acquired",
		"sigma_yml":"win_capi2_acquire_certificate_private_key.yml",
		"description":"Detects when an application acquires a certificate private key",
		"row_id":7224,
		"Channel":"Microsoft-Windows-AppModel-Runtime/Admin",
		"Computer":"DESKTOP-47I4RLN",
		"EventID":70,
		"EventRecordID":284,
		"ProcessID":3156,
		"ThreadID":5348,
		"Keywords":"0x2000000000000001",
		"Level":4,
		"Opcode":0,
		"Guid":"F1EF270A-0D32-4352-BA52-DBAB41E1D859",
		"Provider_Name":"Microsoft-Windows-AppModel-Runtime",
		"UserID":"S-1-5-18",
		"Task":0,
		"SystemTime":"2024-10-01T13:49:55.659095Z",
		"Version":0,
		"OriginalLogfile":"Microsoft-Windows-AppModel-Runtime%4Admin.evtx-ENZVIVNQ.json",
		"ActivityID":"A7FD8A1E-1408-0000-0BBD-FDA70814DB01",
		"PackageFullName":"Microsoft.XboxGameOverlay_1.46.11001.0_x64__8wekyb3d8bbwe",
		"CurrentStatus":2048,
		"DesiredStatus":2080,
		"User":"S-1-5-21-1421159008-4270732973-2479707347-1000"
	},
	{
		"Rule level":"medium",
		"title":"Certificate Private Key Acquired",
		"sigma_yml":"win_capi2_acquire_certificate_private_key.yml",
		"description":"Detects when an application acquires a certificate private key",
		"row_id":7226,
		"Channel":"Microsoft-Windows-AppModel-Runtime/Admin",
		"Computer":"DESKTOP-47I4RLN",
		"EventID":70,
		"EventRecordID":286,
		"ProcessID":3156,
		"ThreadID":5348,
		"Keywords":"0x2000000000000001",
		"Level":4,
		"Opcode":0,
		"Guid":"F1EF270A-0D32-4352-BA52-DBAB41E1D859",
		"Provider_Name":"Microsoft-Windows-AppModel-Runtime",
		"UserID":"S-1-5-18",
		"Task":0,
		"SystemTime":"2024-10-01T13:49:55.861327Z",
		"Version":0,
		"OriginalLogfile":"Microsoft-Windows-AppModel-Runtime%4Admin.evtx-ENZVIVNQ.json",
		"ActivityID":"A7FD8A1E-1408-0000-0BBD-FDA70814DB01",
		"PackageFullName":"Microsoft.XboxGameOverlay_1.46.11001.0_x64__8wekyb3d8bbwe",
		"CurrentStatus":32,
		"DesiredStatus":0,
		"User":"S-1-5-21-1421159008-4270732973-2479707347-1000"
	},
	{
		"Rule level":"medium",
		"title":"Certificate Private Key Acquired",
		"sigma_yml":"win_capi2_acquire_certificate_private_key.yml",
		"description":"Detects when an application acquires a certificate private key",
		"row_id":7227,
		"Channel":"Microsoft-Windows-AppModel-Runtime/Admin",
		"Computer":"DESKTOP-47I4RLN",
		"EventID":70,
		"EventRecordID":287,
		"ProcessID":3156,
		"ThreadID":5348,
		"Keywords":"0x2000000000000001",
		"Level":4,
		"Opcode":0,
		"Guid":"F1EF270A-0D32-4352-BA52-DBAB41E1D859",
		"Provider_Name":"Microsoft-Windows-AppModel-Runtime",
		"UserID":"S-1-5-18",
		"Task":0,
		"SystemTime":"2024-10-01T13:49:56.233529Z",
		"Version":0,
		"OriginalLogfile":"Microsoft-Windows-AppModel-Runtime%4Admin.evtx-ENZVIVNQ.json",
		"ActivityID":"A7FD8A1E-1408-0000-EEBD-FDA70814DB01",
		"PackageFullName":"Microsoft.XboxApp_48.49.31001.0_x64__8wekyb3d8bbwe",
		"CurrentStatus":2048,
		"DesiredStatus":2080,
		"User":"S-1-5-21-1421159008-4270732973-2479707347-1000"
	},
	{
		"Rule level":"medium",
		"title":"Certificate Private Key Acquired",
		"sigma_yml":"win_capi2_acquire_certificate_private_key.yml",
		"description":"Detects when an application acquires a certificate private key",
		"row_id":7229,
		"Channel":"Microsoft-Windows-AppModel-Runtime/Admin",
		"Computer":"DESKTOP-47I4RLN",
		"EventID":70,
		"EventRecordID":289,
		"ProcessID":3156,
		"ThreadID":5348,
		"Keywords":"0x2000000000000001",
		"Level":4,
		"Opcode":0,
		"Guid":"F1EF270A-0D32-4352-BA52-DBAB41E1D859",
		"Provider_Name":"Microsoft-Windows-AppModel-Runtime",
		"UserID":"S-1-5-18",
		"Task":0,
		"SystemTime":"2024-10-01T13:49:56.492466Z",
		"Version":0,
		"OriginalLogfile":"Microsoft-Windows-AppModel-Runtime%4Admin.evtx-ENZVIVNQ.json",
		"ActivityID":"A7FD8A1E-1408-0000-EEBD-FDA70814DB01",
		"PackageFullName":"Microsoft.XboxApp_48.49.31001.0_x64__8wekyb3d8bbwe",
		"CurrentStatus":32,
		"DesiredStatus":0,
		"User":"S-1-5-21-1421159008-4270732973-2479707347-1000"
	},
	{
		"Rule level":"medium",
		"title":"Certificate Private Key Acquired",
		"sigma_yml":"win_capi2_acquire_certificate_private_key.yml",
		"description":"Detects when an application acquires a certificate private key",
		"row_id":7230,
		"Channel":"Microsoft-Windows-AppModel-Runtime/Admin",
		"Computer":"DESKTOP-47I4RLN",
		"EventID":70,
		"EventRecordID":290,
		"ProcessID":3156,
		"ThreadID":5348,
		"Keywords":"0x2000000000000001",
		"Level":4,
		"Opcode":0,
		"Guid":"F1EF270A-0D32-4352-BA52-DBAB41E1D859",
		"Provider_Name":"Microsoft-Windows-AppModel-Runtime",
		"UserID":"S-1-5-18",
		"Task":0,
		"SystemTime":"2024-10-01T13:49:56.907385Z",
		"Version":0,
		"OriginalLogfile":"Microsoft-Windows-AppModel-Runtime%4Admin.evtx-ENZVIVNQ.json",
		"ActivityID":"A7FD8A1E-1408-0001-7FC0-FDA70814DB01",
		"PackageFullName":"Microsoft.Xbox.TCUI_1.23.28002.0_x64__8wekyb3d8bbwe",
		"CurrentStatus":2048,
		"DesiredStatus":2080,
		"User":"S-1-5-21-1421159008-4270732973-2479707347-1000"
	},
	{
		"Rule level":"medium",
		"title":"Certificate Private Key Acquired",
		"sigma_yml":"win_capi2_acquire_certificate_private_key.yml",
		"description":"Detects when an application acquires a certificate private key",
		"row_id":7232,
		"Channel":"Microsoft-Windows-AppModel-Runtime/Admin",
		"Computer":"DESKTOP-47I4RLN",
		"EventID":70,
		"EventRecordID":292,
		"ProcessID":3156,
		"ThreadID":5348,
		"Keywords":"0x2000000000000001",
		"Level":4,
		"Opcode":0,
		"Guid":"F1EF270A-0D32-4352-BA52-DBAB41E1D859",
		"Provider_Name":"Microsoft-Windows-AppModel-Runtime",
		"UserID":"S-1-5-18",
		"Task":0,
		"SystemTime":"2024-10-01T13:49:57.110322Z",
		"Version":0,
		"OriginalLogfile":"Microsoft-Windows-AppModel-Runtime%4Admin.evtx-ENZVIVNQ.json",
		"ActivityID":"A7FD8A1E-1408-0001-7FC0-FDA70814DB01",
		"PackageFullName":"Microsoft.Xbox.TCUI_1.23.28002.0_x64__8wekyb3d8bbwe",
		"CurrentStatus":32,
		"DesiredStatus":0,
		"User":"S-1-5-21-1421159008-4270732973-2479707347-1000"
	},
	{
		"Rule level":"medium",
		"title":"Certificate Private Key Acquired",
		"sigma_yml":"win_capi2_acquire_certificate_private_key.yml",
		"description":"Detects when an application acquires a certificate private key",
		"row_id":7233,
		"Channel":"Microsoft-Windows-AppModel-Runtime/Admin",
		"Computer":"DESKTOP-47I4RLN",
		"EventID":70,
		"EventRecordID":293,
		"ProcessID":3156,
		"ThreadID":5348,
		"Keywords":"0x2000000000000001",
		"Level":4,
		"Opcode":0,
		"Guid":"F1EF270A-0D32-4352-BA52-DBAB41E1D859",
		"Provider_Name":"Microsoft-Windows-AppModel-Runtime",
		"UserID":"S-1-5-18",
		"Task":0,
		"SystemTime":"2024-10-01T13:49:57.442469Z",
		"Version":0,
		"OriginalLogfile":"Microsoft-Windows-AppModel-Runtime%4Admin.evtx-ENZVIVNQ.json",
		"ActivityID":"A7FD8A1E-1408-0001-9FC1-FDA70814DB01",
		"PackageFullName":"Microsoft.WindowsSoundRecorder_10.1906.1972.0_x64__8wekyb3d8bbwe",
		"CurrentStatus":2048,
		"DesiredStatus":2080,
		"User":"S-1-5-21-1421159008-4270732973-2479707347-1000"
	},
	{
		"Rule level":"medium",
		"title":"Certificate Private Key Acquired",
		"sigma_yml":"win_capi2_acquire_certificate_private_key.yml",
		"description":"Detects when an application acquires a certificate private key",
		"row_id":7235,
		"Channel":"Microsoft-Windows-AppModel-Runtime/Admin",
		"Computer":"DESKTOP-47I4RLN",
		"EventID":70,
		"EventRecordID":295,
		"ProcessID":3156,
		"ThreadID":5348,
		"Keywords":"0x2000000000000001",
		"Level":4,
		"Opcode":0,
		"Guid":"F1EF270A-0D32-4352-BA52-DBAB41E1D859",
		"Provider_Name":"Microsoft-Windows-AppModel-Runtime",
		"UserID":"S-1-5-18",
		"Task":0,
		"SystemTime":"2024-10-01T13:49:57.633155Z",
		"Version":0,
		"OriginalLogfile":"Microsoft-Windows-AppModel-Runtime%4Admin.evtx-ENZVIVNQ.json",
		"ActivityID":"A7FD8A1E-1408-0001-9FC1-FDA70814DB01",
		"PackageFullName":"Microsoft.WindowsSoundRecorder_10.1906.1972.0_x64__8wekyb3d8bbwe",
		"CurrentStatus":32,
		"DesiredStatus":0,
		"User":"S-1-5-21-1421159008-4270732973-2479707347-1000"
	},
	{
		"Rule level":"medium",
		"title":"Certificate Private Key Acquired",
		"sigma_yml":"win_capi2_acquire_certificate_private_key.yml",
		"description":"Detects when an application acquires a certificate private key",
		"row_id":7236,
		"Channel":"Microsoft-Windows-AppModel-Runtime/Admin",
		"Computer":"DESKTOP-47I4RLN",
		"EventID":70,
		"EventRecordID":296,
		"ProcessID":3156,
		"ThreadID":5348,
		"Keywords":"0x2000000000000001",
		"Level":4,
		"Opcode":0,
		"Guid":"F1EF270A-0D32-4352-BA52-DBAB41E1D859",
		"Provider_Name":"Microsoft-Windows-AppModel-Runtime",
		"UserID":"S-1-5-18",
		"Task":0,
		"SystemTime":"2024-10-01T13:49:58.057073Z",
		"Version":0,
		"OriginalLogfile":"Microsoft-Windows-AppModel-Runtime%4Admin.evtx-ENZVIVNQ.json",
		"ActivityID":"A7FD8A1E-1408-0001-F0C2-FDA70814DB01",
		"PackageFullName":"Microsoft.WindowsMaps_5.1906.1972.0_x64__8wekyb3d8bbwe",
		"CurrentStatus":2048,
		"DesiredStatus":2080,
		"User":"S-1-5-21-1421159008-4270732973-2479707347-1000"
	},
	{
		"Rule level":"medium",
		"title":"Certificate Private Key Acquired",
		"sigma_yml":"win_capi2_acquire_certificate_private_key.yml",
		"description":"Detects when an application acquires a certificate private key",
		"row_id":7238,
		"Channel":"Microsoft-Windows-AppModel-Runtime/Admin",
		"Computer":"DESKTOP-47I4RLN",
		"EventID":70,
		"EventRecordID":298,
		"ProcessID":3156,
		"ThreadID":5348,
		"Keywords":"0x2000000000000001",
		"Level":4,
		"Opcode":0,
		"Guid":"F1EF270A-0D32-4352-BA52-DBAB41E1D859",
		"Provider_Name":"Microsoft-Windows-AppModel-Runtime",
		"UserID":"S-1-5-18",
		"Task":0,
		"SystemTime":"2024-10-01T13:49:58.304103Z",
		"Version":0,
		"OriginalLogfile":"Microsoft-Windows-AppModel-Runtime%4Admin.evtx-ENZVIVNQ.json",
		"ActivityID":"A7FD8A1E-1408-0001-F0C2-FDA70814DB01",
		"PackageFullName":"Microsoft.WindowsMaps_5.1906.1972.0_x64__8wekyb3d8bbwe",
		"CurrentStatus":32,
		"DesiredStatus":0,
		"User":"S-1-5-21-1421159008-4270732973-2479707347-1000"
	},
	{
		"Rule level":"medium",
		"title":"Certificate Private Key Acquired",
		"sigma_yml":"win_capi2_acquire_certificate_private_key.yml",
		"description":"Detects when an application acquires a certificate private key",
		"row_id":7239,
		"Channel":"Microsoft-Windows-AppModel-Runtime/Admin",
		"Computer":"DESKTOP-47I4RLN",
		"EventID":70,
		"EventRecordID":299,
		"ProcessID":3156,
		"ThreadID":5348,
		"Keywords":"0x2000000000000001",
		"Level":4,
		"Opcode":0,
		"Guid":"F1EF270A-0D32-4352-BA52-DBAB41E1D859",
		"Provider_Name":"Microsoft-Windows-AppModel-Runtime",
		"UserID":"S-1-5-18",
		"Task":0,
		"SystemTime":"2024-10-01T13:49:58.767441Z",
		"Version":0,
		"OriginalLogfile":"Microsoft-Windows-AppModel-Runtime%4Admin.evtx-ENZVIVNQ.json",
		"ActivityID":"A7FD8A1E-1408-0001-E3C3-FDA70814DB01",
		"PackageFullName":"Microsoft.WindowsFeedbackHub_1.1907.3152.0_x64__8wekyb3d8bbwe",
		"CurrentStatus":2048,
		"DesiredStatus":2080,
		"User":"S-1-5-21-1421159008-4270732973-2479707347-1000"
	},
	{
		"Rule level":"medium",
		"title":"Certificate Private Key Acquired",
		"sigma_yml":"win_capi2_acquire_certificate_private_key.yml",
		"description":"Detects when an application acquires a certificate private key",
		"row_id":7241,
		"Channel":"Microsoft-Windows-AppModel-Runtime/Admin",
		"Computer":"DESKTOP-47I4RLN",
		"EventID":70,
		"EventRecordID":301,
		"ProcessID":3156,
		"ThreadID":5348,
		"Keywords":"0x2000000000000001",
		"Level":4,
		"Opcode":0,
		"Guid":"F1EF270A-0D32-4352-BA52-DBAB41E1D859",
		"Provider_Name":"Microsoft-Windows-AppModel-Runtime",
		"UserID":"S-1-5-18",
		"Task":0,
		"SystemTime":"2024-10-01T13:49:59.039007Z",
		"Version":0,
		"OriginalLogfile":"Microsoft-Windows-AppModel-Runtime%4Admin.evtx-ENZVIVNQ.json",
		"ActivityID":"A7FD8A1E-1408-0001-E3C3-FDA70814DB01",
		"PackageFullName":"Microsoft.WindowsFeedbackHub_1.1907.3152.0_x64__8wekyb3d8bbwe",
		"CurrentStatus":32,
		"DesiredStatus":0,
		"User":"S-1-5-21-1421159008-4270732973-2479707347-1000"
	},
	{
		"Rule level":"medium",
		"title":"Certificate Private Key Acquired",
		"sigma_yml":"win_capi2_acquire_certificate_private_key.yml",
		"description":"Detects when an application acquires a certificate private key",
		"row_id":7242,
		"Channel":"Microsoft-Windows-AppModel-Runtime/Admin",
		"Computer":"DESKTOP-47I4RLN",
		"EventID":70,
		"EventRecordID":302,
		"ProcessID":3156,
		"ThreadID":5348,
		"Keywords":"0x2000000000000001",
		"Level":4,
		"Opcode":0,
		"Guid":"F1EF270A-0D32-4352-BA52-DBAB41E1D859",
		"Provider_Name":"Microsoft-Windows-AppModel-Runtime",
		"UserID":"S-1-5-18",
		"Task":0,
		"SystemTime":"2024-10-01T13:49:59.474132Z",
		"Version":0,
		"OriginalLogfile":"Microsoft-Windows-AppModel-Runtime%4Admin.evtx-ENZVIVNQ.json",
		"ActivityID":"A7FD8A1E-1408-0000-21C1-FDA70814DB01",
		"PackageFullName":"Microsoft.WindowsCalculator_10.1906.55.0_x64__8wekyb3d8bbwe",
		"CurrentStatus":2048,
		"DesiredStatus":2080,
		"User":"S-1-5-21-1421159008-4270732973-2479707347-1000"
	},
	{
		"Rule level":"medium",
		"title":"Certificate Private Key Acquired",
		"sigma_yml":"win_capi2_acquire_certificate_private_key.yml",
		"description":"Detects when an application acquires a certificate private key",
		"row_id":7244,
		"Channel":"Microsoft-Windows-AppModel-Runtime/Admin",
		"Computer":"DESKTOP-47I4RLN",
		"EventID":70,
		"EventRecordID":304,
		"ProcessID":3156,
		"ThreadID":5348,
		"Keywords":"0x2000000000000001",
		"Level":4,
		"Opcode":0,
		"Guid":"F1EF270A-0D32-4352-BA52-DBAB41E1D859",
		"Provider_Name":"Microsoft-Windows-AppModel-Runtime",
		"UserID":"S-1-5-18",
		"Task":0,
		"SystemTime":"2024-10-01T13:49:59.701266Z",
		"Version":0,
		"OriginalLogfile":"Microsoft-Windows-AppModel-Runtime%4Admin.evtx-ENZVIVNQ.json",
		"ActivityID":"A7FD8A1E-1408-0000-21C1-FDA70814DB01",
		"PackageFullName":"Microsoft.WindowsCalculator_10.1906.55.0_x64__8wekyb3d8bbwe",
		"CurrentStatus":32,
		"DesiredStatus":0,
		"User":"S-1-5-21-1421159008-4270732973-2479707347-1000"
	},
	{
		"Rule level":"medium",
		"title":"Certificate Private Key Acquired",
		"sigma_yml":"win_capi2_acquire_certificate_private_key.yml",
		"description":"Detects when an application acquires a certificate private key",
		"row_id":7245,
		"Channel":"Microsoft-Windows-AppModel-Runtime/Admin",
		"Computer":"DESKTOP-47I4RLN",
		"EventID":70,
		"EventRecordID":305,
		"ProcessID":3156,
		"ThreadID":5348,
		"Keywords":"0x2000000000000001",
		"Level":4,
		"Opcode":0,
		"Guid":"F1EF270A-0D32-4352-BA52-DBAB41E1D859",
		"Provider_Name":"Microsoft-Windows-AppModel-Runtime",
		"UserID":"S-1-5-18",
		"Task":0,
		"SystemTime":"2024-10-01T13:50:00.024958Z",
		"Version":0,
		"OriginalLogfile":"Microsoft-Windows-AppModel-Runtime%4Admin.evtx-ENZVIVNQ.json",
		"ActivityID":"A7FD8A1E-1408-0001-E8C5-FDA70814DB01",
		"PackageFullName":"Microsoft.WebpImageExtension_1.0.22753.0_x64__8wekyb3d8bbwe",
		"CurrentStatus":2048,
		"DesiredStatus":2080,
		"User":"S-1-5-21-1421159008-4270732973-2479707347-1000"
	},
	{
		"Rule level":"medium",
		"title":"Certificate Private Key Acquired",
		"sigma_yml":"win_capi2_acquire_certificate_private_key.yml",
		"description":"Detects when an application acquires a certificate private key",
		"row_id":7247,
		"Channel":"Microsoft-Windows-AppModel-Runtime/Admin",
		"Computer":"DESKTOP-47I4RLN",
		"EventID":70,
		"EventRecordID":307,
		"ProcessID":3156,
		"ThreadID":5348,
		"Keywords":"0x2000000000000001",
		"Level":4,
		"Opcode":0,
		"Guid":"F1EF270A-0D32-4352-BA52-DBAB41E1D859",
		"Provider_Name":"Microsoft-Windows-AppModel-Runtime",
		"UserID":"S-1-5-18",
		"Task":0,
		"SystemTime":"2024-10-01T13:50:00.179859Z",
		"Version":0,
		"OriginalLogfile":"Microsoft-Windows-AppModel-Runtime%4Admin.evtx-ENZVIVNQ.json",
		"ActivityID":"A7FD8A1E-1408-0001-E8C5-FDA70814DB01",
		"PackageFullName":"Microsoft.WebpImageExtension_1.0.22753.0_x64__8wekyb3d8bbwe",
		"CurrentStatus":32,
		"DesiredStatus":0,
		"User":"S-1-5-21-1421159008-4270732973-2479707347-1000"
	},
	{
		"Rule level":"medium",
		"title":"Certificate Private Key Acquired",
		"sigma_yml":"win_capi2_acquire_certificate_private_key.yml",
		"description":"Detects when an application acquires a certificate private key",
		"row_id":7248,
		"Channel":"Microsoft-Windows-AppModel-Runtime/Admin",
		"Computer":"DESKTOP-47I4RLN",
		"EventID":70,
		"EventRecordID":308,
		"ProcessID":3156,
		"ThreadID":5348,
		"Keywords":"0x2000000000000001",
		"Level":4,
		"Opcode":0,
		"Guid":"F1EF270A-0D32-4352-BA52-DBAB41E1D859",
		"Provider_Name":"Microsoft-Windows-AppModel-Runtime",
		"UserID":"S-1-5-18",
		"Task":0,
		"SystemTime":"2024-10-01T13:50:00.524626Z",
		"Version":0,
		"OriginalLogfile":"Microsoft-Windows-AppModel-Runtime%4Admin.evtx-ENZVIVNQ.json",
		"ActivityID":"A7FD8A1E-1408-0000-41C2-FDA70814DB01",
		"PackageFullName":"Microsoft.WebMediaExtensions_1.0.20875.0_x64__8wekyb3d8bbwe",
		"CurrentStatus":2048,
		"DesiredStatus":2080,
		"User":"S-1-5-21-1421159008-4270732973-2479707347-1000"
	},
	{
		"Rule level":"medium",
		"title":"Certificate Private Key Acquired",
		"sigma_yml":"win_capi2_acquire_certificate_private_key.yml",
		"description":"Detects when an application acquires a certificate private key",
		"row_id":7250,
		"Channel":"Microsoft-Windows-AppModel-Runtime/Admin",
		"Computer":"DESKTOP-47I4RLN",
		"EventID":70,
		"EventRecordID":310,
		"ProcessID":3156,
		"ThreadID":5348,
		"Keywords":"0x2000000000000001",
		"Level":4,
		"Opcode":0,
		"Guid":"F1EF270A-0D32-4352-BA52-DBAB41E1D859",
		"Provider_Name":"Microsoft-Windows-AppModel-Runtime",
		"UserID":"S-1-5-18",
		"Task":0,
		"SystemTime":"2024-10-01T13:50:00.704936Z",
		"Version":0,
		"OriginalLogfile":"Microsoft-Windows-AppModel-Runtime%4Admin.evtx-ENZVIVNQ.json",
		"ActivityID":"A7FD8A1E-1408-0000-41C2-FDA70814DB01",
		"PackageFullName":"Microsoft.WebMediaExtensions_1.0.20875.0_x64__8wekyb3d8bbwe",
		"CurrentStatus":32,
		"DesiredStatus":0,
		"User":"S-1-5-21-1421159008-4270732973-2479707347-1000"
	},
	{
		"Rule level":"medium",
		"title":"Certificate Private Key Acquired",
		"sigma_yml":"win_capi2_acquire_certificate_private_key.yml",
		"description":"Detects when an application acquires a certificate private key",
		"row_id":7251,
		"Channel":"Microsoft-Windows-AppModel-Runtime/Admin",
		"Computer":"DESKTOP-47I4RLN",
		"EventID":70,
		"EventRecordID":311,
		"ProcessID":3156,
		"ThreadID":5348,
		"Keywords":"0x2000000000000001",
		"Level":4,
		"Opcode":0,
		"Guid":"F1EF270A-0D32-4352-BA52-DBAB41E1D859",
		"Provider_Name":"Microsoft-Windows-AppModel-Runtime",
		"UserID":"S-1-5-18",
		"Task":0,
		"SystemTime":"2024-10-01T13:50:01.055496Z",
		"Version":0,
		"OriginalLogfile":"Microsoft-Windows-AppModel-Runtime%4Admin.evtx-ENZVIVNQ.json",
		"ActivityID":"A7FD8A1E-1408-0000-A8C2-FDA70814DB01",
		"PackageFullName":"Microsoft.Wallet_2.4.18324.0_x64__8wekyb3d8bbwe",
		"CurrentStatus":2048,
		"DesiredStatus":2080,
		"User":"S-1-5-21-1421159008-4270732973-2479707347-1000"
	},
	{
		"Rule level":"medium",
		"title":"Certificate Private Key Acquired",
		"sigma_yml":"win_capi2_acquire_certificate_private_key.yml",
		"description":"Detects when an application acquires a certificate private key",
		"row_id":7255,
		"Channel":"Microsoft-Windows-AppModel-Runtime/Admin",
		"Computer":"DESKTOP-47I4RLN",
		"EventID":70,
		"EventRecordID":315,
		"ProcessID":3156,
		"ThreadID":5348,
		"Keywords":"0x2000000000000001",
		"Level":4,
		"Opcode":0,
		"Guid":"F1EF270A-0D32-4352-BA52-DBAB41E1D859",
		"Provider_Name":"Microsoft-Windows-AppModel-Runtime",
		"UserID":"S-1-5-18",
		"Task":0,
		"SystemTime":"2024-10-01T13:50:01.398753Z",
		"Version":0,
		"OriginalLogfile":"Microsoft-Windows-AppModel-Runtime%4Admin.evtx-ENZVIVNQ.json",
		"ActivityID":"A7FD8A1E-1408-0000-A8C2-FDA70814DB01",
		"PackageFullName":"Microsoft.Wallet_2.4.18324.0_x64__8wekyb3d8bbwe",
		"CurrentStatus":32,
		"DesiredStatus":0,
		"User":"S-1-5-21-1421159008-4270732973-2479707347-1000"
	},
	{
		"Rule level":"medium",
		"title":"Certificate Private Key Acquired",
		"sigma_yml":"win_capi2_acquire_certificate_private_key.yml",
		"description":"Detects when an application acquires a certificate private key",
		"row_id":7256,
		"Channel":"Microsoft-Windows-AppModel-Runtime/Admin",
		"Computer":"DESKTOP-47I4RLN",
		"EventID":70,
		"EventRecordID":316,
		"ProcessID":3156,
		"ThreadID":5360,
		"Keywords":"0x2000000000000001",
		"Level":4,
		"Opcode":0,
		"Guid":"F1EF270A-0D32-4352-BA52-DBAB41E1D859",
		"Provider_Name":"Microsoft-Windows-AppModel-Runtime",
		"UserID":"S-1-5-18",
		"Task":0,
		"SystemTime":"2024-10-01T13:50:01.695911Z",
		"Version":0,
		"OriginalLogfile":"Microsoft-Windows-AppModel-Runtime%4Admin.evtx-ENZVIVNQ.json",
		"ActivityID":"A7FD8A1E-1408-0001-15C9-FDA70814DB01",
		"PackageFullName":"Microsoft.VP9VideoExtensions_1.0.22681.0_x64__8wekyb3d8bbwe",
		"CurrentStatus":2048,
		"DesiredStatus":2080,
		"User":"S-1-5-21-1421159008-4270732973-2479707347-1000"
	},
	{
		"Rule level":"medium",
		"title":"Certificate Private Key Acquired",
		"sigma_yml":"win_capi2_acquire_certificate_private_key.yml",
		"description":"Detects when an application acquires a certificate private key",
		"row_id":7258,
		"Channel":"Microsoft-Windows-AppModel-Runtime/Admin",
		"Computer":"DESKTOP-47I4RLN",
		"EventID":70,
		"EventRecordID":318,
		"ProcessID":3156,
		"ThreadID":5360,
		"Keywords":"0x2000000000000001",
		"Level":4,
		"Opcode":0,
		"Guid":"F1EF270A-0D32-4352-BA52-DBAB41E1D859",
		"Provider_Name":"Microsoft-Windows-AppModel-Runtime",
		"UserID":"S-1-5-18",
		"Task":0,
		"SystemTime":"2024-10-01T13:50:01.862984Z",
		"Version":0,
		"OriginalLogfile":"Microsoft-Windows-AppModel-Runtime%4Admin.evtx-ENZVIVNQ.json",
		"ActivityID":"A7FD8A1E-1408-0001-15C9-FDA70814DB01",
		"PackageFullName":"Microsoft.VP9VideoExtensions_1.0.22681.0_x64__8wekyb3d8bbwe",
		"CurrentStatus":32,
		"DesiredStatus":0,
		"User":"S-1-5-21-1421159008-4270732973-2479707347-1000"
	},
	{
		"Rule level":"medium",
		"title":"Certificate Private Key Acquired",
		"sigma_yml":"win_capi2_acquire_certificate_private_key.yml",
		"description":"Detects when an application acquires a certificate private key",
		"row_id":7259,
		"Channel":"Microsoft-Windows-AppModel-Runtime/Admin",
		"Computer":"DESKTOP-47I4RLN",
		"EventID":70,
		"EventRecordID":319,
		"ProcessID":3156,
		"ThreadID":5348,
		"Keywords":"0x2000000000000001",
		"Level":4,
		"Opcode":0,
		"Guid":"F1EF270A-0D32-4352-BA52-DBAB41E1D859",
		"Provider_Name":"Microsoft-Windows-AppModel-Runtime",
		"UserID":"S-1-5-18",
		"Task":0,
		"SystemTime":"2024-10-01T13:50:02.232005Z",
		"Version":0,
		"OriginalLogfile":"Microsoft-Windows-AppModel-Runtime%4Admin.evtx-ENZVIVNQ.json",
		"ActivityID":"A7FD8A1E-1408-0001-CDC9-FDA70814DB01",
		"PackageFullName":"Microsoft.StorePurchaseApp_11811.1001.18.0_x64__8wekyb3d8bbwe",
		"CurrentStatus":2048,
		"DesiredStatus":2080,
		"User":"S-1-5-21-1421159008-4270732973-2479707347-1000"
	},
	{
		"Rule level":"medium",
		"title":"Certificate Private Key Acquired",
		"sigma_yml":"win_capi2_acquire_certificate_private_key.yml",
		"description":"Detects when an application acquires a certificate private key",
		"row_id":7261,
		"Channel":"Microsoft-Windows-AppModel-Runtime/Admin",
		"Computer":"DESKTOP-47I4RLN",
		"EventID":70,
		"EventRecordID":321,
		"ProcessID":3156,
		"ThreadID":5348,
		"Keywords":"0x2000000000000001",
		"Level":4,
		"Opcode":0,
		"Guid":"F1EF270A-0D32-4352-BA52-DBAB41E1D859",
		"Provider_Name":"Microsoft-Windows-AppModel-Runtime",
		"UserID":"S-1-5-18",
		"Task":0,
		"SystemTime":"2024-10-01T13:50:02.422103Z",
		"Version":0,
		"OriginalLogfile":"Microsoft-Windows-AppModel-Runtime%4Admin.evtx-ENZVIVNQ.json",
		"ActivityID":"A7FD8A1E-1408-0001-CDC9-FDA70814DB01",
		"PackageFullName":"Microsoft.StorePurchaseApp_11811.1001.18.0_x64__8wekyb3d8bbwe",
		"CurrentStatus":32,
		"DesiredStatus":0,
		"User":"S-1-5-21-1421159008-4270732973-2479707347-1000"
	},
	{
		"Rule level":"medium",
		"title":"Certificate Private Key Acquired",
		"sigma_yml":"win_capi2_acquire_certificate_private_key.yml",
		"description":"Detects when an application acquires a certificate private key",
		"row_id":7262,
		"Channel":"Microsoft-Windows-AppModel-Runtime/Admin",
		"Computer":"DESKTOP-47I4RLN",
		"EventID":70,
		"EventRecordID":322,
		"ProcessID":3156,
		"ThreadID":5348,
		"Keywords":"0x2000000000000001",
		"Level":4,
		"Opcode":0,
		"Guid":"F1EF270A-0D32-4352-BA52-DBAB41E1D859",
		"Provider_Name":"Microsoft-Windows-AppModel-Runtime",
		"UserID":"S-1-5-18",
		"Task":0,
		"SystemTime":"2024-10-01T13:50:02.995323Z",
		"Version":0,
		"OriginalLogfile":"Microsoft-Windows-AppModel-Runtime%4Admin.evtx-ENZVIVNQ.json",
		"ActivityID":"A7FD8A1E-1408-0001-AACA-FDA70814DB01",
		"PackageFullName":"Microsoft.ScreenSketch_10.1907.2471.0_x64__8wekyb3d8bbwe",
		"CurrentStatus":2048,
		"DesiredStatus":2080,
		"User":"S-1-5-21-1421159008-4270732973-2479707347-1000"
	},
	{
		"Rule level":"medium",
		"title":"Certificate Private Key Acquired",
		"sigma_yml":"win_capi2_acquire_certificate_private_key.yml",
		"description":"Detects when an application acquires a certificate private key",
		"row_id":7264,
		"Channel":"Microsoft-Windows-AppModel-Runtime/Admin",
		"Computer":"DESKTOP-47I4RLN",
		"EventID":70,
		"EventRecordID":324,
		"ProcessID":3156,
		"ThreadID":5348,
		"Keywords":"0x2000000000000001",
		"Level":4,
		"Opcode":0,
		"Guid":"F1EF270A-0D32-4352-BA52-DBAB41E1D859",
		"Provider_Name":"Microsoft-Windows-AppModel-Runtime",
		"UserID":"S-1-5-18",
		"Task":0,
		"SystemTime":"2024-10-01T13:50:03.320586Z",
		"Version":0,
		"OriginalLogfile":"Microsoft-Windows-AppModel-Runtime%4Admin.evtx-ENZVIVNQ.json",
		"ActivityID":"A7FD8A1E-1408-0001-AACA-FDA70814DB01",
		"PackageFullName":"Microsoft.ScreenSketch_10.1907.2471.0_x64__8wekyb3d8bbwe",
		"CurrentStatus":32,
		"DesiredStatus":0,
		"User":"S-1-5-21-1421159008-4270732973-2479707347-1000"
	},
	{
		"Rule level":"medium",
		"title":"Certificate Private Key Acquired",
		"sigma_yml":"win_capi2_acquire_certificate_private_key.yml",
		"description":"Detects when an application acquires a certificate private key",
		"row_id":7265,
		"Channel":"Microsoft-Windows-AppModel-Runtime/Admin",
		"Computer":"DESKTOP-47I4RLN",
		"EventID":70,
		"EventRecordID":325,
		"ProcessID":3156,
		"ThreadID":5360,
		"Keywords":"0x2000000000000001",
		"Level":4,
		"Opcode":0,
		"Guid":"F1EF270A-0D32-4352-BA52-DBAB41E1D859",
		"Provider_Name":"Microsoft-Windows-AppModel-Runtime",
		"UserID":"S-1-5-18",
		"Task":0,
		"SystemTime":"2024-10-01T13:50:03.943731Z",
		"Version":0,
		"OriginalLogfile":"Microsoft-Windows-AppModel-Runtime%4Admin.evtx-ENZVIVNQ.json",
		"ActivityID":"A7FD8A1E-1408-0001-E5CB-FDA70814DB01",
		"PackageFullName":"Microsoft.People_10.1902.633.0_x64__8wekyb3d8bbwe",
		"CurrentStatus":2048,
		"DesiredStatus":2080,
		"User":"S-1-5-21-1421159008-4270732973-2479707347-1000"
	},
	{
		"Rule level":"medium",
		"title":"Certificate Private Key Acquired",
		"sigma_yml":"win_capi2_acquire_certificate_private_key.yml",
		"description":"Detects when an application acquires a certificate private key",
		"row_id":7267,
		"Channel":"Microsoft-Windows-AppModel-Runtime/Admin",
		"Computer":"DESKTOP-47I4RLN",
		"EventID":70,
		"EventRecordID":327,
		"ProcessID":3156,
		"ThreadID":5360,
		"Keywords":"0x2000000000000001",
		"Level":4,
		"Opcode":0,
		"Guid":"F1EF270A-0D32-4352-BA52-DBAB41E1D859",
		"Provider_Name":"Microsoft-Windows-AppModel-Runtime",
		"UserID":"S-1-5-18",
		"Task":0,
		"SystemTime":"2024-10-01T13:50:04.268417Z",
		"Version":0,
		"OriginalLogfile":"Microsoft-Windows-AppModel-Runtime%4Admin.evtx-ENZVIVNQ.json",
		"ActivityID":"A7FD8A1E-1408-0001-E5CB-FDA70814DB01",
		"PackageFullName":"Microsoft.People_10.1902.633.0_x64__8wekyb3d8bbwe",
		"CurrentStatus":32,
		"DesiredStatus":0,
		"User":"S-1-5-21-1421159008-4270732973-2479707347-1000"
	},
	{
		"Rule level":"medium",
		"title":"Certificate Private Key Acquired",
		"sigma_yml":"win_capi2_acquire_certificate_private_key.yml",
		"description":"Detects when an application acquires a certificate private key",
		"row_id":7268,
		"Channel":"Microsoft-Windows-AppModel-Runtime/Admin",
		"Computer":"DESKTOP-47I4RLN",
		"EventID":70,
		"EventRecordID":328,
		"ProcessID":3156,
		"ThreadID":5360,
		"Keywords":"0x2000000000000001",
		"Level":4,
		"Opcode":0,
		"Guid":"F1EF270A-0D32-4352-BA52-DBAB41E1D859",
		"Provider_Name":"Microsoft-Windows-AppModel-Runtime",
		"UserID":"S-1-5-18",
		"Task":0,
		"SystemTime":"2024-10-01T13:50:04.664512Z",
		"Version":0,
		"OriginalLogfile":"Microsoft-Windows-AppModel-Runtime%4Admin.evtx-ENZVIVNQ.json",
		"ActivityID":"A7FD8A1E-1408-0001-E5CC-FDA70814DB01",
		"PackageFullName":"Microsoft.Office.OneNote_16001.12026.20112.0_x64__8wekyb3d8bbwe",
		"CurrentStatus":2048,
		"DesiredStatus":2080,
		"User":"S-1-5-21-1421159008-4270732973-2479707347-1000"
	},
	{
		"Rule level":"medium",
		"title":"Certificate Private Key Acquired",
		"sigma_yml":"win_capi2_acquire_certificate_private_key.yml",
		"description":"Detects when an application acquires a certificate private key",
		"row_id":7270,
		"Channel":"Microsoft-Windows-AppModel-Runtime/Admin",
		"Computer":"DESKTOP-47I4RLN",
		"EventID":70,
		"EventRecordID":330,
		"ProcessID":3156,
		"ThreadID":5360,
		"Keywords":"0x2000000000000001",
		"Level":4,
		"Opcode":0,
		"Guid":"F1EF270A-0D32-4352-BA52-DBAB41E1D859",
		"Provider_Name":"Microsoft-Windows-AppModel-Runtime",
		"UserID":"S-1-5-18",
		"Task":0,
		"SystemTime":"2024-10-01T13:50:05.209027Z",
		"Version":0,
		"OriginalLogfile":"Microsoft-Windows-AppModel-Runtime%4Admin.evtx-ENZVIVNQ.json",
		"ActivityID":"A7FD8A1E-1408-0001-E5CC-FDA70814DB01",
		"PackageFullName":"Microsoft.Office.OneNote_16001.12026.20112.0_x64__8wekyb3d8bbwe",
		"CurrentStatus":32,
		"DesiredStatus":0,
		"User":"S-1-5-21-1421159008-4270732973-2479707347-1000"
	},
	{
		"Rule level":"medium",
		"title":"Certificate Private Key Acquired",
		"sigma_yml":"win_capi2_acquire_certificate_private_key.yml",
		"description":"Detects when an application acquires a certificate private key",
		"row_id":7271,
		"Channel":"Microsoft-Windows-AppModel-Runtime/Admin",
		"Computer":"DESKTOP-47I4RLN",
		"EventID":70,
		"EventRecordID":331,
		"ProcessID":3156,
		"ThreadID":5360,
		"Keywords":"0x2000000000000001",
		"Level":4,
		"Opcode":0,
		"Guid":"F1EF270A-0D32-4352-BA52-DBAB41E1D859",
		"Provider_Name":"Microsoft-Windows-AppModel-Runtime",
		"UserID":"S-1-5-18",
		"Task":0,
		"SystemTime":"2024-10-01T13:50:05.539634Z",
		"Version":0,
		"OriginalLogfile":"Microsoft-Windows-AppModel-Runtime%4Admin.evtx-ENZVIVNQ.json",
		"ActivityID":"A7FD8A1E-1408-0001-4CCE-FDA70814DB01",
		"PackageFullName":"Microsoft.MSPaint_6.1907.29027.0_x64__8wekyb3d8bbwe",
		"CurrentStatus":2048,
		"DesiredStatus":2080,
		"User":"S-1-5-21-1421159008-4270732973-2479707347-1000"
	},
	{
		"Rule level":"medium",
		"title":"Certificate Private Key Acquired",
		"sigma_yml":"win_capi2_acquire_certificate_private_key.yml",
		"description":"Detects when an application acquires a certificate private key",
		"row_id":7273,
		"Channel":"Microsoft-Windows-AppModel-Runtime/Admin",
		"Computer":"DESKTOP-47I4RLN",
		"EventID":70,
		"EventRecordID":333,
		"ProcessID":3156,
		"ThreadID":5360,
		"Keywords":"0x2000000000000001",
		"Level":4,
		"Opcode":0,
		"Guid":"F1EF270A-0D32-4352-BA52-DBAB41E1D859",
		"Provider_Name":"Microsoft-Windows-AppModel-Runtime",
		"UserID":"S-1-5-18",
		"Task":0,
		"SystemTime":"2024-10-01T13:50:05.823103Z",
		"Version":0,
		"OriginalLogfile":"Microsoft-Windows-AppModel-Runtime%4Admin.evtx-ENZVIVNQ.json",
		"ActivityID":"A7FD8A1E-1408-0001-4CCE-FDA70814DB01",
		"PackageFullName":"Microsoft.MSPaint_6.1907.29027.0_x64__8wekyb3d8bbwe",
		"CurrentStatus":32,
		"DesiredStatus":0,
		"User":"S-1-5-21-1421159008-4270732973-2479707347-1000"
	},
	{
		"Rule level":"medium",
		"title":"Certificate Private Key Acquired",
		"sigma_yml":"win_capi2_acquire_certificate_private_key.yml",
		"description":"Detects when an application acquires a certificate private key",
		"row_id":7274,
		"Channel":"Microsoft-Windows-AppModel-Runtime/Admin",
		"Computer":"DESKTOP-47I4RLN",
		"EventID":70,
		"EventRecordID":334,
		"ProcessID":3156,
		"ThreadID":5360,
		"Keywords":"0x2000000000000001",
		"Level":4,
		"Opcode":0,
		"Guid":"F1EF270A-0D32-4352-BA52-DBAB41E1D859",
		"Provider_Name":"Microsoft-Windows-AppModel-Runtime",
		"UserID":"S-1-5-18",
		"Task":0,
		"SystemTime":"2024-10-01T13:50:06.159872Z",
		"Version":0,
		"OriginalLogfile":"Microsoft-Windows-AppModel-Runtime%4Admin.evtx-ENZVIVNQ.json",
		"ActivityID":"A7FD8A1E-1408-0001-17CF-FDA70814DB01",
		"PackageFullName":"Microsoft.MixedReality.Portal_2000.19081.1301.0_x64__8wekyb3d8bbwe",
		"CurrentStatus":2048,
		"DesiredStatus":2080,
		"User":"S-1-5-21-1421159008-4270732973-2479707347-1000"
	},
	{
		"Rule level":"medium",
		"title":"Certificate Private Key Acquired",
		"sigma_yml":"win_capi2_acquire_certificate_private_key.yml",
		"description":"Detects when an application acquires a certificate private key",
		"row_id":7276,
		"Channel":"Microsoft-Windows-AppModel-Runtime/Admin",
		"Computer":"DESKTOP-47I4RLN",
		"EventID":70,
		"EventRecordID":336,
		"ProcessID":3156,
		"ThreadID":5360,
		"Keywords":"0x2000000000000001",
		"Level":4,
		"Opcode":0,
		"Guid":"F1EF270A-0D32-4352-BA52-DBAB41E1D859",
		"Provider_Name":"Microsoft-Windows-AppModel-Runtime",
		"UserID":"S-1-5-18",
		"Task":0,
		"SystemTime":"2024-10-01T13:50:06.402027Z",
		"Version":0,
		"OriginalLogfile":"Microsoft-Windows-AppModel-Runtime%4Admin.evtx-ENZVIVNQ.json",
		"ActivityID":"A7FD8A1E-1408-0001-17CF-FDA70814DB01",
		"PackageFullName":"Microsoft.MixedReality.Portal_2000.19081.1301.0_x64__8wekyb3d8bbwe",
		"CurrentStatus":32,
		"DesiredStatus":0,
		"User":"S-1-5-21-1421159008-4270732973-2479707347-1000"
	},
	{
		"Rule level":"medium",
		"title":"Certificate Private Key Acquired",
		"sigma_yml":"win_capi2_acquire_certificate_private_key.yml",
		"description":"Detects when an application acquires a certificate private key",
		"row_id":7279,
		"Channel":"Microsoft-Windows-AppModel-Runtime/Admin",
		"Computer":"DESKTOP-47I4RLN",
		"EventID":70,
		"EventRecordID":339,
		"ProcessID":3156,
		"ThreadID":5360,
		"Keywords":"0x2000000000000001",
		"Level":4,
		"Opcode":0,
		"Guid":"F1EF270A-0D32-4352-BA52-DBAB41E1D859",
		"Provider_Name":"Microsoft-Windows-AppModel-Runtime",
		"UserID":"S-1-5-18",
		"Task":0,
		"SystemTime":"2024-10-01T13:50:06.844840Z",
		"Version":0,
		"OriginalLogfile":"Microsoft-Windows-AppModel-Runtime%4Admin.evtx-ENZVIVNQ.json",
		"ActivityID":"A7FD8A1E-1408-0000-B5C8-FDA70814DB01",
		"PackageFullName":"Microsoft.MicrosoftStickyNotes_3.6.73.0_x64__8wekyb3d8bbwe",
		"CurrentStatus":2048,
		"DesiredStatus":2080,
		"User":"S-1-5-21-1421159008-4270732973-2479707347-1000"
	},
