	{
		"Rule level":"medium",
		"title":"Certificate Private Key Acquired",
		"sigma_yml":"win_capi2_acquire_certificate_private_key.yml",
		"description":"Detects when an application acquires a certificate private key",
		"row_id":7353,
		"Channel":"Microsoft-Windows-AppModel-Runtime/Admin",
		"Computer":"DESKTOP-47I4RLN",
		"EventID":70,
		"EventRecordID":413,
		"ProcessID":5516,
		"ThreadID":4960,
		"Keywords":"0x2000000000000001",
		"Level":4,
		"Opcode":0,
		"Guid":"F1EF270A-0D32-4352-BA52-DBAB41E1D859",
		"Provider_Name":"Microsoft-Windows-AppModel-Runtime",
		"UserID":"S-1-5-18",
		"Task":0,
		"SystemTime":"2024-10-01T15:55:10.644251Z",
		"Version":0,
		"OriginalLogfile":"Microsoft-Windows-AppModel-Runtime%4Admin.evtx-ENZVIVNQ.json",
		"ActivityID":"A7FD8A1E-1408-0001-0048-FEA70814DB01",
		"PackageFullName":"Microsoft.WindowsMaps_5.1906.1972.0_x64__8wekyb3d8bbwe",
		"CurrentStatus":0,
		"DesiredStatus":32,
		"User":"S-1-5-21-1421159008-4270732973-2479707347-1000"
	},
	{
		"Rule level":"medium",
		"title":"Certificate Private Key Acquired",
		"sigma_yml":"win_capi2_acquire_certificate_private_key.yml",
		"description":"Detects when an application acquires a certificate private key",
		"row_id":7354,
		"Channel":"Microsoft-Windows-AppModel-Runtime/Admin",
		"Computer":"DESKTOP-47I4RLN",
		"EventID":70,
		"EventRecordID":414,
		"ProcessID":5516,
		"ThreadID":4960,
		"Keywords":"0x2000000000000001",
		"Level":4,
		"Opcode":0,
		"Guid":"F1EF270A-0D32-4352-BA52-DBAB41E1D859",
		"Provider_Name":"Microsoft-Windows-AppModel-Runtime",
		"UserID":"S-1-5-18",
		"Task":0,
		"SystemTime":"2024-10-01T15:55:10.644416Z",
		"Version":0,
		"OriginalLogfile":"Microsoft-Windows-AppModel-Runtime%4Admin.evtx-ENZVIVNQ.json",
		"ActivityID":"A7FD8A1E-1408-0001-0048-FEA70814DB01",
		"PackageFullName":"Microsoft.WindowsSoundRecorder_10.1906.1972.0_x64__8wekyb3d8bbwe",
		"CurrentStatus":0,
		"DesiredStatus":32,
		"User":"S-1-5-21-1421159008-4270732973-2479707347-1000"
	},
	{
		"Rule level":"medium",
		"title":"Certificate Private Key Acquired",
		"sigma_yml":"win_capi2_acquire_certificate_private_key.yml",
		"description":"Detects when an application acquires a certificate private key",
		"row_id":7355,
		"Channel":"Microsoft-Windows-AppModel-Runtime/Admin",
		"Computer":"DESKTOP-47I4RLN",
		"EventID":70,
		"EventRecordID":415,
		"ProcessID":5516,
		"ThreadID":4960,
		"Keywords":"0x2000000000000001",
		"Level":4,
		"Opcode":0,
		"Guid":"F1EF270A-0D32-4352-BA52-DBAB41E1D859",
		"Provider_Name":"Microsoft-Windows-AppModel-Runtime",
		"UserID":"S-1-5-18",
		"Task":0,
		"SystemTime":"2024-10-01T15:55:10.644573Z",
		"Version":0,
		"OriginalLogfile":"Microsoft-Windows-AppModel-Runtime%4Admin.evtx-ENZVIVNQ.json",
		"ActivityID":"A7FD8A1E-1408-0001-0048-FEA70814DB01",
		"PackageFullName":"Microsoft.WindowsStore_11910.1002.5.0_x64__8wekyb3d8bbwe",
		"CurrentStatus":0,
		"DesiredStatus":32,
		"User":"S-1-5-21-1421159008-4270732973-2479707347-1000"
	},
	{
		"Rule level":"medium",
		"title":"Certificate Private Key Acquired",
		"sigma_yml":"win_capi2_acquire_certificate_private_key.yml",
		"description":"Detects when an application acquires a certificate private key",
		"row_id":7356,
		"Channel":"Microsoft-Windows-AppModel-Runtime/Admin",
		"Computer":"DESKTOP-47I4RLN",
		"EventID":70,
		"EventRecordID":416,
		"ProcessID":5516,
		"ThreadID":4960,
		"Keywords":"0x2000000000000001",
		"Level":4,
		"Opcode":0,
		"Guid":"F1EF270A-0D32-4352-BA52-DBAB41E1D859",
		"Provider_Name":"Microsoft-Windows-AppModel-Runtime",
		"UserID":"S-1-5-18",
		"Task":0,
		"SystemTime":"2024-10-01T15:55:10.644734Z",
		"Version":0,
		"OriginalLogfile":"Microsoft-Windows-AppModel-Runtime%4Admin.evtx-ENZVIVNQ.json",
		"ActivityID":"A7FD8A1E-1408-0001-0048-FEA70814DB01",
		"PackageFullName":"Microsoft.Xbox.TCUI_1.23.28002.0_x64__8wekyb3d8bbwe",
		"CurrentStatus":0,
		"DesiredStatus":32,
		"User":"S-1-5-21-1421159008-4270732973-2479707347-1000"
	},
	{
		"Rule level":"medium",
		"title":"Certificate Private Key Acquired",
		"sigma_yml":"win_capi2_acquire_certificate_private_key.yml",
		"description":"Detects when an application acquires a certificate private key",
		"row_id":7357,
		"Channel":"Microsoft-Windows-AppModel-Runtime/Admin",
		"Computer":"DESKTOP-47I4RLN",
		"EventID":70,
		"EventRecordID":417,
		"ProcessID":5516,
		"ThreadID":4960,
		"Keywords":"0x2000000000000001",
		"Level":4,
		"Opcode":0,
		"Guid":"F1EF270A-0D32-4352-BA52-DBAB41E1D859",
		"Provider_Name":"Microsoft-Windows-AppModel-Runtime",
		"UserID":"S-1-5-18",
		"Task":0,
		"SystemTime":"2024-10-01T15:55:10.644892Z",
		"Version":0,
		"OriginalLogfile":"Microsoft-Windows-AppModel-Runtime%4Admin.evtx-ENZVIVNQ.json",
		"ActivityID":"A7FD8A1E-1408-0001-0048-FEA70814DB01",
		"PackageFullName":"Microsoft.XboxApp_48.49.31001.0_x64__8wekyb3d8bbwe",
		"CurrentStatus":0,
		"DesiredStatus":32,
		"User":"S-1-5-21-1421159008-4270732973-2479707347-1000"
	},
	{
		"Rule level":"medium",
		"title":"Certificate Private Key Acquired",
		"sigma_yml":"win_capi2_acquire_certificate_private_key.yml",
		"description":"Detects when an application acquires a certificate private key",
		"row_id":7358,
		"Channel":"Microsoft-Windows-AppModel-Runtime/Admin",
		"Computer":"DESKTOP-47I4RLN",
		"EventID":70,
		"EventRecordID":418,
		"ProcessID":5516,
		"ThreadID":4960,
		"Keywords":"0x2000000000000001",
		"Level":4,
		"Opcode":0,
		"Guid":"F1EF270A-0D32-4352-BA52-DBAB41E1D859",
		"Provider_Name":"Microsoft-Windows-AppModel-Runtime",
		"UserID":"S-1-5-18",
		"Task":0,
		"SystemTime":"2024-10-01T15:55:10.645047Z",
		"Version":0,
		"OriginalLogfile":"Microsoft-Windows-AppModel-Runtime%4Admin.evtx-ENZVIVNQ.json",
		"ActivityID":"A7FD8A1E-1408-0001-0048-FEA70814DB01",
		"PackageFullName":"Microsoft.XboxGameOverlay_1.46.11001.0_x64__8wekyb3d8bbwe",
		"CurrentStatus":0,
		"DesiredStatus":32,
		"User":"S-1-5-21-1421159008-4270732973-2479707347-1000"
	},
	{
		"Rule level":"medium",
		"title":"Certificate Private Key Acquired",
		"sigma_yml":"win_capi2_acquire_certificate_private_key.yml",
		"description":"Detects when an application acquires a certificate private key",
		"row_id":7359,
		"Channel":"Microsoft-Windows-AppModel-Runtime/Admin",
		"Computer":"DESKTOP-47I4RLN",
		"EventID":70,
		"EventRecordID":419,
		"ProcessID":5516,
		"ThreadID":4960,
		"Keywords":"0x2000000000000001",
		"Level":4,
		"Opcode":0,
		"Guid":"F1EF270A-0D32-4352-BA52-DBAB41E1D859",
		"Provider_Name":"Microsoft-Windows-AppModel-Runtime",
		"UserID":"S-1-5-18",
		"Task":0,
		"SystemTime":"2024-10-01T15:55:10.645439Z",
		"Version":0,
		"OriginalLogfile":"Microsoft-Windows-AppModel-Runtime%4Admin.evtx-ENZVIVNQ.json",
		"ActivityID":"A7FD8A1E-1408-0001-0048-FEA70814DB01",
		"PackageFullName":"Microsoft.XboxGamingOverlay_2.34.28001.0_x64__8wekyb3d8bbwe",
		"CurrentStatus":0,
		"DesiredStatus":32,
		"User":"S-1-5-21-1421159008-4270732973-2479707347-1000"
	},
	{
		"Rule level":"medium",
		"title":"Certificate Private Key Acquired",
		"sigma_yml":"win_capi2_acquire_certificate_private_key.yml",
		"description":"Detects when an application acquires a certificate private key",
		"row_id":7360,
		"Channel":"Microsoft-Windows-AppModel-Runtime/Admin",
		"Computer":"DESKTOP-47I4RLN",
		"EventID":70,
		"EventRecordID":420,
		"ProcessID":5516,
		"ThreadID":4960,
		"Keywords":"0x2000000000000001",
		"Level":4,
		"Opcode":0,
		"Guid":"F1EF270A-0D32-4352-BA52-DBAB41E1D859",
		"Provider_Name":"Microsoft-Windows-AppModel-Runtime",
		"UserID":"S-1-5-18",
		"Task":0,
		"SystemTime":"2024-10-01T15:55:10.645619Z",
		"Version":0,
		"OriginalLogfile":"Microsoft-Windows-AppModel-Runtime%4Admin.evtx-ENZVIVNQ.json",
		"ActivityID":"A7FD8A1E-1408-0001-0048-FEA70814DB01",
		"PackageFullName":"Microsoft.XboxIdentityProvider_12.50.6001.0_x64__8wekyb3d8bbwe",
		"CurrentStatus":0,
		"DesiredStatus":32,
		"User":"S-1-5-21-1421159008-4270732973-2479707347-1000"
	},
	{
		"Rule level":"medium",
		"title":"Certificate Private Key Acquired",
		"sigma_yml":"win_capi2_acquire_certificate_private_key.yml",
		"description":"Detects when an application acquires a certificate private key",
		"row_id":7361,
		"Channel":"Microsoft-Windows-AppModel-Runtime/Admin",
		"Computer":"DESKTOP-47I4RLN",
		"EventID":70,
		"EventRecordID":421,
		"ProcessID":5516,
		"ThreadID":4960,
		"Keywords":"0x2000000000000001",
		"Level":4,
		"Opcode":0,
		"Guid":"F1EF270A-0D32-4352-BA52-DBAB41E1D859",
		"Provider_Name":"Microsoft-Windows-AppModel-Runtime",
		"UserID":"S-1-5-18",
		"Task":0,
		"SystemTime":"2024-10-01T15:55:10.645782Z",
		"Version":0,
		"OriginalLogfile":"Microsoft-Windows-AppModel-Runtime%4Admin.evtx-ENZVIVNQ.json",
		"ActivityID":"A7FD8A1E-1408-0001-0048-FEA70814DB01",
		"PackageFullName":"Microsoft.XboxSpeechToTextOverlay_1.17.29001.0_x64__8wekyb3d8bbwe",
		"CurrentStatus":0,
		"DesiredStatus":32,
		"User":"S-1-5-21-1421159008-4270732973-2479707347-1000"
	},
	{
		"Rule level":"medium",
		"title":"Certificate Private Key Acquired",
		"sigma_yml":"win_capi2_acquire_certificate_private_key.yml",
		"description":"Detects when an application acquires a certificate private key",
		"row_id":7362,
		"Channel":"Microsoft-Windows-AppModel-Runtime/Admin",
		"Computer":"DESKTOP-47I4RLN",
		"EventID":70,
		"EventRecordID":422,
		"ProcessID":5516,
		"ThreadID":4960,
		"Keywords":"0x2000000000000001",
		"Level":4,
		"Opcode":0,
		"Guid":"F1EF270A-0D32-4352-BA52-DBAB41E1D859",
		"Provider_Name":"Microsoft-Windows-AppModel-Runtime",
		"UserID":"S-1-5-18",
		"Task":0,
		"SystemTime":"2024-10-01T15:55:10.645942Z",
		"Version":0,
		"OriginalLogfile":"Microsoft-Windows-AppModel-Runtime%4Admin.evtx-ENZVIVNQ.json",
		"ActivityID":"A7FD8A1E-1408-0001-0048-FEA70814DB01",
		"PackageFullName":"Microsoft.YourPhone_0.19051.7.0_x64__8wekyb3d8bbwe",
		"CurrentStatus":0,
		"DesiredStatus":32,
		"User":"S-1-5-21-1421159008-4270732973-2479707347-1000"
	},
	{
		"Rule level":"medium",
		"title":"Certificate Private Key Acquired",
		"sigma_yml":"win_capi2_acquire_certificate_private_key.yml",
		"description":"Detects when an application acquires a certificate private key",
		"row_id":7363,
		"Channel":"Microsoft-Windows-AppModel-Runtime/Admin",
		"Computer":"DESKTOP-47I4RLN",
		"EventID":70,
		"EventRecordID":423,
		"ProcessID":5516,
		"ThreadID":4960,
		"Keywords":"0x2000000000000001",
		"Level":4,
		"Opcode":0,
		"Guid":"F1EF270A-0D32-4352-BA52-DBAB41E1D859",
		"Provider_Name":"Microsoft-Windows-AppModel-Runtime",
		"UserID":"S-1-5-18",
		"Task":0,
		"SystemTime":"2024-10-01T15:55:10.646107Z",
		"Version":0,
		"OriginalLogfile":"Microsoft-Windows-AppModel-Runtime%4Admin.evtx-ENZVIVNQ.json",
		"ActivityID":"A7FD8A1E-1408-0001-0048-FEA70814DB01",
		"PackageFullName":"Microsoft.ZuneMusic_10.19071.19011.0_x64__8wekyb3d8bbwe",
		"CurrentStatus":0,
		"DesiredStatus":32,
		"User":"S-1-5-21-1421159008-4270732973-2479707347-1000"
	},
	{
		"Rule level":"medium",
		"title":"Certificate Private Key Acquired",
		"sigma_yml":"win_capi2_acquire_certificate_private_key.yml",
		"description":"Detects when an application acquires a certificate private key",
		"row_id":7364,
		"Channel":"Microsoft-Windows-AppModel-Runtime/Admin",
		"Computer":"DESKTOP-47I4RLN",
		"EventID":70,
		"EventRecordID":424,
		"ProcessID":5516,
		"ThreadID":4960,
		"Keywords":"0x2000000000000001",
		"Level":4,
		"Opcode":0,
		"Guid":"F1EF270A-0D32-4352-BA52-DBAB41E1D859",
		"Provider_Name":"Microsoft-Windows-AppModel-Runtime",
		"UserID":"S-1-5-18",
		"Task":0,
		"SystemTime":"2024-10-01T15:55:10.646283Z",
		"Version":0,
		"OriginalLogfile":"Microsoft-Windows-AppModel-Runtime%4Admin.evtx-ENZVIVNQ.json",
		"ActivityID":"A7FD8A1E-1408-0001-0048-FEA70814DB01",
		"PackageFullName":"Microsoft.ZuneVideo_10.19071.19011.0_x64__8wekyb3d8bbwe",
		"CurrentStatus":0,
		"DesiredStatus":32,
		"User":"S-1-5-21-1421159008-4270732973-2479707347-1000"
	},
	{
		"Rule level":"medium",
		"title":"Certificate Private Key Acquired",
		"sigma_yml":"win_capi2_acquire_certificate_private_key.yml",
		"description":"Detects when an application acquires a certificate private key",
		"row_id":7366,
		"Channel":"Microsoft-Windows-AppModel-Runtime/Admin",
		"Computer":"DESKTOP-47I4RLN",
		"EventID":70,
		"EventRecordID":426,
		"ProcessID":5516,
		"ThreadID":4960,
		"Keywords":"0x2000000000000001",
		"Level":4,
		"Opcode":0,
		"Guid":"F1EF270A-0D32-4352-BA52-DBAB41E1D859",
		"Provider_Name":"Microsoft-Windows-AppModel-Runtime",
		"UserID":"S-1-5-18",
		"Task":0,
		"SystemTime":"2024-10-01T15:55:11.201214Z",
		"Version":0,
		"OriginalLogfile":"Microsoft-Windows-AppModel-Runtime%4Admin.evtx-ENZVIVNQ.json",
		"ActivityID":"A7FD8A1E-1408-0001-0048-FEA70814DB01",
		"PackageFullName":"Microsoft.VCLibs.140.00_14.0.33519.0_x64__8wekyb3d8bbwe",
		"CurrentStatus":32,
		"DesiredStatus":0,
		"User":"S-1-5-21-1421159008-4270732973-2479707347-1000"
	},
	{
		"Rule level":"medium",
		"title":"Certificate Private Key Acquired",
		"sigma_yml":"win_capi2_acquire_certificate_private_key.yml",
		"description":"Detects when an application acquires a certificate private key",
		"row_id":7367,
		"Channel":"Microsoft-Windows-AppModel-Runtime/Admin",
		"Computer":"DESKTOP-47I4RLN",
		"EventID":70,
		"EventRecordID":427,
		"ProcessID":5516,
		"ThreadID":4960,
		"Keywords":"0x2000000000000001",
		"Level":4,
		"Opcode":0,
		"Guid":"F1EF270A-0D32-4352-BA52-DBAB41E1D859",
		"Provider_Name":"Microsoft-Windows-AppModel-Runtime",
		"UserID":"S-1-5-18",
		"Task":0,
		"SystemTime":"2024-10-01T15:55:11.201447Z",
		"Version":0,
		"OriginalLogfile":"Microsoft-Windows-AppModel-Runtime%4Admin.evtx-ENZVIVNQ.json",
		"ActivityID":"A7FD8A1E-1408-0001-0048-FEA70814DB01",
		"PackageFullName":"Microsoft.549981C3F5F10_1.1911.21713.0_x64__8wekyb3d8bbwe",
		"CurrentStatus":32,
		"DesiredStatus":0,
		"User":"S-1-5-21-1421159008-4270732973-2479707347-1000"
	},
	{
		"Rule level":"medium",
		"title":"Certificate Private Key Acquired",
		"sigma_yml":"win_capi2_acquire_certificate_private_key.yml",
		"description":"Detects when an application acquires a certificate private key",
		"row_id":7368,
		"Channel":"Microsoft-Windows-AppModel-Runtime/Admin",
		"Computer":"DESKTOP-47I4RLN",
		"EventID":70,
		"EventRecordID":428,
		"ProcessID":5516,
		"ThreadID":4960,
		"Keywords":"0x2000000000000001",
		"Level":4,
		"Opcode":0,
		"Guid":"F1EF270A-0D32-4352-BA52-DBAB41E1D859",
		"Provider_Name":"Microsoft-Windows-AppModel-Runtime",
		"UserID":"S-1-5-18",
		"Task":0,
		"SystemTime":"2024-10-01T15:55:11.201626Z",
		"Version":0,
		"OriginalLogfile":"Microsoft-Windows-AppModel-Runtime%4Admin.evtx-ENZVIVNQ.json",
		"ActivityID":"A7FD8A1E-1408-0001-0048-FEA70814DB01",
		"PackageFullName":"Microsoft.BingWeather_4.25.20211.0_x64__8wekyb3d8bbwe",
		"CurrentStatus":32,
		"DesiredStatus":0,
		"User":"S-1-5-21-1421159008-4270732973-2479707347-1000"
	},
	{
		"Rule level":"medium",
		"title":"Certificate Private Key Acquired",
		"sigma_yml":"win_capi2_acquire_certificate_private_key.yml",
		"description":"Detects when an application acquires a certificate private key",
		"row_id":7369,
		"Channel":"Microsoft-Windows-AppModel-Runtime/Admin",
		"Computer":"DESKTOP-47I4RLN",
		"EventID":70,
		"EventRecordID":429,
		"ProcessID":5516,
		"ThreadID":4960,
		"Keywords":"0x2000000000000001",
		"Level":4,
		"Opcode":0,
		"Guid":"F1EF270A-0D32-4352-BA52-DBAB41E1D859",
		"Provider_Name":"Microsoft-Windows-AppModel-Runtime",
		"UserID":"S-1-5-18",
		"Task":0,
		"SystemTime":"2024-10-01T15:55:11.201800Z",
		"Version":0,
		"OriginalLogfile":"Microsoft-Windows-AppModel-Runtime%4Admin.evtx-ENZVIVNQ.json",
		"ActivityID":"A7FD8A1E-1408-0001-0048-FEA70814DB01",
		"PackageFullName":"Microsoft.DesktopAppInstaller_1.0.30251.0_x64__8wekyb3d8bbwe",
		"CurrentStatus":32,
		"DesiredStatus":0,
		"User":"S-1-5-21-1421159008-4270732973-2479707347-1000"
	},
	{
		"Rule level":"medium",
		"title":"Certificate Private Key Acquired",
		"sigma_yml":"win_capi2_acquire_certificate_private_key.yml",
		"description":"Detects when an application acquires a certificate private key",
		"row_id":7370,
		"Channel":"Microsoft-Windows-AppModel-Runtime/Admin",
		"Computer":"DESKTOP-47I4RLN",
		"EventID":70,
		"EventRecordID":430,
		"ProcessID":5516,
		"ThreadID":4960,
		"Keywords":"0x2000000000000001",
		"Level":4,
		"Opcode":0,
		"Guid":"F1EF270A-0D32-4352-BA52-DBAB41E1D859",
		"Provider_Name":"Microsoft-Windows-AppModel-Runtime",
		"UserID":"S-1-5-18",
		"Task":0,
		"SystemTime":"2024-10-01T15:55:11.201959Z",
		"Version":0,
		"OriginalLogfile":"Microsoft-Windows-AppModel-Runtime%4Admin.evtx-ENZVIVNQ.json",
		"ActivityID":"A7FD8A1E-1408-0001-0048-FEA70814DB01",
		"PackageFullName":"Microsoft.GetHelp_10.1706.13331.0_x64__8wekyb3d8bbwe",
		"CurrentStatus":32,
		"DesiredStatus":0,
		"User":"S-1-5-21-1421159008-4270732973-2479707347-1000"
	},
	{
		"Rule level":"medium",
		"title":"Certificate Private Key Acquired",
		"sigma_yml":"win_capi2_acquire_certificate_private_key.yml",
		"description":"Detects when an application acquires a certificate private key",
		"row_id":7371,
		"Channel":"Microsoft-Windows-AppModel-Runtime/Admin",
		"Computer":"DESKTOP-47I4RLN",
		"EventID":70,
		"EventRecordID":431,
		"ProcessID":5516,
		"ThreadID":4960,
		"Keywords":"0x2000000000000001",
		"Level":4,
		"Opcode":0,
		"Guid":"F1EF270A-0D32-4352-BA52-DBAB41E1D859",
		"Provider_Name":"Microsoft-Windows-AppModel-Runtime",
		"UserID":"S-1-5-18",
		"Task":0,
		"SystemTime":"2024-10-01T15:55:11.202128Z",
		"Version":0,
		"OriginalLogfile":"Microsoft-Windows-AppModel-Runtime%4Admin.evtx-ENZVIVNQ.json",
		"ActivityID":"A7FD8A1E-1408-0001-0048-FEA70814DB01",
		"PackageFullName":"Microsoft.Getstarted_8.2.22942.0_x64__8wekyb3d8bbwe",
		"CurrentStatus":32,
		"DesiredStatus":0,
		"User":"S-1-5-21-1421159008-4270732973-2479707347-1000"
	},
	{
		"Rule level":"medium",
		"title":"Certificate Private Key Acquired",
		"sigma_yml":"win_capi2_acquire_certificate_private_key.yml",
		"description":"Detects when an application acquires a certificate private key",
		"row_id":7372,
		"Channel":"Microsoft-Windows-AppModel-Runtime/Admin",
		"Computer":"DESKTOP-47I4RLN",
		"EventID":70,
		"EventRecordID":432,
		"ProcessID":5516,
		"ThreadID":4960,
		"Keywords":"0x2000000000000001",
		"Level":4,
		"Opcode":0,
		"Guid":"F1EF270A-0D32-4352-BA52-DBAB41E1D859",
		"Provider_Name":"Microsoft-Windows-AppModel-Runtime",
		"UserID":"S-1-5-18",
		"Task":0,
		"SystemTime":"2024-10-01T15:55:11.202347Z",
		"Version":0,
		"OriginalLogfile":"Microsoft-Windows-AppModel-Runtime%4Admin.evtx-ENZVIVNQ.json",
		"ActivityID":"A7FD8A1E-1408-0001-0048-FEA70814DB01",
		"PackageFullName":"Microsoft.HEIFImageExtension_1.0.22742.0_x64__8wekyb3d8bbwe",
		"CurrentStatus":32,
		"DesiredStatus":0,
		"User":"S-1-5-21-1421159008-4270732973-2479707347-1000"
	},
	{
		"Rule level":"medium",
		"title":"Certificate Private Key Acquired",
		"sigma_yml":"win_capi2_acquire_certificate_private_key.yml",
		"description":"Detects when an application acquires a certificate private key",
		"row_id":7373,
		"Channel":"Microsoft-Windows-AppModel-Runtime/Admin",
		"Computer":"DESKTOP-47I4RLN",
		"EventID":70,
		"EventRecordID":433,
		"ProcessID":5516,
		"ThreadID":4960,
		"Keywords":"0x2000000000000001",
		"Level":4,
		"Opcode":0,
		"Guid":"F1EF270A-0D32-4352-BA52-DBAB41E1D859",
		"Provider_Name":"Microsoft-Windows-AppModel-Runtime",
		"UserID":"S-1-5-18",
		"Task":0,
		"SystemTime":"2024-10-01T15:55:11.202506Z",
		"Version":0,
		"OriginalLogfile":"Microsoft-Windows-AppModel-Runtime%4Admin.evtx-ENZVIVNQ.json",
		"ActivityID":"A7FD8A1E-1408-0001-0048-FEA70814DB01",
		"PackageFullName":"Microsoft.Microsoft3DViewer_6.1908.2042.0_x64__8wekyb3d8bbwe",
		"CurrentStatus":32,
		"DesiredStatus":0,
		"User":"S-1-5-21-1421159008-4270732973-2479707347-1000"
	},
	{
		"Rule level":"medium",
		"title":"Certificate Private Key Acquired",
		"sigma_yml":"win_capi2_acquire_certificate_private_key.yml",
		"description":"Detects when an application acquires a certificate private key",
		"row_id":7374,
		"Channel":"Microsoft-Windows-AppModel-Runtime/Admin",
		"Computer":"DESKTOP-47I4RLN",
		"EventID":70,
		"EventRecordID":434,
		"ProcessID":5516,
		"ThreadID":4960,
		"Keywords":"0x2000000000000001",
		"Level":4,
		"Opcode":0,
		"Guid":"F1EF270A-0D32-4352-BA52-DBAB41E1D859",
		"Provider_Name":"Microsoft-Windows-AppModel-Runtime",
		"UserID":"S-1-5-18",
		"Task":0,
		"SystemTime":"2024-10-01T15:55:11.202671Z",
		"Version":0,
		"OriginalLogfile":"Microsoft-Windows-AppModel-Runtime%4Admin.evtx-ENZVIVNQ.json",
		"ActivityID":"A7FD8A1E-1408-0001-0048-FEA70814DB01",
		"PackageFullName":"Microsoft.MicrosoftOfficeHub_18.1903.1152.0_x64__8wekyb3d8bbwe",
		"CurrentStatus":32,
		"DesiredStatus":0,
		"User":"S-1-5-21-1421159008-4270732973-2479707347-1000"
	},
	{
		"Rule level":"medium",
		"title":"Certificate Private Key Acquired",
		"sigma_yml":"win_capi2_acquire_certificate_private_key.yml",
		"description":"Detects when an application acquires a certificate private key",
		"row_id":7375,
		"Channel":"Microsoft-Windows-AppModel-Runtime/Admin",
		"Computer":"DESKTOP-47I4RLN",
		"EventID":70,
		"EventRecordID":435,
		"ProcessID":5516,
		"ThreadID":4960,
		"Keywords":"0x2000000000000001",
		"Level":4,
		"Opcode":0,
		"Guid":"F1EF270A-0D32-4352-BA52-DBAB41E1D859",
		"Provider_Name":"Microsoft-Windows-AppModel-Runtime",
		"UserID":"S-1-5-18",
		"Task":0,
		"SystemTime":"2024-10-01T15:55:11.202827Z",
		"Version":0,
		"OriginalLogfile":"Microsoft-Windows-AppModel-Runtime%4Admin.evtx-ENZVIVNQ.json",
		"ActivityID":"A7FD8A1E-1408-0001-0048-FEA70814DB01",
		"PackageFullName":"Microsoft.MicrosoftSolitaireCollection_4.4.8204.0_x64__8wekyb3d8bbwe",
		"CurrentStatus":32,
		"DesiredStatus":0,
		"User":"S-1-5-21-1421159008-4270732973-2479707347-1000"
	},
	{
		"Rule level":"medium",
		"title":"Certificate Private Key Acquired",
		"sigma_yml":"win_capi2_acquire_certificate_private_key.yml",
		"description":"Detects when an application acquires a certificate private key",
		"row_id":7376,
		"Channel":"Microsoft-Windows-AppModel-Runtime/Admin",
		"Computer":"DESKTOP-47I4RLN",
		"EventID":70,
		"EventRecordID":436,
		"ProcessID":5516,
		"ThreadID":4960,
		"Keywords":"0x2000000000000001",
		"Level":4,
		"Opcode":0,
		"Guid":"F1EF270A-0D32-4352-BA52-DBAB41E1D859",
		"Provider_Name":"Microsoft-Windows-AppModel-Runtime",
		"UserID":"S-1-5-18",
		"Task":0,
		"SystemTime":"2024-10-01T15:55:11.202979Z",
		"Version":0,
		"OriginalLogfile":"Microsoft-Windows-AppModel-Runtime%4Admin.evtx-ENZVIVNQ.json",
		"ActivityID":"A7FD8A1E-1408-0001-0048-FEA70814DB01",
		"PackageFullName":"Microsoft.MicrosoftStickyNotes_3.6.73.0_x64__8wekyb3d8bbwe",
		"CurrentStatus":32,
		"DesiredStatus":0,
		"User":"S-1-5-21-1421159008-4270732973-2479707347-1000"
	},
	{
		"Rule level":"medium",
		"title":"Certificate Private Key Acquired",
		"sigma_yml":"win_capi2_acquire_certificate_private_key.yml",
		"description":"Detects when an application acquires a certificate private key",
		"row_id":7377,
		"Channel":"Microsoft-Windows-AppModel-Runtime/Admin",
		"Computer":"DESKTOP-47I4RLN",
		"EventID":70,
		"EventRecordID":437,
		"ProcessID":5516,
		"ThreadID":4960,
		"Keywords":"0x2000000000000001",
		"Level":4,
		"Opcode":0,
		"Guid":"F1EF270A-0D32-4352-BA52-DBAB41E1D859",
		"Provider_Name":"Microsoft-Windows-AppModel-Runtime",
		"UserID":"S-1-5-18",
		"Task":0,
		"SystemTime":"2024-10-01T15:55:11.203136Z",
		"Version":0,
		"OriginalLogfile":"Microsoft-Windows-AppModel-Runtime%4Admin.evtx-ENZVIVNQ.json",
		"ActivityID":"A7FD8A1E-1408-0001-0048-FEA70814DB01",
		"PackageFullName":"Microsoft.MixedReality.Portal_2000.19081.1301.0_x64__8wekyb3d8bbwe",
		"CurrentStatus":32,
		"DesiredStatus":0,
		"User":"S-1-5-21-1421159008-4270732973-2479707347-1000"
	},
	{
		"Rule level":"medium",
		"title":"Certificate Private Key Acquired",
		"sigma_yml":"win_capi2_acquire_certificate_private_key.yml",
		"description":"Detects when an application acquires a certificate private key",
		"row_id":7378,
		"Channel":"Microsoft-Windows-AppModel-Runtime/Admin",
		"Computer":"DESKTOP-47I4RLN",
		"EventID":70,
		"EventRecordID":438,
		"ProcessID":5516,
		"ThreadID":4960,
		"Keywords":"0x2000000000000001",
		"Level":4,
		"Opcode":0,
		"Guid":"F1EF270A-0D32-4352-BA52-DBAB41E1D859",
		"Provider_Name":"Microsoft-Windows-AppModel-Runtime",
		"UserID":"S-1-5-18",
		"Task":0,
		"SystemTime":"2024-10-01T15:55:11.203379Z",
		"Version":0,
		"OriginalLogfile":"Microsoft-Windows-AppModel-Runtime%4Admin.evtx-ENZVIVNQ.json",
		"ActivityID":"A7FD8A1E-1408-0001-0048-FEA70814DB01",
		"PackageFullName":"Microsoft.MSPaint_6.1907.29027.0_x64__8wekyb3d8bbwe",
		"CurrentStatus":32,
		"DesiredStatus":0,
		"User":"S-1-5-21-1421159008-4270732973-2479707347-1000"
	},
	{
		"Rule level":"medium",
		"title":"Certificate Private Key Acquired",
		"sigma_yml":"win_capi2_acquire_certificate_private_key.yml",
		"description":"Detects when an application acquires a certificate private key",
		"row_id":7379,
		"Channel":"Microsoft-Windows-AppModel-Runtime/Admin",
		"Computer":"DESKTOP-47I4RLN",
		"EventID":70,
		"EventRecordID":439,
		"ProcessID":5516,
		"ThreadID":4960,
		"Keywords":"0x2000000000000001",
		"Level":4,
		"Opcode":0,
		"Guid":"F1EF270A-0D32-4352-BA52-DBAB41E1D859",
		"Provider_Name":"Microsoft-Windows-AppModel-Runtime",
		"UserID":"S-1-5-18",
		"Task":0,
		"SystemTime":"2024-10-01T15:55:11.203538Z",
		"Version":0,
		"OriginalLogfile":"Microsoft-Windows-AppModel-Runtime%4Admin.evtx-ENZVIVNQ.json",
		"ActivityID":"A7FD8A1E-1408-0001-0048-FEA70814DB01",
		"PackageFullName":"Microsoft.Office.OneNote_16001.12026.20112.0_x64__8wekyb3d8bbwe",
		"CurrentStatus":32,
		"DesiredStatus":0,
		"User":"S-1-5-21-1421159008-4270732973-2479707347-1000"
	},
	{
		"Rule level":"medium",
		"title":"Certificate Private Key Acquired",
		"sigma_yml":"win_capi2_acquire_certificate_private_key.yml",
		"description":"Detects when an application acquires a certificate private key",
		"row_id":7380,
		"Channel":"Microsoft-Windows-AppModel-Runtime/Admin",
		"Computer":"DESKTOP-47I4RLN",
		"EventID":70,
		"EventRecordID":440,
		"ProcessID":5516,
		"ThreadID":4960,
		"Keywords":"0x2000000000000001",
		"Level":4,
		"Opcode":0,
		"Guid":"F1EF270A-0D32-4352-BA52-DBAB41E1D859",
		"Provider_Name":"Microsoft-Windows-AppModel-Runtime",
		"UserID":"S-1-5-18",
		"Task":0,
		"SystemTime":"2024-10-01T15:55:11.203736Z",
		"Version":0,
		"OriginalLogfile":"Microsoft-Windows-AppModel-Runtime%4Admin.evtx-ENZVIVNQ.json",
		"ActivityID":"A7FD8A1E-1408-0001-0048-FEA70814DB01",
		"PackageFullName":"Microsoft.People_10.1902.633.0_x64__8wekyb3d8bbwe",
		"CurrentStatus":32,
		"DesiredStatus":0,
		"User":"S-1-5-21-1421159008-4270732973-2479707347-1000"
	},
	{
		"Rule level":"medium",
		"title":"Certificate Private Key Acquired",
		"sigma_yml":"win_capi2_acquire_certificate_private_key.yml",
		"description":"Detects when an application acquires a certificate private key",
		"row_id":7381,
		"Channel":"Microsoft-Windows-AppModel-Runtime/Admin",
		"Computer":"DESKTOP-47I4RLN",
		"EventID":70,
		"EventRecordID":441,
		"ProcessID":5516,
		"ThreadID":4960,
		"Keywords":"0x2000000000000001",
		"Level":4,
		"Opcode":0,
		"Guid":"F1EF270A-0D32-4352-BA52-DBAB41E1D859",
		"Provider_Name":"Microsoft-Windows-AppModel-Runtime",
		"UserID":"S-1-5-18",
		"Task":0,
		"SystemTime":"2024-10-01T15:55:11.203889Z",
		"Version":0,
		"OriginalLogfile":"Microsoft-Windows-AppModel-Runtime%4Admin.evtx-ENZVIVNQ.json",
		"ActivityID":"A7FD8A1E-1408-0001-0048-FEA70814DB01",
		"PackageFullName":"Microsoft.ScreenSketch_10.1907.2471.0_x64__8wekyb3d8bbwe",
		"CurrentStatus":32,
		"DesiredStatus":0,
		"User":"S-1-5-21-1421159008-4270732973-2479707347-1000"
	},
	{
		"Rule level":"medium",
		"title":"Certificate Private Key Acquired",
		"sigma_yml":"win_capi2_acquire_certificate_private_key.yml",
		"description":"Detects when an application acquires a certificate private key",
		"row_id":7382,
		"Channel":"Microsoft-Windows-AppModel-Runtime/Admin",
		"Computer":"DESKTOP-47I4RLN",
		"EventID":70,
		"EventRecordID":442,
		"ProcessID":5516,
		"ThreadID":4960,
		"Keywords":"0x2000000000000001",
		"Level":4,
		"Opcode":0,
		"Guid":"F1EF270A-0D32-4352-BA52-DBAB41E1D859",
		"Provider_Name":"Microsoft-Windows-AppModel-Runtime",
		"UserID":"S-1-5-18",
		"Task":0,
		"SystemTime":"2024-10-01T15:55:11.204047Z",
		"Version":0,
		"OriginalLogfile":"Microsoft-Windows-AppModel-Runtime%4Admin.evtx-ENZVIVNQ.json",
		"ActivityID":"A7FD8A1E-1408-0001-0048-FEA70814DB01",
		"PackageFullName":"Microsoft.SkypeApp_14.53.77.0_x64__kzf8qxf38zg5c",
		"CurrentStatus":32,
		"DesiredStatus":0,
		"User":"S-1-5-21-1421159008-4270732973-2479707347-1000"
	},
	{
		"Rule level":"medium",
		"title":"Certificate Private Key Acquired",
		"sigma_yml":"win_capi2_acquire_certificate_private_key.yml",
		"description":"Detects when an application acquires a certificate private key",
		"row_id":7383,
		"Channel":"Microsoft-Windows-AppModel-Runtime/Admin",
		"Computer":"DESKTOP-47I4RLN",
		"EventID":70,
		"EventRecordID":443,
		"ProcessID":5516,
		"ThreadID":4960,
		"Keywords":"0x2000000000000001",
		"Level":4,
		"Opcode":0,
		"Guid":"F1EF270A-0D32-4352-BA52-DBAB41E1D859",
		"Provider_Name":"Microsoft-Windows-AppModel-Runtime",
		"UserID":"S-1-5-18",
		"Task":0,
		"SystemTime":"2024-10-01T15:55:11.204229Z",
		"Version":0,
		"OriginalLogfile":"Microsoft-Windows-AppModel-Runtime%4Admin.evtx-ENZVIVNQ.json",
		"ActivityID":"A7FD8A1E-1408-0001-0048-FEA70814DB01",
		"PackageFullName":"Microsoft.StorePurchaseApp_11811.1001.18.0_x64__8wekyb3d8bbwe",
		"CurrentStatus":32,
		"DesiredStatus":0,
		"User":"S-1-5-21-1421159008-4270732973-2479707347-1000"
	},
	{
		"Rule level":"medium",
		"title":"Certificate Private Key Acquired",
		"sigma_yml":"win_capi2_acquire_certificate_private_key.yml",
		"description":"Detects when an application acquires a certificate private key",
		"row_id":7384,
		"Channel":"Microsoft-Windows-AppModel-Runtime/Admin",
		"Computer":"DESKTOP-47I4RLN",
		"EventID":70,
		"EventRecordID":444,
		"ProcessID":5516,
		"ThreadID":4960,
		"Keywords":"0x2000000000000001",
		"Level":4,
		"Opcode":0,
		"Guid":"F1EF270A-0D32-4352-BA52-DBAB41E1D859",
		"Provider_Name":"Microsoft-Windows-AppModel-Runtime",
		"UserID":"S-1-5-18",
		"Task":0,
		"SystemTime":"2024-10-01T15:55:11.204385Z",
		"Version":0,
		"OriginalLogfile":"Microsoft-Windows-AppModel-Runtime%4Admin.evtx-ENZVIVNQ.json",
		"ActivityID":"A7FD8A1E-1408-0001-0048-FEA70814DB01",
		"PackageFullName":"Microsoft.VP9VideoExtensions_1.0.22681.0_x64__8wekyb3d8bbwe",
		"CurrentStatus":32,
		"DesiredStatus":0,
		"User":"S-1-5-21-1421159008-4270732973-2479707347-1000"
	},
	{
		"Rule level":"medium",
		"title":"Certificate Private Key Acquired",
		"sigma_yml":"win_capi2_acquire_certificate_private_key.yml",
		"description":"Detects when an application acquires a certificate private key",
		"row_id":7385,
		"Channel":"Microsoft-Windows-AppModel-Runtime/Admin",
		"Computer":"DESKTOP-47I4RLN",
		"EventID":70,
		"EventRecordID":445,
		"ProcessID":5516,
		"ThreadID":4960,
		"Keywords":"0x2000000000000001",
		"Level":4,
		"Opcode":0,
		"Guid":"F1EF270A-0D32-4352-BA52-DBAB41E1D859",
		"Provider_Name":"Microsoft-Windows-AppModel-Runtime",
		"UserID":"S-1-5-18",
		"Task":0,
		"SystemTime":"2024-10-01T15:55:11.204542Z",
		"Version":0,
		"OriginalLogfile":"Microsoft-Windows-AppModel-Runtime%4Admin.evtx-ENZVIVNQ.json",
		"ActivityID":"A7FD8A1E-1408-0001-0048-FEA70814DB01",
		"PackageFullName":"Microsoft.Wallet_2.4.18324.0_x64__8wekyb3d8bbwe",
		"CurrentStatus":32,
		"DesiredStatus":0,
		"User":"S-1-5-21-1421159008-4270732973-2479707347-1000"
	},
	{
		"Rule level":"medium",
		"title":"Certificate Private Key Acquired",
		"sigma_yml":"win_capi2_acquire_certificate_private_key.yml",
		"description":"Detects when an application acquires a certificate private key",
		"row_id":7386,
		"Channel":"Microsoft-Windows-AppModel-Runtime/Admin",
		"Computer":"DESKTOP-47I4RLN",
		"EventID":70,
		"EventRecordID":446,
		"ProcessID":5516,
		"ThreadID":4960,
		"Keywords":"0x2000000000000001",
		"Level":4,
		"Opcode":0,
		"Guid":"F1EF270A-0D32-4352-BA52-DBAB41E1D859",
		"Provider_Name":"Microsoft-Windows-AppModel-Runtime",
		"UserID":"S-1-5-18",
		"Task":0,
		"SystemTime":"2024-10-01T15:55:11.204700Z",
		"Version":0,
		"OriginalLogfile":"Microsoft-Windows-AppModel-Runtime%4Admin.evtx-ENZVIVNQ.json",
		"ActivityID":"A7FD8A1E-1408-0001-0048-FEA70814DB01",
		"PackageFullName":"Microsoft.WebMediaExtensions_1.0.20875.0_x64__8wekyb3d8bbwe",
		"CurrentStatus":32,
		"DesiredStatus":0,
		"User":"S-1-5-21-1421159008-4270732973-2479707347-1000"
	},
	{
		"Rule level":"medium",
		"title":"Certificate Private Key Acquired",
		"sigma_yml":"win_capi2_acquire_certificate_private_key.yml",
		"description":"Detects when an application acquires a certificate private key",
		"row_id":7387,
		"Channel":"Microsoft-Windows-AppModel-Runtime/Admin",
		"Computer":"DESKTOP-47I4RLN",
		"EventID":70,
		"EventRecordID":447,
		"ProcessID":5516,
		"ThreadID":4960,
		"Keywords":"0x2000000000000001",
		"Level":4,
		"Opcode":0,
		"Guid":"F1EF270A-0D32-4352-BA52-DBAB41E1D859",
		"Provider_Name":"Microsoft-Windows-AppModel-Runtime",
		"UserID":"S-1-5-18",
		"Task":0,
		"SystemTime":"2024-10-01T15:55:11.204891Z",
		"Version":0,
		"OriginalLogfile":"Microsoft-Windows-AppModel-Runtime%4Admin.evtx-ENZVIVNQ.json",
		"ActivityID":"A7FD8A1E-1408-0001-0048-FEA70814DB01",
		"PackageFullName":"Microsoft.WebpImageExtension_1.0.22753.0_x64__8wekyb3d8bbwe",
		"CurrentStatus":32,
		"DesiredStatus":0,
		"User":"S-1-5-21-1421159008-4270732973-2479707347-1000"
	},
	{
		"Rule level":"medium",
		"title":"Certificate Private Key Acquired",
		"sigma_yml":"win_capi2_acquire_certificate_private_key.yml",
		"description":"Detects when an application acquires a certificate private key",
		"row_id":7388,
		"Channel":"Microsoft-Windows-AppModel-Runtime/Admin",
		"Computer":"DESKTOP-47I4RLN",
		"EventID":70,
		"EventRecordID":448,
		"ProcessID":5516,
		"ThreadID":4960,
		"Keywords":"0x2000000000000001",
		"Level":4,
		"Opcode":0,
		"Guid":"F1EF270A-0D32-4352-BA52-DBAB41E1D859",
		"Provider_Name":"Microsoft-Windows-AppModel-Runtime",
		"UserID":"S-1-5-18",
		"Task":0,
		"SystemTime":"2024-10-01T15:55:11.205081Z",
		"Version":0,
		"OriginalLogfile":"Microsoft-Windows-AppModel-Runtime%4Admin.evtx-ENZVIVNQ.json",
		"ActivityID":"A7FD8A1E-1408-0001-0048-FEA70814DB01",
		"PackageFullName":"Microsoft.Windows.Photos_2019.19071.12548.0_x64__8wekyb3d8bbwe",
		"CurrentStatus":32,
		"DesiredStatus":0,
		"User":"S-1-5-21-1421159008-4270732973-2479707347-1000"
	},
	{
		"Rule level":"medium",
		"title":"Certificate Private Key Acquired",
		"sigma_yml":"win_capi2_acquire_certificate_private_key.yml",
		"description":"Detects when an application acquires a certificate private key",
		"row_id":7389,
		"Channel":"Microsoft-Windows-AppModel-Runtime/Admin",
		"Computer":"DESKTOP-47I4RLN",
		"EventID":70,
		"EventRecordID":449,
		"ProcessID":5516,
		"ThreadID":4960,
		"Keywords":"0x2000000000000001",
		"Level":4,
		"Opcode":0,
		"Guid":"F1EF270A-0D32-4352-BA52-DBAB41E1D859",
		"Provider_Name":"Microsoft-Windows-AppModel-Runtime",
		"UserID":"S-1-5-18",
		"Task":0,
		"SystemTime":"2024-10-01T15:55:11.205319Z",
		"Version":0,
		"OriginalLogfile":"Microsoft-Windows-AppModel-Runtime%4Admin.evtx-ENZVIVNQ.json",
		"ActivityID":"A7FD8A1E-1408-0001-0048-FEA70814DB01",
		"PackageFullName":"Microsoft.WindowsAlarms_10.1906.2182.0_x64__8wekyb3d8bbwe",
		"CurrentStatus":32,
		"DesiredStatus":0,
		"User":"S-1-5-21-1421159008-4270732973-2479707347-1000"
	},
	{
		"Rule level":"medium",
		"title":"Certificate Private Key Acquired",
		"sigma_yml":"win_capi2_acquire_certificate_private_key.yml",
		"description":"Detects when an application acquires a certificate private key",
		"row_id":7390,
		"Channel":"Microsoft-Windows-AppModel-Runtime/Admin",
		"Computer":"DESKTOP-47I4RLN",
		"EventID":70,
		"EventRecordID":450,
		"ProcessID":5516,
		"ThreadID":4960,
		"Keywords":"0x2000000000000001",
		"Level":4,
		"Opcode":0,
		"Guid":"F1EF270A-0D32-4352-BA52-DBAB41E1D859",
		"Provider_Name":"Microsoft-Windows-AppModel-Runtime",
		"UserID":"S-1-5-18",
		"Task":0,
		"SystemTime":"2024-10-01T15:55:11.205491Z",
		"Version":0,
		"OriginalLogfile":"Microsoft-Windows-AppModel-Runtime%4Admin.evtx-ENZVIVNQ.json",
		"ActivityID":"A7FD8A1E-1408-0001-0048-FEA70814DB01",
		"PackageFullName":"Microsoft.WindowsCalculator_10.1906.55.0_x64__8wekyb3d8bbwe",
		"CurrentStatus":32,
		"DesiredStatus":0,
		"User":"S-1-5-21-1421159008-4270732973-2479707347-1000"
	},
	{
		"Rule level":"medium",
		"title":"Certificate Private Key Acquired",
		"sigma_yml":"win_capi2_acquire_certificate_private_key.yml",
		"description":"Detects when an application acquires a certificate private key",
		"row_id":7391,
		"Channel":"Microsoft-Windows-AppModel-Runtime/Admin",
		"Computer":"DESKTOP-47I4RLN",
		"EventID":70,
		"EventRecordID":451,
		"ProcessID":5516,
		"ThreadID":4960,
		"Keywords":"0x2000000000000001",
		"Level":4,
		"Opcode":0,
		"Guid":"F1EF270A-0D32-4352-BA52-DBAB41E1D859",
		"Provider_Name":"Microsoft-Windows-AppModel-Runtime",
		"UserID":"S-1-5-18",
		"Task":0,
		"SystemTime":"2024-10-01T15:55:11.205672Z",
		"Version":0,
		"OriginalLogfile":"Microsoft-Windows-AppModel-Runtime%4Admin.evtx-ENZVIVNQ.json",
		"ActivityID":"A7FD8A1E-1408-0001-0048-FEA70814DB01",
		"PackageFullName":"Microsoft.WindowsCamera_2018.826.98.0_x64__8wekyb3d8bbwe",
		"CurrentStatus":32,
		"DesiredStatus":0,
		"User":"S-1-5-21-1421159008-4270732973-2479707347-1000"
	},
	{
		"Rule level":"medium",
		"title":"Certificate Private Key Acquired",
		"sigma_yml":"win_capi2_acquire_certificate_private_key.yml",
		"description":"Detects when an application acquires a certificate private key",
		"row_id":7392,
		"Channel":"Microsoft-Windows-AppModel-Runtime/Admin",
		"Computer":"DESKTOP-47I4RLN",
		"EventID":70,
		"EventRecordID":452,
		"ProcessID":5516,
		"ThreadID":4960,
		"Keywords":"0x2000000000000001",
		"Level":4,
		"Opcode":0,
		"Guid":"F1EF270A-0D32-4352-BA52-DBAB41E1D859",
		"Provider_Name":"Microsoft-Windows-AppModel-Runtime",
		"UserID":"S-1-5-18",
		"Task":0,
		"SystemTime":"2024-10-01T15:55:11.205851Z",
		"Version":0,
		"OriginalLogfile":"Microsoft-Windows-AppModel-Runtime%4Admin.evtx-ENZVIVNQ.json",
		"ActivityID":"A7FD8A1E-1408-0001-0048-FEA70814DB01",
		"PackageFullName":"microsoft.windowscommunicationsapps_16005.11629.20316.0_x64__8wekyb3d8bbwe",
		"CurrentStatus":32,
		"DesiredStatus":0,
		"User":"S-1-5-21-1421159008-4270732973-2479707347-1000"
	},
	{
		"Rule level":"medium",
		"title":"Certificate Private Key Acquired",
		"sigma_yml":"win_capi2_acquire_certificate_private_key.yml",
		"description":"Detects when an application acquires a certificate private key",
		"row_id":7393,
		"Channel":"Microsoft-Windows-AppModel-Runtime/Admin",
		"Computer":"DESKTOP-47I4RLN",
		"EventID":70,
		"EventRecordID":453,
		"ProcessID":5516,
		"ThreadID":4960,
		"Keywords":"0x2000000000000001",
		"Level":4,
		"Opcode":0,
		"Guid":"F1EF270A-0D32-4352-BA52-DBAB41E1D859",
		"Provider_Name":"Microsoft-Windows-AppModel-Runtime",
		"UserID":"S-1-5-18",
		"Task":0,
		"SystemTime":"2024-10-01T15:55:11.206020Z",
		"Version":0,
		"OriginalLogfile":"Microsoft-Windows-AppModel-Runtime%4Admin.evtx-ENZVIVNQ.json",
		"ActivityID":"A7FD8A1E-1408-0001-0048-FEA70814DB01",
		"PackageFullName":"Microsoft.WindowsFeedbackHub_1.1907.3152.0_x64__8wekyb3d8bbwe",
		"CurrentStatus":32,
		"DesiredStatus":0,
		"User":"S-1-5-21-1421159008-4270732973-2479707347-1000"
	},
	{
		"Rule level":"medium",
		"title":"Certificate Private Key Acquired",
		"sigma_yml":"win_capi2_acquire_certificate_private_key.yml",
		"description":"Detects when an application acquires a certificate private key",
		"row_id":7394,
		"Channel":"Microsoft-Windows-AppModel-Runtime/Admin",
		"Computer":"DESKTOP-47I4RLN",
		"EventID":70,
		"EventRecordID":454,
		"ProcessID":5516,
		"ThreadID":4960,
		"Keywords":"0x2000000000000001",
		"Level":4,
		"Opcode":0,
		"Guid":"F1EF270A-0D32-4352-BA52-DBAB41E1D859",
		"Provider_Name":"Microsoft-Windows-AppModel-Runtime",
		"UserID":"S-1-5-18",
		"Task":0,
		"SystemTime":"2024-10-01T15:55:11.206334Z",
		"Version":0,
		"OriginalLogfile":"Microsoft-Windows-AppModel-Runtime%4Admin.evtx-ENZVIVNQ.json",
		"ActivityID":"A7FD8A1E-1408-0001-0048-FEA70814DB01",
		"PackageFullName":"Microsoft.WindowsMaps_5.1906.1972.0_x64__8wekyb3d8bbwe",
		"CurrentStatus":32,
		"DesiredStatus":0,
		"User":"S-1-5-21-1421159008-4270732973-2479707347-1000"
	},
	{
		"Rule level":"medium",
		"title":"Certificate Private Key Acquired",
		"sigma_yml":"win_capi2_acquire_certificate_private_key.yml",
		"description":"Detects when an application acquires a certificate private key",
		"row_id":7395,
		"Channel":"Microsoft-Windows-AppModel-Runtime/Admin",
		"Computer":"DESKTOP-47I4RLN",
		"EventID":70,
		"EventRecordID":455,
		"ProcessID":5516,
		"ThreadID":4960,
		"Keywords":"0x2000000000000001",
		"Level":4,
		"Opcode":0,
		"Guid":"F1EF270A-0D32-4352-BA52-DBAB41E1D859",
		"Provider_Name":"Microsoft-Windows-AppModel-Runtime",
		"UserID":"S-1-5-18",
		"Task":0,
		"SystemTime":"2024-10-01T15:55:11.206510Z",
		"Version":0,
		"OriginalLogfile":"Microsoft-Windows-AppModel-Runtime%4Admin.evtx-ENZVIVNQ.json",
		"ActivityID":"A7FD8A1E-1408-0001-0048-FEA70814DB01",
		"PackageFullName":"Microsoft.WindowsSoundRecorder_10.1906.1972.0_x64__8wekyb3d8bbwe",
		"CurrentStatus":32,
		"DesiredStatus":0,
		"User":"S-1-5-21-1421159008-4270732973-2479707347-1000"
	},
	{
		"Rule level":"medium",
		"title":"Certificate Private Key Acquired",
		"sigma_yml":"win_capi2_acquire_certificate_private_key.yml",
		"description":"Detects when an application acquires a certificate private key",
		"row_id":7396,
		"Channel":"Microsoft-Windows-AppModel-Runtime/Admin",
		"Computer":"DESKTOP-47I4RLN",
		"EventID":70,
		"EventRecordID":456,
		"ProcessID":5516,
		"ThreadID":4960,
		"Keywords":"0x2000000000000001",
		"Level":4,
		"Opcode":0,
		"Guid":"F1EF270A-0D32-4352-BA52-DBAB41E1D859",
		"Provider_Name":"Microsoft-Windows-AppModel-Runtime",
		"UserID":"S-1-5-18",
		"Task":0,
		"SystemTime":"2024-10-01T15:55:11.206679Z",
		"Version":0,
		"OriginalLogfile":"Microsoft-Windows-AppModel-Runtime%4Admin.evtx-ENZVIVNQ.json",
		"ActivityID":"A7FD8A1E-1408-0001-0048-FEA70814DB01",
		"PackageFullName":"Microsoft.WindowsStore_11910.1002.5.0_x64__8wekyb3d8bbwe",
		"CurrentStatus":32,
		"DesiredStatus":0,
		"User":"S-1-5-21-1421159008-4270732973-2479707347-1000"
	},
	{
		"Rule level":"medium",
		"title":"Certificate Private Key Acquired",
		"sigma_yml":"win_capi2_acquire_certificate_private_key.yml",
		"description":"Detects when an application acquires a certificate private key",
		"row_id":7397,
		"Channel":"Microsoft-Windows-AppModel-Runtime/Admin",
		"Computer":"DESKTOP-47I4RLN",
		"EventID":70,
		"EventRecordID":457,
		"ProcessID":5516,
		"ThreadID":4960,
		"Keywords":"0x2000000000000001",
		"Level":4,
		"Opcode":0,
		"Guid":"F1EF270A-0D32-4352-BA52-DBAB41E1D859",
		"Provider_Name":"Microsoft-Windows-AppModel-Runtime",
		"UserID":"S-1-5-18",
		"Task":0,
		"SystemTime":"2024-10-01T15:55:11.206847Z",
		"Version":0,
		"OriginalLogfile":"Microsoft-Windows-AppModel-Runtime%4Admin.evtx-ENZVIVNQ.json",
		"ActivityID":"A7FD8A1E-1408-0001-0048-FEA70814DB01",
		"PackageFullName":"Microsoft.Xbox.TCUI_1.23.28002.0_x64__8wekyb3d8bbwe",
		"CurrentStatus":32,
		"DesiredStatus":0,
		"User":"S-1-5-21-1421159008-4270732973-2479707347-1000"
	},
	{
		"Rule level":"medium",
		"title":"Certificate Private Key Acquired",
		"sigma_yml":"win_capi2_acquire_certificate_private_key.yml",
		"description":"Detects when an application acquires a certificate private key",
		"row_id":7398,
		"Channel":"Microsoft-Windows-AppModel-Runtime/Admin",
		"Computer":"DESKTOP-47I4RLN",
		"EventID":70,
		"EventRecordID":458,
		"ProcessID":5516,
		"ThreadID":4960,
		"Keywords":"0x2000000000000001",
		"Level":4,
		"Opcode":0,
		"Guid":"F1EF270A-0D32-4352-BA52-DBAB41E1D859",
		"Provider_Name":"Microsoft-Windows-AppModel-Runtime",
		"UserID":"S-1-5-18",
		"Task":0,
		"SystemTime":"2024-10-01T15:55:11.207021Z",
		"Version":0,
		"OriginalLogfile":"Microsoft-Windows-AppModel-Runtime%4Admin.evtx-ENZVIVNQ.json",
		"ActivityID":"A7FD8A1E-1408-0001-0048-FEA70814DB01",
		"PackageFullName":"Microsoft.XboxApp_48.49.31001.0_x64__8wekyb3d8bbwe",
		"CurrentStatus":32,
		"DesiredStatus":0,
		"User":"S-1-5-21-1421159008-4270732973-2479707347-1000"
	},
	{
		"Rule level":"medium",
		"title":"Certificate Private Key Acquired",
		"sigma_yml":"win_capi2_acquire_certificate_private_key.yml",
		"description":"Detects when an application acquires a certificate private key",
		"row_id":7399,
		"Channel":"Microsoft-Windows-AppModel-Runtime/Admin",
		"Computer":"DESKTOP-47I4RLN",
		"EventID":70,
		"EventRecordID":459,
		"ProcessID":5516,
		"ThreadID":4960,
		"Keywords":"0x2000000000000001",
		"Level":4,
		"Opcode":0,
		"Guid":"F1EF270A-0D32-4352-BA52-DBAB41E1D859",
		"Provider_Name":"Microsoft-Windows-AppModel-Runtime",
		"UserID":"S-1-5-18",
		"Task":0,
		"SystemTime":"2024-10-01T15:55:11.207242Z",
		"Version":0,
		"OriginalLogfile":"Microsoft-Windows-AppModel-Runtime%4Admin.evtx-ENZVIVNQ.json",
		"ActivityID":"A7FD8A1E-1408-0001-0048-FEA70814DB01",
		"PackageFullName":"Microsoft.XboxGameOverlay_1.46.11001.0_x64__8wekyb3d8bbwe",
		"CurrentStatus":32,
		"DesiredStatus":0,
		"User":"S-1-5-21-1421159008-4270732973-2479707347-1000"
	},
	{
		"Rule level":"medium",
		"title":"Certificate Private Key Acquired",
		"sigma_yml":"win_capi2_acquire_certificate_private_key.yml",
		"description":"Detects when an application acquires a certificate private key",
		"row_id":7400,
		"Channel":"Microsoft-Windows-AppModel-Runtime/Admin",
		"Computer":"DESKTOP-47I4RLN",
		"EventID":70,
		"EventRecordID":460,
		"ProcessID":5516,
		"ThreadID":4960,
		"Keywords":"0x2000000000000001",
		"Level":4,
		"Opcode":0,
		"Guid":"F1EF270A-0D32-4352-BA52-DBAB41E1D859",
		"Provider_Name":"Microsoft-Windows-AppModel-Runtime",
		"UserID":"S-1-5-18",
		"Task":0,
		"SystemTime":"2024-10-01T15:55:11.207430Z",
		"Version":0,
		"OriginalLogfile":"Microsoft-Windows-AppModel-Runtime%4Admin.evtx-ENZVIVNQ.json",
		"ActivityID":"A7FD8A1E-1408-0001-0048-FEA70814DB01",
		"PackageFullName":"Microsoft.XboxGamingOverlay_2.34.28001.0_x64__8wekyb3d8bbwe",
		"CurrentStatus":32,
		"DesiredStatus":0,
		"User":"S-1-5-21-1421159008-4270732973-2479707347-1000"
	},
	{
		"Rule level":"medium",
		"title":"Certificate Private Key Acquired",
		"sigma_yml":"win_capi2_acquire_certificate_private_key.yml",
		"description":"Detects when an application acquires a certificate private key",
		"row_id":7401,
		"Channel":"Microsoft-Windows-AppModel-Runtime/Admin",
		"Computer":"DESKTOP-47I4RLN",
		"EventID":70,
		"EventRecordID":461,
		"ProcessID":5516,
		"ThreadID":4960,
		"Keywords":"0x2000000000000001",
		"Level":4,
		"Opcode":0,
		"Guid":"F1EF270A-0D32-4352-BA52-DBAB41E1D859",
		"Provider_Name":"Microsoft-Windows-AppModel-Runtime",
		"UserID":"S-1-5-18",
		"Task":0,
		"SystemTime":"2024-10-01T15:55:11.207612Z",
		"Version":0,
		"OriginalLogfile":"Microsoft-Windows-AppModel-Runtime%4Admin.evtx-ENZVIVNQ.json",
		"ActivityID":"A7FD8A1E-1408-0001-0048-FEA70814DB01",
		"PackageFullName":"Microsoft.XboxIdentityProvider_12.50.6001.0_x64__8wekyb3d8bbwe",
		"CurrentStatus":32,
		"DesiredStatus":0,
		"User":"S-1-5-21-1421159008-4270732973-2479707347-1000"
	},
	{
		"Rule level":"medium",
		"title":"Certificate Private Key Acquired",
		"sigma_yml":"win_capi2_acquire_certificate_private_key.yml",
		"description":"Detects when an application acquires a certificate private key",
		"row_id":7402,
		"Channel":"Microsoft-Windows-AppModel-Runtime/Admin",
		"Computer":"DESKTOP-47I4RLN",
		"EventID":70,
		"EventRecordID":462,
		"ProcessID":5516,
		"ThreadID":4960,
		"Keywords":"0x2000000000000001",
		"Level":4,
		"Opcode":0,
		"Guid":"F1EF270A-0D32-4352-BA52-DBAB41E1D859",
		"Provider_Name":"Microsoft-Windows-AppModel-Runtime",
		"UserID":"S-1-5-18",
		"Task":0,
		"SystemTime":"2024-10-01T15:55:11.207790Z",
		"Version":0,
		"OriginalLogfile":"Microsoft-Windows-AppModel-Runtime%4Admin.evtx-ENZVIVNQ.json",
		"ActivityID":"A7FD8A1E-1408-0001-0048-FEA70814DB01",
		"PackageFullName":"Microsoft.XboxSpeechToTextOverlay_1.17.29001.0_x64__8wekyb3d8bbwe",
		"CurrentStatus":32,
		"DesiredStatus":0,
		"User":"S-1-5-21-1421159008-4270732973-2479707347-1000"
	},
	{
		"Rule level":"medium",
		"title":"Certificate Private Key Acquired",
		"sigma_yml":"win_capi2_acquire_certificate_private_key.yml",
		"description":"Detects when an application acquires a certificate private key",
		"row_id":7403,
		"Channel":"Microsoft-Windows-AppModel-Runtime/Admin",
		"Computer":"DESKTOP-47I4RLN",
		"EventID":70,
		"EventRecordID":463,
		"ProcessID":5516,
		"ThreadID":4960,
		"Keywords":"0x2000000000000001",
		"Level":4,
		"Opcode":0,
		"Guid":"F1EF270A-0D32-4352-BA52-DBAB41E1D859",
		"Provider_Name":"Microsoft-Windows-AppModel-Runtime",
		"UserID":"S-1-5-18",
		"Task":0,
		"SystemTime":"2024-10-01T15:55:11.207945Z",
		"Version":0,
		"OriginalLogfile":"Microsoft-Windows-AppModel-Runtime%4Admin.evtx-ENZVIVNQ.json",
		"ActivityID":"A7FD8A1E-1408-0001-0048-FEA70814DB01",
		"PackageFullName":"Microsoft.YourPhone_0.19051.7.0_x64__8wekyb3d8bbwe",
		"CurrentStatus":32,
		"DesiredStatus":0,
		"User":"S-1-5-21-1421159008-4270732973-2479707347-1000"
	},
