	{
		"Rule level":"medium",
		"title":"Certificate Private Key Acquired",
		"sigma_yml":"win_capi2_acquire_certificate_private_key.yml",
		"description":"Detects when an application acquires a certificate private key",
		"row_id":288,
		"Channel":"Microsoft-Windows-AppModel-Runtime/Admin",
		"Computer":"DESKTOP-GAIBSBB",
		"EventID":70,
		"EventRecordID":288,
		"ProcessID":4972,
		"ThreadID":5160,
		"Keywords":"0x2000000000000001",
		"Level":4,
		"Opcode":0,
		"Guid":"F1EF270A-0D32-4352-BA52-DBAB41E1D859",
		"Provider_Name":"Microsoft-Windows-AppModel-Runtime",
		"UserID":"S-1-5-18",
		"Task":0,
		"SystemTime":"2024-08-08T06:35:27.965249Z",
		"Version":0,
		"OriginalLogfile":"Microsoft-Windows-AppModel-Runtime%4Admin.evtx-CYJD6GG4.json",
		"CurrentStatus":32,
		"DesiredStatus":0,
		"PackageFullName":"Microsoft.XboxGameOverlay_1.46.11001.0_x64__8wekyb3d8bbwe",
		"User":"S-1-5-21-2381387566-4172994561-1950376889-1000",
		"ActivityID":"041A760C-E95D-0003-7E7A-1A045DE9DA01"
	},
	{
		"Rule level":"medium",
		"title":"Certificate Private Key Acquired",
		"sigma_yml":"win_capi2_acquire_certificate_private_key.yml",
		"description":"Detects when an application acquires a certificate private key",
		"row_id":289,
		"Channel":"Microsoft-Windows-AppModel-Runtime/Admin",
		"Computer":"DESKTOP-GAIBSBB",
		"EventID":70,
		"EventRecordID":289,
		"ProcessID":4972,
		"ThreadID":5160,
		"Keywords":"0x2000000000000001",
		"Level":4,
		"Opcode":0,
		"Guid":"F1EF270A-0D32-4352-BA52-DBAB41E1D859",
		"Provider_Name":"Microsoft-Windows-AppModel-Runtime",
		"UserID":"S-1-5-18",
		"Task":0,
		"SystemTime":"2024-08-08T06:35:28.345689Z",
		"Version":0,
		"OriginalLogfile":"Microsoft-Windows-AppModel-Runtime%4Admin.evtx-CYJD6GG4.json",
		"CurrentStatus":2048,
		"DesiredStatus":2080,
		"PackageFullName":"Microsoft.XboxApp_48.49.31001.0_x64__8wekyb3d8bbwe",
		"User":"S-1-5-21-2381387566-4172994561-1950376889-1000",
		"ActivityID":"041A760C-E95D-0001-1C7A-1A045DE9DA01"
	},
	{
		"Rule level":"medium",
		"title":"Certificate Private Key Acquired",
		"sigma_yml":"win_capi2_acquire_certificate_private_key.yml",
		"description":"Detects when an application acquires a certificate private key",
		"row_id":291,
		"Channel":"Microsoft-Windows-AppModel-Runtime/Admin",
		"Computer":"DESKTOP-GAIBSBB",
		"EventID":70,
		"EventRecordID":291,
		"ProcessID":4972,
		"ThreadID":5160,
		"Keywords":"0x2000000000000001",
		"Level":4,
		"Opcode":0,
		"Guid":"F1EF270A-0D32-4352-BA52-DBAB41E1D859",
		"Provider_Name":"Microsoft-Windows-AppModel-Runtime",
		"UserID":"S-1-5-18",
		"Task":0,
		"SystemTime":"2024-08-08T06:35:28.620114Z",
		"Version":0,
		"OriginalLogfile":"Microsoft-Windows-AppModel-Runtime%4Admin.evtx-CYJD6GG4.json",
		"CurrentStatus":32,
		"DesiredStatus":0,
		"PackageFullName":"Microsoft.XboxApp_48.49.31001.0_x64__8wekyb3d8bbwe",
		"User":"S-1-5-21-2381387566-4172994561-1950376889-1000",
		"ActivityID":"041A760C-E95D-0001-1C7A-1A045DE9DA01"
	},
	{
		"Rule level":"medium",
		"title":"Certificate Private Key Acquired",
		"sigma_yml":"win_capi2_acquire_certificate_private_key.yml",
		"description":"Detects when an application acquires a certificate private key",
		"row_id":292,
		"Channel":"Microsoft-Windows-AppModel-Runtime/Admin",
		"Computer":"DESKTOP-GAIBSBB",
		"EventID":70,
		"EventRecordID":292,
		"ProcessID":4972,
		"ThreadID":5160,
		"Keywords":"0x2000000000000001",
		"Level":4,
		"Opcode":0,
		"Guid":"F1EF270A-0D32-4352-BA52-DBAB41E1D859",
		"Provider_Name":"Microsoft-Windows-AppModel-Runtime",
		"UserID":"S-1-5-18",
		"Task":0,
		"SystemTime":"2024-08-08T06:35:29.034523Z",
		"Version":0,
		"OriginalLogfile":"Microsoft-Windows-AppModel-Runtime%4Admin.evtx-CYJD6GG4.json",
		"CurrentStatus":2048,
		"DesiredStatus":2080,
		"PackageFullName":"Microsoft.Xbox.TCUI_1.23.28002.0_x64__8wekyb3d8bbwe",
		"User":"S-1-5-21-2381387566-4172994561-1950376889-1000",
		"ActivityID":"041A760C-E95D-0003-8A7A-1A045DE9DA01"
	},
	{
		"Rule level":"medium",
		"title":"Certificate Private Key Acquired",
		"sigma_yml":"win_capi2_acquire_certificate_private_key.yml",
		"description":"Detects when an application acquires a certificate private key",
		"row_id":294,
		"Channel":"Microsoft-Windows-AppModel-Runtime/Admin",
		"Computer":"DESKTOP-GAIBSBB",
		"EventID":70,
		"EventRecordID":294,
		"ProcessID":4972,
		"ThreadID":5160,
		"Keywords":"0x2000000000000001",
		"Level":4,
		"Opcode":0,
		"Guid":"F1EF270A-0D32-4352-BA52-DBAB41E1D859",
		"Provider_Name":"Microsoft-Windows-AppModel-Runtime",
		"UserID":"S-1-5-18",
		"Task":0,
		"SystemTime":"2024-08-08T06:35:29.286472Z",
		"Version":0,
		"OriginalLogfile":"Microsoft-Windows-AppModel-Runtime%4Admin.evtx-CYJD6GG4.json",
		"CurrentStatus":32,
		"DesiredStatus":0,
		"PackageFullName":"Microsoft.Xbox.TCUI_1.23.28002.0_x64__8wekyb3d8bbwe",
		"User":"S-1-5-21-2381387566-4172994561-1950376889-1000",
		"ActivityID":"041A760C-E95D-0003-8A7A-1A045DE9DA01"
	},
	{
		"Rule level":"medium",
		"title":"Certificate Private Key Acquired",
		"sigma_yml":"win_capi2_acquire_certificate_private_key.yml",
		"description":"Detects when an application acquires a certificate private key",
		"row_id":295,
		"Channel":"Microsoft-Windows-AppModel-Runtime/Admin",
		"Computer":"DESKTOP-GAIBSBB",
		"EventID":70,
		"EventRecordID":295,
		"ProcessID":4972,
		"ThreadID":5160,
		"Keywords":"0x2000000000000001",
		"Level":4,
		"Opcode":0,
		"Guid":"F1EF270A-0D32-4352-BA52-DBAB41E1D859",
		"Provider_Name":"Microsoft-Windows-AppModel-Runtime",
		"UserID":"S-1-5-18",
		"Task":0,
		"SystemTime":"2024-08-08T06:35:29.658321Z",
		"Version":0,
		"OriginalLogfile":"Microsoft-Windows-AppModel-Runtime%4Admin.evtx-CYJD6GG4.json",
		"CurrentStatus":2048,
		"DesiredStatus":2080,
		"PackageFullName":"Microsoft.WindowsSoundRecorder_10.1906.1972.0_x64__8wekyb3d8bbwe",
		"User":"S-1-5-21-2381387566-4172994561-1950376889-1000",
		"ActivityID":"041A760C-E95D-0001-297A-1A045DE9DA01"
	},
	{
		"Rule level":"medium",
		"title":"Certificate Private Key Acquired",
		"sigma_yml":"win_capi2_acquire_certificate_private_key.yml",
		"description":"Detects when an application acquires a certificate private key",
		"row_id":297,
		"Channel":"Microsoft-Windows-AppModel-Runtime/Admin",
		"Computer":"DESKTOP-GAIBSBB",
		"EventID":70,
		"EventRecordID":297,
		"ProcessID":4972,
		"ThreadID":5160,
		"Keywords":"0x2000000000000001",
		"Level":4,
		"Opcode":0,
		"Guid":"F1EF270A-0D32-4352-BA52-DBAB41E1D859",
		"Provider_Name":"Microsoft-Windows-AppModel-Runtime",
		"UserID":"S-1-5-18",
		"Task":0,
		"SystemTime":"2024-08-08T06:35:29.946034Z",
		"Version":0,
		"OriginalLogfile":"Microsoft-Windows-AppModel-Runtime%4Admin.evtx-CYJD6GG4.json",
		"CurrentStatus":32,
		"DesiredStatus":0,
		"PackageFullName":"Microsoft.WindowsSoundRecorder_10.1906.1972.0_x64__8wekyb3d8bbwe",
		"User":"S-1-5-21-2381387566-4172994561-1950376889-1000",
		"ActivityID":"041A760C-E95D-0001-297A-1A045DE9DA01"
	},
	{
		"Rule level":"medium",
		"title":"Certificate Private Key Acquired",
		"sigma_yml":"win_capi2_acquire_certificate_private_key.yml",
		"description":"Detects when an application acquires a certificate private key",
		"row_id":298,
		"Channel":"Microsoft-Windows-AppModel-Runtime/Admin",
		"Computer":"DESKTOP-GAIBSBB",
		"EventID":70,
		"EventRecordID":298,
		"ProcessID":4972,
		"ThreadID":5160,
		"Keywords":"0x2000000000000001",
		"Level":4,
		"Opcode":0,
		"Guid":"F1EF270A-0D32-4352-BA52-DBAB41E1D859",
		"Provider_Name":"Microsoft-Windows-AppModel-Runtime",
		"UserID":"S-1-5-18",
		"Task":0,
		"SystemTime":"2024-08-08T06:35:30.370280Z",
		"Version":0,
		"OriginalLogfile":"Microsoft-Windows-AppModel-Runtime%4Admin.evtx-CYJD6GG4.json",
		"CurrentStatus":2048,
		"DesiredStatus":2080,
		"PackageFullName":"Microsoft.WindowsMaps_5.1906.1972.0_x64__8wekyb3d8bbwe",
		"User":"S-1-5-21-2381387566-4172994561-1950376889-1000",
		"ActivityID":"041A760C-E95D-0001-2E7A-1A045DE9DA01"
	},
	{
		"Rule level":"medium",
		"title":"Certificate Private Key Acquired",
		"sigma_yml":"win_capi2_acquire_certificate_private_key.yml",
		"description":"Detects when an application acquires a certificate private key",
		"row_id":300,
		"Channel":"Microsoft-Windows-AppModel-Runtime/Admin",
		"Computer":"DESKTOP-GAIBSBB",
		"EventID":70,
		"EventRecordID":300,
		"ProcessID":4972,
		"ThreadID":5160,
		"Keywords":"0x2000000000000001",
		"Level":4,
		"Opcode":0,
		"Guid":"F1EF270A-0D32-4352-BA52-DBAB41E1D859",
		"Provider_Name":"Microsoft-Windows-AppModel-Runtime",
		"UserID":"S-1-5-18",
		"Task":0,
		"SystemTime":"2024-08-08T06:35:30.676529Z",
		"Version":0,
		"OriginalLogfile":"Microsoft-Windows-AppModel-Runtime%4Admin.evtx-CYJD6GG4.json",
		"CurrentStatus":32,
		"DesiredStatus":0,
		"PackageFullName":"Microsoft.WindowsMaps_5.1906.1972.0_x64__8wekyb3d8bbwe",
		"User":"S-1-5-21-2381387566-4172994561-1950376889-1000",
		"ActivityID":"041A760C-E95D-0001-2E7A-1A045DE9DA01"
	},
	{
		"Rule level":"medium",
		"title":"Certificate Private Key Acquired",
		"sigma_yml":"win_capi2_acquire_certificate_private_key.yml",
		"description":"Detects when an application acquires a certificate private key",
		"row_id":301,
		"Channel":"Microsoft-Windows-AppModel-Runtime/Admin",
		"Computer":"DESKTOP-GAIBSBB",
		"EventID":70,
		"EventRecordID":301,
		"ProcessID":4972,
		"ThreadID":5160,
		"Keywords":"0x2000000000000001",
		"Level":4,
		"Opcode":0,
		"Guid":"F1EF270A-0D32-4352-BA52-DBAB41E1D859",
		"Provider_Name":"Microsoft-Windows-AppModel-Runtime",
		"UserID":"S-1-5-18",
		"Task":0,
		"SystemTime":"2024-08-08T06:35:31.240274Z",
		"Version":0,
		"OriginalLogfile":"Microsoft-Windows-AppModel-Runtime%4Admin.evtx-CYJD6GG4.json",
		"CurrentStatus":2048,
		"DesiredStatus":2080,
		"PackageFullName":"Microsoft.WindowsFeedbackHub_1.1907.3152.0_x64__8wekyb3d8bbwe",
		"User":"S-1-5-21-2381387566-4172994561-1950376889-1000",
		"ActivityID":"041A760C-E95D-0003-9C7A-1A045DE9DA01"
	},
	{
		"Rule level":"medium",
		"title":"Certificate Private Key Acquired",
		"sigma_yml":"win_capi2_acquire_certificate_private_key.yml",
		"description":"Detects when an application acquires a certificate private key",
		"row_id":303,
		"Channel":"Microsoft-Windows-AppModel-Runtime/Admin",
		"Computer":"DESKTOP-GAIBSBB",
		"EventID":70,
		"EventRecordID":303,
		"ProcessID":4972,
		"ThreadID":5160,
		"Keywords":"0x2000000000000001",
		"Level":4,
		"Opcode":0,
		"Guid":"F1EF270A-0D32-4352-BA52-DBAB41E1D859",
		"Provider_Name":"Microsoft-Windows-AppModel-Runtime",
		"UserID":"S-1-5-18",
		"Task":0,
		"SystemTime":"2024-08-08T06:35:31.531583Z",
		"Version":0,
		"OriginalLogfile":"Microsoft-Windows-AppModel-Runtime%4Admin.evtx-CYJD6GG4.json",
		"CurrentStatus":32,
		"DesiredStatus":0,
		"PackageFullName":"Microsoft.WindowsFeedbackHub_1.1907.3152.0_x64__8wekyb3d8bbwe",
		"User":"S-1-5-21-2381387566-4172994561-1950376889-1000",
		"ActivityID":"041A760C-E95D-0003-9C7A-1A045DE9DA01"
	},
	{
		"Rule level":"medium",
		"title":"Certificate Private Key Acquired",
		"sigma_yml":"win_capi2_acquire_certificate_private_key.yml",
		"description":"Detects when an application acquires a certificate private key",
		"row_id":304,
		"Channel":"Microsoft-Windows-AppModel-Runtime/Admin",
		"Computer":"DESKTOP-GAIBSBB",
		"EventID":70,
		"EventRecordID":304,
		"ProcessID":4972,
		"ThreadID":5160,
		"Keywords":"0x2000000000000001",
		"Level":4,
		"Opcode":0,
		"Guid":"F1EF270A-0D32-4352-BA52-DBAB41E1D859",
		"Provider_Name":"Microsoft-Windows-AppModel-Runtime",
		"UserID":"S-1-5-18",
		"Task":0,
		"SystemTime":"2024-08-08T06:35:31.966544Z",
		"Version":0,
		"OriginalLogfile":"Microsoft-Windows-AppModel-Runtime%4Admin.evtx-CYJD6GG4.json",
		"CurrentStatus":2048,
		"DesiredStatus":2080,
		"PackageFullName":"Microsoft.WindowsCalculator_10.1906.55.0_x64__8wekyb3d8bbwe",
		"User":"S-1-5-21-2381387566-4172994561-1950376889-1000",
		"ActivityID":"041A760C-E95D-0003-A57A-1A045DE9DA01"
	},
	{
		"Rule level":"medium",
		"title":"Certificate Private Key Acquired",
		"sigma_yml":"win_capi2_acquire_certificate_private_key.yml",
		"description":"Detects when an application acquires a certificate private key",
		"row_id":306,
		"Channel":"Microsoft-Windows-AppModel-Runtime/Admin",
		"Computer":"DESKTOP-GAIBSBB",
		"EventID":70,
		"EventRecordID":306,
		"ProcessID":4972,
		"ThreadID":5160,
		"Keywords":"0x2000000000000001",
		"Level":4,
		"Opcode":0,
		"Guid":"F1EF270A-0D32-4352-BA52-DBAB41E1D859",
		"Provider_Name":"Microsoft-Windows-AppModel-Runtime",
		"UserID":"S-1-5-18",
		"Task":0,
		"SystemTime":"2024-08-08T06:35:32.229535Z",
		"Version":0,
		"OriginalLogfile":"Microsoft-Windows-AppModel-Runtime%4Admin.evtx-CYJD6GG4.json",
		"CurrentStatus":32,
		"DesiredStatus":0,
		"PackageFullName":"Microsoft.WindowsCalculator_10.1906.55.0_x64__8wekyb3d8bbwe",
		"User":"S-1-5-21-2381387566-4172994561-1950376889-1000",
		"ActivityID":"041A760C-E95D-0003-A57A-1A045DE9DA01"
	},
	{
		"Rule level":"medium",
		"title":"Certificate Private Key Acquired",
		"sigma_yml":"win_capi2_acquire_certificate_private_key.yml",
		"description":"Detects when an application acquires a certificate private key",
		"row_id":307,
		"Channel":"Microsoft-Windows-AppModel-Runtime/Admin",
		"Computer":"DESKTOP-GAIBSBB",
		"EventID":70,
		"EventRecordID":307,
		"ProcessID":4972,
		"ThreadID":5160,
		"Keywords":"0x2000000000000001",
		"Level":4,
		"Opcode":0,
		"Guid":"F1EF270A-0D32-4352-BA52-DBAB41E1D859",
		"Provider_Name":"Microsoft-Windows-AppModel-Runtime",
		"UserID":"S-1-5-18",
		"Task":0,
		"SystemTime":"2024-08-08T06:35:32.526239Z",
		"Version":0,
		"OriginalLogfile":"Microsoft-Windows-AppModel-Runtime%4Admin.evtx-CYJD6GG4.json",
		"CurrentStatus":2048,
		"DesiredStatus":2080,
		"PackageFullName":"Microsoft.WebpImageExtension_1.0.22753.0_x64__8wekyb3d8bbwe",
		"User":"S-1-5-21-2381387566-4172994561-1950376889-1000",
		"ActivityID":"041A760C-E95D-0002-207B-1A045DE9DA01"
	},
	{
		"Rule level":"medium",
		"title":"Certificate Private Key Acquired",
		"sigma_yml":"win_capi2_acquire_certificate_private_key.yml",
		"description":"Detects when an application acquires a certificate private key",
		"row_id":309,
		"Channel":"Microsoft-Windows-AppModel-Runtime/Admin",
		"Computer":"DESKTOP-GAIBSBB",
		"EventID":70,
		"EventRecordID":309,
		"ProcessID":4972,
		"ThreadID":5160,
		"Keywords":"0x2000000000000001",
		"Level":4,
		"Opcode":0,
		"Guid":"F1EF270A-0D32-4352-BA52-DBAB41E1D859",
		"Provider_Name":"Microsoft-Windows-AppModel-Runtime",
		"UserID":"S-1-5-18",
		"Task":0,
		"SystemTime":"2024-08-08T06:35:32.734549Z",
		"Version":0,
		"OriginalLogfile":"Microsoft-Windows-AppModel-Runtime%4Admin.evtx-CYJD6GG4.json",
		"CurrentStatus":32,
		"DesiredStatus":0,
		"PackageFullName":"Microsoft.WebpImageExtension_1.0.22753.0_x64__8wekyb3d8bbwe",
		"User":"S-1-5-21-2381387566-4172994561-1950376889-1000",
		"ActivityID":"041A760C-E95D-0002-207B-1A045DE9DA01"
	},
	{
		"Rule level":"medium",
		"title":"Certificate Private Key Acquired",
		"sigma_yml":"win_capi2_acquire_certificate_private_key.yml",
		"description":"Detects when an application acquires a certificate private key",
		"row_id":310,
		"Channel":"Microsoft-Windows-AppModel-Runtime/Admin",
		"Computer":"DESKTOP-GAIBSBB",
		"EventID":70,
		"EventRecordID":310,
		"ProcessID":4972,
		"ThreadID":5160,
		"Keywords":"0x2000000000000001",
		"Level":4,
		"Opcode":0,
		"Guid":"F1EF270A-0D32-4352-BA52-DBAB41E1D859",
		"Provider_Name":"Microsoft-Windows-AppModel-Runtime",
		"UserID":"S-1-5-18",
		"Task":0,
		"SystemTime":"2024-08-08T06:35:33.022446Z",
		"Version":0,
		"OriginalLogfile":"Microsoft-Windows-AppModel-Runtime%4Admin.evtx-CYJD6GG4.json",
		"CurrentStatus":2048,
		"DesiredStatus":2080,
		"PackageFullName":"Microsoft.WebMediaExtensions_1.0.20875.0_x64__8wekyb3d8bbwe",
		"User":"S-1-5-21-2381387566-4172994561-1950376889-1000",
		"ActivityID":"041A760C-E95D-0001-3C7A-1A045DE9DA01"
	},
	{
		"Rule level":"medium",
		"title":"Certificate Private Key Acquired",
		"sigma_yml":"win_capi2_acquire_certificate_private_key.yml",
		"description":"Detects when an application acquires a certificate private key",
		"row_id":312,
		"Channel":"Microsoft-Windows-AppModel-Runtime/Admin",
		"Computer":"DESKTOP-GAIBSBB",
		"EventID":70,
		"EventRecordID":312,
		"ProcessID":4972,
		"ThreadID":5160,
		"Keywords":"0x2000000000000001",
		"Level":4,
		"Opcode":0,
		"Guid":"F1EF270A-0D32-4352-BA52-DBAB41E1D859",
		"Provider_Name":"Microsoft-Windows-AppModel-Runtime",
		"UserID":"S-1-5-18",
		"Task":0,
		"SystemTime":"2024-08-08T06:35:33.350194Z",
		"Version":0,
		"OriginalLogfile":"Microsoft-Windows-AppModel-Runtime%4Admin.evtx-CYJD6GG4.json",
		"CurrentStatus":32,
		"DesiredStatus":0,
		"PackageFullName":"Microsoft.WebMediaExtensions_1.0.20875.0_x64__8wekyb3d8bbwe",
		"User":"S-1-5-21-2381387566-4172994561-1950376889-1000",
		"ActivityID":"041A760C-E95D-0001-3C7A-1A045DE9DA01"
	},
	{
		"Rule level":"medium",
		"title":"Certificate Private Key Acquired",
		"sigma_yml":"win_capi2_acquire_certificate_private_key.yml",
		"description":"Detects when an application acquires a certificate private key",
		"row_id":313,
		"Channel":"Microsoft-Windows-AppModel-Runtime/Admin",
		"Computer":"DESKTOP-GAIBSBB",
		"EventID":70,
		"EventRecordID":313,
		"ProcessID":4972,
		"ThreadID":5160,
		"Keywords":"0x2000000000000001",
		"Level":4,
		"Opcode":0,
		"Guid":"F1EF270A-0D32-4352-BA52-DBAB41E1D859",
		"Provider_Name":"Microsoft-Windows-AppModel-Runtime",
		"UserID":"S-1-5-18",
		"Task":0,
		"SystemTime":"2024-08-08T06:35:33.731078Z",
		"Version":0,
		"OriginalLogfile":"Microsoft-Windows-AppModel-Runtime%4Admin.evtx-CYJD6GG4.json",
		"CurrentStatus":2048,
		"DesiredStatus":2080,
		"PackageFullName":"Microsoft.Wallet_2.4.18324.0_x64__8wekyb3d8bbwe",
		"User":"S-1-5-21-2381387566-4172994561-1950376889-1000",
		"ActivityID":"041A760C-E95D-0002-257B-1A045DE9DA01"
	},
	{
		"Rule level":"medium",
		"title":"Certificate Private Key Acquired",
		"sigma_yml":"win_capi2_acquire_certificate_private_key.yml",
		"description":"Detects when an application acquires a certificate private key",
		"row_id":317,
		"Channel":"Microsoft-Windows-AppModel-Runtime/Admin",
		"Computer":"DESKTOP-GAIBSBB",
		"EventID":70,
		"EventRecordID":317,
		"ProcessID":4972,
		"ThreadID":5160,
		"Keywords":"0x2000000000000001",
		"Level":4,
		"Opcode":0,
		"Guid":"F1EF270A-0D32-4352-BA52-DBAB41E1D859",
		"Provider_Name":"Microsoft-Windows-AppModel-Runtime",
		"UserID":"S-1-5-18",
		"Task":0,
		"SystemTime":"2024-08-08T06:35:34.132297Z",
		"Version":0,
		"OriginalLogfile":"Microsoft-Windows-AppModel-Runtime%4Admin.evtx-CYJD6GG4.json",
		"CurrentStatus":32,
		"DesiredStatus":0,
		"PackageFullName":"Microsoft.Wallet_2.4.18324.0_x64__8wekyb3d8bbwe",
		"User":"S-1-5-21-2381387566-4172994561-1950376889-1000",
		"ActivityID":"041A760C-E95D-0002-257B-1A045DE9DA01"
	},
	{
		"Rule level":"medium",
		"title":"Certificate Private Key Acquired",
		"sigma_yml":"win_capi2_acquire_certificate_private_key.yml",
		"description":"Detects when an application acquires a certificate private key",
		"row_id":318,
		"Channel":"Microsoft-Windows-AppModel-Runtime/Admin",
		"Computer":"DESKTOP-GAIBSBB",
		"EventID":70,
		"EventRecordID":318,
		"ProcessID":4972,
		"ThreadID":5160,
		"Keywords":"0x2000000000000001",
		"Level":4,
		"Opcode":0,
		"Guid":"F1EF270A-0D32-4352-BA52-DBAB41E1D859",
		"Provider_Name":"Microsoft-Windows-AppModel-Runtime",
		"UserID":"S-1-5-18",
		"Task":0,
		"SystemTime":"2024-08-08T06:35:34.402408Z",
		"Version":0,
		"OriginalLogfile":"Microsoft-Windows-AppModel-Runtime%4Admin.evtx-CYJD6GG4.json",
		"CurrentStatus":2048,
		"DesiredStatus":2080,
		"PackageFullName":"Microsoft.VP9VideoExtensions_1.0.22681.0_x64__8wekyb3d8bbwe",
		"User":"S-1-5-21-2381387566-4172994561-1950376889-1000",
		"ActivityID":"041A760C-E95D-0003-B77A-1A045DE9DA01"
	},
	{
		"Rule level":"medium",
		"title":"Certificate Private Key Acquired",
		"sigma_yml":"win_capi2_acquire_certificate_private_key.yml",
		"description":"Detects when an application acquires a certificate private key",
		"row_id":320,
		"Channel":"Microsoft-Windows-AppModel-Runtime/Admin",
		"Computer":"DESKTOP-GAIBSBB",
		"EventID":70,
		"EventRecordID":320,
		"ProcessID":4972,
		"ThreadID":5160,
		"Keywords":"0x2000000000000001",
		"Level":4,
		"Opcode":0,
		"Guid":"F1EF270A-0D32-4352-BA52-DBAB41E1D859",
		"Provider_Name":"Microsoft-Windows-AppModel-Runtime",
		"UserID":"S-1-5-18",
		"Task":0,
		"SystemTime":"2024-08-08T06:35:34.589273Z",
		"Version":0,
		"OriginalLogfile":"Microsoft-Windows-AppModel-Runtime%4Admin.evtx-CYJD6GG4.json",
		"CurrentStatus":32,
		"DesiredStatus":0,
		"PackageFullName":"Microsoft.VP9VideoExtensions_1.0.22681.0_x64__8wekyb3d8bbwe",
		"User":"S-1-5-21-2381387566-4172994561-1950376889-1000",
		"ActivityID":"041A760C-E95D-0003-B77A-1A045DE9DA01"
	},
	{
		"Rule level":"medium",
		"title":"Certificate Private Key Acquired",
		"sigma_yml":"win_capi2_acquire_certificate_private_key.yml",
		"description":"Detects when an application acquires a certificate private key",
		"row_id":321,
		"Channel":"Microsoft-Windows-AppModel-Runtime/Admin",
		"Computer":"DESKTOP-GAIBSBB",
		"EventID":70,
		"EventRecordID":321,
		"ProcessID":4972,
		"ThreadID":5160,
		"Keywords":"0x2000000000000001",
		"Level":4,
		"Opcode":0,
		"Guid":"F1EF270A-0D32-4352-BA52-DBAB41E1D859",
		"Provider_Name":"Microsoft-Windows-AppModel-Runtime",
		"UserID":"S-1-5-18",
		"Task":0,
		"SystemTime":"2024-08-08T06:35:34.913879Z",
		"Version":0,
		"OriginalLogfile":"Microsoft-Windows-AppModel-Runtime%4Admin.evtx-CYJD6GG4.json",
		"CurrentStatus":2048,
		"DesiredStatus":2080,
		"PackageFullName":"Microsoft.StorePurchaseApp_11811.1001.18.0_x64__8wekyb3d8bbwe",
		"User":"S-1-5-21-2381387566-4172994561-1950376889-1000",
		"ActivityID":"041A760C-E95D-0001-4F7A-1A045DE9DA01"
	},
	{
		"Rule level":"medium",
		"title":"Certificate Private Key Acquired",
		"sigma_yml":"win_capi2_acquire_certificate_private_key.yml",
		"description":"Detects when an application acquires a certificate private key",
		"row_id":323,
		"Channel":"Microsoft-Windows-AppModel-Runtime/Admin",
		"Computer":"DESKTOP-GAIBSBB",
		"EventID":70,
		"EventRecordID":323,
		"ProcessID":4972,
		"ThreadID":5160,
		"Keywords":"0x2000000000000001",
		"Level":4,
		"Opcode":0,
		"Guid":"F1EF270A-0D32-4352-BA52-DBAB41E1D859",
		"Provider_Name":"Microsoft-Windows-AppModel-Runtime",
		"UserID":"S-1-5-18",
		"Task":0,
		"SystemTime":"2024-08-08T06:35:35.100165Z",
		"Version":0,
		"OriginalLogfile":"Microsoft-Windows-AppModel-Runtime%4Admin.evtx-CYJD6GG4.json",
		"CurrentStatus":32,
		"DesiredStatus":0,
		"PackageFullName":"Microsoft.StorePurchaseApp_11811.1001.18.0_x64__8wekyb3d8bbwe",
		"User":"S-1-5-21-2381387566-4172994561-1950376889-1000",
		"ActivityID":"041A760C-E95D-0001-4F7A-1A045DE9DA01"
	},
	{
		"Rule level":"medium",
		"title":"Certificate Private Key Acquired",
		"sigma_yml":"win_capi2_acquire_certificate_private_key.yml",
		"description":"Detects when an application acquires a certificate private key",
		"row_id":324,
		"Channel":"Microsoft-Windows-AppModel-Runtime/Admin",
		"Computer":"DESKTOP-GAIBSBB",
		"EventID":70,
		"EventRecordID":324,
		"ProcessID":4972,
		"ThreadID":5160,
		"Keywords":"0x2000000000000001",
		"Level":4,
		"Opcode":0,
		"Guid":"F1EF270A-0D32-4352-BA52-DBAB41E1D859",
		"Provider_Name":"Microsoft-Windows-AppModel-Runtime",
		"UserID":"S-1-5-18",
		"Task":0,
		"SystemTime":"2024-08-08T06:35:35.395255Z",
		"Version":0,
		"OriginalLogfile":"Microsoft-Windows-AppModel-Runtime%4Admin.evtx-CYJD6GG4.json",
		"CurrentStatus":2048,
		"DesiredStatus":2080,
		"PackageFullName":"Microsoft.ScreenSketch_10.1907.2471.0_x64__8wekyb3d8bbwe",
		"User":"S-1-5-21-2381387566-4172994561-1950376889-1000",
		"ActivityID":"041A760C-E95D-0000-6B7A-1A045DE9DA01"
	},
	{
		"Rule level":"medium",
		"title":"Certificate Private Key Acquired",
		"sigma_yml":"win_capi2_acquire_certificate_private_key.yml",
		"description":"Detects when an application acquires a certificate private key",
		"row_id":326,
		"Channel":"Microsoft-Windows-AppModel-Runtime/Admin",
		"Computer":"DESKTOP-GAIBSBB",
		"EventID":70,
		"EventRecordID":326,
		"ProcessID":4972,
		"ThreadID":5160,
		"Keywords":"0x2000000000000001",
		"Level":4,
		"Opcode":0,
		"Guid":"F1EF270A-0D32-4352-BA52-DBAB41E1D859",
		"Provider_Name":"Microsoft-Windows-AppModel-Runtime",
		"UserID":"S-1-5-18",
		"Task":0,
		"SystemTime":"2024-08-08T06:35:35.665688Z",
		"Version":0,
		"OriginalLogfile":"Microsoft-Windows-AppModel-Runtime%4Admin.evtx-CYJD6GG4.json",
		"CurrentStatus":32,
		"DesiredStatus":0,
		"PackageFullName":"Microsoft.ScreenSketch_10.1907.2471.0_x64__8wekyb3d8bbwe",
		"User":"S-1-5-21-2381387566-4172994561-1950376889-1000",
		"ActivityID":"041A760C-E95D-0000-6B7A-1A045DE9DA01"
	},
	{
		"Rule level":"medium",
		"title":"Certificate Private Key Acquired",
		"sigma_yml":"win_capi2_acquire_certificate_private_key.yml",
		"description":"Detects when an application acquires a certificate private key",
		"row_id":327,
		"Channel":"Microsoft-Windows-AppModel-Runtime/Admin",
		"Computer":"DESKTOP-GAIBSBB",
		"EventID":70,
		"EventRecordID":327,
		"ProcessID":4972,
		"ThreadID":5160,
		"Keywords":"0x2000000000000001",
		"Level":4,
		"Opcode":0,
		"Guid":"F1EF270A-0D32-4352-BA52-DBAB41E1D859",
		"Provider_Name":"Microsoft-Windows-AppModel-Runtime",
		"UserID":"S-1-5-18",
		"Task":0,
		"SystemTime":"2024-08-08T06:35:36.091944Z",
		"Version":0,
		"OriginalLogfile":"Microsoft-Windows-AppModel-Runtime%4Admin.evtx-CYJD6GG4.json",
		"CurrentStatus":2048,
		"DesiredStatus":2080,
		"PackageFullName":"Microsoft.People_10.1902.633.0_x64__8wekyb3d8bbwe",
		"User":"S-1-5-21-2381387566-4172994561-1950376889-1000",
		"ActivityID":"041A760C-E95D-0001-5D7A-1A045DE9DA01"
	},
	{
		"Rule level":"medium",
		"title":"Certificate Private Key Acquired",
		"sigma_yml":"win_capi2_acquire_certificate_private_key.yml",
		"description":"Detects when an application acquires a certificate private key",
		"row_id":329,
		"Channel":"Microsoft-Windows-AppModel-Runtime/Admin",
		"Computer":"DESKTOP-GAIBSBB",
		"EventID":70,
		"EventRecordID":329,
		"ProcessID":4972,
		"ThreadID":5160,
		"Keywords":"0x2000000000000001",
		"Level":4,
		"Opcode":0,
		"Guid":"F1EF270A-0D32-4352-BA52-DBAB41E1D859",
		"Provider_Name":"Microsoft-Windows-AppModel-Runtime",
		"UserID":"S-1-5-18",
		"Task":0,
		"SystemTime":"2024-08-08T06:35:36.369662Z",
		"Version":0,
		"OriginalLogfile":"Microsoft-Windows-AppModel-Runtime%4Admin.evtx-CYJD6GG4.json",
		"CurrentStatus":32,
		"DesiredStatus":0,
		"PackageFullName":"Microsoft.People_10.1902.633.0_x64__8wekyb3d8bbwe",
		"User":"S-1-5-21-2381387566-4172994561-1950376889-1000",
		"ActivityID":"041A760C-E95D-0001-5D7A-1A045DE9DA01"
	},
	{
		"Rule level":"medium",
		"title":"Certificate Private Key Acquired",
		"sigma_yml":"win_capi2_acquire_certificate_private_key.yml",
		"description":"Detects when an application acquires a certificate private key",
		"row_id":330,
		"Channel":"Microsoft-Windows-AppModel-Runtime/Admin",
		"Computer":"DESKTOP-GAIBSBB",
		"EventID":70,
		"EventRecordID":330,
		"ProcessID":4972,
		"ThreadID":5160,
		"Keywords":"0x2000000000000001",
		"Level":4,
		"Opcode":0,
		"Guid":"F1EF270A-0D32-4352-BA52-DBAB41E1D859",
		"Provider_Name":"Microsoft-Windows-AppModel-Runtime",
		"UserID":"S-1-5-18",
		"Task":0,
		"SystemTime":"2024-08-08T06:35:37.100169Z",
		"Version":0,
		"OriginalLogfile":"Microsoft-Windows-AppModel-Runtime%4Admin.evtx-CYJD6GG4.json",
		"CurrentStatus":2048,
		"DesiredStatus":2080,
		"PackageFullName":"Microsoft.Office.OneNote_16001.12026.20112.0_x64__8wekyb3d8bbwe",
		"User":"S-1-5-21-2381387566-4172994561-1950376889-1000",
		"ActivityID":"041A760C-E95D-0001-5F7A-1A045DE9DA01"
	},
	{
		"Rule level":"medium",
		"title":"Certificate Private Key Acquired",
		"sigma_yml":"win_capi2_acquire_certificate_private_key.yml",
		"description":"Detects when an application acquires a certificate private key",
		"row_id":332,
		"Channel":"Microsoft-Windows-AppModel-Runtime/Admin",
		"Computer":"DESKTOP-GAIBSBB",
		"EventID":70,
		"EventRecordID":332,
		"ProcessID":4972,
		"ThreadID":5160,
		"Keywords":"0x2000000000000001",
		"Level":4,
		"Opcode":0,
		"Guid":"F1EF270A-0D32-4352-BA52-DBAB41E1D859",
		"Provider_Name":"Microsoft-Windows-AppModel-Runtime",
		"UserID":"S-1-5-18",
		"Task":0,
		"SystemTime":"2024-08-08T06:35:37.847282Z",
		"Version":0,
		"OriginalLogfile":"Microsoft-Windows-AppModel-Runtime%4Admin.evtx-CYJD6GG4.json",
		"CurrentStatus":32,
		"DesiredStatus":0,
		"PackageFullName":"Microsoft.Office.OneNote_16001.12026.20112.0_x64__8wekyb3d8bbwe",
		"User":"S-1-5-21-2381387566-4172994561-1950376889-1000",
		"ActivityID":"041A760C-E95D-0001-5F7A-1A045DE9DA01"
	},
	{
		"Rule level":"medium",
		"title":"Certificate Private Key Acquired",
		"sigma_yml":"win_capi2_acquire_certificate_private_key.yml",
		"description":"Detects when an application acquires a certificate private key",
		"row_id":333,
		"Channel":"Microsoft-Windows-AppModel-Runtime/Admin",
		"Computer":"DESKTOP-GAIBSBB",
		"EventID":70,
		"EventRecordID":333,
		"ProcessID":4972,
		"ThreadID":5160,
		"Keywords":"0x2000000000000001",
		"Level":4,
		"Opcode":0,
		"Guid":"F1EF270A-0D32-4352-BA52-DBAB41E1D859",
		"Provider_Name":"Microsoft-Windows-AppModel-Runtime",
		"UserID":"S-1-5-18",
		"Task":0,
		"SystemTime":"2024-08-08T06:35:38.357633Z",
		"Version":0,
		"OriginalLogfile":"Microsoft-Windows-AppModel-Runtime%4Admin.evtx-CYJD6GG4.json",
		"CurrentStatus":2048,
		"DesiredStatus":2080,
		"PackageFullName":"Microsoft.MSPaint_6.1907.29027.0_x64__8wekyb3d8bbwe",
		"User":"S-1-5-21-2381387566-4172994561-1950376889-1000",
		"ActivityID":"041A760C-E95D-0001-797A-1A045DE9DA01"
	},
	{
		"Rule level":"medium",
		"title":"Certificate Private Key Acquired",
		"sigma_yml":"win_capi2_acquire_certificate_private_key.yml",
		"description":"Detects when an application acquires a certificate private key",
		"row_id":335,
		"Channel":"Microsoft-Windows-AppModel-Runtime/Admin",
		"Computer":"DESKTOP-GAIBSBB",
		"EventID":70,
		"EventRecordID":335,
		"ProcessID":4972,
		"ThreadID":5160,
		"Keywords":"0x2000000000000001",
		"Level":4,
		"Opcode":0,
		"Guid":"F1EF270A-0D32-4352-BA52-DBAB41E1D859",
		"Provider_Name":"Microsoft-Windows-AppModel-Runtime",
		"UserID":"S-1-5-18",
		"Task":0,
		"SystemTime":"2024-08-08T06:35:38.653311Z",
		"Version":0,
		"OriginalLogfile":"Microsoft-Windows-AppModel-Runtime%4Admin.evtx-CYJD6GG4.json",
		"CurrentStatus":32,
		"DesiredStatus":0,
		"PackageFullName":"Microsoft.MSPaint_6.1907.29027.0_x64__8wekyb3d8bbwe",
		"User":"S-1-5-21-2381387566-4172994561-1950376889-1000",
		"ActivityID":"041A760C-E95D-0001-797A-1A045DE9DA01"
	},
	{
		"Rule level":"medium",
		"title":"Certificate Private Key Acquired",
		"sigma_yml":"win_capi2_acquire_certificate_private_key.yml",
		"description":"Detects when an application acquires a certificate private key",
		"row_id":336,
		"Channel":"Microsoft-Windows-AppModel-Runtime/Admin",
		"Computer":"DESKTOP-GAIBSBB",
		"EventID":70,
		"EventRecordID":336,
		"ProcessID":4972,
		"ThreadID":5160,
		"Keywords":"0x2000000000000001",
		"Level":4,
		"Opcode":0,
		"Guid":"F1EF270A-0D32-4352-BA52-DBAB41E1D859",
		"Provider_Name":"Microsoft-Windows-AppModel-Runtime",
		"UserID":"S-1-5-18",
		"Task":0,
		"SystemTime":"2024-08-08T06:35:38.972041Z",
		"Version":0,
		"OriginalLogfile":"Microsoft-Windows-AppModel-Runtime%4Admin.evtx-CYJD6GG4.json",
		"CurrentStatus":2048,
		"DesiredStatus":2080,
		"PackageFullName":"Microsoft.MixedReality.Portal_2000.19081.1301.0_x64__8wekyb3d8bbwe",
		"User":"S-1-5-21-2381387566-4172994561-1950376889-1000",
		"ActivityID":"041A760C-E95D-0003-FA7A-1A045DE9DA01"
	},
	{
		"Rule level":"medium",
		"title":"Certificate Private Key Acquired",
		"sigma_yml":"win_capi2_acquire_certificate_private_key.yml",
		"description":"Detects when an application acquires a certificate private key",
		"row_id":338,
		"Channel":"Microsoft-Windows-AppModel-Runtime/Admin",
		"Computer":"DESKTOP-GAIBSBB",
		"EventID":70,
		"EventRecordID":338,
		"ProcessID":4972,
		"ThreadID":5160,
		"Keywords":"0x2000000000000001",
		"Level":4,
		"Opcode":0,
		"Guid":"F1EF270A-0D32-4352-BA52-DBAB41E1D859",
		"Provider_Name":"Microsoft-Windows-AppModel-Runtime",
		"UserID":"S-1-5-18",
		"Task":0,
		"SystemTime":"2024-08-08T06:35:39.221542Z",
		"Version":0,
		"OriginalLogfile":"Microsoft-Windows-AppModel-Runtime%4Admin.evtx-CYJD6GG4.json",
		"CurrentStatus":32,
		"DesiredStatus":0,
		"PackageFullName":"Microsoft.MixedReality.Portal_2000.19081.1301.0_x64__8wekyb3d8bbwe",
		"User":"S-1-5-21-2381387566-4172994561-1950376889-1000",
		"ActivityID":"041A760C-E95D-0003-FA7A-1A045DE9DA01"
	},
	{
		"Rule level":"medium",
		"title":"Certificate Private Key Acquired",
		"sigma_yml":"win_capi2_acquire_certificate_private_key.yml",
		"description":"Detects when an application acquires a certificate private key",
		"row_id":341,
		"Channel":"Microsoft-Windows-AppModel-Runtime/Admin",
		"Computer":"DESKTOP-GAIBSBB",
		"EventID":70,
		"EventRecordID":341,
		"ProcessID":4972,
		"ThreadID":5160,
		"Keywords":"0x2000000000000001",
		"Level":4,
		"Opcode":0,
		"Guid":"F1EF270A-0D32-4352-BA52-DBAB41E1D859",
		"Provider_Name":"Microsoft-Windows-AppModel-Runtime",
		"UserID":"S-1-5-18",
		"Task":0,
		"SystemTime":"2024-08-08T06:35:39.744166Z",
		"Version":0,
		"OriginalLogfile":"Microsoft-Windows-AppModel-Runtime%4Admin.evtx-CYJD6GG4.json",
		"CurrentStatus":2048,
		"DesiredStatus":2080,
		"PackageFullName":"Microsoft.MicrosoftStickyNotes_3.6.73.0_x64__8wekyb3d8bbwe",
		"User":"S-1-5-21-2381387566-4172994561-1950376889-1000",
		"ActivityID":"041A760C-E95D-0002-6D7B-1A045DE9DA01"
	},
	{
		"Rule level":"medium",
		"title":"Certificate Private Key Acquired",
		"sigma_yml":"win_capi2_acquire_certificate_private_key.yml",
		"description":"Detects when an application acquires a certificate private key",
		"row_id":345,
		"Channel":"Microsoft-Windows-AppModel-Runtime/Admin",
		"Computer":"DESKTOP-GAIBSBB",
		"EventID":70,
		"EventRecordID":345,
		"ProcessID":4972,
		"ThreadID":5160,
		"Keywords":"0x2000000000000001",
		"Level":4,
		"Opcode":0,
		"Guid":"F1EF270A-0D32-4352-BA52-DBAB41E1D859",
		"Provider_Name":"Microsoft-Windows-AppModel-Runtime",
		"UserID":"S-1-5-18",
		"Task":0,
		"SystemTime":"2024-08-08T06:35:40.249806Z",
		"Version":0,
		"OriginalLogfile":"Microsoft-Windows-AppModel-Runtime%4Admin.evtx-CYJD6GG4.json",
		"CurrentStatus":32,
		"DesiredStatus":0,
		"PackageFullName":"Microsoft.Services.Store.Engagement_10.0.18101.0_x86__8wekyb3d8bbwe",
		"User":"S-1-5-21-2381387566-4172994561-1950376889-1000",
		"ActivityID":"041A760C-E95D-0002-6D7B-1A045DE9DA01"
	},
	{
		"Rule level":"medium",
		"title":"Certificate Private Key Acquired",
		"sigma_yml":"win_capi2_acquire_certificate_private_key.yml",
		"description":"Detects when an application acquires a certificate private key",
		"row_id":346,
		"Channel":"Microsoft-Windows-AppModel-Runtime/Admin",
		"Computer":"DESKTOP-GAIBSBB",
		"EventID":70,
		"EventRecordID":346,
		"ProcessID":4972,
		"ThreadID":5160,
		"Keywords":"0x2000000000000001",
		"Level":4,
		"Opcode":0,
		"Guid":"F1EF270A-0D32-4352-BA52-DBAB41E1D859",
		"Provider_Name":"Microsoft-Windows-AppModel-Runtime",
		"UserID":"S-1-5-18",
		"Task":0,
		"SystemTime":"2024-08-08T06:35:40.250049Z",
		"Version":0,
		"OriginalLogfile":"Microsoft-Windows-AppModel-Runtime%4Admin.evtx-CYJD6GG4.json",
		"CurrentStatus":32,
		"DesiredStatus":0,
		"PackageFullName":"Microsoft.Services.Store.Engagement_10.0.18101.0_x64__8wekyb3d8bbwe",
		"User":"S-1-5-21-2381387566-4172994561-1950376889-1000",
		"ActivityID":"041A760C-E95D-0002-6D7B-1A045DE9DA01"
	},
	{
		"Rule level":"medium",
		"title":"Certificate Private Key Acquired",
		"sigma_yml":"win_capi2_acquire_certificate_private_key.yml",
		"description":"Detects when an application acquires a certificate private key",
		"row_id":347,
		"Channel":"Microsoft-Windows-AppModel-Runtime/Admin",
		"Computer":"DESKTOP-GAIBSBB",
		"EventID":70,
		"EventRecordID":347,
		"ProcessID":4972,
		"ThreadID":5160,
		"Keywords":"0x2000000000000001",
		"Level":4,
		"Opcode":0,
		"Guid":"F1EF270A-0D32-4352-BA52-DBAB41E1D859",
		"Provider_Name":"Microsoft-Windows-AppModel-Runtime",
		"UserID":"S-1-5-18",
		"Task":0,
		"SystemTime":"2024-08-08T06:35:40.250228Z",
		"Version":0,
		"OriginalLogfile":"Microsoft-Windows-AppModel-Runtime%4Admin.evtx-CYJD6GG4.json",
		"CurrentStatus":32,
		"DesiredStatus":0,
		"PackageFullName":"Microsoft.MicrosoftStickyNotes_3.6.73.0_x64__8wekyb3d8bbwe",
		"User":"S-1-5-21-2381387566-4172994561-1950376889-1000",
		"ActivityID":"041A760C-E95D-0002-6D7B-1A045DE9DA01"
	},
	{
		"Rule level":"medium",
		"title":"Certificate Private Key Acquired",
		"sigma_yml":"win_capi2_acquire_certificate_private_key.yml",
		"description":"Detects when an application acquires a certificate private key",
		"row_id":348,
		"Channel":"Microsoft-Windows-AppModel-Runtime/Admin",
		"Computer":"DESKTOP-GAIBSBB",
		"EventID":70,
		"EventRecordID":348,
		"ProcessID":4972,
		"ThreadID":5160,
		"Keywords":"0x2000000000000001",
		"Level":4,
		"Opcode":0,
		"Guid":"F1EF270A-0D32-4352-BA52-DBAB41E1D859",
		"Provider_Name":"Microsoft-Windows-AppModel-Runtime",
		"UserID":"S-1-5-18",
		"Task":0,
		"SystemTime":"2024-08-08T06:35:40.615154Z",
		"Version":0,
		"OriginalLogfile":"Microsoft-Windows-AppModel-Runtime%4Admin.evtx-CYJD6GG4.json",
		"CurrentStatus":2048,
		"DesiredStatus":2080,
		"PackageFullName":"Microsoft.MicrosoftSolitaireCollection_4.4.8204.0_x64__8wekyb3d8bbwe",
		"User":"S-1-5-21-2381387566-4172994561-1950376889-1000",
		"ActivityID":"041A760C-E95D-0001-8B7A-1A045DE9DA01"
	},
	{
		"Rule level":"medium",
		"title":"Certificate Private Key Acquired",
		"sigma_yml":"win_capi2_acquire_certificate_private_key.yml",
		"description":"Detects when an application acquires a certificate private key",
		"row_id":350,
		"Channel":"Microsoft-Windows-AppModel-Runtime/Admin",
		"Computer":"DESKTOP-GAIBSBB",
		"EventID":70,
		"EventRecordID":350,
		"ProcessID":4972,
		"ThreadID":5160,
		"Keywords":"0x2000000000000001",
		"Level":4,
		"Opcode":0,
		"Guid":"F1EF270A-0D32-4352-BA52-DBAB41E1D859",
		"Provider_Name":"Microsoft-Windows-AppModel-Runtime",
		"UserID":"S-1-5-18",
		"Task":0,
		"SystemTime":"2024-08-08T06:35:40.836222Z",
		"Version":0,
		"OriginalLogfile":"Microsoft-Windows-AppModel-Runtime%4Admin.evtx-CYJD6GG4.json",
		"CurrentStatus":32,
		"DesiredStatus":0,
		"PackageFullName":"Microsoft.MicrosoftSolitaireCollection_4.4.8204.0_x64__8wekyb3d8bbwe",
		"User":"S-1-5-21-2381387566-4172994561-1950376889-1000",
		"ActivityID":"041A760C-E95D-0001-8B7A-1A045DE9DA01"
	},
	{
		"Rule level":"medium",
		"title":"Certificate Private Key Acquired",
		"sigma_yml":"win_capi2_acquire_certificate_private_key.yml",
		"description":"Detects when an application acquires a certificate private key",
		"row_id":351,
		"Channel":"Microsoft-Windows-AppModel-Runtime/Admin",
		"Computer":"DESKTOP-GAIBSBB",
		"EventID":70,
		"EventRecordID":351,
		"ProcessID":4972,
		"ThreadID":5160,
		"Keywords":"0x2000000000000001",
		"Level":4,
		"Opcode":0,
		"Guid":"F1EF270A-0D32-4352-BA52-DBAB41E1D859",
		"Provider_Name":"Microsoft-Windows-AppModel-Runtime",
		"UserID":"S-1-5-18",
		"Task":0,
		"SystemTime":"2024-08-08T06:35:41.216361Z",
		"Version":0,
		"OriginalLogfile":"Microsoft-Windows-AppModel-Runtime%4Admin.evtx-CYJD6GG4.json",
		"CurrentStatus":2048,
		"DesiredStatus":2080,
		"PackageFullName":"Microsoft.MicrosoftOfficeHub_18.1903.1152.0_x64__8wekyb3d8bbwe",
		"User":"S-1-5-21-2381387566-4172994561-1950376889-1000",
		"ActivityID":"041A760C-E95D-0002-777B-1A045DE9DA01"
	},
	{
		"Rule level":"medium",
		"title":"Certificate Private Key Acquired",
		"sigma_yml":"win_capi2_acquire_certificate_private_key.yml",
		"description":"Detects when an application acquires a certificate private key",
		"row_id":355,
		"Channel":"Microsoft-Windows-AppModel-Runtime/Admin",
		"Computer":"DESKTOP-GAIBSBB",
		"EventID":70,
		"EventRecordID":355,
		"ProcessID":4972,
		"ThreadID":5160,
		"Keywords":"0x2000000000000001",
		"Level":4,
		"Opcode":0,
		"Guid":"F1EF270A-0D32-4352-BA52-DBAB41E1D859",
		"Provider_Name":"Microsoft-Windows-AppModel-Runtime",
		"UserID":"S-1-5-18",
		"Task":0,
		"SystemTime":"2024-08-08T06:35:41.686663Z",
		"Version":0,
		"OriginalLogfile":"Microsoft-Windows-AppModel-Runtime%4Admin.evtx-CYJD6GG4.json",
		"CurrentStatus":32,
		"DesiredStatus":0,
		"PackageFullName":"Microsoft.MicrosoftOfficeHub_18.1903.1152.0_x64__8wekyb3d8bbwe",
		"User":"S-1-5-21-2381387566-4172994561-1950376889-1000",
		"ActivityID":"041A760C-E95D-0002-777B-1A045DE9DA01"
	},
	{
		"Rule level":"medium",
		"title":"Certificate Private Key Acquired",
		"sigma_yml":"win_capi2_acquire_certificate_private_key.yml",
		"description":"Detects when an application acquires a certificate private key",
		"row_id":356,
		"Channel":"Microsoft-Windows-AppModel-Runtime/Admin",
		"Computer":"DESKTOP-GAIBSBB",
		"EventID":70,
		"EventRecordID":356,
		"ProcessID":4972,
		"ThreadID":5160,
		"Keywords":"0x2000000000000001",
		"Level":4,
		"Opcode":0,
		"Guid":"F1EF270A-0D32-4352-BA52-DBAB41E1D859",
		"Provider_Name":"Microsoft-Windows-AppModel-Runtime",
		"UserID":"S-1-5-18",
		"Task":0,
		"SystemTime":"2024-08-08T06:35:42.128798Z",
		"Version":0,
		"OriginalLogfile":"Microsoft-Windows-AppModel-Runtime%4Admin.evtx-CYJD6GG4.json",
		"CurrentStatus":2048,
		"DesiredStatus":2080,
		"PackageFullName":"Microsoft.Microsoft3DViewer_6.1908.2042.0_x64__8wekyb3d8bbwe",
		"User":"S-1-5-21-2381387566-4172994561-1950376889-1000",
		"ActivityID":"041A760C-E95D-0000-B77A-1A045DE9DA01"
	},
	{
		"Rule level":"medium",
		"title":"Certificate Private Key Acquired",
		"sigma_yml":"win_capi2_acquire_certificate_private_key.yml",
		"description":"Detects when an application acquires a certificate private key",
		"row_id":361,
		"Channel":"Microsoft-Windows-AppModel-Runtime/Admin",
		"Computer":"DESKTOP-GAIBSBB",
		"EventID":70,
		"EventRecordID":361,
		"ProcessID":4972,
		"ThreadID":5160,
		"Keywords":"0x2000000000000001",
		"Level":4,
		"Opcode":0,
		"Guid":"F1EF270A-0D32-4352-BA52-DBAB41E1D859",
		"Provider_Name":"Microsoft-Windows-AppModel-Runtime",
		"UserID":"S-1-5-18",
		"Task":0,
		"SystemTime":"2024-08-08T06:35:42.432545Z",
		"Version":0,
		"OriginalLogfile":"Microsoft-Windows-AppModel-Runtime%4Admin.evtx-CYJD6GG4.json",
		"CurrentStatus":32,
		"DesiredStatus":0,
		"PackageFullName":"Microsoft.Microsoft3DViewer_6.1908.2042.0_x64__8wekyb3d8bbwe",
		"User":"S-1-5-21-2381387566-4172994561-1950376889-1000",
		"ActivityID":"041A760C-E95D-0000-B77A-1A045DE9DA01"
	},
	{
		"Rule level":"medium",
		"title":"Certificate Private Key Acquired",
		"sigma_yml":"win_capi2_acquire_certificate_private_key.yml",
		"description":"Detects when an application acquires a certificate private key",
		"row_id":362,
		"Channel":"Microsoft-Windows-AppModel-Runtime/Admin",
		"Computer":"DESKTOP-GAIBSBB",
		"EventID":70,
		"EventRecordID":362,
		"ProcessID":4972,
		"ThreadID":5160,
		"Keywords":"0x2000000000000001",
		"Level":4,
		"Opcode":0,
		"Guid":"F1EF270A-0D32-4352-BA52-DBAB41E1D859",
		"Provider_Name":"Microsoft-Windows-AppModel-Runtime",
		"UserID":"S-1-5-18",
		"Task":0,
		"SystemTime":"2024-08-08T06:35:42.823831Z",
		"Version":0,
		"OriginalLogfile":"Microsoft-Windows-AppModel-Runtime%4Admin.evtx-CYJD6GG4.json",
		"CurrentStatus":2048,
		"DesiredStatus":2080,
		"PackageFullName":"Microsoft.HEIFImageExtension_1.0.22742.0_x64__8wekyb3d8bbwe",
		"User":"S-1-5-21-2381387566-4172994561-1950376889-1000",
		"ActivityID":"041A760C-E95D-0001-CE7C-1A045DE9DA01"
	},
	{
		"Rule level":"medium",
		"title":"Certificate Private Key Acquired",
		"sigma_yml":"win_capi2_acquire_certificate_private_key.yml",
		"description":"Detects when an application acquires a certificate private key",
		"row_id":364,
		"Channel":"Microsoft-Windows-AppModel-Runtime/Admin",
		"Computer":"DESKTOP-GAIBSBB",
		"EventID":70,
		"EventRecordID":364,
		"ProcessID":4972,
		"ThreadID":5160,
		"Keywords":"0x2000000000000001",
		"Level":4,
		"Opcode":0,
		"Guid":"F1EF270A-0D32-4352-BA52-DBAB41E1D859",
		"Provider_Name":"Microsoft-Windows-AppModel-Runtime",
		"UserID":"S-1-5-18",
		"Task":0,
		"SystemTime":"2024-08-08T06:35:43.184141Z",
		"Version":0,
		"OriginalLogfile":"Microsoft-Windows-AppModel-Runtime%4Admin.evtx-CYJD6GG4.json",
		"CurrentStatus":32,
		"DesiredStatus":0,
		"PackageFullName":"Microsoft.HEIFImageExtension_1.0.22742.0_x64__8wekyb3d8bbwe",
		"User":"S-1-5-21-2381387566-4172994561-1950376889-1000",
		"ActivityID":"041A760C-E95D-0001-CE7C-1A045DE9DA01"
	},
	{
		"Rule level":"medium",
		"title":"Certificate Private Key Acquired",
		"sigma_yml":"win_capi2_acquire_certificate_private_key.yml",
		"description":"Detects when an application acquires a certificate private key",
		"row_id":365,
		"Channel":"Microsoft-Windows-AppModel-Runtime/Admin",
		"Computer":"DESKTOP-GAIBSBB",
		"EventID":70,
		"EventRecordID":365,
		"ProcessID":4972,
		"ThreadID":5160,
		"Keywords":"0x2000000000000001",
		"Level":4,
		"Opcode":0,
		"Guid":"F1EF270A-0D32-4352-BA52-DBAB41E1D859",
		"Provider_Name":"Microsoft-Windows-AppModel-Runtime",
		"UserID":"S-1-5-18",
		"Task":0,
		"SystemTime":"2024-08-08T06:35:43.826861Z",
		"Version":0,
		"OriginalLogfile":"Microsoft-Windows-AppModel-Runtime%4Admin.evtx-CYJD6GG4.json",
		"CurrentStatus":2048,
		"DesiredStatus":2080,
		"PackageFullName":"Microsoft.Getstarted_8.2.22942.0_x64__8wekyb3d8bbwe",
		"User":"S-1-5-21-2381387566-4172994561-1950376889-1000",
		"ActivityID":"041A760C-E95D-0003-5980-1A045DE9DA01"
	},
	{
		"Rule level":"medium",
		"title":"Certificate Private Key Acquired",
		"sigma_yml":"win_capi2_acquire_certificate_private_key.yml",
		"description":"Detects when an application acquires a certificate private key",
		"row_id":367,
		"Channel":"Microsoft-Windows-AppModel-Runtime/Admin",
		"Computer":"DESKTOP-GAIBSBB",
		"EventID":70,
		"EventRecordID":367,
		"ProcessID":4972,
		"ThreadID":5160,
		"Keywords":"0x2000000000000001",
		"Level":4,
		"Opcode":0,
		"Guid":"F1EF270A-0D32-4352-BA52-DBAB41E1D859",
		"Provider_Name":"Microsoft-Windows-AppModel-Runtime",
		"UserID":"S-1-5-18",
		"Task":0,
		"SystemTime":"2024-08-08T06:35:44.060272Z",
		"Version":0,
		"OriginalLogfile":"Microsoft-Windows-AppModel-Runtime%4Admin.evtx-CYJD6GG4.json",
		"CurrentStatus":32,
		"DesiredStatus":0,
		"PackageFullName":"Microsoft.Getstarted_8.2.22942.0_x64__8wekyb3d8bbwe",
		"User":"S-1-5-21-2381387566-4172994561-1950376889-1000",
		"ActivityID":"041A760C-E95D-0003-5980-1A045DE9DA01"
	},
	{
		"Rule level":"medium",
		"title":"Certificate Private Key Acquired",
		"sigma_yml":"win_capi2_acquire_certificate_private_key.yml",
		"description":"Detects when an application acquires a certificate private key",
		"row_id":368,
		"Channel":"Microsoft-Windows-AppModel-Runtime/Admin",
		"Computer":"DESKTOP-GAIBSBB",
		"EventID":70,
		"EventRecordID":368,
		"ProcessID":4972,
		"ThreadID":5160,
		"Keywords":"0x2000000000000001",
		"Level":4,
		"Opcode":0,
		"Guid":"F1EF270A-0D32-4352-BA52-DBAB41E1D859",
		"Provider_Name":"Microsoft-Windows-AppModel-Runtime",
		"UserID":"S-1-5-18",
		"Task":0,
		"SystemTime":"2024-08-08T06:35:44.490665Z",
		"Version":0,
		"OriginalLogfile":"Microsoft-Windows-AppModel-Runtime%4Admin.evtx-CYJD6GG4.json",
		"CurrentStatus":2048,
		"DesiredStatus":2080,
		"PackageFullName":"Microsoft.GetHelp_10.1706.13331.0_x64__8wekyb3d8bbwe",
		"User":"S-1-5-21-2381387566-4172994561-1950376889-1000",
		"ActivityID":"041A760C-E95D-0001-9F80-1A045DE9DA01"
	},
	{
		"Rule level":"medium",
		"title":"Certificate Private Key Acquired",
		"sigma_yml":"win_capi2_acquire_certificate_private_key.yml",
		"description":"Detects when an application acquires a certificate private key",
		"row_id":370,
		"Channel":"Microsoft-Windows-AppModel-Runtime/Admin",
		"Computer":"DESKTOP-GAIBSBB",
		"EventID":70,
		"EventRecordID":370,
		"ProcessID":4972,
		"ThreadID":5160,
		"Keywords":"0x2000000000000001",
		"Level":4,
		"Opcode":0,
		"Guid":"F1EF270A-0D32-4352-BA52-DBAB41E1D859",
		"Provider_Name":"Microsoft-Windows-AppModel-Runtime",
		"UserID":"S-1-5-18",
		"Task":0,
		"SystemTime":"2024-08-08T06:35:44.708525Z",
		"Version":0,
		"OriginalLogfile":"Microsoft-Windows-AppModel-Runtime%4Admin.evtx-CYJD6GG4.json",
		"CurrentStatus":32,
		"DesiredStatus":0,
		"PackageFullName":"Microsoft.GetHelp_10.1706.13331.0_x64__8wekyb3d8bbwe",
		"User":"S-1-5-21-2381387566-4172994561-1950376889-1000",
		"ActivityID":"041A760C-E95D-0001-9F80-1A045DE9DA01"
	},
	{
		"Rule level":"medium",
		"title":"Certificate Private Key Acquired",
		"sigma_yml":"win_capi2_acquire_certificate_private_key.yml",
		"description":"Detects when an application acquires a certificate private key",
		"row_id":372,
		"Channel":"Microsoft-Windows-AppModel-Runtime/Admin",
		"Computer":"DESKTOP-GAIBSBB",
		"EventID":70,
		"EventRecordID":372,
		"ProcessID":4972,
		"ThreadID":5160,
		"Keywords":"0x2000000000000001",
		"Level":4,
		"Opcode":0,
		"Guid":"F1EF270A-0D32-4352-BA52-DBAB41E1D859",
		"Provider_Name":"Microsoft-Windows-AppModel-Runtime",
		"UserID":"S-1-5-18",
		"Task":0,
		"SystemTime":"2024-08-08T06:35:45.178689Z",
		"Version":0,
		"OriginalLogfile":"Microsoft-Windows-AppModel-Runtime%4Admin.evtx-CYJD6GG4.json",
		"CurrentStatus":2048,
		"DesiredStatus":2080,
		"PackageFullName":"Microsoft.BingWeather_4.25.20211.0_x64__8wekyb3d8bbwe",
		"User":"S-1-5-21-2381387566-4172994561-1950376889-1000",
		"ActivityID":"041A760C-E95D-0001-C680-1A045DE9DA01"
	},
