	{
		"Rule level":"high",
		"title":"Windows Defender Threat Detected",
		"sigma_yml":"win_defender_threat.yml",
		"description":"Detects actions taken by Windows Defender malware detection engines",
		"row_id":28394,
		"Channel":"Microsoft-Windows-Windows Defender/Operational",
		"Computer":"DESKTOP-47I4RLN",
		"EventID":1116,
		"EventRecordID":124,
		"ProcessID":7196,
		"ThreadID":5660,
		"Keywords":"0x8000000000000000",
		"Level":3,
		"Opcode":0,
		"Guid":"11CD958A-C507-4EF3-B3F2-5FD9DFBD2C78",
		"Provider_Name":"Microsoft-Windows-Windows Defender",
		"UserID":"S-1-5-18",
		"Task":0,
		"SystemTime":"2024-10-01T18:35:42.560081Z",
		"Version":0,
		"OriginalLogfile":"Microsoft-Windows-Windows Defender%4Operational.evtx-BFUNGYVC.json",
		"State":1,
		"ActivityID":"8A3158A9-D041-46A9-85D1-40DA2D305F55",
		"ErrorCode":"0x00000000",
		"Path":"file:_C:\\Users\\dfir\\Downloads\\2c7aeac07ce7f03b74952e0e243bd52f2bfa60fadc92dd71a6a1fee2d14cdd77.exe",
		"ProcessName":"Unknown",
		"ProductName":"Microsoft Defender Antivirus",
		"StatusCode":1,
		"ProductVersion":"4.18.24080.9",
		"Engineversion":"AM: 1.1.24080.9, NIS: 1.1.24080.9",
		"Securityintelligenceversion":"AV: 1.419.298.0, AS: 1.419.298.0, NIS: 1.419.298.0",
		"ActionID":"9",
		"ActionName":"Not Applicable",
		"AdditionalActionsID":"0",
		"AdditionalActionsString":"No additional actions required",
		"CategoryID":"50",
		"CategoryName":"Ransomware",
		"DetectionID":"{39B885EC-BA3B-450D-A67C-ADB56DD48430}",
		"DetectionTime":"2024-10-01T18:35:42.549Z",
		"DetectionUser":"DESKTOP-47I4RLN\\dfir",
		"ErrorDescription":"The operation completed successfully. ",
		"ExecutionID":"0",
		"ExecutionName":"Unknown",
		"FWLink":"https://go.microsoft.com/fwlink/?linkid=37020\u0026name=Ransom:Win64/Akira.ZA!MTB\u0026threatid=2147904750\u0026enterprise=0",
		"OriginID":"1",
		"OriginName":"Local machine",
		"PostCleanStatus":"0",
		"PreExecutionStatus":"0",
		"SeverityID":"5",
		"SeverityName":"Severe",
		"SourceID":"2",
		"SourceName":"System",
		"ThreatID":"2147904750",
		"ThreatName":"Ransom:Win64/Akira.ZA!MTB",
		"TypeID":"0",
		"TypeName":"Concrete"
	},
	{
		"Rule level":"high",
		"title":"Windows Defender Threat Detected",
		"sigma_yml":"win_defender_threat.yml",
		"description":"Detects actions taken by Windows Defender malware detection engines",
		"row_id":28396,
		"Channel":"Microsoft-Windows-Windows Defender/Operational",
		"Computer":"DESKTOP-47I4RLN",
		"EventID":1116,
		"EventRecordID":126,
		"ProcessID":7196,
		"ThreadID":6892,
		"Keywords":"0x8000000000000000",
		"Level":3,
		"Opcode":0,
		"Guid":"11CD958A-C507-4EF3-B3F2-5FD9DFBD2C78",
		"Provider_Name":"Microsoft-Windows-Windows Defender",
		"UserID":"S-1-5-18",
		"Task":0,
		"SystemTime":"2024-10-01T18:35:54.694339Z",
		"Version":0,
		"OriginalLogfile":"Microsoft-Windows-Windows Defender%4Operational.evtx-BFUNGYVC.json",
		"State":1,
		"ErrorCode":"0x00000000",
		"Path":"file:_C:\\Users\\dfir\\Downloads\\trickbot\\81c734c21b5e15837d01c9766094bc4ffce0e3dc6b04c15e0bc1286d61897dc7.exe",
		"ProcessName":"C:\\Windows\\explorer.exe",
		"ProductName":"Microsoft Defender Antivirus",
		"StatusCode":1,
		"ProductVersion":"4.18.24080.9",
		"Engineversion":"AM: 1.1.24080.9, NIS: 1.1.24080.9",
		"Securityintelligenceversion":"AV: 1.419.298.0, AS: 1.419.298.0, NIS: 1.419.298.0",
		"ActionID":"9",
		"ActionName":"Not Applicable",
		"AdditionalActionsID":"0",
		"AdditionalActionsString":"No additional actions required",
		"CategoryID":"8",
		"CategoryName":"Trojan",
		"DetectionID":"{19B28375-9E73-4AA3-B9A0-B7AFF706A32F}",
		"DetectionTime":"2024-10-01T18:35:54.546Z",
		"DetectionUser":"DESKTOP-47I4RLN\\dfir",
		"ErrorDescription":"The operation completed successfully. ",
		"ExecutionID":"1",
		"ExecutionName":"Suspended",
		"FWLink":"https://go.microsoft.com/fwlink/?linkid=37020\u0026name=Trojan:Win64/CoinMiner\u0026threatid=2147719736\u0026enterprise=0",
		"OriginID":"1",
		"OriginName":"Local machine",
		"PostCleanStatus":"0",
		"PreExecutionStatus":"0",
		"SeverityID":"5",
		"SeverityName":"Severe",
		"SourceID":"3",
		"SourceName":"Real-Time Protection",
		"ThreatID":"2147719736",
		"ThreatName":"Trojan:Win64/CoinMiner",
		"TypeID":"0",
		"TypeName":"Concrete"
	},
	{
		"Rule level":"high",
		"title":"Windows Defender Threat Detected",
		"sigma_yml":"win_defender_threat.yml",
		"description":"Detects actions taken by Windows Defender malware detection engines",
		"row_id":28402,
		"Channel":"Microsoft-Windows-Windows Defender/Operational",
		"Computer":"DESKTOP-47I4RLN",
		"EventID":1116,
		"EventRecordID":132,
		"ProcessID":7196,
		"ThreadID":1116,
		"Keywords":"0x8000000000000000",
		"Level":3,
		"Opcode":0,
		"Guid":"11CD958A-C507-4EF3-B3F2-5FD9DFBD2C78",
		"Provider_Name":"Microsoft-Windows-Windows Defender",
		"UserID":"S-1-5-18",
		"Task":0,
		"SystemTime":"2024-10-01T18:36:23.196808Z",
		"Version":0,
		"OriginalLogfile":"Microsoft-Windows-Windows Defender%4Operational.evtx-BFUNGYVC.json",
		"State":1,
		"ErrorCode":"0x00000000",
		"Path":"file:_C:\\Users\\dfir\\Downloads\\trickbot\\81c734c21b5e15837d01c9766094bc4ffce0e3dc6b04c15e0bc1286d61897dc7.exe",
		"ProcessName":"C:\\Windows\\explorer.exe",
		"ProductName":"Microsoft Defender Antivirus",
		"StatusCode":1,
		"ProductVersion":"4.18.24080.9",
		"Engineversion":"AM: 1.1.24080.9, NIS: 1.1.24080.9",
		"Securityintelligenceversion":"AV: 1.419.298.0, AS: 1.419.298.0, NIS: 1.419.298.0",
		"ActionID":"9",
		"ActionName":"Not Applicable",
		"AdditionalActionsID":"0",
		"AdditionalActionsString":"No additional actions required",
		"CategoryID":"8",
		"CategoryName":"Trojan",
		"DetectionID":"{64D2CF7F-B9EC-4CB9-93B7-EE43302A5793}",
		"DetectionTime":"2024-10-01T18:36:23.124Z",
		"DetectionUser":"DESKTOP-47I4RLN\\dfir",
		"ErrorDescription":"The operation completed successfully. ",
		"ExecutionID":"1",
		"ExecutionName":"Suspended",
		"FWLink":"https://go.microsoft.com/fwlink/?linkid=37020\u0026name=Trojan:Win32/TrickBot.DX!MTB\u0026threatid=2147778542\u0026enterprise=0",
		"OriginID":"1",
		"OriginName":"Local machine",
		"PostCleanStatus":"0",
		"PreExecutionStatus":"0",
		"SeverityID":"5",
		"SeverityName":"Severe",
		"SourceID":"3",
		"SourceName":"Real-Time Protection",
		"ThreatID":"2147778542",
		"ThreatName":"Trojan:Win32/TrickBot.DX!MTB",
		"TypeID":"0",
		"TypeName":"Concrete"
	},
	{
		"Rule level":"high",
		"title":"Windows Defender Threat Detected",
		"sigma_yml":"win_defender_threat.yml",
		"description":"Detects actions taken by Windows Defender malware detection engines",
		"row_id":28404,
		"Channel":"Microsoft-Windows-Windows Defender/Operational",
		"Computer":"DESKTOP-47I4RLN",
		"EventID":1116,
		"EventRecordID":134,
		"ProcessID":7196,
		"ThreadID":6892,
		"Keywords":"0x8000000000000000",
		"Level":3,
		"Opcode":0,
		"Guid":"11CD958A-C507-4EF3-B3F2-5FD9DFBD2C78",
		"Provider_Name":"Microsoft-Windows-Windows Defender",
		"UserID":"S-1-5-18",
		"Task":0,
		"SystemTime":"2024-10-01T18:36:36.856528Z",
		"Version":0,
		"OriginalLogfile":"Microsoft-Windows-Windows Defender%4Operational.evtx-BFUNGYVC.json",
		"State":1,
		"ErrorCode":"0x00000000",
		"Path":"file:_C:\\Users\\dfir\\Downloads\\trickbot\\81c734c21b5e15837d01c9766094bc4ffce0e3dc6b04c15e0bc1286d61897dc7.exe",
		"ProcessName":"C:\\Windows\\explorer.exe",
		"ProductName":"Microsoft Defender Antivirus",
		"StatusCode":1,
		"ProductVersion":"4.18.24080.9",
		"Engineversion":"AM: 1.1.24080.9, NIS: 1.1.24080.9",
		"Securityintelligenceversion":"AV: 1.419.298.0, AS: 1.419.298.0, NIS: 1.419.298.0",
		"ActionID":"9",
		"ActionName":"Not Applicable",
		"AdditionalActionsID":"0",
		"AdditionalActionsString":"No additional actions required",
		"CategoryID":"8",
		"CategoryName":"Trojan",
		"DetectionID":"{58ADAB1C-F6ED-400A-9992-7528DB09B159}",
		"DetectionTime":"2024-10-01T18:36:34.995Z",
		"DetectionUser":"DESKTOP-47I4RLN\\dfir",
		"ErrorDescription":"The operation completed successfully. ",
		"ExecutionID":"2",
		"ExecutionName":"Allowed",
		"FWLink":"https://go.microsoft.com/fwlink/?linkid=37020\u0026name=Trojan:Win32/Pikabot.IP!MTB\u0026threatid=2147894046\u0026enterprise=0",
		"OriginID":"1",
		"OriginName":"Local machine",
		"PostCleanStatus":"0",
		"PreExecutionStatus":"0",
		"SeverityID":"5",
		"SeverityName":"Severe",
		"SourceID":"3",
		"SourceName":"Real-Time Protection",
		"ThreatID":"2147894046",
		"ThreatName":"Trojan:Win32/Pikabot.IP!MTB",
		"TypeID":"0",
		"TypeName":"Concrete"
	},
	{
		"Rule level":"high",
		"title":"Windows Defender Threat Detected",
		"sigma_yml":"win_defender_threat.yml",
		"description":"Detects actions taken by Windows Defender malware detection engines",
		"row_id":28407,
		"Channel":"Microsoft-Windows-Windows Defender/Operational",
		"Computer":"DESKTOP-47I4RLN",
		"EventID":1116,
		"EventRecordID":137,
		"ProcessID":7196,
		"ThreadID":6892,
		"Keywords":"0x8000000000000000",
		"Level":3,
		"Opcode":0,
		"Guid":"11CD958A-C507-4EF3-B3F2-5FD9DFBD2C78",
		"Provider_Name":"Microsoft-Windows-Windows Defender",
		"UserID":"S-1-5-18",
		"Task":0,
		"SystemTime":"2024-10-01T18:36:45.157773Z",
		"Version":0,
		"OriginalLogfile":"Microsoft-Windows-Windows Defender%4Operational.evtx-BFUNGYVC.json",
		"State":1,
		"ErrorCode":"0x00000000",
		"Path":"file:_C:\\Users\\dfir\\Downloads\\trickbot\\81c734c21b5e15837d01c9766094bc4ffce0e3dc6b04c15e0bc1286d61897dc7.exe",
		"ProcessName":"C:\\Windows\\explorer.exe",
		"ProductName":"Microsoft Defender Antivirus",
		"StatusCode":1,
		"ProductVersion":"4.18.24080.9",
		"Engineversion":"AM: 1.1.24080.9, NIS: 1.1.24080.9",
		"Securityintelligenceversion":"AV: 1.419.298.0, AS: 1.419.298.0, NIS: 1.419.298.0",
		"ActionID":"9",
		"ActionName":"Not Applicable",
		"AdditionalActionsID":"0",
		"AdditionalActionsString":"No additional actions required",
		"CategoryID":"8",
		"CategoryName":"Trojan",
		"DetectionID":"{BE5731FC-C64B-42FC-89F4-CD63F48A7484}",
		"DetectionTime":"2024-10-01T18:36:35.371Z",
		"DetectionUser":"DESKTOP-47I4RLN\\dfir",
		"ErrorDescription":"The operation completed successfully. ",
		"ExecutionID":"2",
		"ExecutionName":"Allowed",
		"FWLink":"https://go.microsoft.com/fwlink/?linkid=37020\u0026name=Trojan:Win32/TrickBot.SB!MTB\u0026threatid=2147733505\u0026enterprise=0",
		"OriginID":"1",
		"OriginName":"Local machine",
		"PostCleanStatus":"0",
		"PreExecutionStatus":"0",
		"SeverityID":"5",
		"SeverityName":"Severe",
		"SourceID":"3",
		"SourceName":"Real-Time Protection",
		"ThreatID":"2147733505",
		"ThreatName":"Trojan:Win32/TrickBot.SB!MTB",
		"TypeID":"0",
		"TypeName":"Concrete"
	},
	{
		"Rule level":"high",
		"title":"Windows Defender Threat Detected",
		"sigma_yml":"win_defender_threat.yml",
		"description":"Detects actions taken by Windows Defender malware detection engines",
		"row_id":28422,
		"Channel":"Microsoft-Windows-Windows Defender/Operational",
		"Computer":"DESKTOP-47I4RLN",
		"EventID":1116,
		"EventRecordID":152,
		"ProcessID":7196,
		"ThreadID":8892,
		"Keywords":"0x8000000000000000",
		"Level":3,
		"Opcode":0,
		"Guid":"11CD958A-C507-4EF3-B3F2-5FD9DFBD2C78",
		"Provider_Name":"Microsoft-Windows-Windows Defender",
		"UserID":"S-1-5-18",
		"Task":0,
		"SystemTime":"2024-10-01T18:38:21.596096Z",
		"Version":0,
		"OriginalLogfile":"Microsoft-Windows-Windows Defender%4Operational.evtx-BFUNGYVC.json",
		"State":1,
		"ErrorCode":"0x00000000",
		"Path":"file:_C:\\Users\\dfir\\AppData\\Roaming\\WinSocket\\91c834c21b6e16938d01c9877094bc4ffce0e3dc7b04c16e0bc1297d71998dc8.exe",
		"ProcessName":"C:\\Users\\dfir\\Downloads\\trickbot\\81c734c21b5e15837d01c9766094bc4ffce0e3dc6b04c15e0bc1286d61897dc7.exe",
		"ProductName":"Microsoft Defender Antivirus",
		"StatusCode":1,
		"ProductVersion":"4.18.24080.9",
		"Engineversion":"AM: 1.1.24080.9, NIS: 1.1.24080.9",
		"Securityintelligenceversion":"AV: 1.419.298.0, AS: 1.419.298.0, NIS: 1.419.298.0",
		"ActionID":"9",
		"ActionName":"Not Applicable",
		"AdditionalActionsID":"0",
		"AdditionalActionsString":"No additional actions required",
		"CategoryID":"8",
		"CategoryName":"Trojan",
		"DetectionID":"{B9E54AE7-5308-4CA8-BC3C-D28A82663ABE}",
		"DetectionTime":"2024-10-01T18:38:19.977Z",
		"DetectionUser":"DESKTOP-47I4RLN\\dfir",
		"ErrorDescription":"The operation completed successfully. ",
		"ExecutionID":"1",
		"ExecutionName":"Suspended",
		"FWLink":"https://go.microsoft.com/fwlink/?linkid=37020\u0026name=Trojan:Win32/TrickBot.SB!MTB\u0026threatid=2147733505\u0026enterprise=0",
		"OriginID":"1",
		"OriginName":"Local machine",
		"PostCleanStatus":"0",
		"PreExecutionStatus":"0",
		"SeverityID":"5",
		"SeverityName":"Severe",
		"SourceID":"3",
		"SourceName":"Real-Time Protection",
		"ThreatID":"2147733505",
		"ThreatName":"Trojan:Win32/TrickBot.SB!MTB",
		"TypeID":"0",
		"TypeName":"Concrete"
	},
	{
		"Rule level":"high",
		"title":"Windows Defender Threat Detected",
		"sigma_yml":"win_defender_threat.yml",
		"description":"Detects actions taken by Windows Defender malware detection engines",
		"row_id":28424,
		"Channel":"Microsoft-Windows-Windows Defender/Operational",
		"Computer":"DESKTOP-47I4RLN",
		"EventID":1116,
		"EventRecordID":154,
		"ProcessID":7196,
		"ThreadID":6692,
		"Keywords":"0x8000000000000000",
		"Level":3,
		"Opcode":0,
		"Guid":"11CD958A-C507-4EF3-B3F2-5FD9DFBD2C78",
		"Provider_Name":"Microsoft-Windows-Windows Defender",
		"UserID":"S-1-5-18",
		"Task":0,
		"SystemTime":"2024-10-01T18:38:45.190503Z",
		"Version":0,
		"OriginalLogfile":"Microsoft-Windows-Windows Defender%4Operational.evtx-BFUNGYVC.json",
		"State":1,
		"ErrorCode":"0x00000000",
		"Path":"behavior:_process: C:\\Users\\dfir\\Downloads\\2c7aeac07ce7f03b74952e0e243bd52f2bfa60fadc92dd71a6a1fee2d14cdd77.exe, pid:7648:94229007067209",
		"ProcessName":"C:\\Users\\dfir\\Downloads\\2c7aeac07ce7f03b74952e0e243bd52f2bfa60fadc92dd71a6a1fee2d14cdd77.exe",
		"ProductName":"Microsoft Defender Antivirus",
		"StatusCode":1,
		"ProductVersion":"4.18.24080.9",
		"Engineversion":"AM: 1.1.24080.9, NIS: 1.1.24080.9",
		"Securityintelligenceversion":"AV: 1.419.298.0, AS: 1.419.298.0, NIS: 1.419.298.0",
		"ActionID":"9",
		"ActionName":"Not Applicable",
		"AdditionalActionsID":"0",
		"AdditionalActionsString":"No additional actions required",
		"CategoryID":"46",
		"CategoryName":"Suspicious Behavior",
		"DetectionID":"{CA75C915-39E0-4D93-8DB0-174E49DC538E}",
		"DetectionTime":"2024-10-01T18:38:45.184Z",
		"DetectionUser":"NT AUTHORITY\\SYSTEM",
		"ErrorDescription":"The operation completed successfully. ",
		"ExecutionID":"3",
		"ExecutionName":"Executing",
		"FWLink":"https://go.microsoft.com/fwlink/?linkid=37020\u0026name=Behavior:Win32/PSShadowCopyDeleteViaSyncAppvPub\u0026threatid=2147780344\u0026enterprise=0",
		"OriginID":"0",
		"OriginName":"Unknown",
		"PostCleanStatus":"0",
		"PreExecutionStatus":"0",
		"SeverityID":"5",
		"SeverityName":"Severe",
		"SourceID":"2",
		"SourceName":"System",
		"ThreatID":"2147780344",
		"ThreatName":"Behavior:Win32/PSShadowCopyDeleteViaSyncAppvPub",
		"TypeID":"0",
		"TypeName":"Concrete"
	},
	{
		"Rule level":"high",
		"title":"Windows Defender Threat Detected",
		"sigma_yml":"win_defender_threat.yml",
		"description":"Detects actions taken by Windows Defender malware detection engines",
		"row_id":28426,
		"Channel":"Microsoft-Windows-Windows Defender/Operational",
		"Computer":"DESKTOP-47I4RLN",
		"EventID":1116,
		"EventRecordID":156,
		"ProcessID":7196,
		"ThreadID":7188,
		"Keywords":"0x8000000000000000",
		"Level":3,
		"Opcode":0,
		"Guid":"11CD958A-C507-4EF3-B3F2-5FD9DFBD2C78",
		"Provider_Name":"Microsoft-Windows-Windows Defender",
		"UserID":"S-1-5-18",
		"Task":0,
		"SystemTime":"2024-10-01T18:39:02.286828Z",
		"Version":0,
		"OriginalLogfile":"Microsoft-Windows-Windows Defender%4Operational.evtx-BFUNGYVC.json",
		"State":1,
		"ErrorCode":"0x00000000",
		"Path":"file:_C:\\Users\\dfir\\AppData\\Roaming\\WinSocket\\91c834c21b6e16938d01c9877094bc4ffce0e3dc7b04c16e0bc1297d71998dc8.exe",
		"ProcessName":"C:\\Users\\dfir\\Downloads\\trickbot\\81c734c21b5e15837d01c9766094bc4ffce0e3dc6b04c15e0bc1286d61897dc7.exe",
		"ProductName":"Microsoft Defender Antivirus",
		"StatusCode":1,
		"ProductVersion":"4.18.24080.9",
		"Engineversion":"AM: 1.1.24080.9, NIS: 1.1.24080.9",
		"Securityintelligenceversion":"AV: 1.419.298.0, AS: 1.419.298.0, NIS: 1.419.298.0",
		"ActionID":"9",
		"ActionName":"Not Applicable",
		"AdditionalActionsID":"0",
		"AdditionalActionsString":"No additional actions required",
		"CategoryID":"8",
		"CategoryName":"Trojan",
		"DetectionID":"{D0393AC9-707E-4101-9708-ACC69CF2685E}",
		"DetectionTime":"2024-10-01T18:38:50.720Z",
		"DetectionUser":"DESKTOP-47I4RLN\\dfir",
		"ErrorDescription":"The operation completed successfully. ",
		"ExecutionID":"1",
		"ExecutionName":"Suspended",
		"FWLink":"https://go.microsoft.com/fwlink/?linkid=37020\u0026name=Trojan:Win32/TrickBot.SB!MTB\u0026threatid=2147733505\u0026enterprise=0",
		"OriginID":"1",
		"OriginName":"Local machine",
		"PostCleanStatus":"0",
		"PreExecutionStatus":"0",
		"SeverityID":"5",
		"SeverityName":"Severe",
		"SourceID":"3",
		"SourceName":"Real-Time Protection",
		"ThreatID":"2147733505",
		"ThreatName":"Trojan:Win32/TrickBot.SB!MTB",
		"TypeID":"0",
		"TypeName":"Concrete"
	},
	{
		"Rule level":"high",
		"title":"Windows Defender Threat Detected",
		"sigma_yml":"win_defender_threat.yml",
		"description":"Detects actions taken by Windows Defender malware detection engines",
		"row_id":28428,
		"Channel":"Microsoft-Windows-Windows Defender/Operational",
		"Computer":"DESKTOP-47I4RLN",
		"EventID":1116,
		"EventRecordID":158,
		"ProcessID":7196,
		"ThreadID":5048,
		"Keywords":"0x8000000000000000",
		"Level":3,
		"Opcode":0,
		"Guid":"11CD958A-C507-4EF3-B3F2-5FD9DFBD2C78",
		"Provider_Name":"Microsoft-Windows-Windows Defender",
		"UserID":"S-1-5-18",
		"Task":0,
		"SystemTime":"2024-10-01T18:39:54.620563Z",
		"Version":0,
		"OriginalLogfile":"Microsoft-Windows-Windows Defender%4Operational.evtx-BFUNGYVC.json",
		"State":1,
		"ActivityID":"6CB91061-63CA-4EFA-88F2-ADA7285D4B35",
		"ErrorCode":"0x00000000",
		"Path":"file:_C:\\Users\\dfir\\AppData\\Roaming\\WinSocket\\91c834c21b6e16938d01c9877094bc4ffce0e3dc7b04c16e0bc1297d71998dc8.exe",
		"ProcessName":"Unknown",
		"ProductName":"Microsoft Defender Antivirus",
		"StatusCode":1,
		"ProductVersion":"4.18.24080.9",
		"Engineversion":"AM: 1.1.24080.9, NIS: 0.0.0.0",
		"Securityintelligenceversion":"AV: 1.419.298.0, AS: 1.419.298.0, NIS: 0.0.0.0",
		"ActionID":"9",
		"ActionName":"Not Applicable",
		"AdditionalActionsID":"0",
		"AdditionalActionsString":"No additional actions required",
		"CategoryID":"8",
		"CategoryName":"Trojan",
		"DetectionID":"{F496B0CC-1A93-4F1B-9677-A64A13684674}",
		"DetectionTime":"2024-10-01T18:39:54.604Z",
		"DetectionUser":"NT AUTHORITY\\SYSTEM",
		"ErrorDescription":"The operation completed successfully. ",
		"ExecutionID":"0",
		"ExecutionName":"Unknown",
		"FWLink":"https://go.microsoft.com/fwlink/?linkid=37020\u0026name=Trojan:Win32/TrickBot.SB!MTB\u0026threatid=2147733505\u0026enterprise=0",
		"OriginID":"1",
		"OriginName":"Local machine",
		"PostCleanStatus":"0",
		"PreExecutionStatus":"0",
		"SeverityID":"5",
		"SeverityName":"Severe",
		"SourceID":"2",
		"SourceName":"System",
		"ThreatID":"2147733505",
		"ThreatName":"Trojan:Win32/TrickBot.SB!MTB",
		"TypeID":"0",
		"TypeName":"Concrete"
	},
	{
		"Rule level":"high",
		"title":"Windows Defender Threat Detected",
		"sigma_yml":"win_defender_threat.yml",
		"description":"Detects actions taken by Windows Defender malware detection engines",
		"row_id":28429,
		"Channel":"Microsoft-Windows-Windows Defender/Operational",
		"Computer":"DESKTOP-47I4RLN",
		"EventID":1116,
		"EventRecordID":159,
		"ProcessID":7196,
		"ThreadID":1128,
		"Keywords":"0x8000000000000000",
		"Level":3,
		"Opcode":0,
		"Guid":"11CD958A-C507-4EF3-B3F2-5FD9DFBD2C78",
		"Provider_Name":"Microsoft-Windows-Windows Defender",
		"UserID":"S-1-5-18",
		"Task":0,
		"SystemTime":"2024-10-01T18:39:58.334309Z",
		"Version":0,
		"OriginalLogfile":"Microsoft-Windows-Windows Defender%4Operational.evtx-BFUNGYVC.json",
		"State":1,
		"ActivityID":"8EB38297-B5A0-4893-A9C7-CB66889FD52E",
		"ErrorCode":"0x00000000",
		"Path":"regkeyvalue:_hklm\\software\\policies\\microsoft\\windows defender\\\\DisableAntiSpyware",
		"ProcessName":"Unknown",
		"ProductName":"Microsoft Defender Antivirus",
		"StatusCode":1,
		"ProductVersion":"4.18.24080.9",
		"Engineversion":"AM: 1.1.24080.9, NIS: 0.0.0.0",
		"Securityintelligenceversion":"AV: 1.419.298.0, AS: 1.419.298.0, NIS: 0.0.0.0",
		"ActionID":"9",
		"ActionName":"Not Applicable",
		"AdditionalActionsID":"0",
		"AdditionalActionsString":"No additional actions required",
		"CategoryID":"34",
		"CategoryName":"Tool",
		"DetectionID":"{CE913430-45AD-48D1-A3F9-8451C6411B03}",
		"DetectionTime":"2024-10-01T18:39:58.226Z",
		"DetectionUser":"DESKTOP-47I4RLN\\dfir",
		"ErrorDescription":"The operation completed successfully. ",
		"ExecutionID":"0",
		"ExecutionName":"Unknown",
		"FWLink":"https://go.microsoft.com/fwlink/?linkid=37020\u0026name=VirTool:Win32/DefenderTamperingRestore\u0026threatid=2147741622\u0026enterprise=0",
		"OriginID":"0",
		"OriginName":"Unknown",
		"PostCleanStatus":"0",
		"PreExecutionStatus":"0",
		"SeverityID":"5",
		"SeverityName":"Severe",
		"SourceID":"2",
		"SourceName":"System",
		"ThreatID":"2147741622",
		"ThreatName":"VirTool:Win32/DefenderTamperingRestore",
		"TypeID":"0",
		"TypeName":"Concrete"
	},
	{
		"Rule level":"high",
		"title":"Windows Defender Threat Detected",
		"sigma_yml":"win_defender_threat.yml",
		"description":"Detects actions taken by Windows Defender malware detection engines",
		"row_id":28431,
		"Channel":"Microsoft-Windows-Windows Defender/Operational",
		"Computer":"DESKTOP-47I4RLN",
		"EventID":1116,
		"EventRecordID":161,
		"ProcessID":7196,
		"ThreadID":6692,
		"Keywords":"0x8000000000000000",
		"Level":3,
		"Opcode":0,
		"Guid":"11CD958A-C507-4EF3-B3F2-5FD9DFBD2C78",
		"Provider_Name":"Microsoft-Windows-Windows Defender",
		"UserID":"S-1-5-18",
		"Task":0,
		"SystemTime":"2024-10-01T18:39:58.555561Z",
		"Version":0,
		"OriginalLogfile":"Microsoft-Windows-Windows Defender%4Operational.evtx-BFUNGYVC.json",
		"State":1,
		"ActivityID":"CF0DB155-9CE1-44FF-834F-6139C0096299",
		"ErrorCode":"0x00000000",
		"Path":"file:_C:\\Users\\dfir\\AppData\\Roaming\\WinSocket\\91c834c21b6e16938d01c9877094bc4ffce0e3dc7b04c16e0bc1297d71998dc8.exe",
		"ProcessName":"Unknown",
		"ProductName":"Microsoft Defender Antivirus",
		"StatusCode":1,
		"ProductVersion":"4.18.24080.9",
		"Engineversion":"AM: 1.1.24080.9, NIS: 0.0.0.0",
		"Securityintelligenceversion":"AV: 1.419.298.0, AS: 1.419.298.0, NIS: 0.0.0.0",
		"ActionID":"9",
		"ActionName":"Not Applicable",
		"AdditionalActionsID":"0",
		"AdditionalActionsString":"No additional actions required",
		"CategoryID":"8",
		"CategoryName":"Trojan",
		"DetectionID":"{F496B0CC-1A93-4F1B-9677-A64A13684674}",
		"DetectionTime":"2024-10-01T18:39:54.604Z",
		"DetectionUser":"NT AUTHORITY\\SYSTEM",
		"ErrorDescription":"The operation completed successfully. ",
		"ExecutionID":"0",
		"ExecutionName":"Unknown",
		"FWLink":"https://go.microsoft.com/fwlink/?linkid=37020\u0026name=Trojan:Win32/TrickBot.SB!MTB\u0026threatid=2147733505\u0026enterprise=0",
		"OriginID":"1",
		"OriginName":"Local machine",
		"PostCleanStatus":"0",
		"PreExecutionStatus":"0",
		"SeverityID":"5",
		"SeverityName":"Severe",
		"SourceID":"2",
		"SourceName":"System",
		"ThreatID":"2147733505",
		"ThreatName":"Trojan:Win32/TrickBot.SB!MTB",
		"TypeID":"0",
		"TypeName":"Concrete"
	},
	{
		"Rule level":"high",
		"title":"Windows Defender Threat Detected",
		"sigma_yml":"win_defender_threat.yml",
		"description":"Detects actions taken by Windows Defender malware detection engines",
		"row_id":28291,
		"Channel":"Microsoft-Windows-Windows Defender/Operational",
		"Computer":"DESKTOP-47I4RLN",
		"EventID":1117,
		"EventRecordID":21,
		"ProcessID":3716,
		"ThreadID":2084,
		"Keywords":"0x8000000000000000",
		"Level":4,
		"Opcode":0,
		"Guid":"11CD958A-C507-4EF3-B3F2-5FD9DFBD2C78",
		"Provider_Name":"Microsoft-Windows-Windows Defender",
		"UserID":"S-1-5-18",
		"Task":0,
		"SystemTime":"2024-10-01T16:04:12.121739Z",
		"Version":0,
		"OriginalLogfile":"Microsoft-Windows-Windows Defender%4Operational.evtx-BFUNGYVC.json",
		"State":2,
		"ActivityID":"D6B07A3C-6B17-4635-9D74-661E0E182ADE",
		"ErrorCode":"0x00000000",
		"Path":"file:_C:\\Users\\dfir\\Downloads\\cobalt.exe",
		"ProcessName":"C:\\Windows\\explorer.exe",
		"ProductName":"%%827",
		"StatusCode":3,
		"ProductVersion":"4.18.1909.6",
		"Engineversion":"AM: 1.1.24080.9, NIS: 1.1.24080.9",
		"Securityintelligenceversion":"AV: 1.419.298.0, AS: 1.419.298.0, NIS: 1.419.298.0",
		"ActionID":"2",
		"ActionName":"%%809",
		"AdditionalActionsID":"0",
		"AdditionalActionsString":"No additional actions required",
		"CategoryID":"6",
		"CategoryName":"Backdoor",
		"DetectionID":"{26C6DD5E-BA30-4C4E-9B5F-EC3A4C91A2A9}",
		"DetectionTime":"2024-10-01T16:03:53.676Z",
		"DetectionUser":"DESKTOP-47I4RLN\\dfir",
		"ErrorDescription":"The operation completed successfully. ",
		"ExecutionID":"1",
		"ExecutionName":"%%813",
		"FWLink":"https://go.microsoft.com/fwlink/?linkid=37020\u0026name=Backdoor:Win64/CobaltStrike!pz\u0026threatid=2147894794\u0026enterprise=0",
		"OriginID":"1",
		"OriginName":"%%845",
		"PostCleanStatus":"0",
		"PreExecutionStatus":"0",
		"SeverityID":"5",
		"SeverityName":"Severe",
		"SourceID":"3",
		"SourceName":"%%818",
		"ThreatID":"2147894794",
		"ThreatName":"Backdoor:Win64/CobaltStrike!pz",
		"TypeID":"0",
		"TypeName":"%%822",
		"RemediationUser":"NT AUTHORITY\\SYSTEM"
	},
	{
		"Rule level":"high",
		"title":"Windows Defender Threat Detected",
		"sigma_yml":"win_defender_threat.yml",
		"description":"Detects actions taken by Windows Defender malware detection engines",
		"row_id":28386,
		"Channel":"Microsoft-Windows-Windows Defender/Operational",
		"Computer":"DESKTOP-47I4RLN",
		"EventID":1117,
		"EventRecordID":116,
		"ProcessID":7196,
		"ThreadID":8832,
		"Keywords":"0x8000000000000000",
		"Level":4,
		"Opcode":0,
		"Guid":"11CD958A-C507-4EF3-B3F2-5FD9DFBD2C78",
		"Provider_Name":"Microsoft-Windows-Windows Defender",
		"UserID":"S-1-5-18",
		"Task":0,
		"SystemTime":"2024-10-01T18:34:51.590326Z",
		"Version":0,
		"OriginalLogfile":"Microsoft-Windows-Windows Defender%4Operational.evtx-BFUNGYVC.json",
		"State":2,
		"ErrorCode":"0x80508023",
		"Path":"file:_C:\\Users\\dfir\\Downloads\\trickbot\\81c734c21b5e15837d01c9766094bc4ffce0e3dc6b04c15e0bc1286d61897dc7.exe",
		"ProcessName":"C:\\Windows\\explorer.exe",
		"ProductName":"Microsoft Defender Antivirus",
		"StatusCode":103,
		"ProductVersion":"4.18.24080.9",
		"Engineversion":"AM: 1.1.24080.9, NIS: 1.1.24080.9",
		"Securityintelligenceversion":"AV: 1.419.298.0, AS: 1.419.298.0, NIS: 1.419.298.0",
		"ActionID":"2",
		"ActionName":"Quarantine",
		"AdditionalActionsID":"0",
		"AdditionalActionsString":"No additional actions required",
		"CategoryID":"8",
		"CategoryName":"Trojan",
		"DetectionID":"{5B9365B3-B6E9-41D8-B956-955947E955A0}",
		"DetectionTime":"2024-10-01T18:34:27.928Z",
		"DetectionUser":"DESKTOP-47I4RLN\\dfir",
		"ErrorDescription":"The program could not find the malware and other potentially unwanted software on this device. ",
		"ExecutionID":"1",
		"ExecutionName":"Suspended",
		"FWLink":"https://go.microsoft.com/fwlink/?linkid=37020\u0026name=Trojan:Win64/CoinMiner!pz\u0026threatid=2147847482\u0026enterprise=0",
		"OriginID":"1",
		"OriginName":"Local machine",
		"PostCleanStatus":"0",
		"PreExecutionStatus":"0",
		"SeverityID":"5",
		"SeverityName":"Severe",
		"SourceID":"3",
		"SourceName":"Real-Time Protection",
		"ThreatID":"2147847482",
		"ThreatName":"Trojan:Win64/CoinMiner!pz",
		"TypeID":"0",
		"TypeName":"Concrete",
		"RemediationUser":"NT AUTHORITY\\SYSTEM"
	},
	{
		"Rule level":"high",
		"title":"Windows Defender Threat Detected",
		"sigma_yml":"win_defender_threat.yml",
		"description":"Detects actions taken by Windows Defender malware detection engines",
		"row_id":28390,
		"Channel":"Microsoft-Windows-Windows Defender/Operational",
		"Computer":"DESKTOP-47I4RLN",
		"EventID":1117,
		"EventRecordID":120,
		"ProcessID":7196,
		"ThreadID":8832,
		"Keywords":"0x8000000000000000",
		"Level":4,
		"Opcode":0,
		"Guid":"11CD958A-C507-4EF3-B3F2-5FD9DFBD2C78",
		"Provider_Name":"Microsoft-Windows-Windows Defender",
		"UserID":"S-1-5-18",
		"Task":0,
		"SystemTime":"2024-10-01T18:35:20.137516Z",
		"Version":0,
		"OriginalLogfile":"Microsoft-Windows-Windows Defender%4Operational.evtx-BFUNGYVC.json",
		"State":2,
		"ErrorCode":"0x80508023",
		"Path":"file:_C:\\Users\\dfir\\Downloads\\cobalt.exe",
		"ProcessName":"C:\\Windows\\explorer.exe",
		"ProductName":"Microsoft Defender Antivirus",
		"StatusCode":103,
		"ProductVersion":"4.18.24080.9",
		"Engineversion":"AM: 1.1.24080.9, NIS: 1.1.24080.9",
		"Securityintelligenceversion":"AV: 1.419.298.0, AS: 1.419.298.0, NIS: 1.419.298.0",
		"ActionID":"2",
		"ActionName":"Quarantine",
		"AdditionalActionsID":"0",
		"AdditionalActionsString":"No additional actions required",
		"CategoryID":"6",
		"CategoryName":"Backdoor",
		"DetectionID":"{2A41D92C-C28E-4FD4-8E01-34E54E9BF6A0}",
		"DetectionTime":"2024-10-01T18:35:05.192Z",
		"DetectionUser":"DESKTOP-47I4RLN\\dfir",
		"ErrorDescription":"The program could not find the malware and other potentially unwanted software on this device. ",
		"ExecutionID":"1",
		"ExecutionName":"Suspended",
		"FWLink":"https://go.microsoft.com/fwlink/?linkid=37020\u0026name=Backdoor:Win64/CobaltStrike!pz\u0026threatid=2147894794\u0026enterprise=0",
		"OriginID":"1",
		"OriginName":"Local machine",
		"PostCleanStatus":"0",
		"PreExecutionStatus":"0",
		"SeverityID":"5",
		"SeverityName":"Severe",
		"SourceID":"3",
		"SourceName":"Real-Time Protection",
		"ThreatID":"2147894794",
		"ThreatName":"Backdoor:Win64/CobaltStrike!pz",
		"TypeID":"0",
		"TypeName":"Concrete",
		"RemediationUser":"NT AUTHORITY\\SYSTEM"
	},
	{
		"Rule level":"high",
		"title":"Windows Defender Threat Detected",
		"sigma_yml":"win_defender_threat.yml",
		"description":"Detects actions taken by Windows Defender malware detection engines",
		"row_id":28395,
		"Channel":"Microsoft-Windows-Windows Defender/Operational",
		"Computer":"DESKTOP-47I4RLN",
		"EventID":1117,
		"EventRecordID":125,
		"ProcessID":7196,
		"ThreadID":8832,
		"Keywords":"0x8000000000000000",
		"Level":4,
		"Opcode":0,
		"Guid":"11CD958A-C507-4EF3-B3F2-5FD9DFBD2C78",
		"Provider_Name":"Microsoft-Windows-Windows Defender",
		"UserID":"S-1-5-18",
		"Task":0,
		"SystemTime":"2024-10-01T18:35:43.750718Z",
		"Version":0,
		"OriginalLogfile":"Microsoft-Windows-Windows Defender%4Operational.evtx-BFUNGYVC.json",
		"State":2,
		"ActivityID":"18FAC47B-A6E7-4A6D-BFCF-CA8C41B4F3BF",
		"ErrorCode":"0x80508023",
		"Path":"file:_C:\\Users\\dfir\\Downloads\\2c7aeac07ce7f03b74952e0e243bd52f2bfa60fadc92dd71a6a1fee2d14cdd77.exe",
		"ProcessName":"C:\\Windows\\explorer.exe",
		"ProductName":"Microsoft Defender Antivirus",
		"StatusCode":5,
		"ProductVersion":"4.18.24080.9",
		"Engineversion":"AM: 1.1.24080.9, NIS: 1.1.24080.9",
		"Securityintelligenceversion":"AV: 1.419.298.0, AS: 1.419.298.0, NIS: 1.419.298.0",
		"ActionID":"6",
		"ActionName":"Allow",
		"AdditionalActionsID":"0",
		"AdditionalActionsString":"No additional actions required",
		"CategoryID":"50",
		"CategoryName":"Ransomware",
		"DetectionID":"{2D473F33-1938-4031-B3CE-BF563E376827}",
		"DetectionTime":"2024-10-01T18:35:35.509Z",
		"DetectionUser":"DESKTOP-47I4RLN\\dfir",
		"ErrorDescription":"The program could not find the malware and other potentially unwanted software on this device. ",
		"ExecutionID":"1",
		"ExecutionName":"Suspended",
		"FWLink":"https://go.microsoft.com/fwlink/?linkid=37020\u0026name=Ransom:Win32/Akira.A!ibt\u0026threatid=2147847316\u0026enterprise=0",
		"OriginID":"1",
		"OriginName":"Local machine",
		"PostCleanStatus":"0",
		"PreExecutionStatus":"0",
		"SeverityID":"5",
		"SeverityName":"Severe",
		"SourceID":"3",
		"SourceName":"Real-Time Protection",
		"ThreatID":"2147847316",
		"ThreatName":"Ransom:Win32/Akira.A!ibt",
		"TypeID":"0",
		"TypeName":"Concrete",
		"RemediationUser":"NT AUTHORITY\\SYSTEM"
	},
	{
		"Rule level":"high",
		"title":"Windows Defender Threat Detected",
		"sigma_yml":"win_defender_threat.yml",
		"description":"Detects actions taken by Windows Defender malware detection engines",
		"row_id":28397,
		"Channel":"Microsoft-Windows-Windows Defender/Operational",
		"Computer":"DESKTOP-47I4RLN",
		"EventID":1117,
		"EventRecordID":127,
		"ProcessID":7196,
		"ThreadID":8832,
		"Keywords":"0x8000000000000000",
		"Level":4,
		"Opcode":0,
		"Guid":"11CD958A-C507-4EF3-B3F2-5FD9DFBD2C78",
		"Provider_Name":"Microsoft-Windows-Windows Defender",
		"UserID":"S-1-5-18",
		"Task":0,
		"SystemTime":"2024-10-01T18:35:59.984703Z",
		"Version":0,
		"OriginalLogfile":"Microsoft-Windows-Windows Defender%4Operational.evtx-BFUNGYVC.json",
		"State":2,
		"ActivityID":"9064CB24-8DF2-48C6-A5F0-3EB4C5448EE5",
		"ErrorCode":"0x00000000",
		"Path":"file:_C:\\Users\\dfir\\Downloads\\2c7aeac07ce7f03b74952e0e243bd52f2bfa60fadc92dd71a6a1fee2d14cdd77.exe",
		"ProcessName":"Unknown",
		"ProductName":"Microsoft Defender Antivirus",
		"StatusCode":3,
		"ProductVersion":"4.18.24080.9",
		"Engineversion":"AM: 1.1.24080.9, NIS: 1.1.24080.9",
		"Securityintelligenceversion":"AV: 1.419.298.0, AS: 1.419.298.0, NIS: 1.419.298.0",
		"ActionID":"2",
		"ActionName":"Quarantine",
		"AdditionalActionsID":"0",
		"AdditionalActionsString":"No additional actions required",
		"CategoryID":"50",
		"CategoryName":"Ransomware",
		"DetectionID":"{39B885EC-BA3B-450D-A67C-ADB56DD48430}",
		"DetectionTime":"2024-10-01T18:35:42.549Z",
		"DetectionUser":"DESKTOP-47I4RLN\\dfir",
		"ErrorDescription":"The operation completed successfully. ",
		"ExecutionID":"0",
		"ExecutionName":"Unknown",
		"FWLink":"https://go.microsoft.com/fwlink/?linkid=37020\u0026name=Ransom:Win64/Akira.ZA!MTB\u0026threatid=2147904750\u0026enterprise=0",
		"OriginID":"1",
		"OriginName":"Local machine",
		"PostCleanStatus":"0",
		"PreExecutionStatus":"0",
		"SeverityID":"5",
		"SeverityName":"Severe",
		"SourceID":"2",
		"SourceName":"System",
		"ThreatID":"2147904750",
		"ThreatName":"Ransom:Win64/Akira.ZA!MTB",
		"TypeID":"0",
		"TypeName":"Concrete",
		"RemediationUser":"NT AUTHORITY\\SYSTEM"
	},
	{
		"Rule level":"high",
		"title":"Windows Defender Threat Detected",
		"sigma_yml":"win_defender_threat.yml",
		"description":"Detects actions taken by Windows Defender malware detection engines",
		"row_id":28399,
		"Channel":"Microsoft-Windows-Windows Defender/Operational",
		"Computer":"DESKTOP-47I4RLN",
		"EventID":1117,
		"EventRecordID":129,
		"ProcessID":7196,
		"ThreadID":8832,
		"Keywords":"0x8000000000000000",
		"Level":4,
		"Opcode":0,
		"Guid":"11CD958A-C507-4EF3-B3F2-5FD9DFBD2C78",
		"Provider_Name":"Microsoft-Windows-Windows Defender",
		"UserID":"S-1-5-18",
		"Task":0,
		"SystemTime":"2024-10-01T18:36:11.389101Z",
		"Version":0,
		"OriginalLogfile":"Microsoft-Windows-Windows Defender%4Operational.evtx-BFUNGYVC.json",
		"State":2,
		"ErrorCode":"0x80508023",
		"Path":"file:_C:\\Users\\dfir\\Downloads\\trickbot\\81c734c21b5e15837d01c9766094bc4ffce0e3dc6b04c15e0bc1286d61897dc7.exe",
		"ProcessName":"C:\\Windows\\explorer.exe",
		"ProductName":"Microsoft Defender Antivirus",
		"StatusCode":103,
		"ProductVersion":"4.18.24080.9",
		"Engineversion":"AM: 1.1.24080.9, NIS: 1.1.24080.9",
		"Securityintelligenceversion":"AV: 1.419.298.0, AS: 1.419.298.0, NIS: 1.419.298.0",
		"ActionID":"2",
		"ActionName":"Quarantine",
		"AdditionalActionsID":"0",
		"AdditionalActionsString":"No additional actions required",
		"CategoryID":"8",
		"CategoryName":"Trojan",
		"DetectionID":"{19B28375-9E73-4AA3-B9A0-B7AFF706A32F}",
		"DetectionTime":"2024-10-01T18:35:54.546Z",
		"DetectionUser":"DESKTOP-47I4RLN\\dfir",
		"ErrorDescription":"The program could not find the malware and other potentially unwanted software on this device. ",
		"ExecutionID":"1",
		"ExecutionName":"Suspended",
		"FWLink":"https://go.microsoft.com/fwlink/?linkid=37020\u0026name=Trojan:Win64/CoinMiner\u0026threatid=2147719736\u0026enterprise=0",
		"OriginID":"1",
		"OriginName":"Local machine",
		"PostCleanStatus":"0",
		"PreExecutionStatus":"0",
		"SeverityID":"5",
		"SeverityName":"Severe",
		"SourceID":"3",
		"SourceName":"Real-Time Protection",
		"ThreatID":"2147719736",
		"ThreatName":"Trojan:Win64/CoinMiner",
		"TypeID":"0",
		"TypeName":"Concrete",
		"RemediationUser":"NT AUTHORITY\\SYSTEM"
	},
	{
		"Rule level":"high",
		"title":"Windows Defender Threat Detected",
		"sigma_yml":"win_defender_threat.yml",
		"description":"Detects actions taken by Windows Defender malware detection engines",
		"row_id":28405,
		"Channel":"Microsoft-Windows-Windows Defender/Operational",
		"Computer":"DESKTOP-47I4RLN",
		"EventID":1117,
		"EventRecordID":135,
		"ProcessID":7196,
		"ThreadID":8832,
		"Keywords":"0x8000000000000000",
		"Level":4,
		"Opcode":0,
		"Guid":"11CD958A-C507-4EF3-B3F2-5FD9DFBD2C78",
		"Provider_Name":"Microsoft-Windows-Windows Defender",
		"UserID":"S-1-5-18",
		"Task":0,
		"SystemTime":"2024-10-01T18:36:42.187028Z",
		"Version":0,
		"OriginalLogfile":"Microsoft-Windows-Windows Defender%4Operational.evtx-BFUNGYVC.json",
		"State":2,
		"ErrorCode":"0x80508023",
		"Path":"file:_C:\\Users\\dfir\\Downloads\\trickbot\\81c734c21b5e15837d01c9766094bc4ffce0e3dc6b04c15e0bc1286d61897dc7.exe",
		"ProcessName":"C:\\Windows\\explorer.exe",
		"ProductName":"Microsoft Defender Antivirus",
		"StatusCode":103,
		"ProductVersion":"4.18.24080.9",
		"Engineversion":"AM: 1.1.24080.9, NIS: 1.1.24080.9",
		"Securityintelligenceversion":"AV: 1.419.298.0, AS: 1.419.298.0, NIS: 1.419.298.0",
		"ActionID":"2",
		"ActionName":"Quarantine",
		"AdditionalActionsID":"0",
		"AdditionalActionsString":"No additional actions required",
		"CategoryID":"8",
		"CategoryName":"Trojan",
		"DetectionID":"{64D2CF7F-B9EC-4CB9-93B7-EE43302A5793}",
		"DetectionTime":"2024-10-01T18:36:23.124Z",
		"DetectionUser":"DESKTOP-47I4RLN\\dfir",
		"ErrorDescription":"The program could not find the malware and other potentially unwanted software on this device. ",
		"ExecutionID":"1",
		"ExecutionName":"Suspended",
		"FWLink":"https://go.microsoft.com/fwlink/?linkid=37020\u0026name=Trojan:Win32/TrickBot.DX!MTB\u0026threatid=2147778542\u0026enterprise=0",
		"OriginID":"1",
		"OriginName":"Local machine",
		"PostCleanStatus":"0",
		"PreExecutionStatus":"0",
		"SeverityID":"5",
		"SeverityName":"Severe",
		"SourceID":"3",
		"SourceName":"Real-Time Protection",
		"ThreatID":"2147778542",
		"ThreatName":"Trojan:Win32/TrickBot.DX!MTB",
		"TypeID":"0",
		"TypeName":"Concrete",
		"RemediationUser":"NT AUTHORITY\\SYSTEM"
	},
	{
		"Rule level":"high",
		"title":"Windows Defender Threat Detected",
		"sigma_yml":"win_defender_threat.yml",
		"description":"Detects actions taken by Windows Defender malware detection engines",
		"row_id":28408,
		"Channel":"Microsoft-Windows-Windows Defender/Operational",
		"Computer":"DESKTOP-47I4RLN",
		"EventID":1117,
		"EventRecordID":138,
		"ProcessID":7196,
		"ThreadID":8832,
		"Keywords":"0x8000000000000000",
		"Level":4,
		"Opcode":0,
		"Guid":"11CD958A-C507-4EF3-B3F2-5FD9DFBD2C78",
		"Provider_Name":"Microsoft-Windows-Windows Defender",
		"UserID":"S-1-5-18",
		"Task":0,
		"SystemTime":"2024-10-01T18:36:54.583986Z",
		"Version":0,
		"OriginalLogfile":"Microsoft-Windows-Windows Defender%4Operational.evtx-BFUNGYVC.json",
		"State":2,
		"ErrorCode":"0x80508023",
		"Path":"file:_C:\\Users\\dfir\\Downloads\\trickbot\\81c734c21b5e15837d01c9766094bc4ffce0e3dc6b04c15e0bc1286d61897dc7.exe",
		"ProcessName":"C:\\Windows\\explorer.exe",
		"ProductName":"Microsoft Defender Antivirus",
		"StatusCode":103,
		"ProductVersion":"4.18.24080.9",
		"Engineversion":"AM: 1.1.24080.9, NIS: 1.1.24080.9",
		"Securityintelligenceversion":"AV: 1.419.298.0, AS: 1.419.298.0, NIS: 1.419.298.0",
		"ActionID":"2",
		"ActionName":"Quarantine",
		"AdditionalActionsID":"0",
		"AdditionalActionsString":"No additional actions required",
		"CategoryID":"8",
		"CategoryName":"Trojan",
		"DetectionID":"{58ADAB1C-F6ED-400A-9992-7528DB09B159}",
		"DetectionTime":"2024-10-01T18:36:34.995Z",
		"DetectionUser":"DESKTOP-47I4RLN\\dfir",
		"ErrorDescription":"The program could not find the malware and other potentially unwanted software on this device. ",
		"ExecutionID":"2",
		"ExecutionName":"Allowed",
		"FWLink":"https://go.microsoft.com/fwlink/?linkid=37020\u0026name=Trojan:Win32/Pikabot.IP!MTB\u0026threatid=2147894046\u0026enterprise=0",
		"OriginID":"1",
		"OriginName":"Local machine",
		"PostCleanStatus":"0",
		"PreExecutionStatus":"0",
		"SeverityID":"5",
		"SeverityName":"Severe",
		"SourceID":"3",
		"SourceName":"Real-Time Protection",
		"ThreatID":"2147894046",
		"ThreatName":"Trojan:Win32/Pikabot.IP!MTB",
		"TypeID":"0",
		"TypeName":"Concrete",
		"RemediationUser":"NT AUTHORITY\\SYSTEM"
	},
	{
		"Rule level":"high",
		"title":"Windows Defender Threat Detected",
		"sigma_yml":"win_defender_threat.yml",
		"description":"Detects actions taken by Windows Defender malware detection engines",
		"row_id":28412,
		"Channel":"Microsoft-Windows-Windows Defender/Operational",
		"Computer":"DESKTOP-47I4RLN",
		"EventID":1117,
		"EventRecordID":142,
		"ProcessID":7196,
		"ThreadID":8832,
		"Keywords":"0x8000000000000000",
		"Level":4,
		"Opcode":0,
		"Guid":"11CD958A-C507-4EF3-B3F2-5FD9DFBD2C78",
		"Provider_Name":"Microsoft-Windows-Windows Defender",
		"UserID":"S-1-5-18",
		"Task":0,
		"SystemTime":"2024-10-01T18:37:06.067035Z",
		"Version":0,
		"OriginalLogfile":"Microsoft-Windows-Windows Defender%4Operational.evtx-BFUNGYVC.json",
		"State":2,
		"ActivityID":"A7A068B6-1714-4528-8A60-D17C9E2F6FFD",
		"ErrorCode":"0x00000000",
		"Path":"file:_C:\\Users\\dfir\\Downloads\\trickbot\\81c734c21b5e15837d01c9766094bc4ffce0e3dc6b04c15e0bc1286d61897dc7.exe",
		"ProcessName":"C:\\Windows\\explorer.exe",
		"ProductName":"Microsoft Defender Antivirus",
		"StatusCode":3,
		"ProductVersion":"4.18.24080.9",
		"Engineversion":"AM: 1.1.24080.9, NIS: 0.0.0.0",
		"Securityintelligenceversion":"AV: 1.419.298.0, AS: 1.419.298.0, NIS: 0.0.0.0",
		"ActionID":"2",
		"ActionName":"Quarantine",
		"AdditionalActionsID":"0",
		"AdditionalActionsString":"No additional actions required",
		"CategoryID":"8",
		"CategoryName":"Trojan",
		"DetectionID":"{BE5731FC-C64B-42FC-89F4-CD63F48A7484}",
		"DetectionTime":"2024-10-01T18:36:35.371Z",
		"DetectionUser":"DESKTOP-47I4RLN\\dfir",
		"ErrorDescription":"The operation completed successfully. ",
		"ExecutionID":"2",
		"ExecutionName":"Allowed",
		"FWLink":"https://go.microsoft.com/fwlink/?linkid=37020\u0026name=Trojan:Win32/TrickBot.SB!MTB\u0026threatid=2147733505\u0026enterprise=0",
		"OriginID":"1",
		"OriginName":"Local machine",
		"PostCleanStatus":"0",
		"PreExecutionStatus":"0",
		"SeverityID":"5",
		"SeverityName":"Severe",
		"SourceID":"3",
		"SourceName":"Real-Time Protection",
		"ThreatID":"2147733505",
		"ThreatName":"Trojan:Win32/TrickBot.SB!MTB",
		"TypeID":"0",
		"TypeName":"Concrete",
		"RemediationUser":"NT AUTHORITY\\SYSTEM"
	},
	{
		"Rule level":"high",
		"title":"Windows Defender Threat Detected",
		"sigma_yml":"win_defender_threat.yml",
		"description":"Detects actions taken by Windows Defender malware detection engines",
		"row_id":28423,
		"Channel":"Microsoft-Windows-Windows Defender/Operational",
		"Computer":"DESKTOP-47I4RLN",
		"EventID":1117,
		"EventRecordID":153,
		"ProcessID":7196,
		"ThreadID":6692,
		"Keywords":"0x8000000000000000",
		"Level":4,
		"Opcode":0,
		"Guid":"11CD958A-C507-4EF3-B3F2-5FD9DFBD2C78",
		"Provider_Name":"Microsoft-Windows-Windows Defender",
		"UserID":"S-1-5-18",
		"Task":0,
		"SystemTime":"2024-10-01T18:38:39.276441Z",
		"Version":0,
		"OriginalLogfile":"Microsoft-Windows-Windows Defender%4Operational.evtx-BFUNGYVC.json",
		"State":2,
		"ActivityID":"8804AEA1-104B-4AEA-8861-0A454BC45843",
		"ErrorCode":"0x00000000",
		"Path":"file:_C:\\Users\\dfir\\AppData\\Roaming\\WinSocket\\91c834c21b6e16938d01c9877094bc4ffce0e3dc7b04c16e0bc1297d71998dc8.exe",
		"ProcessName":"C:\\Users\\dfir\\Downloads\\trickbot\\81c734c21b5e15837d01c9766094bc4ffce0e3dc6b04c15e0bc1286d61897dc7.exe",
		"ProductName":"Microsoft Defender Antivirus",
		"StatusCode":3,
		"ProductVersion":"4.18.24080.9",
		"Engineversion":"AM: 1.1.24080.9, NIS: 1.1.24080.9",
		"Securityintelligenceversion":"AV: 1.419.298.0, AS: 1.419.298.0, NIS: 1.419.298.0",
		"ActionID":"2",
		"ActionName":"Quarantine",
		"AdditionalActionsID":"0",
		"AdditionalActionsString":"No additional actions required",
		"CategoryID":"8",
		"CategoryName":"Trojan",
		"DetectionID":"{B9E54AE7-5308-4CA8-BC3C-D28A82663ABE}",
		"DetectionTime":"2024-10-01T18:38:19.977Z",
		"DetectionUser":"DESKTOP-47I4RLN\\dfir",
		"ErrorDescription":"The operation completed successfully. ",
		"ExecutionID":"1",
		"ExecutionName":"Suspended",
		"FWLink":"https://go.microsoft.com/fwlink/?linkid=37020\u0026name=Trojan:Win32/TrickBot.SB!MTB\u0026threatid=2147733505\u0026enterprise=0",
		"OriginID":"1",
		"OriginName":"Local machine",
		"PostCleanStatus":"0",
		"PreExecutionStatus":"0",
		"SeverityID":"5",
		"SeverityName":"Severe",
		"SourceID":"3",
		"SourceName":"Real-Time Protection",
		"ThreatID":"2147733505",
		"ThreatName":"Trojan:Win32/TrickBot.SB!MTB",
		"TypeID":"0",
		"TypeName":"Concrete",
		"RemediationUser":"NT AUTHORITY\\SYSTEM"
	},
	{
		"Rule level":"high",
		"title":"Windows Defender Threat Detected",
		"sigma_yml":"win_defender_threat.yml",
		"description":"Detects actions taken by Windows Defender malware detection engines",
		"row_id":28425,
		"Channel":"Microsoft-Windows-Windows Defender/Operational",
		"Computer":"DESKTOP-47I4RLN",
		"EventID":1117,
		"EventRecordID":155,
		"ProcessID":7196,
		"ThreadID":6692,
		"Keywords":"0x8000000000000000",
		"Level":4,
		"Opcode":0,
		"Guid":"11CD958A-C507-4EF3-B3F2-5FD9DFBD2C78",
		"Provider_Name":"Microsoft-Windows-Windows Defender",
		"UserID":"S-1-5-18",
		"Task":0,
		"SystemTime":"2024-10-01T18:39:01.405912Z",
		"Version":0,
		"OriginalLogfile":"Microsoft-Windows-Windows Defender%4Operational.evtx-BFUNGYVC.json",
		"State":2,
		"ErrorCode":"0x00000000",
		"Path":"behavior:_process: C:\\Users\\dfir\\Downloads\\2c7aeac07ce7f03b74952e0e243bd52f2bfa60fadc92dd71a6a1fee2d14cdd77.exe, pid:7648:94229007067209",
		"ProcessName":"C:\\Users\\dfir\\Downloads\\2c7aeac07ce7f03b74952e0e243bd52f2bfa60fadc92dd71a6a1fee2d14cdd77.exe",
		"ProductName":"Microsoft Defender Antivirus",
		"StatusCode":4,
		"ProductVersion":"4.18.24080.9",
		"Engineversion":"AM: 1.1.24080.9, NIS: 1.1.24080.9",
		"Securityintelligenceversion":"AV: 1.419.298.0, AS: 1.419.298.0, NIS: 1.419.298.0",
		"ActionID":"3",
		"ActionName":"Remove",
		"AdditionalActionsID":"0",
		"AdditionalActionsString":"No additional actions required",
		"CategoryID":"46",
		"CategoryName":"Suspicious Behavior",
		"DetectionID":"{CA75C915-39E0-4D93-8DB0-174E49DC538E}",
		"DetectionTime":"2024-10-01T18:38:45.184Z",
		"DetectionUser":"NT AUTHORITY\\SYSTEM",
		"ErrorDescription":"The operation completed successfully. ",
		"ExecutionID":"3",
		"ExecutionName":"Executing",
		"FWLink":"https://go.microsoft.com/fwlink/?linkid=37020\u0026name=Behavior:Win32/PSShadowCopyDeleteViaSyncAppvPub\u0026threatid=2147780344\u0026enterprise=0",
		"OriginID":"0",
		"OriginName":"Unknown",
		"PostCleanStatus":"0",
		"PreExecutionStatus":"3",
		"SeverityID":"5",
		"SeverityName":"Severe",
		"SourceID":"2",
		"SourceName":"System",
		"ThreatID":"2147780344",
		"ThreatName":"Behavior:Win32/PSShadowCopyDeleteViaSyncAppvPub",
		"TypeID":"0",
		"TypeName":"Concrete",
		"RemediationUser":"NT AUTHORITY\\SYSTEM"
	},
